[2023-11-26 15:39:33,734] {taskinstance.py:1159} INFO - Dependencies all met for <TaskInstance: data_covid_etl.create_fact_province_daily manual__2023-11-26T15:39:31.189138+00:00 [queued]>
[2023-11-26 15:39:33,748] {taskinstance.py:1159} INFO - Dependencies all met for <TaskInstance: data_covid_etl.create_fact_province_daily manual__2023-11-26T15:39:31.189138+00:00 [queued]>
[2023-11-26 15:39:33,748] {taskinstance.py:1356} INFO - 
--------------------------------------------------------------------------------
[2023-11-26 15:39:33,748] {taskinstance.py:1357} INFO - Starting attempt 1 of 6
[2023-11-26 15:39:33,749] {taskinstance.py:1358} INFO - 
--------------------------------------------------------------------------------
[2023-11-26 15:39:33,819] {taskinstance.py:1377} INFO - Executing <Task(PythonOperator): create_fact_province_daily> on 2023-11-26 15:39:31.189138+00:00
[2023-11-26 15:39:33,826] {standard_task_runner.py:52} INFO - Started process 2483 to run task
[2023-11-26 15:39:33,843] {standard_task_runner.py:79} INFO - Running: ['***', 'tasks', 'run', 'data_covid_etl', 'create_fact_province_daily', 'manual__2023-11-26T15:39:31.189138+00:00', '--job-id', '33', '--raw', '--subdir', 'DAGS_FOLDER/get_data.py', '--cfg-path', '/tmp/tmpeav8t1hj', '--error-file', '/tmp/tmpjlc51t8h']
[2023-11-26 15:39:33,851] {standard_task_runner.py:80} INFO - Job 33: Subtask create_fact_province_daily
[2023-11-26 15:39:34,008] {task_command.py:369} INFO - Running <TaskInstance: data_covid_etl.create_fact_province_daily manual__2023-11-26T15:39:31.189138+00:00 [running]> on host f384f2afcc4f
[2023-11-26 15:39:34,414] {taskinstance.py:1571} INFO - Exporting the following env vars:
AIRFLOW_CTX_DAG_OWNER=oce
AIRFLOW_CTX_DAG_ID=data_covid_etl
AIRFLOW_CTX_TASK_ID=create_fact_province_daily
AIRFLOW_CTX_EXECUTION_DATE=2023-11-26T15:39:31.189138+00:00
AIRFLOW_CTX_TRY_NUMBER=1
AIRFLOW_CTX_DAG_RUN_ID=manual__2023-11-26T15:39:31.189138+00:00
[2023-11-26 15:39:34,420] {python.py:173} INFO - Done. Returned value was: None
[2023-11-26 15:39:34,483] {taskinstance.py:1400} INFO - Marking task as SUCCESS. dag_id=data_covid_etl, task_id=create_fact_province_daily, execution_date=20231126T153931, start_date=20231126T153933, end_date=20231126T153934
[2023-11-26 15:39:34,589] {local_task_job.py:156} INFO - Task exited with return code 0
[2023-11-26 15:39:34,671] {local_task_job.py:273} INFO - 0 downstream tasks scheduled from follow-on schedule check
