[2023-11-27 07:13:26,060] {taskinstance.py:1159} INFO - Dependencies all met for <TaskInstance: final_project_data_covid_etl.create_fact_province_daily scheduled__2023-11-26T00:00:00+00:00 [queued]>
[2023-11-27 07:13:26,074] {taskinstance.py:1159} INFO - Dependencies all met for <TaskInstance: final_project_data_covid_etl.create_fact_province_daily scheduled__2023-11-26T00:00:00+00:00 [queued]>
[2023-11-27 07:13:26,075] {taskinstance.py:1356} INFO - 
--------------------------------------------------------------------------------
[2023-11-27 07:13:26,075] {taskinstance.py:1357} INFO - Starting attempt 1 of 3
[2023-11-27 07:13:26,075] {taskinstance.py:1358} INFO - 
--------------------------------------------------------------------------------
[2023-11-27 07:13:26,089] {taskinstance.py:1377} INFO - Executing <Task(PythonOperator): create_fact_province_daily> on 2023-11-26 00:00:00+00:00
[2023-11-27 07:13:26,094] {standard_task_runner.py:52} INFO - Started process 233 to run task
[2023-11-27 07:13:26,096] {standard_task_runner.py:79} INFO - Running: ['***', 'tasks', 'run', 'final_project_data_covid_etl', 'create_fact_province_daily', 'scheduled__2023-11-26T00:00:00+00:00', '--job-id', '339', '--raw', '--subdir', 'DAGS_FOLDER/get_data.py', '--cfg-path', '/tmp/tmp8s7dhrnp', '--error-file', '/tmp/tmpfe_9v_er']
[2023-11-27 07:13:26,097] {standard_task_runner.py:80} INFO - Job 339: Subtask create_fact_province_daily
[2023-11-27 07:13:26,153] {task_command.py:369} INFO - Running <TaskInstance: final_project_data_covid_etl.create_fact_province_daily scheduled__2023-11-26T00:00:00+00:00 [running]> on host 671693f20ed3
[2023-11-27 07:13:26,225] {taskinstance.py:1571} INFO - Exporting the following env vars:
AIRFLOW_CTX_DAG_OWNER=ricky
AIRFLOW_CTX_DAG_ID=final_project_data_covid_etl
AIRFLOW_CTX_TASK_ID=create_fact_province_daily
AIRFLOW_CTX_EXECUTION_DATE=2023-11-26T00:00:00+00:00
AIRFLOW_CTX_TRY_NUMBER=1
AIRFLOW_CTX_DAG_RUN_ID=scheduled__2023-11-26T00:00:00+00:00
[2023-11-27 07:13:26,226] {python.py:173} INFO - Done. Returned value was: None
[2023-11-27 07:13:26,237] {taskinstance.py:1400} INFO - Marking task as SUCCESS. dag_id=final_project_data_covid_etl, task_id=create_fact_province_daily, execution_date=20231126T000000, start_date=20231127T071326, end_date=20231127T071326
[2023-11-27 07:13:26,269] {local_task_job.py:156} INFO - Task exited with return code 0
[2023-11-27 07:13:26,298] {local_task_job.py:273} INFO - 0 downstream tasks scheduled from follow-on schedule check
[2023-11-27 07:20:01,644] {taskinstance.py:1159} INFO - Dependencies all met for <TaskInstance: final_project_data_covid_etl.create_fact_province_daily scheduled__2023-11-26T00:00:00+00:00 [queued]>
[2023-11-27 07:20:01,656] {taskinstance.py:1159} INFO - Dependencies all met for <TaskInstance: final_project_data_covid_etl.create_fact_province_daily scheduled__2023-11-26T00:00:00+00:00 [queued]>
[2023-11-27 07:20:01,656] {taskinstance.py:1356} INFO - 
--------------------------------------------------------------------------------
[2023-11-27 07:20:01,656] {taskinstance.py:1357} INFO - Starting attempt 1 of 3
[2023-11-27 07:20:01,656] {taskinstance.py:1358} INFO - 
--------------------------------------------------------------------------------
[2023-11-27 07:20:01,671] {taskinstance.py:1377} INFO - Executing <Task(PythonOperator): create_fact_province_daily> on 2023-11-26 00:00:00+00:00
[2023-11-27 07:20:01,676] {standard_task_runner.py:52} INFO - Started process 379 to run task
[2023-11-27 07:20:01,678] {standard_task_runner.py:79} INFO - Running: ['***', 'tasks', 'run', 'final_project_data_covid_etl', 'create_fact_province_daily', 'scheduled__2023-11-26T00:00:00+00:00', '--job-id', '356', '--raw', '--subdir', 'DAGS_FOLDER/get_data.py', '--cfg-path', '/tmp/tmpmgggfjyo', '--error-file', '/tmp/tmp3cxowjmu']
[2023-11-27 07:20:01,678] {standard_task_runner.py:80} INFO - Job 356: Subtask create_fact_province_daily
[2023-11-27 07:20:01,743] {task_command.py:369} INFO - Running <TaskInstance: final_project_data_covid_etl.create_fact_province_daily scheduled__2023-11-26T00:00:00+00:00 [running]> on host 671693f20ed3
[2023-11-27 07:20:01,820] {taskinstance.py:1571} INFO - Exporting the following env vars:
AIRFLOW_CTX_DAG_OWNER=ricky
AIRFLOW_CTX_DAG_ID=final_project_data_covid_etl
AIRFLOW_CTX_TASK_ID=create_fact_province_daily
AIRFLOW_CTX_EXECUTION_DATE=2023-11-26T00:00:00+00:00
AIRFLOW_CTX_TRY_NUMBER=1
AIRFLOW_CTX_DAG_RUN_ID=scheduled__2023-11-26T00:00:00+00:00
[2023-11-27 07:20:01,821] {python.py:173} INFO - Done. Returned value was: None
[2023-11-27 07:20:01,833] {taskinstance.py:1400} INFO - Marking task as SUCCESS. dag_id=final_project_data_covid_etl, task_id=create_fact_province_daily, execution_date=20231126T000000, start_date=20231127T072001, end_date=20231127T072001
[2023-11-27 07:20:01,852] {local_task_job.py:156} INFO - Task exited with return code 0
[2023-11-27 07:20:01,900] {local_task_job.py:273} INFO - 0 downstream tasks scheduled from follow-on schedule check
[2023-11-27 09:19:00,262] {taskinstance.py:1159} INFO - Dependencies all met for <TaskInstance: final_project_data_covid_etl.create_fact_province_daily scheduled__2023-11-26T00:00:00+00:00 [queued]>
[2023-11-27 09:19:00,271] {taskinstance.py:1159} INFO - Dependencies all met for <TaskInstance: final_project_data_covid_etl.create_fact_province_daily scheduled__2023-11-26T00:00:00+00:00 [queued]>
[2023-11-27 09:19:00,271] {taskinstance.py:1356} INFO - 
--------------------------------------------------------------------------------
[2023-11-27 09:19:00,271] {taskinstance.py:1357} INFO - Starting attempt 1 of 3
[2023-11-27 09:19:00,271] {taskinstance.py:1358} INFO - 
--------------------------------------------------------------------------------
[2023-11-27 09:19:00,284] {taskinstance.py:1377} INFO - Executing <Task(PythonOperator): create_fact_province_daily> on 2023-11-26 00:00:00+00:00
[2023-11-27 09:19:00,288] {standard_task_runner.py:52} INFO - Started process 403 to run task
[2023-11-27 09:19:00,292] {standard_task_runner.py:79} INFO - Running: ['***', 'tasks', 'run', 'final_project_data_covid_etl', 'create_fact_province_daily', 'scheduled__2023-11-26T00:00:00+00:00', '--job-id', '373', '--raw', '--subdir', 'DAGS_FOLDER/get_data.py', '--cfg-path', '/tmp/tmpz3uz9l64', '--error-file', '/tmp/tmp22d58gio']
[2023-11-27 09:19:00,292] {standard_task_runner.py:80} INFO - Job 373: Subtask create_fact_province_daily
[2023-11-27 09:19:00,365] {task_command.py:369} INFO - Running <TaskInstance: final_project_data_covid_etl.create_fact_province_daily scheduled__2023-11-26T00:00:00+00:00 [running]> on host f38c0c12695c
[2023-11-27 09:19:00,491] {taskinstance.py:1571} INFO - Exporting the following env vars:
AIRFLOW_CTX_DAG_OWNER=ricky
AIRFLOW_CTX_DAG_ID=final_project_data_covid_etl
AIRFLOW_CTX_TASK_ID=create_fact_province_daily
AIRFLOW_CTX_EXECUTION_DATE=2023-11-26T00:00:00+00:00
AIRFLOW_CTX_TRY_NUMBER=1
AIRFLOW_CTX_DAG_RUN_ID=scheduled__2023-11-26T00:00:00+00:00
[2023-11-27 09:19:00,492] {python.py:173} INFO - Done. Returned value was: None
[2023-11-27 09:19:00,504] {taskinstance.py:1400} INFO - Marking task as SUCCESS. dag_id=final_project_data_covid_etl, task_id=create_fact_province_daily, execution_date=20231126T000000, start_date=20231127T091900, end_date=20231127T091900
[2023-11-27 09:19:00,543] {local_task_job.py:156} INFO - Task exited with return code 0
[2023-11-27 09:19:00,611] {local_task_job.py:273} INFO - 0 downstream tasks scheduled from follow-on schedule check
[2023-11-27 09:27:30,300] {taskinstance.py:1159} INFO - Dependencies all met for <TaskInstance: final_project_data_covid_etl.create_fact_province_daily scheduled__2023-11-26T00:00:00+00:00 [queued]>
[2023-11-27 09:27:30,314] {taskinstance.py:1159} INFO - Dependencies all met for <TaskInstance: final_project_data_covid_etl.create_fact_province_daily scheduled__2023-11-26T00:00:00+00:00 [queued]>
[2023-11-27 09:27:30,315] {taskinstance.py:1356} INFO - 
--------------------------------------------------------------------------------
[2023-11-27 09:27:30,315] {taskinstance.py:1357} INFO - Starting attempt 1 of 3
[2023-11-27 09:27:30,315] {taskinstance.py:1358} INFO - 
--------------------------------------------------------------------------------
[2023-11-27 09:27:30,330] {taskinstance.py:1377} INFO - Executing <Task(PythonOperator): create_fact_province_daily> on 2023-11-26 00:00:00+00:00
[2023-11-27 09:27:30,335] {standard_task_runner.py:52} INFO - Started process 672 to run task
[2023-11-27 09:27:30,339] {standard_task_runner.py:79} INFO - Running: ['***', 'tasks', 'run', 'final_project_data_covid_etl', 'create_fact_province_daily', 'scheduled__2023-11-26T00:00:00+00:00', '--job-id', '390', '--raw', '--subdir', 'DAGS_FOLDER/get_data.py', '--cfg-path', '/tmp/tmp5n62vzxd', '--error-file', '/tmp/tmp07vi1i9r']
[2023-11-27 09:27:30,340] {standard_task_runner.py:80} INFO - Job 390: Subtask create_fact_province_daily
[2023-11-27 09:27:30,401] {task_command.py:369} INFO - Running <TaskInstance: final_project_data_covid_etl.create_fact_province_daily scheduled__2023-11-26T00:00:00+00:00 [running]> on host f38c0c12695c
[2023-11-27 09:27:30,481] {taskinstance.py:1571} INFO - Exporting the following env vars:
AIRFLOW_CTX_DAG_OWNER=ricky
AIRFLOW_CTX_DAG_ID=final_project_data_covid_etl
AIRFLOW_CTX_TASK_ID=create_fact_province_daily
AIRFLOW_CTX_EXECUTION_DATE=2023-11-26T00:00:00+00:00
AIRFLOW_CTX_TRY_NUMBER=1
AIRFLOW_CTX_DAG_RUN_ID=scheduled__2023-11-26T00:00:00+00:00
[2023-11-27 09:27:30,483] {python.py:173} INFO - Done. Returned value was: None
[2023-11-27 09:27:30,495] {taskinstance.py:1400} INFO - Marking task as SUCCESS. dag_id=final_project_data_covid_etl, task_id=create_fact_province_daily, execution_date=20231126T000000, start_date=20231127T092730, end_date=20231127T092730
[2023-11-27 09:27:30,550] {local_task_job.py:156} INFO - Task exited with return code 0
[2023-11-27 09:27:30,596] {local_task_job.py:273} INFO - 0 downstream tasks scheduled from follow-on schedule check
[2023-11-27 14:30:38,854] {taskinstance.py:1159} INFO - Dependencies all met for <TaskInstance: final_project_data_covid_etl.create_fact_province_daily scheduled__2023-11-26T00:00:00+00:00 [queued]>
[2023-11-27 14:30:38,865] {taskinstance.py:1159} INFO - Dependencies all met for <TaskInstance: final_project_data_covid_etl.create_fact_province_daily scheduled__2023-11-26T00:00:00+00:00 [queued]>
[2023-11-27 14:30:38,865] {taskinstance.py:1356} INFO - 
--------------------------------------------------------------------------------
[2023-11-27 14:30:38,866] {taskinstance.py:1357} INFO - Starting attempt 1 of 3
[2023-11-27 14:30:38,866] {taskinstance.py:1358} INFO - 
--------------------------------------------------------------------------------
[2023-11-27 14:30:38,881] {taskinstance.py:1377} INFO - Executing <Task(PythonOperator): create_fact_province_daily> on 2023-11-26 00:00:00+00:00
[2023-11-27 14:30:38,885] {standard_task_runner.py:52} INFO - Started process 1089 to run task
[2023-11-27 14:30:38,889] {standard_task_runner.py:79} INFO - Running: ['***', 'tasks', 'run', 'final_project_data_covid_etl', 'create_fact_province_daily', 'scheduled__2023-11-26T00:00:00+00:00', '--job-id', '468', '--raw', '--subdir', 'DAGS_FOLDER/get_data.py', '--cfg-path', '/tmp/tmpwq70ci1k', '--error-file', '/tmp/tmpz893_eg1']
[2023-11-27 14:30:38,889] {standard_task_runner.py:80} INFO - Job 468: Subtask create_fact_province_daily
[2023-11-27 14:30:38,946] {task_command.py:369} INFO - Running <TaskInstance: final_project_data_covid_etl.create_fact_province_daily scheduled__2023-11-26T00:00:00+00:00 [running]> on host 9bd194bc0dbc
[2023-11-27 14:30:39,025] {taskinstance.py:1571} INFO - Exporting the following env vars:
AIRFLOW_CTX_DAG_OWNER=ricky
AIRFLOW_CTX_DAG_ID=final_project_data_covid_etl
AIRFLOW_CTX_TASK_ID=create_fact_province_daily
AIRFLOW_CTX_EXECUTION_DATE=2023-11-26T00:00:00+00:00
AIRFLOW_CTX_TRY_NUMBER=1
AIRFLOW_CTX_DAG_RUN_ID=scheduled__2023-11-26T00:00:00+00:00
[2023-11-27 14:30:39,026] {python.py:173} INFO - Done. Returned value was: None
[2023-11-27 14:30:39,040] {taskinstance.py:1400} INFO - Marking task as SUCCESS. dag_id=final_project_data_covid_etl, task_id=create_fact_province_daily, execution_date=20231126T000000, start_date=20231127T143038, end_date=20231127T143039
[2023-11-27 14:30:39,060] {local_task_job.py:156} INFO - Task exited with return code 0
[2023-11-27 14:30:39,105] {local_task_job.py:273} INFO - 0 downstream tasks scheduled from follow-on schedule check
