[2023-11-26 18:09:48,183] {taskinstance.py:1159} INFO - Dependencies all met for <TaskInstance: data_covid_etl.create_dim_province scheduled__2023-11-24T00:00:00+00:00 [queued]>
[2023-11-26 18:09:48,192] {taskinstance.py:1159} INFO - Dependencies all met for <TaskInstance: data_covid_etl.create_dim_province scheduled__2023-11-24T00:00:00+00:00 [queued]>
[2023-11-26 18:09:48,193] {taskinstance.py:1356} INFO - 
--------------------------------------------------------------------------------
[2023-11-26 18:09:48,193] {taskinstance.py:1357} INFO - Starting attempt 2 of 4
[2023-11-26 18:09:48,193] {taskinstance.py:1358} INFO - 
--------------------------------------------------------------------------------
[2023-11-26 18:09:48,207] {taskinstance.py:1377} INFO - Executing <Task(PythonOperator): create_dim_province> on 2023-11-24 00:00:00+00:00
[2023-11-26 18:09:48,212] {standard_task_runner.py:52} INFO - Started process 1375 to run task
[2023-11-26 18:09:48,216] {standard_task_runner.py:79} INFO - Running: ['***', 'tasks', 'run', 'data_covid_etl', 'create_dim_province', 'scheduled__2023-11-24T00:00:00+00:00', '--job-id', '227', '--raw', '--subdir', 'DAGS_FOLDER/get_data.py', '--cfg-path', '/tmp/tmpkfec34g0', '--error-file', '/tmp/tmpq3pl_3ij']
[2023-11-26 18:09:48,217] {standard_task_runner.py:80} INFO - Job 227: Subtask create_dim_province
[2023-11-26 18:09:48,289] {task_command.py:369} INFO - Running <TaskInstance: data_covid_etl.create_dim_province scheduled__2023-11-24T00:00:00+00:00 [running]> on host 79a606f4be36
[2023-11-26 18:09:48,379] {taskinstance.py:1571} INFO - Exporting the following env vars:
AIRFLOW_CTX_DAG_OWNER=oce
AIRFLOW_CTX_DAG_ID=data_covid_etl
AIRFLOW_CTX_TASK_ID=create_dim_province
AIRFLOW_CTX_EXECUTION_DATE=2023-11-24T00:00:00+00:00
AIRFLOW_CTX_TRY_NUMBER=2
AIRFLOW_CTX_DAG_RUN_ID=scheduled__2023-11-24T00:00:00+00:00
[2023-11-26 18:09:48,403] {logging_mixin.py:115} INFO - province_id province_name
         32    Jawa Barat
         32    Jawa Barat
         32    Jawa Barat
         32    Jawa Barat
         32    Jawa Barat
         32    Jawa Barat
         32    Jawa Barat
         32    Jawa Barat
         32    Jawa Barat
         32    Jawa Barat
         32    Jawa Barat
         32    Jawa Barat
         32    Jawa Barat
         32    Jawa Barat
         32    Jawa Barat
         32    Jawa Barat
         32    Jawa Barat
         32    Jawa Barat
         32    Jawa Barat
         32    Jawa Barat
         32    Jawa Barat
         32    Jawa Barat
         32    Jawa Barat
         32    Jawa Barat
         32    Jawa Barat
         32    Jawa Barat
         32    Jawa Barat
         32    Jawa Barat
         32    Jawa Barat
         32    Jawa Barat
         32    Jawa Barat
         32    Jawa Barat
         32    Jawa Barat
         32    Jawa Barat
         32    Jawa Barat
         32    Jawa Barat
         32    Jawa Barat
         32    Jawa Barat
         32    Jawa Barat
         32    Jawa Barat
         32    Jawa Barat
         32    Jawa Barat
         32    Jawa Barat
         32    Jawa Barat
         32    Jawa Barat
         32    Jawa Barat
         32    Jawa Barat
         32    Jawa Barat
         32    Jawa Barat
         32    Jawa Barat
         32    Jawa Barat
         32    Jawa Barat
         32    Jawa Barat
         32    Jawa Barat
         32    Jawa Barat
         32    Jawa Barat
         32    Jawa Barat
         32    Jawa Barat
         32    Jawa Barat
         32    Jawa Barat
         32    Jawa Barat
         32    Jawa Barat
         32    Jawa Barat
         32    Jawa Barat
         32    Jawa Barat
         32    Jawa Barat
         32    Jawa Barat
         32    Jawa Barat
         32    Jawa Barat
         32    Jawa Barat
         32    Jawa Barat
         32    Jawa Barat
         32    Jawa Barat
         32    Jawa Barat
         32    Jawa Barat
         32    Jawa Barat
         32    Jawa Barat
         32    Jawa Barat
         32    Jawa Barat
         32    Jawa Barat
         32    Jawa Barat
         32    Jawa Barat
         32    Jawa Barat
         32    Jawa Barat
         32    Jawa Barat
         32    Jawa Barat
         32    Jawa Barat
         32    Jawa Barat
         32    Jawa Barat
         32    Jawa Barat
         32    Jawa Barat
         32    Jawa Barat
         32    Jawa Barat
         32    Jawa Barat
         32    Jawa Barat
         32    Jawa Barat
         32    Jawa Barat
         32    Jawa Barat
         32    Jawa Barat
         32    Jawa Barat
         32    Jawa Barat
         32    Jawa Barat
         32    Jawa Barat
         32    Jawa Barat
         32    Jawa Barat
         32    Jawa Barat
         32    Jawa Barat
         32    Jawa Barat
         32    Jawa Barat
         32    Jawa Barat
         32    Jawa Barat
         32    Jawa Barat
         32    Jawa Barat
         32    Jawa Barat
         32    Jawa Barat
         32    Jawa Barat
         32    Jawa Barat
         32    Jawa Barat
         32    Jawa Barat
         32    Jawa Barat
         32    Jawa Barat
         32    Jawa Barat
         32    Jawa Barat
         32    Jawa Barat
         32    Jawa Barat
         32    Jawa Barat
         32    Jawa Barat
         32    Jawa Barat
         32    Jawa Barat
         32    Jawa Barat
         32    Jawa Barat
         32    Jawa Barat
         32    Jawa Barat
         32    Jawa Barat
         32    Jawa Barat
         32    Jawa Barat
         32    Jawa Barat
         32    Jawa Barat
         32    Jawa Barat
         32    Jawa Barat
         32    Jawa Barat
         32    Jawa Barat
         32    Jawa Barat
         32    Jawa Barat
         32    Jawa Barat
[2023-11-26 18:09:48,405] {taskinstance.py:1889} ERROR - Task failed with exception
Traceback (most recent call last):
  File "/home/airflow/.local/lib/python3.7/site-packages/sqlalchemy/engine/base.py", line 3141, in _wrap_pool_connect
    return fn()
  File "/home/airflow/.local/lib/python3.7/site-packages/sqlalchemy/pool/base.py", line 301, in connect
    return _ConnectionFairy._checkout(self)
  File "/home/airflow/.local/lib/python3.7/site-packages/sqlalchemy/pool/base.py", line 755, in _checkout
    fairy = _ConnectionRecord.checkout(pool)
  File "/home/airflow/.local/lib/python3.7/site-packages/sqlalchemy/pool/base.py", line 419, in checkout
    rec = pool._do_get()
  File "/home/airflow/.local/lib/python3.7/site-packages/sqlalchemy/pool/impl.py", line 145, in _do_get
    self._dec_overflow()
  File "/home/airflow/.local/lib/python3.7/site-packages/sqlalchemy/util/langhelpers.py", line 72, in __exit__
    with_traceback=exc_tb,
  File "/home/airflow/.local/lib/python3.7/site-packages/sqlalchemy/util/compat.py", line 211, in raise_
    raise exception
  File "/home/airflow/.local/lib/python3.7/site-packages/sqlalchemy/pool/impl.py", line 142, in _do_get
    return self._create_connection()
  File "/home/airflow/.local/lib/python3.7/site-packages/sqlalchemy/pool/base.py", line 247, in _create_connection
    return _ConnectionRecord(self)
  File "/home/airflow/.local/lib/python3.7/site-packages/sqlalchemy/pool/base.py", line 362, in __init__
    self.__connect(first_connect_check=True)
  File "/home/airflow/.local/lib/python3.7/site-packages/sqlalchemy/pool/base.py", line 605, in __connect
    pool.logger.debug("Error on connect(): %s", e)
  File "/home/airflow/.local/lib/python3.7/site-packages/sqlalchemy/util/langhelpers.py", line 72, in __exit__
    with_traceback=exc_tb,
  File "/home/airflow/.local/lib/python3.7/site-packages/sqlalchemy/util/compat.py", line 211, in raise_
    raise exception
  File "/home/airflow/.local/lib/python3.7/site-packages/sqlalchemy/pool/base.py", line 599, in __connect
    connection = pool._invoke_creator(self)
  File "/home/airflow/.local/lib/python3.7/site-packages/sqlalchemy/engine/create.py", line 578, in connect
    return dialect.connect(*cargs, **cparams)
  File "/home/airflow/.local/lib/python3.7/site-packages/sqlalchemy/engine/default.py", line 583, in connect
    return self.dbapi.connect(*cargs, **cparams)
  File "/home/airflow/.local/lib/python3.7/site-packages/psycopg2/__init__.py", line 122, in connect
    conn = _connect(dsn, connection_factory=connection_factory, **kwasync)
psycopg2.OperationalError: connection to server at "192.168.122.17", port 5432 failed: Connection refused
	Is the server running on that host and accepting TCP/IP connections?


The above exception was the direct cause of the following exception:

Traceback (most recent call last):
  File "/home/airflow/.local/lib/python3.7/site-packages/airflow/operators/python.py", line 171, in execute
    return_value = self.execute_callable()
  File "/home/airflow/.local/lib/python3.7/site-packages/airflow/operators/python.py", line 189, in execute_callable
    return self.python_callable(*self.op_args, **self.op_kwargs)
  File "/opt/airflow/dags/get_data.py", line 46, in create_dim_province
    df.to_sql('dim_province', engine_postgres, index=False, if_exists='replace')
  File "/home/airflow/.local/lib/python3.7/site-packages/pandas/core/generic.py", line 2882, in to_sql
    method=method,
  File "/home/airflow/.local/lib/python3.7/site-packages/pandas/io/sql.py", line 728, in to_sql
    **engine_kwargs,
  File "/home/airflow/.local/lib/python3.7/site-packages/pandas/io/sql.py", line 1758, in to_sql
    dtype=dtype,
  File "/home/airflow/.local/lib/python3.7/site-packages/pandas/io/sql.py", line 1650, in prep_table
    table.create()
  File "/home/airflow/.local/lib/python3.7/site-packages/pandas/io/sql.py", line 856, in create
    if self.exists():
  File "/home/airflow/.local/lib/python3.7/site-packages/pandas/io/sql.py", line 840, in exists
    return self.pd_sql.has_table(self.name, self.schema)
  File "/home/airflow/.local/lib/python3.7/site-packages/pandas/io/sql.py", line 1783, in has_table
    insp = sa.inspect(self.connectable)
  File "/home/airflow/.local/lib/python3.7/site-packages/sqlalchemy/inspection.py", line 64, in inspect
    ret = reg(subject)
  File "/home/airflow/.local/lib/python3.7/site-packages/sqlalchemy/engine/reflection.py", line 182, in _engine_insp
    return Inspector._construct(Inspector._init_engine, bind)
  File "/home/airflow/.local/lib/python3.7/site-packages/sqlalchemy/engine/reflection.py", line 117, in _construct
    init(self, bind)
  File "/home/airflow/.local/lib/python3.7/site-packages/sqlalchemy/engine/reflection.py", line 128, in _init_engine
    engine.connect().close()
  File "/home/airflow/.local/lib/python3.7/site-packages/sqlalchemy/engine/base.py", line 3095, in connect
    return self._connection_cls(self, close_with_result=close_with_result)
  File "/home/airflow/.local/lib/python3.7/site-packages/sqlalchemy/engine/base.py", line 91, in __init__
    else engine.raw_connection()
  File "/home/airflow/.local/lib/python3.7/site-packages/sqlalchemy/engine/base.py", line 3174, in raw_connection
    return self._wrap_pool_connect(self.pool.connect, _connection)
  File "/home/airflow/.local/lib/python3.7/site-packages/sqlalchemy/engine/base.py", line 3145, in _wrap_pool_connect
    e, dialect, self
  File "/home/airflow/.local/lib/python3.7/site-packages/sqlalchemy/engine/base.py", line 2004, in _handle_dbapi_exception_noconnection
    sqlalchemy_exception, with_traceback=exc_info[2], from_=e
  File "/home/airflow/.local/lib/python3.7/site-packages/sqlalchemy/util/compat.py", line 211, in raise_
    raise exception
  File "/home/airflow/.local/lib/python3.7/site-packages/sqlalchemy/engine/base.py", line 3141, in _wrap_pool_connect
    return fn()
  File "/home/airflow/.local/lib/python3.7/site-packages/sqlalchemy/pool/base.py", line 301, in connect
    return _ConnectionFairy._checkout(self)
  File "/home/airflow/.local/lib/python3.7/site-packages/sqlalchemy/pool/base.py", line 755, in _checkout
    fairy = _ConnectionRecord.checkout(pool)
  File "/home/airflow/.local/lib/python3.7/site-packages/sqlalchemy/pool/base.py", line 419, in checkout
    rec = pool._do_get()
  File "/home/airflow/.local/lib/python3.7/site-packages/sqlalchemy/pool/impl.py", line 145, in _do_get
    self._dec_overflow()
  File "/home/airflow/.local/lib/python3.7/site-packages/sqlalchemy/util/langhelpers.py", line 72, in __exit__
    with_traceback=exc_tb,
  File "/home/airflow/.local/lib/python3.7/site-packages/sqlalchemy/util/compat.py", line 211, in raise_
    raise exception
  File "/home/airflow/.local/lib/python3.7/site-packages/sqlalchemy/pool/impl.py", line 142, in _do_get
    return self._create_connection()
  File "/home/airflow/.local/lib/python3.7/site-packages/sqlalchemy/pool/base.py", line 247, in _create_connection
    return _ConnectionRecord(self)
  File "/home/airflow/.local/lib/python3.7/site-packages/sqlalchemy/pool/base.py", line 362, in __init__
    self.__connect(first_connect_check=True)
  File "/home/airflow/.local/lib/python3.7/site-packages/sqlalchemy/pool/base.py", line 605, in __connect
    pool.logger.debug("Error on connect(): %s", e)
  File "/home/airflow/.local/lib/python3.7/site-packages/sqlalchemy/util/langhelpers.py", line 72, in __exit__
    with_traceback=exc_tb,
  File "/home/airflow/.local/lib/python3.7/site-packages/sqlalchemy/util/compat.py", line 211, in raise_
    raise exception
  File "/home/airflow/.local/lib/python3.7/site-packages/sqlalchemy/pool/base.py", line 599, in __connect
    connection = pool._invoke_creator(self)
  File "/home/airflow/.local/lib/python3.7/site-packages/sqlalchemy/engine/create.py", line 578, in connect
    return dialect.connect(*cargs, **cparams)
  File "/home/airflow/.local/lib/python3.7/site-packages/sqlalchemy/engine/default.py", line 583, in connect
    return self.dbapi.connect(*cargs, **cparams)
  File "/home/airflow/.local/lib/python3.7/site-packages/psycopg2/__init__.py", line 122, in connect
    conn = _connect(dsn, connection_factory=connection_factory, **kwasync)
sqlalchemy.exc.OperationalError: (psycopg2.OperationalError) connection to server at "192.168.122.17", port 5432 failed: Connection refused
	Is the server running on that host and accepting TCP/IP connections?

(Background on this error at: http://sqlalche.me/e/14/e3q8)
[2023-11-26 18:09:48,415] {taskinstance.py:1400} INFO - Marking task as UP_FOR_RETRY. dag_id=data_covid_etl, task_id=create_dim_province, execution_date=20231124T000000, start_date=20231126T180948, end_date=20231126T180948
[2023-11-26 18:09:48,430] {standard_task_runner.py:97} ERROR - Failed to execute job 227 for task create_dim_province ((psycopg2.OperationalError) connection to server at "192.168.122.17", port 5432 failed: Connection refused
	Is the server running on that host and accepting TCP/IP connections?

(Background on this error at: http://sqlalche.me/e/14/e3q8); 1375)
[2023-11-26 18:09:48,467] {local_task_job.py:156} INFO - Task exited with return code 1
[2023-11-26 18:09:48,527] {local_task_job.py:273} INFO - 0 downstream tasks scheduled from follow-on schedule check
