[2023-11-26 18:25:09,578] {taskinstance.py:1159} INFO - Dependencies all met for <TaskInstance: final_project_data_covid_etl.print_hello_world scheduled__2023-11-25T00:00:00+00:00 [queued]>
[2023-11-26 18:25:09,588] {taskinstance.py:1159} INFO - Dependencies all met for <TaskInstance: final_project_data_covid_etl.print_hello_world scheduled__2023-11-25T00:00:00+00:00 [queued]>
[2023-11-26 18:25:09,588] {taskinstance.py:1356} INFO - 
--------------------------------------------------------------------------------
[2023-11-26 18:25:09,588] {taskinstance.py:1357} INFO - Starting attempt 1 of 3
[2023-11-26 18:25:09,588] {taskinstance.py:1358} INFO - 
--------------------------------------------------------------------------------
[2023-11-26 18:25:09,604] {taskinstance.py:1377} INFO - Executing <Task(BashOperator): print_hello_world> on 2023-11-25 00:00:00+00:00
[2023-11-26 18:25:09,609] {standard_task_runner.py:52} INFO - Started process 1949 to run task
[2023-11-26 18:25:09,611] {standard_task_runner.py:79} INFO - Running: ['***', 'tasks', 'run', 'final_project_data_covid_etl', 'print_hello_world', 'scheduled__2023-11-25T00:00:00+00:00', '--job-id', '288', '--raw', '--subdir', 'DAGS_FOLDER/get_data.py', '--cfg-path', '/tmp/tmpyhch8b5l', '--error-file', '/tmp/tmpwvca78tm']
[2023-11-26 18:25:09,612] {standard_task_runner.py:80} INFO - Job 288: Subtask print_hello_world
[2023-11-26 18:25:09,658] {task_command.py:369} INFO - Running <TaskInstance: final_project_data_covid_etl.print_hello_world scheduled__2023-11-25T00:00:00+00:00 [running]> on host 79a606f4be36
[2023-11-26 18:25:09,732] {taskinstance.py:1571} INFO - Exporting the following env vars:
AIRFLOW_CTX_DAG_OWNER=oce
AIRFLOW_CTX_DAG_ID=final_project_data_covid_etl
AIRFLOW_CTX_TASK_ID=print_hello_world
AIRFLOW_CTX_EXECUTION_DATE=2023-11-25T00:00:00+00:00
AIRFLOW_CTX_TRY_NUMBER=1
AIRFLOW_CTX_DAG_RUN_ID=scheduled__2023-11-25T00:00:00+00:00
[2023-11-26 18:25:09,733] {subprocess.py:62} INFO - Tmp dir root location: 
 /tmp
[2023-11-26 18:25:09,733] {subprocess.py:74} INFO - Running command: ['bash', '-c', 'echo "HelloWorld!"']
[2023-11-26 18:25:09,743] {subprocess.py:85} INFO - Output:
[2023-11-26 18:25:09,744] {subprocess.py:92} INFO - HelloWorld!
[2023-11-26 18:25:09,744] {subprocess.py:96} INFO - Command exited with return code 0
[2023-11-26 18:25:09,771] {taskinstance.py:1400} INFO - Marking task as SUCCESS. dag_id=final_project_data_covid_etl, task_id=print_hello_world, execution_date=20231125T000000, start_date=20231126T182509, end_date=20231126T182509
[2023-11-26 18:25:09,825] {local_task_job.py:156} INFO - Task exited with return code 0
[2023-11-26 18:25:09,868] {local_task_job.py:273} INFO - 1 downstream tasks scheduled from follow-on schedule check
[2023-11-26 18:26:20,397] {taskinstance.py:1159} INFO - Dependencies all met for <TaskInstance: final_project_data_covid_etl.print_hello_world scheduled__2023-11-25T00:00:00+00:00 [queued]>
[2023-11-26 18:26:20,407] {taskinstance.py:1159} INFO - Dependencies all met for <TaskInstance: final_project_data_covid_etl.print_hello_world scheduled__2023-11-25T00:00:00+00:00 [queued]>
[2023-11-26 18:26:20,407] {taskinstance.py:1356} INFO - 
--------------------------------------------------------------------------------
[2023-11-26 18:26:20,407] {taskinstance.py:1357} INFO - Starting attempt 1 of 3
[2023-11-26 18:26:20,407] {taskinstance.py:1358} INFO - 
--------------------------------------------------------------------------------
[2023-11-26 18:26:20,423] {taskinstance.py:1377} INFO - Executing <Task(BashOperator): print_hello_world> on 2023-11-25 00:00:00+00:00
[2023-11-26 18:26:20,430] {standard_task_runner.py:52} INFO - Started process 2030 to run task
[2023-11-26 18:26:20,432] {standard_task_runner.py:79} INFO - Running: ['***', 'tasks', 'run', 'final_project_data_covid_etl', 'print_hello_world', 'scheduled__2023-11-25T00:00:00+00:00', '--job-id', '304', '--raw', '--subdir', 'DAGS_FOLDER/get_data.py', '--cfg-path', '/tmp/tmpoeqnss0r', '--error-file', '/tmp/tmpsbzv5o68']
[2023-11-26 18:26:20,433] {standard_task_runner.py:80} INFO - Job 304: Subtask print_hello_world
[2023-11-26 18:26:20,482] {task_command.py:369} INFO - Running <TaskInstance: final_project_data_covid_etl.print_hello_world scheduled__2023-11-25T00:00:00+00:00 [running]> on host 79a606f4be36
[2023-11-26 18:26:20,554] {taskinstance.py:1571} INFO - Exporting the following env vars:
AIRFLOW_CTX_DAG_OWNER=ricky
AIRFLOW_CTX_DAG_ID=final_project_data_covid_etl
AIRFLOW_CTX_TASK_ID=print_hello_world
AIRFLOW_CTX_EXECUTION_DATE=2023-11-25T00:00:00+00:00
AIRFLOW_CTX_TRY_NUMBER=1
AIRFLOW_CTX_DAG_RUN_ID=scheduled__2023-11-25T00:00:00+00:00
[2023-11-26 18:26:20,556] {subprocess.py:62} INFO - Tmp dir root location: 
 /tmp
[2023-11-26 18:26:20,556] {subprocess.py:74} INFO - Running command: ['bash', '-c', 'echo "HelloWorld!"']
[2023-11-26 18:26:20,567] {subprocess.py:85} INFO - Output:
[2023-11-26 18:26:20,568] {subprocess.py:92} INFO - HelloWorld!
[2023-11-26 18:26:20,568] {subprocess.py:96} INFO - Command exited with return code 0
[2023-11-26 18:26:20,597] {taskinstance.py:1400} INFO - Marking task as SUCCESS. dag_id=final_project_data_covid_etl, task_id=print_hello_world, execution_date=20231125T000000, start_date=20231126T182620, end_date=20231126T182620
[2023-11-26 18:26:20,646] {local_task_job.py:156} INFO - Task exited with return code 0
[2023-11-26 18:26:20,686] {local_task_job.py:273} INFO - 1 downstream tasks scheduled from follow-on schedule check
[2023-11-26 18:28:01,003] {taskinstance.py:1159} INFO - Dependencies all met for <TaskInstance: final_project_data_covid_etl.print_hello_world scheduled__2023-11-25T00:00:00+00:00 [queued]>
[2023-11-26 18:28:01,015] {taskinstance.py:1159} INFO - Dependencies all met for <TaskInstance: final_project_data_covid_etl.print_hello_world scheduled__2023-11-25T00:00:00+00:00 [queued]>
[2023-11-26 18:28:01,015] {taskinstance.py:1356} INFO - 
--------------------------------------------------------------------------------
[2023-11-26 18:28:01,015] {taskinstance.py:1357} INFO - Starting attempt 1 of 3
[2023-11-26 18:28:01,015] {taskinstance.py:1358} INFO - 
--------------------------------------------------------------------------------
[2023-11-26 18:28:01,042] {taskinstance.py:1377} INFO - Executing <Task(BashOperator): print_hello_world> on 2023-11-25 00:00:00+00:00
[2023-11-26 18:28:01,048] {standard_task_runner.py:52} INFO - Started process 2119 to run task
[2023-11-26 18:28:01,051] {standard_task_runner.py:79} INFO - Running: ['***', 'tasks', 'run', 'final_project_data_covid_etl', 'print_hello_world', 'scheduled__2023-11-25T00:00:00+00:00', '--job-id', '319', '--raw', '--subdir', 'DAGS_FOLDER/get_data.py', '--cfg-path', '/tmp/tmpzlff4yca', '--error-file', '/tmp/tmp1sq40lb2']
[2023-11-26 18:28:01,051] {standard_task_runner.py:80} INFO - Job 319: Subtask print_hello_world
[2023-11-26 18:28:01,108] {task_command.py:369} INFO - Running <TaskInstance: final_project_data_covid_etl.print_hello_world scheduled__2023-11-25T00:00:00+00:00 [running]> on host 79a606f4be36
[2023-11-26 18:28:01,189] {taskinstance.py:1571} INFO - Exporting the following env vars:
AIRFLOW_CTX_DAG_OWNER=ricky
AIRFLOW_CTX_DAG_ID=final_project_data_covid_etl
AIRFLOW_CTX_TASK_ID=print_hello_world
AIRFLOW_CTX_EXECUTION_DATE=2023-11-25T00:00:00+00:00
AIRFLOW_CTX_TRY_NUMBER=1
AIRFLOW_CTX_DAG_RUN_ID=scheduled__2023-11-25T00:00:00+00:00
[2023-11-26 18:28:01,190] {subprocess.py:62} INFO - Tmp dir root location: 
 /tmp
[2023-11-26 18:28:01,190] {subprocess.py:74} INFO - Running command: ['bash', '-c', 'echo "HelloWorld!"']
[2023-11-26 18:28:01,202] {subprocess.py:85} INFO - Output:
[2023-11-26 18:28:01,204] {subprocess.py:92} INFO - HelloWorld!
[2023-11-26 18:28:01,205] {subprocess.py:96} INFO - Command exited with return code 0
[2023-11-26 18:28:01,236] {taskinstance.py:1400} INFO - Marking task as SUCCESS. dag_id=final_project_data_covid_etl, task_id=print_hello_world, execution_date=20231125T000000, start_date=20231126T182801, end_date=20231126T182801
[2023-11-26 18:28:01,265] {local_task_job.py:156} INFO - Task exited with return code 0
[2023-11-26 18:28:01,330] {local_task_job.py:273} INFO - 1 downstream tasks scheduled from follow-on schedule check
