[2023-11-26 18:26:34,927] {taskinstance.py:1159} INFO - Dependencies all met for <TaskInstance: final_project_data_covid_etl.create_dim_province scheduled__2023-11-25T00:00:00+00:00 [queued]>
[2023-11-26 18:26:34,935] {taskinstance.py:1159} INFO - Dependencies all met for <TaskInstance: final_project_data_covid_etl.create_dim_province scheduled__2023-11-25T00:00:00+00:00 [queued]>
[2023-11-26 18:26:34,935] {taskinstance.py:1356} INFO - 
--------------------------------------------------------------------------------
[2023-11-26 18:26:34,935] {taskinstance.py:1357} INFO - Starting attempt 1 of 3
[2023-11-26 18:26:34,935] {taskinstance.py:1358} INFO - 
--------------------------------------------------------------------------------
[2023-11-26 18:26:34,949] {taskinstance.py:1377} INFO - Executing <Task(PythonOperator): create_dim_province> on 2023-11-25 00:00:00+00:00
[2023-11-26 18:26:34,956] {standard_task_runner.py:52} INFO - Started process 2065 to run task
[2023-11-26 18:26:34,958] {standard_task_runner.py:79} INFO - Running: ['***', 'tasks', 'run', 'final_project_data_covid_etl', 'create_dim_province', 'scheduled__2023-11-25T00:00:00+00:00', '--job-id', '313', '--raw', '--subdir', 'DAGS_FOLDER/get_data.py', '--cfg-path', '/tmp/tmphonrl83x', '--error-file', '/tmp/tmpmugmc7xq']
[2023-11-26 18:26:34,958] {standard_task_runner.py:80} INFO - Job 313: Subtask create_dim_province
[2023-11-26 18:26:35,008] {task_command.py:369} INFO - Running <TaskInstance: final_project_data_covid_etl.create_dim_province scheduled__2023-11-25T00:00:00+00:00 [running]> on host 79a606f4be36
[2023-11-26 18:26:35,082] {taskinstance.py:1571} INFO - Exporting the following env vars:
AIRFLOW_CTX_DAG_OWNER=ricky
AIRFLOW_CTX_DAG_ID=final_project_data_covid_etl
AIRFLOW_CTX_TASK_ID=create_dim_province
AIRFLOW_CTX_EXECUTION_DATE=2023-11-25T00:00:00+00:00
AIRFLOW_CTX_TRY_NUMBER=1
AIRFLOW_CTX_DAG_RUN_ID=scheduled__2023-11-25T00:00:00+00:00
[2023-11-26 18:26:35,105] {logging_mixin.py:115} INFO - province_id province_name
         32    Jawa Barat
         32    Jawa Barat
         32    Jawa Barat
         32    Jawa Barat
         32    Jawa Barat
         32    Jawa Barat
         32    Jawa Barat
         32    Jawa Barat
         32    Jawa Barat
         32    Jawa Barat
         32    Jawa Barat
         32    Jawa Barat
         32    Jawa Barat
         32    Jawa Barat
         32    Jawa Barat
         32    Jawa Barat
         32    Jawa Barat
         32    Jawa Barat
         32    Jawa Barat
         32    Jawa Barat
         32    Jawa Barat
         32    Jawa Barat
         32    Jawa Barat
         32    Jawa Barat
         32    Jawa Barat
         32    Jawa Barat
         32    Jawa Barat
         32    Jawa Barat
         32    Jawa Barat
         32    Jawa Barat
         32    Jawa Barat
         32    Jawa Barat
         32    Jawa Barat
         32    Jawa Barat
         32    Jawa Barat
         32    Jawa Barat
         32    Jawa Barat
         32    Jawa Barat
         32    Jawa Barat
         32    Jawa Barat
         32    Jawa Barat
         32    Jawa Barat
         32    Jawa Barat
         32    Jawa Barat
         32    Jawa Barat
         32    Jawa Barat
         32    Jawa Barat
         32    Jawa Barat
         32    Jawa Barat
         32    Jawa Barat
         32    Jawa Barat
         32    Jawa Barat
         32    Jawa Barat
         32    Jawa Barat
         32    Jawa Barat
         32    Jawa Barat
         32    Jawa Barat
         32    Jawa Barat
         32    Jawa Barat
         32    Jawa Barat
         32    Jawa Barat
         32    Jawa Barat
         32    Jawa Barat
         32    Jawa Barat
         32    Jawa Barat
         32    Jawa Barat
         32    Jawa Barat
         32    Jawa Barat
         32    Jawa Barat
         32    Jawa Barat
         32    Jawa Barat
         32    Jawa Barat
         32    Jawa Barat
         32    Jawa Barat
         32    Jawa Barat
         32    Jawa Barat
         32    Jawa Barat
         32    Jawa Barat
         32    Jawa Barat
         32    Jawa Barat
         32    Jawa Barat
         32    Jawa Barat
         32    Jawa Barat
         32    Jawa Barat
         32    Jawa Barat
         32    Jawa Barat
         32    Jawa Barat
         32    Jawa Barat
         32    Jawa Barat
         32    Jawa Barat
         32    Jawa Barat
         32    Jawa Barat
         32    Jawa Barat
         32    Jawa Barat
         32    Jawa Barat
         32    Jawa Barat
         32    Jawa Barat
         32    Jawa Barat
         32    Jawa Barat
         32    Jawa Barat
         32    Jawa Barat
         32    Jawa Barat
         32    Jawa Barat
         32    Jawa Barat
         32    Jawa Barat
         32    Jawa Barat
         32    Jawa Barat
         32    Jawa Barat
         32    Jawa Barat
         32    Jawa Barat
         32    Jawa Barat
         32    Jawa Barat
         32    Jawa Barat
         32    Jawa Barat
         32    Jawa Barat
         32    Jawa Barat
         32    Jawa Barat
         32    Jawa Barat
         32    Jawa Barat
         32    Jawa Barat
         32    Jawa Barat
         32    Jawa Barat
         32    Jawa Barat
         32    Jawa Barat
         32    Jawa Barat
         32    Jawa Barat
         32    Jawa Barat
         32    Jawa Barat
         32    Jawa Barat
         32    Jawa Barat
         32    Jawa Barat
         32    Jawa Barat
         32    Jawa Barat
         32    Jawa Barat
         32    Jawa Barat
         32    Jawa Barat
         32    Jawa Barat
         32    Jawa Barat
         32    Jawa Barat
         32    Jawa Barat
         32    Jawa Barat
         32    Jawa Barat
         32    Jawa Barat
         32    Jawa Barat
         32    Jawa Barat
[2023-11-26 18:26:35,181] {python.py:173} INFO - Done. Returned value was: None
[2023-11-26 18:26:35,205] {taskinstance.py:1400} INFO - Marking task as SUCCESS. dag_id=final_project_data_covid_etl, task_id=create_dim_province, execution_date=20231125T000000, start_date=20231126T182634, end_date=20231126T182635
[2023-11-26 18:26:35,253] {local_task_job.py:156} INFO - Task exited with return code 0
[2023-11-26 18:26:35,295] {local_task_job.py:273} INFO - 1 downstream tasks scheduled from follow-on schedule check
[2023-11-27 07:13:21,341] {taskinstance.py:1159} INFO - Dependencies all met for <TaskInstance: final_project_data_covid_etl.create_dim_province scheduled__2023-11-25T00:00:00+00:00 [queued]>
[2023-11-27 07:13:21,355] {taskinstance.py:1159} INFO - Dependencies all met for <TaskInstance: final_project_data_covid_etl.create_dim_province scheduled__2023-11-25T00:00:00+00:00 [queued]>
[2023-11-27 07:13:21,355] {taskinstance.py:1356} INFO - 
--------------------------------------------------------------------------------
[2023-11-27 07:13:21,355] {taskinstance.py:1357} INFO - Starting attempt 1 of 3
[2023-11-27 07:13:21,355] {taskinstance.py:1358} INFO - 
--------------------------------------------------------------------------------
[2023-11-27 07:13:21,375] {taskinstance.py:1377} INFO - Executing <Task(PythonOperator): create_dim_province> on 2023-11-25 00:00:00+00:00
[2023-11-27 07:13:21,382] {standard_task_runner.py:52} INFO - Started process 209 to run task
[2023-11-27 07:13:21,385] {standard_task_runner.py:79} INFO - Running: ['***', 'tasks', 'run', 'final_project_data_covid_etl', 'create_dim_province', 'scheduled__2023-11-25T00:00:00+00:00', '--job-id', '331', '--raw', '--subdir', 'DAGS_FOLDER/get_data.py', '--cfg-path', '/tmp/tmpxtc1y63d', '--error-file', '/tmp/tmpwflvh_26']
[2023-11-27 07:13:21,388] {standard_task_runner.py:80} INFO - Job 331: Subtask create_dim_province
[2023-11-27 07:13:21,477] {task_command.py:369} INFO - Running <TaskInstance: final_project_data_covid_etl.create_dim_province scheduled__2023-11-25T00:00:00+00:00 [running]> on host 671693f20ed3
[2023-11-27 07:13:21,584] {taskinstance.py:1571} INFO - Exporting the following env vars:
AIRFLOW_CTX_DAG_OWNER=ricky
AIRFLOW_CTX_DAG_ID=final_project_data_covid_etl
AIRFLOW_CTX_TASK_ID=create_dim_province
AIRFLOW_CTX_EXECUTION_DATE=2023-11-25T00:00:00+00:00
AIRFLOW_CTX_TRY_NUMBER=1
AIRFLOW_CTX_DAG_RUN_ID=scheduled__2023-11-25T00:00:00+00:00
[2023-11-27 07:13:21,627] {logging_mixin.py:115} INFO - province_id province_name
         32    Jawa Barat
         32    Jawa Barat
         32    Jawa Barat
         32    Jawa Barat
         32    Jawa Barat
         32    Jawa Barat
         32    Jawa Barat
         32    Jawa Barat
         32    Jawa Barat
         32    Jawa Barat
         32    Jawa Barat
         32    Jawa Barat
         32    Jawa Barat
         32    Jawa Barat
         32    Jawa Barat
         32    Jawa Barat
         32    Jawa Barat
         32    Jawa Barat
         32    Jawa Barat
         32    Jawa Barat
         32    Jawa Barat
         32    Jawa Barat
         32    Jawa Barat
         32    Jawa Barat
         32    Jawa Barat
         32    Jawa Barat
         32    Jawa Barat
         32    Jawa Barat
         32    Jawa Barat
         32    Jawa Barat
         32    Jawa Barat
         32    Jawa Barat
         32    Jawa Barat
         32    Jawa Barat
         32    Jawa Barat
         32    Jawa Barat
         32    Jawa Barat
         32    Jawa Barat
         32    Jawa Barat
         32    Jawa Barat
         32    Jawa Barat
         32    Jawa Barat
         32    Jawa Barat
         32    Jawa Barat
         32    Jawa Barat
         32    Jawa Barat
         32    Jawa Barat
         32    Jawa Barat
         32    Jawa Barat
         32    Jawa Barat
         32    Jawa Barat
         32    Jawa Barat
         32    Jawa Barat
         32    Jawa Barat
         32    Jawa Barat
         32    Jawa Barat
         32    Jawa Barat
         32    Jawa Barat
         32    Jawa Barat
         32    Jawa Barat
         32    Jawa Barat
         32    Jawa Barat
         32    Jawa Barat
         32    Jawa Barat
         32    Jawa Barat
         32    Jawa Barat
         32    Jawa Barat
         32    Jawa Barat
         32    Jawa Barat
         32    Jawa Barat
         32    Jawa Barat
         32    Jawa Barat
         32    Jawa Barat
         32    Jawa Barat
         32    Jawa Barat
         32    Jawa Barat
         32    Jawa Barat
         32    Jawa Barat
         32    Jawa Barat
         32    Jawa Barat
         32    Jawa Barat
         32    Jawa Barat
         32    Jawa Barat
         32    Jawa Barat
         32    Jawa Barat
         32    Jawa Barat
         32    Jawa Barat
         32    Jawa Barat
         32    Jawa Barat
         32    Jawa Barat
         32    Jawa Barat
         32    Jawa Barat
         32    Jawa Barat
         32    Jawa Barat
         32    Jawa Barat
         32    Jawa Barat
         32    Jawa Barat
         32    Jawa Barat
         32    Jawa Barat
         32    Jawa Barat
         32    Jawa Barat
         32    Jawa Barat
         32    Jawa Barat
         32    Jawa Barat
         32    Jawa Barat
         32    Jawa Barat
         32    Jawa Barat
         32    Jawa Barat
         32    Jawa Barat
         32    Jawa Barat
         32    Jawa Barat
         32    Jawa Barat
         32    Jawa Barat
         32    Jawa Barat
         32    Jawa Barat
         32    Jawa Barat
         32    Jawa Barat
         32    Jawa Barat
         32    Jawa Barat
         32    Jawa Barat
         32    Jawa Barat
         32    Jawa Barat
         32    Jawa Barat
         32    Jawa Barat
         32    Jawa Barat
         32    Jawa Barat
         32    Jawa Barat
         32    Jawa Barat
         32    Jawa Barat
         32    Jawa Barat
         32    Jawa Barat
         32    Jawa Barat
         32    Jawa Barat
         32    Jawa Barat
         32    Jawa Barat
         32    Jawa Barat
         32    Jawa Barat
         32    Jawa Barat
         32    Jawa Barat
         32    Jawa Barat
         32    Jawa Barat
         32    Jawa Barat
         32    Jawa Barat
         32    Jawa Barat
         32    Jawa Barat
[2023-11-27 07:13:21,709] {python.py:173} INFO - Done. Returned value was: None
[2023-11-27 07:13:21,728] {taskinstance.py:1400} INFO - Marking task as SUCCESS. dag_id=final_project_data_covid_etl, task_id=create_dim_province, execution_date=20231125T000000, start_date=20231127T071321, end_date=20231127T071321
[2023-11-27 07:13:21,762] {local_task_job.py:156} INFO - Task exited with return code 0
[2023-11-27 07:13:21,815] {local_task_job.py:273} INFO - 1 downstream tasks scheduled from follow-on schedule check
