[2023-11-27 09:13:53,464] {taskinstance.py:1159} INFO - Dependencies all met for <TaskInstance: final_project_data_covid_etl.create_dim_province manual__2023-11-27T09:13:48.667181+00:00 [queued]>
[2023-11-27 09:13:53,475] {taskinstance.py:1159} INFO - Dependencies all met for <TaskInstance: final_project_data_covid_etl.create_dim_province manual__2023-11-27T09:13:48.667181+00:00 [queued]>
[2023-11-27 09:13:53,476] {taskinstance.py:1356} INFO - 
--------------------------------------------------------------------------------
[2023-11-27 09:13:53,476] {taskinstance.py:1357} INFO - Starting attempt 1 of 3
[2023-11-27 09:13:53,476] {taskinstance.py:1358} INFO - 
--------------------------------------------------------------------------------
[2023-11-27 09:13:53,504] {taskinstance.py:1377} INFO - Executing <Task(PythonOperator): create_dim_province> on 2023-11-27 09:13:48.667181+00:00
[2023-11-27 09:13:53,509] {standard_task_runner.py:52} INFO - Started process 250 to run task
[2023-11-27 09:13:53,512] {standard_task_runner.py:79} INFO - Running: ['***', 'tasks', 'run', 'final_project_data_covid_etl', 'create_dim_province', 'manual__2023-11-27T09:13:48.667181+00:00', '--job-id', '362', '--raw', '--subdir', 'DAGS_FOLDER/get_data.py', '--cfg-path', '/tmp/tmpcnkvfg_5', '--error-file', '/tmp/tmpps71x5hy']
[2023-11-27 09:13:53,512] {standard_task_runner.py:80} INFO - Job 362: Subtask create_dim_province
[2023-11-27 09:13:53,564] {task_command.py:369} INFO - Running <TaskInstance: final_project_data_covid_etl.create_dim_province manual__2023-11-27T09:13:48.667181+00:00 [running]> on host f38c0c12695c
[2023-11-27 09:13:53,642] {taskinstance.py:1571} INFO - Exporting the following env vars:
AIRFLOW_CTX_DAG_OWNER=ricky
AIRFLOW_CTX_DAG_ID=final_project_data_covid_etl
AIRFLOW_CTX_TASK_ID=create_dim_province
AIRFLOW_CTX_EXECUTION_DATE=2023-11-27T09:13:48.667181+00:00
AIRFLOW_CTX_TRY_NUMBER=1
AIRFLOW_CTX_DAG_RUN_ID=manual__2023-11-27T09:13:48.667181+00:00
[2023-11-27 09:13:53,665] {logging_mixin.py:115} INFO - province_id province_name
         32    Jawa Barat
[2023-11-27 09:13:53,784] {python.py:173} INFO - Done. Returned value was: None
[2023-11-27 09:13:53,796] {taskinstance.py:1400} INFO - Marking task as SUCCESS. dag_id=final_project_data_covid_etl, task_id=create_dim_province, execution_date=20231127T091348, start_date=20231127T091353, end_date=20231127T091353
[2023-11-27 09:13:53,844] {local_task_job.py:156} INFO - Task exited with return code 0
[2023-11-27 09:13:53,907] {local_task_job.py:273} INFO - 1 downstream tasks scheduled from follow-on schedule check
