[2023-11-26 18:28:03,194] {taskinstance.py:1159} INFO - Dependencies all met for <TaskInstance: final_project_data_covid_etl.create_dim_province manual__2023-11-26T18:27:59.631184+00:00 [queued]>
[2023-11-26 18:28:03,205] {taskinstance.py:1159} INFO - Dependencies all met for <TaskInstance: final_project_data_covid_etl.create_dim_province manual__2023-11-26T18:27:59.631184+00:00 [queued]>
[2023-11-26 18:28:03,205] {taskinstance.py:1356} INFO - 
--------------------------------------------------------------------------------
[2023-11-26 18:28:03,205] {taskinstance.py:1357} INFO - Starting attempt 1 of 3
[2023-11-26 18:28:03,206] {taskinstance.py:1358} INFO - 
--------------------------------------------------------------------------------
[2023-11-26 18:28:03,236] {taskinstance.py:1377} INFO - Executing <Task(PythonOperator): create_dim_province> on 2023-11-26 18:27:59.631184+00:00
[2023-11-26 18:28:03,241] {standard_task_runner.py:52} INFO - Started process 2136 to run task
[2023-11-26 18:28:03,245] {standard_task_runner.py:79} INFO - Running: ['***', 'tasks', 'run', 'final_project_data_covid_etl', 'create_dim_province', 'manual__2023-11-26T18:27:59.631184+00:00', '--job-id', '322', '--raw', '--subdir', 'DAGS_FOLDER/get_data.py', '--cfg-path', '/tmp/tmponuf4ihl', '--error-file', '/tmp/tmpkma5d9io']
[2023-11-26 18:28:03,246] {standard_task_runner.py:80} INFO - Job 322: Subtask create_dim_province
[2023-11-26 18:28:03,311] {task_command.py:369} INFO - Running <TaskInstance: final_project_data_covid_etl.create_dim_province manual__2023-11-26T18:27:59.631184+00:00 [running]> on host 79a606f4be36
[2023-11-26 18:28:03,382] {taskinstance.py:1571} INFO - Exporting the following env vars:
AIRFLOW_CTX_DAG_OWNER=ricky
AIRFLOW_CTX_DAG_ID=final_project_data_covid_etl
AIRFLOW_CTX_TASK_ID=create_dim_province
AIRFLOW_CTX_EXECUTION_DATE=2023-11-26T18:27:59.631184+00:00
AIRFLOW_CTX_TRY_NUMBER=1
AIRFLOW_CTX_DAG_RUN_ID=manual__2023-11-26T18:27:59.631184+00:00
[2023-11-26 18:28:03,411] {logging_mixin.py:115} INFO - province_id province_name
         32    Jawa Barat
         32    Jawa Barat
         32    Jawa Barat
         32    Jawa Barat
         32    Jawa Barat
         32    Jawa Barat
         32    Jawa Barat
         32    Jawa Barat
         32    Jawa Barat
         32    Jawa Barat
         32    Jawa Barat
         32    Jawa Barat
         32    Jawa Barat
         32    Jawa Barat
         32    Jawa Barat
         32    Jawa Barat
         32    Jawa Barat
         32    Jawa Barat
         32    Jawa Barat
         32    Jawa Barat
         32    Jawa Barat
         32    Jawa Barat
         32    Jawa Barat
         32    Jawa Barat
         32    Jawa Barat
         32    Jawa Barat
         32    Jawa Barat
         32    Jawa Barat
         32    Jawa Barat
         32    Jawa Barat
         32    Jawa Barat
         32    Jawa Barat
         32    Jawa Barat
         32    Jawa Barat
         32    Jawa Barat
         32    Jawa Barat
         32    Jawa Barat
         32    Jawa Barat
         32    Jawa Barat
         32    Jawa Barat
         32    Jawa Barat
         32    Jawa Barat
         32    Jawa Barat
         32    Jawa Barat
         32    Jawa Barat
         32    Jawa Barat
         32    Jawa Barat
         32    Jawa Barat
         32    Jawa Barat
         32    Jawa Barat
         32    Jawa Barat
         32    Jawa Barat
         32    Jawa Barat
         32    Jawa Barat
         32    Jawa Barat
         32    Jawa Barat
         32    Jawa Barat
         32    Jawa Barat
         32    Jawa Barat
         32    Jawa Barat
         32    Jawa Barat
         32    Jawa Barat
         32    Jawa Barat
         32    Jawa Barat
         32    Jawa Barat
         32    Jawa Barat
         32    Jawa Barat
         32    Jawa Barat
         32    Jawa Barat
         32    Jawa Barat
         32    Jawa Barat
         32    Jawa Barat
         32    Jawa Barat
         32    Jawa Barat
         32    Jawa Barat
         32    Jawa Barat
         32    Jawa Barat
         32    Jawa Barat
         32    Jawa Barat
         32    Jawa Barat
         32    Jawa Barat
         32    Jawa Barat
         32    Jawa Barat
         32    Jawa Barat
         32    Jawa Barat
         32    Jawa Barat
         32    Jawa Barat
         32    Jawa Barat
         32    Jawa Barat
         32    Jawa Barat
         32    Jawa Barat
         32    Jawa Barat
         32    Jawa Barat
         32    Jawa Barat
         32    Jawa Barat
         32    Jawa Barat
         32    Jawa Barat
         32    Jawa Barat
         32    Jawa Barat
         32    Jawa Barat
         32    Jawa Barat
         32    Jawa Barat
         32    Jawa Barat
         32    Jawa Barat
         32    Jawa Barat
         32    Jawa Barat
         32    Jawa Barat
         32    Jawa Barat
         32    Jawa Barat
         32    Jawa Barat
         32    Jawa Barat
         32    Jawa Barat
         32    Jawa Barat
         32    Jawa Barat
         32    Jawa Barat
         32    Jawa Barat
         32    Jawa Barat
         32    Jawa Barat
         32    Jawa Barat
         32    Jawa Barat
         32    Jawa Barat
         32    Jawa Barat
         32    Jawa Barat
         32    Jawa Barat
         32    Jawa Barat
         32    Jawa Barat
         32    Jawa Barat
         32    Jawa Barat
         32    Jawa Barat
         32    Jawa Barat
         32    Jawa Barat
         32    Jawa Barat
         32    Jawa Barat
         32    Jawa Barat
         32    Jawa Barat
         32    Jawa Barat
         32    Jawa Barat
         32    Jawa Barat
         32    Jawa Barat
         32    Jawa Barat
         32    Jawa Barat
         32    Jawa Barat
         32    Jawa Barat
         32    Jawa Barat
         32    Jawa Barat
[2023-11-26 18:28:03,463] {python.py:173} INFO - Done. Returned value was: None
[2023-11-26 18:28:03,481] {taskinstance.py:1400} INFO - Marking task as SUCCESS. dag_id=final_project_data_covid_etl, task_id=create_dim_province, execution_date=20231126T182759, start_date=20231126T182803, end_date=20231126T182803
[2023-11-26 18:28:03,536] {local_task_job.py:156} INFO - Task exited with return code 0
[2023-11-26 18:28:03,604] {local_task_job.py:273} INFO - 0 downstream tasks scheduled from follow-on schedule check
