[2023-11-26 17:57:11,954] {taskinstance.py:1159} INFO - Dependencies all met for <TaskInstance: data_covid_etl.ingest_staging_db manual__2023-11-26T17:57:07.249623+00:00 [queued]>
[2023-11-26 17:57:12,009] {taskinstance.py:1159} INFO - Dependencies all met for <TaskInstance: data_covid_etl.ingest_staging_db manual__2023-11-26T17:57:07.249623+00:00 [queued]>
[2023-11-26 17:57:12,009] {taskinstance.py:1356} INFO - 
--------------------------------------------------------------------------------
[2023-11-26 17:57:12,017] {taskinstance.py:1357} INFO - Starting attempt 1 of 6
[2023-11-26 17:57:12,022] {taskinstance.py:1358} INFO - 
--------------------------------------------------------------------------------
[2023-11-26 17:57:12,089] {taskinstance.py:1377} INFO - Executing <Task(PythonOperator): ingest_staging_db> on 2023-11-26 17:57:07.249623+00:00
[2023-11-26 17:57:12,109] {standard_task_runner.py:52} INFO - Started process 697 to run task
[2023-11-26 17:57:12,131] {standard_task_runner.py:79} INFO - Running: ['***', 'tasks', 'run', 'data_covid_etl', 'ingest_staging_db', 'manual__2023-11-26T17:57:07.249623+00:00', '--job-id', '104', '--raw', '--subdir', 'DAGS_FOLDER/get_data.py', '--cfg-path', '/tmp/tmp1hygx1ku', '--error-file', '/tmp/tmpmhwzzpf4']
[2023-11-26 17:57:12,132] {standard_task_runner.py:80} INFO - Job 104: Subtask ingest_staging_db
[2023-11-26 17:57:12,325] {task_command.py:369} INFO - Running <TaskInstance: data_covid_etl.ingest_staging_db manual__2023-11-26T17:57:07.249623+00:00 [running]> on host 79a606f4be36
[2023-11-26 17:57:12,601] {taskinstance.py:1571} INFO - Exporting the following env vars:
AIRFLOW_CTX_DAG_OWNER=oce
AIRFLOW_CTX_DAG_ID=data_covid_etl
AIRFLOW_CTX_TASK_ID=ingest_staging_db
AIRFLOW_CTX_EXECUTION_DATE=2023-11-26T17:57:07.249623+00:00
AIRFLOW_CTX_TRY_NUMBER=1
AIRFLOW_CTX_DAG_RUN_ID=manual__2023-11-26T17:57:07.249623+00:00
[2023-11-26 17:57:13,226] {python.py:173} INFO - Done. Returned value was: None
[2023-11-26 17:57:13,240] {taskinstance.py:1400} INFO - Marking task as SUCCESS. dag_id=data_covid_etl, task_id=ingest_staging_db, execution_date=20231126T175707, start_date=20231126T175711, end_date=20231126T175713
[2023-11-26 17:57:13,274] {local_task_job.py:156} INFO - Task exited with return code 0
[2023-11-26 17:57:13,343] {local_task_job.py:273} INFO - 1 downstream tasks scheduled from follow-on schedule check
