[2023-11-27 14:28:26,411] {taskinstance.py:1159} INFO - Dependencies all met for <TaskInstance: final_project_data_covid_etl.create_dim_province manual__2023-11-27T14:23:20.785587+00:00 [queued]>
[2023-11-27 14:28:26,420] {taskinstance.py:1159} INFO - Dependencies all met for <TaskInstance: final_project_data_covid_etl.create_dim_province manual__2023-11-27T14:23:20.785587+00:00 [queued]>
[2023-11-27 14:28:26,420] {taskinstance.py:1356} INFO - 
--------------------------------------------------------------------------------
[2023-11-27 14:28:26,420] {taskinstance.py:1357} INFO - Starting attempt 2 of 3
[2023-11-27 14:28:26,420] {taskinstance.py:1358} INFO - 
--------------------------------------------------------------------------------
[2023-11-27 14:28:26,436] {taskinstance.py:1377} INFO - Executing <Task(PythonOperator): create_dim_province> on 2023-11-27 14:23:20.785587+00:00
[2023-11-27 14:28:26,441] {standard_task_runner.py:52} INFO - Started process 1017 to run task
[2023-11-27 14:28:26,443] {standard_task_runner.py:79} INFO - Running: ['***', 'tasks', 'run', 'final_project_data_covid_etl', 'create_dim_province', 'manual__2023-11-27T14:23:20.785587+00:00', '--job-id', '462', '--raw', '--subdir', 'DAGS_FOLDER/get_data.py', '--cfg-path', '/tmp/tmp4_kdyqud', '--error-file', '/tmp/tmpylw1kay6']
[2023-11-27 14:28:26,444] {standard_task_runner.py:80} INFO - Job 462: Subtask create_dim_province
[2023-11-27 14:28:26,488] {task_command.py:369} INFO - Running <TaskInstance: final_project_data_covid_etl.create_dim_province manual__2023-11-27T14:23:20.785587+00:00 [running]> on host 9bd194bc0dbc
[2023-11-27 14:28:26,564] {taskinstance.py:1571} INFO - Exporting the following env vars:
AIRFLOW_CTX_DAG_OWNER=ricky
AIRFLOW_CTX_DAG_ID=final_project_data_covid_etl
AIRFLOW_CTX_TASK_ID=create_dim_province
AIRFLOW_CTX_EXECUTION_DATE=2023-11-27T14:23:20.785587+00:00
AIRFLOW_CTX_TRY_NUMBER=2
AIRFLOW_CTX_DAG_RUN_ID=manual__2023-11-27T14:23:20.785587+00:00
[2023-11-27 14:28:26,584] {logging_mixin.py:115} INFO - province_id province_name
         32    Jawa Barat
[2023-11-27 14:28:26,660] {python.py:173} INFO - Done. Returned value was: None
[2023-11-27 14:28:26,673] {taskinstance.py:1400} INFO - Marking task as SUCCESS. dag_id=final_project_data_covid_etl, task_id=create_dim_province, execution_date=20231127T142320, start_date=20231127T142826, end_date=20231127T142826
[2023-11-27 14:28:26,696] {local_task_job.py:156} INFO - Task exited with return code 0
[2023-11-27 14:28:26,745] {local_task_job.py:273} INFO - 1 downstream tasks scheduled from follow-on schedule check
