[2023-11-27 07:13:21,427] {taskinstance.py:1159} INFO - Dependencies all met for <TaskInstance: final_project_data_covid_etl.create_dim_province scheduled__2023-11-26T00:00:00+00:00 [queued]>
[2023-11-27 07:13:21,439] {taskinstance.py:1159} INFO - Dependencies all met for <TaskInstance: final_project_data_covid_etl.create_dim_province scheduled__2023-11-26T00:00:00+00:00 [queued]>
[2023-11-27 07:13:21,440] {taskinstance.py:1356} INFO - 
--------------------------------------------------------------------------------
[2023-11-27 07:13:21,440] {taskinstance.py:1357} INFO - Starting attempt 1 of 3
[2023-11-27 07:13:21,440] {taskinstance.py:1358} INFO - 
--------------------------------------------------------------------------------
[2023-11-27 07:13:21,459] {taskinstance.py:1377} INFO - Executing <Task(PythonOperator): create_dim_province> on 2023-11-26 00:00:00+00:00
[2023-11-27 07:13:21,465] {standard_task_runner.py:52} INFO - Started process 210 to run task
[2023-11-27 07:13:21,468] {standard_task_runner.py:79} INFO - Running: ['***', 'tasks', 'run', 'final_project_data_covid_etl', 'create_dim_province', 'scheduled__2023-11-26T00:00:00+00:00', '--job-id', '332', '--raw', '--subdir', 'DAGS_FOLDER/get_data.py', '--cfg-path', '/tmp/tmpsicto52p', '--error-file', '/tmp/tmpl6i34mjv']
[2023-11-27 07:13:21,468] {standard_task_runner.py:80} INFO - Job 332: Subtask create_dim_province
[2023-11-27 07:13:21,545] {task_command.py:369} INFO - Running <TaskInstance: final_project_data_covid_etl.create_dim_province scheduled__2023-11-26T00:00:00+00:00 [running]> on host 671693f20ed3
[2023-11-27 07:13:21,657] {taskinstance.py:1571} INFO - Exporting the following env vars:
AIRFLOW_CTX_DAG_OWNER=ricky
AIRFLOW_CTX_DAG_ID=final_project_data_covid_etl
AIRFLOW_CTX_TASK_ID=create_dim_province
AIRFLOW_CTX_EXECUTION_DATE=2023-11-26T00:00:00+00:00
AIRFLOW_CTX_TRY_NUMBER=1
AIRFLOW_CTX_DAG_RUN_ID=scheduled__2023-11-26T00:00:00+00:00
[2023-11-27 07:13:21,701] {logging_mixin.py:115} INFO - province_id province_name
         32    Jawa Barat
         32    Jawa Barat
         32    Jawa Barat
         32    Jawa Barat
         32    Jawa Barat
         32    Jawa Barat
         32    Jawa Barat
         32    Jawa Barat
         32    Jawa Barat
         32    Jawa Barat
         32    Jawa Barat
         32    Jawa Barat
         32    Jawa Barat
         32    Jawa Barat
         32    Jawa Barat
         32    Jawa Barat
         32    Jawa Barat
         32    Jawa Barat
         32    Jawa Barat
         32    Jawa Barat
         32    Jawa Barat
         32    Jawa Barat
         32    Jawa Barat
         32    Jawa Barat
         32    Jawa Barat
         32    Jawa Barat
         32    Jawa Barat
         32    Jawa Barat
         32    Jawa Barat
         32    Jawa Barat
         32    Jawa Barat
         32    Jawa Barat
         32    Jawa Barat
         32    Jawa Barat
         32    Jawa Barat
         32    Jawa Barat
         32    Jawa Barat
         32    Jawa Barat
         32    Jawa Barat
         32    Jawa Barat
         32    Jawa Barat
         32    Jawa Barat
         32    Jawa Barat
         32    Jawa Barat
         32    Jawa Barat
         32    Jawa Barat
         32    Jawa Barat
         32    Jawa Barat
         32    Jawa Barat
         32    Jawa Barat
         32    Jawa Barat
         32    Jawa Barat
         32    Jawa Barat
         32    Jawa Barat
         32    Jawa Barat
         32    Jawa Barat
         32    Jawa Barat
         32    Jawa Barat
         32    Jawa Barat
         32    Jawa Barat
         32    Jawa Barat
         32    Jawa Barat
         32    Jawa Barat
         32    Jawa Barat
         32    Jawa Barat
         32    Jawa Barat
         32    Jawa Barat
         32    Jawa Barat
         32    Jawa Barat
         32    Jawa Barat
         32    Jawa Barat
         32    Jawa Barat
         32    Jawa Barat
         32    Jawa Barat
         32    Jawa Barat
         32    Jawa Barat
         32    Jawa Barat
         32    Jawa Barat
         32    Jawa Barat
         32    Jawa Barat
         32    Jawa Barat
         32    Jawa Barat
         32    Jawa Barat
         32    Jawa Barat
         32    Jawa Barat
         32    Jawa Barat
         32    Jawa Barat
         32    Jawa Barat
         32    Jawa Barat
         32    Jawa Barat
         32    Jawa Barat
         32    Jawa Barat
         32    Jawa Barat
         32    Jawa Barat
         32    Jawa Barat
         32    Jawa Barat
         32    Jawa Barat
         32    Jawa Barat
         32    Jawa Barat
         32    Jawa Barat
         32    Jawa Barat
         32    Jawa Barat
         32    Jawa Barat
         32    Jawa Barat
         32    Jawa Barat
         32    Jawa Barat
         32    Jawa Barat
         32    Jawa Barat
         32    Jawa Barat
         32    Jawa Barat
         32    Jawa Barat
         32    Jawa Barat
         32    Jawa Barat
         32    Jawa Barat
         32    Jawa Barat
         32    Jawa Barat
         32    Jawa Barat
         32    Jawa Barat
         32    Jawa Barat
         32    Jawa Barat
         32    Jawa Barat
         32    Jawa Barat
         32    Jawa Barat
         32    Jawa Barat
         32    Jawa Barat
         32    Jawa Barat
         32    Jawa Barat
         32    Jawa Barat
         32    Jawa Barat
         32    Jawa Barat
         32    Jawa Barat
         32    Jawa Barat
         32    Jawa Barat
         32    Jawa Barat
         32    Jawa Barat
         32    Jawa Barat
         32    Jawa Barat
         32    Jawa Barat
         32    Jawa Barat
         32    Jawa Barat
         32    Jawa Barat
         32    Jawa Barat
         32    Jawa Barat
         32    Jawa Barat
         32    Jawa Barat
[2023-11-27 07:13:21,772] {python.py:173} INFO - Done. Returned value was: None
[2023-11-27 07:13:21,785] {taskinstance.py:1400} INFO - Marking task as SUCCESS. dag_id=final_project_data_covid_etl, task_id=create_dim_province, execution_date=20231126T000000, start_date=20231127T071321, end_date=20231127T071321
[2023-11-27 07:13:21,812] {local_task_job.py:156} INFO - Task exited with return code 0
[2023-11-27 07:13:21,863] {local_task_job.py:273} INFO - 1 downstream tasks scheduled from follow-on schedule check
[2023-11-27 07:19:57,513] {taskinstance.py:1159} INFO - Dependencies all met for <TaskInstance: final_project_data_covid_etl.create_dim_province scheduled__2023-11-26T00:00:00+00:00 [queued]>
[2023-11-27 07:19:57,522] {taskinstance.py:1159} INFO - Dependencies all met for <TaskInstance: final_project_data_covid_etl.create_dim_province scheduled__2023-11-26T00:00:00+00:00 [queued]>
[2023-11-27 07:19:57,523] {taskinstance.py:1356} INFO - 
--------------------------------------------------------------------------------
[2023-11-27 07:19:57,523] {taskinstance.py:1357} INFO - Starting attempt 1 of 3
[2023-11-27 07:19:57,523] {taskinstance.py:1358} INFO - 
--------------------------------------------------------------------------------
[2023-11-27 07:19:57,541] {taskinstance.py:1377} INFO - Executing <Task(PythonOperator): create_dim_province> on 2023-11-26 00:00:00+00:00
[2023-11-27 07:19:57,545] {standard_task_runner.py:52} INFO - Started process 367 to run task
[2023-11-27 07:19:57,548] {standard_task_runner.py:79} INFO - Running: ['***', 'tasks', 'run', 'final_project_data_covid_etl', 'create_dim_province', 'scheduled__2023-11-26T00:00:00+00:00', '--job-id', '352', '--raw', '--subdir', 'DAGS_FOLDER/get_data.py', '--cfg-path', '/tmp/tmp6eo10jpt', '--error-file', '/tmp/tmpax0e481v']
[2023-11-27 07:19:57,548] {standard_task_runner.py:80} INFO - Job 352: Subtask create_dim_province
[2023-11-27 07:19:57,596] {task_command.py:369} INFO - Running <TaskInstance: final_project_data_covid_etl.create_dim_province scheduled__2023-11-26T00:00:00+00:00 [running]> on host 671693f20ed3
[2023-11-27 07:19:57,669] {taskinstance.py:1571} INFO - Exporting the following env vars:
AIRFLOW_CTX_DAG_OWNER=ricky
AIRFLOW_CTX_DAG_ID=final_project_data_covid_etl
AIRFLOW_CTX_TASK_ID=create_dim_province
AIRFLOW_CTX_EXECUTION_DATE=2023-11-26T00:00:00+00:00
AIRFLOW_CTX_TRY_NUMBER=1
AIRFLOW_CTX_DAG_RUN_ID=scheduled__2023-11-26T00:00:00+00:00
[2023-11-27 07:19:57,700] {logging_mixin.py:115} INFO - province_id province_name
         32    Jawa Barat
[2023-11-27 07:19:57,754] {python.py:173} INFO - Done. Returned value was: None
[2023-11-27 07:19:57,765] {taskinstance.py:1400} INFO - Marking task as SUCCESS. dag_id=final_project_data_covid_etl, task_id=create_dim_province, execution_date=20231126T000000, start_date=20231127T071957, end_date=20231127T071957
[2023-11-27 07:19:57,800] {local_task_job.py:156} INFO - Task exited with return code 0
[2023-11-27 07:19:57,844] {local_task_job.py:273} INFO - 1 downstream tasks scheduled from follow-on schedule check
[2023-11-27 09:18:55,190] {taskinstance.py:1159} INFO - Dependencies all met for <TaskInstance: final_project_data_covid_etl.create_dim_province scheduled__2023-11-26T00:00:00+00:00 [queued]>
[2023-11-27 09:18:55,204] {taskinstance.py:1159} INFO - Dependencies all met for <TaskInstance: final_project_data_covid_etl.create_dim_province scheduled__2023-11-26T00:00:00+00:00 [queued]>
[2023-11-27 09:18:55,204] {taskinstance.py:1356} INFO - 
--------------------------------------------------------------------------------
[2023-11-27 09:18:55,204] {taskinstance.py:1357} INFO - Starting attempt 1 of 3
[2023-11-27 09:18:55,204] {taskinstance.py:1358} INFO - 
--------------------------------------------------------------------------------
[2023-11-27 09:18:55,221] {taskinstance.py:1377} INFO - Executing <Task(PythonOperator): create_dim_province> on 2023-11-26 00:00:00+00:00
[2023-11-27 09:18:55,228] {standard_task_runner.py:52} INFO - Started process 391 to run task
[2023-11-27 09:18:55,233] {standard_task_runner.py:79} INFO - Running: ['***', 'tasks', 'run', 'final_project_data_covid_etl', 'create_dim_province', 'scheduled__2023-11-26T00:00:00+00:00', '--job-id', '369', '--raw', '--subdir', 'DAGS_FOLDER/get_data.py', '--cfg-path', '/tmp/tmp2pdx2hwx', '--error-file', '/tmp/tmpck9ndvhq']
[2023-11-27 09:18:55,234] {standard_task_runner.py:80} INFO - Job 369: Subtask create_dim_province
[2023-11-27 09:18:55,337] {task_command.py:369} INFO - Running <TaskInstance: final_project_data_covid_etl.create_dim_province scheduled__2023-11-26T00:00:00+00:00 [running]> on host f38c0c12695c
[2023-11-27 09:18:55,436] {taskinstance.py:1571} INFO - Exporting the following env vars:
AIRFLOW_CTX_DAG_OWNER=ricky
AIRFLOW_CTX_DAG_ID=final_project_data_covid_etl
AIRFLOW_CTX_TASK_ID=create_dim_province
AIRFLOW_CTX_EXECUTION_DATE=2023-11-26T00:00:00+00:00
AIRFLOW_CTX_TRY_NUMBER=1
AIRFLOW_CTX_DAG_RUN_ID=scheduled__2023-11-26T00:00:00+00:00
[2023-11-27 09:18:55,465] {logging_mixin.py:115} INFO - province_id province_name
         32    Jawa Barat
[2023-11-27 09:18:55,519] {python.py:173} INFO - Done. Returned value was: None
[2023-11-27 09:18:55,532] {taskinstance.py:1400} INFO - Marking task as SUCCESS. dag_id=final_project_data_covid_etl, task_id=create_dim_province, execution_date=20231126T000000, start_date=20231127T091855, end_date=20231127T091855
[2023-11-27 09:18:55,564] {local_task_job.py:156} INFO - Task exited with return code 0
[2023-11-27 09:18:55,614] {local_task_job.py:273} INFO - 1 downstream tasks scheduled from follow-on schedule check
[2023-11-27 09:27:25,221] {taskinstance.py:1159} INFO - Dependencies all met for <TaskInstance: final_project_data_covid_etl.create_dim_province scheduled__2023-11-26T00:00:00+00:00 [queued]>
[2023-11-27 09:27:25,231] {taskinstance.py:1159} INFO - Dependencies all met for <TaskInstance: final_project_data_covid_etl.create_dim_province scheduled__2023-11-26T00:00:00+00:00 [queued]>
[2023-11-27 09:27:25,231] {taskinstance.py:1356} INFO - 
--------------------------------------------------------------------------------
[2023-11-27 09:27:25,231] {taskinstance.py:1357} INFO - Starting attempt 1 of 3
[2023-11-27 09:27:25,231] {taskinstance.py:1358} INFO - 
--------------------------------------------------------------------------------
[2023-11-27 09:27:25,247] {taskinstance.py:1377} INFO - Executing <Task(PythonOperator): create_dim_province> on 2023-11-26 00:00:00+00:00
[2023-11-27 09:27:25,252] {standard_task_runner.py:52} INFO - Started process 660 to run task
[2023-11-27 09:27:25,255] {standard_task_runner.py:79} INFO - Running: ['***', 'tasks', 'run', 'final_project_data_covid_etl', 'create_dim_province', 'scheduled__2023-11-26T00:00:00+00:00', '--job-id', '386', '--raw', '--subdir', 'DAGS_FOLDER/get_data.py', '--cfg-path', '/tmp/tmp_7ht_qwg', '--error-file', '/tmp/tmppfkxdebq']
[2023-11-27 09:27:25,256] {standard_task_runner.py:80} INFO - Job 386: Subtask create_dim_province
[2023-11-27 09:27:25,303] {task_command.py:369} INFO - Running <TaskInstance: final_project_data_covid_etl.create_dim_province scheduled__2023-11-26T00:00:00+00:00 [running]> on host f38c0c12695c
[2023-11-27 09:27:25,378] {taskinstance.py:1571} INFO - Exporting the following env vars:
AIRFLOW_CTX_DAG_OWNER=ricky
AIRFLOW_CTX_DAG_ID=final_project_data_covid_etl
AIRFLOW_CTX_TASK_ID=create_dim_province
AIRFLOW_CTX_EXECUTION_DATE=2023-11-26T00:00:00+00:00
AIRFLOW_CTX_TRY_NUMBER=1
AIRFLOW_CTX_DAG_RUN_ID=scheduled__2023-11-26T00:00:00+00:00
[2023-11-27 09:27:25,400] {logging_mixin.py:115} INFO - province_id province_name
         32    Jawa Barat
[2023-11-27 09:27:25,460] {python.py:173} INFO - Done. Returned value was: None
[2023-11-27 09:27:25,476] {taskinstance.py:1400} INFO - Marking task as SUCCESS. dag_id=final_project_data_covid_etl, task_id=create_dim_province, execution_date=20231126T000000, start_date=20231127T092725, end_date=20231127T092725
[2023-11-27 09:27:25,507] {local_task_job.py:156} INFO - Task exited with return code 0
[2023-11-27 09:27:25,566] {local_task_job.py:273} INFO - 1 downstream tasks scheduled from follow-on schedule check
[2023-11-27 14:12:31,661] {taskinstance.py:1159} INFO - Dependencies all met for <TaskInstance: final_project_data_covid_etl.create_dim_province scheduled__2023-11-26T00:00:00+00:00 [queued]>
[2023-11-27 14:12:31,669] {taskinstance.py:1159} INFO - Dependencies all met for <TaskInstance: final_project_data_covid_etl.create_dim_province scheduled__2023-11-26T00:00:00+00:00 [queued]>
[2023-11-27 14:12:31,670] {taskinstance.py:1356} INFO - 
--------------------------------------------------------------------------------
[2023-11-27 14:12:31,670] {taskinstance.py:1357} INFO - Starting attempt 1 of 3
[2023-11-27 14:12:31,670] {taskinstance.py:1358} INFO - 
--------------------------------------------------------------------------------
[2023-11-27 14:12:31,684] {taskinstance.py:1377} INFO - Executing <Task(PythonOperator): create_dim_province> on 2023-11-26 00:00:00+00:00
[2023-11-27 14:12:31,689] {standard_task_runner.py:52} INFO - Started process 541 to run task
[2023-11-27 14:12:31,692] {standard_task_runner.py:79} INFO - Running: ['***', 'tasks', 'run', 'final_project_data_covid_etl', 'create_dim_province', 'scheduled__2023-11-26T00:00:00+00:00', '--job-id', '438', '--raw', '--subdir', 'DAGS_FOLDER/get_data.py', '--cfg-path', '/tmp/tmpy_icn8rt', '--error-file', '/tmp/tmpfwhfedli']
[2023-11-27 14:12:31,693] {standard_task_runner.py:80} INFO - Job 438: Subtask create_dim_province
[2023-11-27 14:12:31,739] {task_command.py:369} INFO - Running <TaskInstance: final_project_data_covid_etl.create_dim_province scheduled__2023-11-26T00:00:00+00:00 [running]> on host 9bd194bc0dbc
[2023-11-27 14:12:31,811] {taskinstance.py:1571} INFO - Exporting the following env vars:
AIRFLOW_CTX_DAG_OWNER=ricky
AIRFLOW_CTX_DAG_ID=final_project_data_covid_etl
AIRFLOW_CTX_TASK_ID=create_dim_province
AIRFLOW_CTX_EXECUTION_DATE=2023-11-26T00:00:00+00:00
AIRFLOW_CTX_TRY_NUMBER=1
AIRFLOW_CTX_DAG_RUN_ID=scheduled__2023-11-26T00:00:00+00:00
[2023-11-27 14:12:31,833] {logging_mixin.py:115} INFO - province_id province_name
         32    Jawa Barat
[2023-11-27 14:12:31,880] {python.py:173} INFO - Done. Returned value was: None
[2023-11-27 14:12:31,891] {taskinstance.py:1400} INFO - Marking task as SUCCESS. dag_id=final_project_data_covid_etl, task_id=create_dim_province, execution_date=20231126T000000, start_date=20231127T141231, end_date=20231127T141231
[2023-11-27 14:12:31,945] {local_task_job.py:156} INFO - Task exited with return code 0
[2023-11-27 14:12:31,991] {local_task_job.py:273} INFO - 1 downstream tasks scheduled from follow-on schedule check
[2023-11-27 14:23:24,794] {taskinstance.py:1159} INFO - Dependencies all met for <TaskInstance: final_project_data_covid_etl.create_dim_province scheduled__2023-11-26T00:00:00+00:00 [queued]>
[2023-11-27 14:23:24,804] {taskinstance.py:1159} INFO - Dependencies all met for <TaskInstance: final_project_data_covid_etl.create_dim_province scheduled__2023-11-26T00:00:00+00:00 [queued]>
[2023-11-27 14:23:24,804] {taskinstance.py:1356} INFO - 
--------------------------------------------------------------------------------
[2023-11-27 14:23:24,804] {taskinstance.py:1357} INFO - Starting attempt 1 of 3
[2023-11-27 14:23:24,804] {taskinstance.py:1358} INFO - 
--------------------------------------------------------------------------------
[2023-11-27 14:23:24,818] {taskinstance.py:1377} INFO - Executing <Task(PythonOperator): create_dim_province> on 2023-11-26 00:00:00+00:00
[2023-11-27 14:23:24,824] {standard_task_runner.py:52} INFO - Started process 884 to run task
[2023-11-27 14:23:24,826] {standard_task_runner.py:79} INFO - Running: ['***', 'tasks', 'run', 'final_project_data_covid_etl', 'create_dim_province', 'scheduled__2023-11-26T00:00:00+00:00', '--job-id', '457', '--raw', '--subdir', 'DAGS_FOLDER/get_data.py', '--cfg-path', '/tmp/tmpbi7imi0w', '--error-file', '/tmp/tmp69nwph_m']
[2023-11-27 14:23:24,827] {standard_task_runner.py:80} INFO - Job 457: Subtask create_dim_province
[2023-11-27 14:23:24,874] {task_command.py:369} INFO - Running <TaskInstance: final_project_data_covid_etl.create_dim_province scheduled__2023-11-26T00:00:00+00:00 [running]> on host 9bd194bc0dbc
[2023-11-27 14:23:24,957] {taskinstance.py:1571} INFO - Exporting the following env vars:
AIRFLOW_CTX_DAG_OWNER=ricky
AIRFLOW_CTX_DAG_ID=final_project_data_covid_etl
AIRFLOW_CTX_TASK_ID=create_dim_province
AIRFLOW_CTX_EXECUTION_DATE=2023-11-26T00:00:00+00:00
AIRFLOW_CTX_TRY_NUMBER=1
AIRFLOW_CTX_DAG_RUN_ID=scheduled__2023-11-26T00:00:00+00:00
[2023-11-27 14:23:24,985] {logging_mixin.py:115} INFO - province_id province_name
         32    Jawa Barat
[2023-11-27 14:23:25,043] {python.py:173} INFO - Done. Returned value was: None
[2023-11-27 14:23:25,057] {taskinstance.py:1400} INFO - Marking task as SUCCESS. dag_id=final_project_data_covid_etl, task_id=create_dim_province, execution_date=20231126T000000, start_date=20231127T142324, end_date=20231127T142325
[2023-11-27 14:23:25,078] {local_task_job.py:156} INFO - Task exited with return code 0
[2023-11-27 14:23:25,119] {local_task_job.py:273} INFO - 1 downstream tasks scheduled from follow-on schedule check
