[2023-11-27 07:15:00,287] {taskinstance.py:1159} INFO - Dependencies all met for <TaskInstance: final_project_data_covid_etl.create_fact_province_daily manual__2023-11-27T07:14:51.994345+00:00 [queued]>
[2023-11-27 07:15:00,297] {taskinstance.py:1159} INFO - Dependencies all met for <TaskInstance: final_project_data_covid_etl.create_fact_province_daily manual__2023-11-27T07:14:51.994345+00:00 [queued]>
[2023-11-27 07:15:00,297] {taskinstance.py:1356} INFO - 
--------------------------------------------------------------------------------
[2023-11-27 07:15:00,297] {taskinstance.py:1357} INFO - Starting attempt 1 of 3
[2023-11-27 07:15:00,297] {taskinstance.py:1358} INFO - 
--------------------------------------------------------------------------------
[2023-11-27 07:15:00,319] {taskinstance.py:1377} INFO - Executing <Task(PythonOperator): create_fact_province_daily> on 2023-11-27 07:14:51.994345+00:00
[2023-11-27 07:15:00,324] {standard_task_runner.py:52} INFO - Started process 235 to run task
[2023-11-27 07:15:00,326] {standard_task_runner.py:79} INFO - Running: ['***', 'tasks', 'run', 'final_project_data_covid_etl', 'create_fact_province_daily', 'manual__2023-11-27T07:14:51.994345+00:00', '--job-id', '350', '--raw', '--subdir', 'DAGS_FOLDER/get_data.py', '--cfg-path', '/tmp/tmpk6xrb40n', '--error-file', '/tmp/tmpve_30auf']
[2023-11-27 07:15:00,326] {standard_task_runner.py:80} INFO - Job 350: Subtask create_fact_province_daily
[2023-11-27 07:15:00,371] {task_command.py:369} INFO - Running <TaskInstance: final_project_data_covid_etl.create_fact_province_daily manual__2023-11-27T07:14:51.994345+00:00 [running]> on host 671693f20ed3
[2023-11-27 07:15:00,446] {taskinstance.py:1571} INFO - Exporting the following env vars:
AIRFLOW_CTX_DAG_OWNER=ricky
AIRFLOW_CTX_DAG_ID=final_project_data_covid_etl
AIRFLOW_CTX_TASK_ID=create_fact_province_daily
AIRFLOW_CTX_EXECUTION_DATE=2023-11-27T07:14:51.994345+00:00
AIRFLOW_CTX_TRY_NUMBER=1
AIRFLOW_CTX_DAG_RUN_ID=manual__2023-11-27T07:14:51.994345+00:00
[2023-11-27 07:15:00,446] {python.py:173} INFO - Done. Returned value was: None
[2023-11-27 07:15:00,457] {taskinstance.py:1400} INFO - Marking task as SUCCESS. dag_id=final_project_data_covid_etl, task_id=create_fact_province_daily, execution_date=20231127T071451, start_date=20231127T071500, end_date=20231127T071500
[2023-11-27 07:15:00,498] {local_task_job.py:156} INFO - Task exited with return code 0
[2023-11-27 07:15:00,527] {local_task_job.py:273} INFO - 0 downstream tasks scheduled from follow-on schedule check
