[2023-11-27 14:12:29,366] {taskinstance.py:1159} INFO - Dependencies all met for <TaskInstance: final_project_data_covid_etl.insert_data_staging manual__2023-11-27T14:12:26.943848+00:00 [queued]>
[2023-11-27 14:12:29,375] {taskinstance.py:1159} INFO - Dependencies all met for <TaskInstance: final_project_data_covid_etl.insert_data_staging manual__2023-11-27T14:12:26.943848+00:00 [queued]>
[2023-11-27 14:12:29,375] {taskinstance.py:1356} INFO - 
--------------------------------------------------------------------------------
[2023-11-27 14:12:29,375] {taskinstance.py:1357} INFO - Starting attempt 1 of 3
[2023-11-27 14:12:29,376] {taskinstance.py:1358} INFO - 
--------------------------------------------------------------------------------
[2023-11-27 14:12:29,390] {taskinstance.py:1377} INFO - Executing <Task(PythonOperator): insert_data_staging> on 2023-11-27 14:12:26.943848+00:00
[2023-11-27 14:12:29,395] {standard_task_runner.py:52} INFO - Started process 534 to run task
[2023-11-27 14:12:29,398] {standard_task_runner.py:79} INFO - Running: ['***', 'tasks', 'run', 'final_project_data_covid_etl', 'insert_data_staging', 'manual__2023-11-27T14:12:26.943848+00:00', '--job-id', '435', '--raw', '--subdir', 'DAGS_FOLDER/get_data.py', '--cfg-path', '/tmp/tmpq1_7sf0p', '--error-file', '/tmp/tmpatvk0lf0']
[2023-11-27 14:12:29,399] {standard_task_runner.py:80} INFO - Job 435: Subtask insert_data_staging
[2023-11-27 14:12:29,469] {task_command.py:369} INFO - Running <TaskInstance: final_project_data_covid_etl.insert_data_staging manual__2023-11-27T14:12:26.943848+00:00 [running]> on host 9bd194bc0dbc
[2023-11-27 14:12:29,541] {taskinstance.py:1571} INFO - Exporting the following env vars:
AIRFLOW_CTX_DAG_OWNER=ricky
AIRFLOW_CTX_DAG_ID=final_project_data_covid_etl
AIRFLOW_CTX_TASK_ID=insert_data_staging
AIRFLOW_CTX_EXECUTION_DATE=2023-11-27T14:12:26.943848+00:00
AIRFLOW_CTX_TRY_NUMBER=1
AIRFLOW_CTX_DAG_RUN_ID=manual__2023-11-27T14:12:26.943848+00:00
[2023-11-27 14:12:30,497] {python.py:173} INFO - Done. Returned value was: None
[2023-11-27 14:12:30,538] {taskinstance.py:1400} INFO - Marking task as SUCCESS. dag_id=final_project_data_covid_etl, task_id=insert_data_staging, execution_date=20231127T141226, start_date=20231127T141229, end_date=20231127T141230
[2023-11-27 14:12:30,578] {local_task_job.py:156} INFO - Task exited with return code 0
[2023-11-27 14:12:30,638] {local_task_job.py:273} INFO - 1 downstream tasks scheduled from follow-on schedule check
