[2023-11-26 15:39:37,058] {taskinstance.py:1159} INFO - Dependencies all met for <TaskInstance: data_covid_etl.create_fact_province_daily scheduled__2023-11-21T00:00:00+00:00 [queued]>
[2023-11-26 15:39:37,114] {taskinstance.py:1159} INFO - Dependencies all met for <TaskInstance: data_covid_etl.create_fact_province_daily scheduled__2023-11-21T00:00:00+00:00 [queued]>
[2023-11-26 15:39:37,114] {taskinstance.py:1356} INFO - 
--------------------------------------------------------------------------------
[2023-11-26 15:39:37,114] {taskinstance.py:1357} INFO - Starting attempt 1 of 6
[2023-11-26 15:39:37,114] {taskinstance.py:1358} INFO - 
--------------------------------------------------------------------------------
[2023-11-26 15:39:37,173] {taskinstance.py:1377} INFO - Executing <Task(PythonOperator): create_fact_province_daily> on 2023-11-21 00:00:00+00:00
[2023-11-26 15:39:37,187] {standard_task_runner.py:52} INFO - Started process 2538 to run task
[2023-11-26 15:39:37,199] {standard_task_runner.py:79} INFO - Running: ['***', 'tasks', 'run', 'data_covid_etl', 'create_fact_province_daily', 'scheduled__2023-11-21T00:00:00+00:00', '--job-id', '51', '--raw', '--subdir', 'DAGS_FOLDER/get_data.py', '--cfg-path', '/tmp/tmpg_moy5d4', '--error-file', '/tmp/tmp19h2rgaf']
[2023-11-26 15:39:37,213] {standard_task_runner.py:80} INFO - Job 51: Subtask create_fact_province_daily
[2023-11-26 15:39:37,460] {task_command.py:369} INFO - Running <TaskInstance: data_covid_etl.create_fact_province_daily scheduled__2023-11-21T00:00:00+00:00 [running]> on host f384f2afcc4f
[2023-11-26 15:39:37,662] {taskinstance.py:1571} INFO - Exporting the following env vars:
AIRFLOW_CTX_DAG_OWNER=oce
AIRFLOW_CTX_DAG_ID=data_covid_etl
AIRFLOW_CTX_TASK_ID=create_fact_province_daily
AIRFLOW_CTX_EXECUTION_DATE=2023-11-21T00:00:00+00:00
AIRFLOW_CTX_TRY_NUMBER=1
AIRFLOW_CTX_DAG_RUN_ID=scheduled__2023-11-21T00:00:00+00:00
[2023-11-26 15:39:37,662] {python.py:173} INFO - Done. Returned value was: None
[2023-11-26 15:39:37,690] {taskinstance.py:1400} INFO - Marking task as SUCCESS. dag_id=data_covid_etl, task_id=create_fact_province_daily, execution_date=20231121T000000, start_date=20231126T153937, end_date=20231126T153937
[2023-11-26 15:39:37,754] {local_task_job.py:156} INFO - Task exited with return code 0
[2023-11-26 15:39:37,885] {local_task_job.py:273} INFO - 0 downstream tasks scheduled from follow-on schedule check
[2023-11-26 17:57:09,472] {taskinstance.py:1153} INFO - Dependencies not met for <TaskInstance: data_covid_etl.create_fact_province_daily scheduled__2023-11-21T00:00:00+00:00 [queued]>, dependency 'Trigger Rule' FAILED: Task's trigger rule 'all_success' requires all upstream tasks to have succeeded, but found 1 non-success(es). upstream_tasks_state={'total': 1, 'successes': 0, 'skipped': 0, 'failed': 0, 'upstream_failed': 0, 'done': 0}, upstream_task_ids={'create_fact_district_daily'}
[2023-11-26 17:57:09,484] {local_task_job.py:101} INFO - Task is not able to be run
[2023-11-26 18:06:14,245] {taskinstance.py:1159} INFO - Dependencies all met for <TaskInstance: data_covid_etl.create_fact_province_daily scheduled__2023-11-21T00:00:00+00:00 [queued]>
[2023-11-26 18:06:14,255] {taskinstance.py:1159} INFO - Dependencies all met for <TaskInstance: data_covid_etl.create_fact_province_daily scheduled__2023-11-21T00:00:00+00:00 [queued]>
[2023-11-26 18:06:14,255] {taskinstance.py:1356} INFO - 
--------------------------------------------------------------------------------
[2023-11-26 18:06:14,255] {taskinstance.py:1357} INFO - Starting attempt 1 of 3
[2023-11-26 18:06:14,256] {taskinstance.py:1358} INFO - 
--------------------------------------------------------------------------------
[2023-11-26 18:06:14,271] {taskinstance.py:1377} INFO - Executing <Task(PythonOperator): create_fact_province_daily> on 2023-11-21 00:00:00+00:00
[2023-11-26 18:06:14,276] {standard_task_runner.py:52} INFO - Started process 1218 to run task
[2023-11-26 18:06:14,279] {standard_task_runner.py:79} INFO - Running: ['***', 'tasks', 'run', 'data_covid_etl', 'create_fact_province_daily', 'scheduled__2023-11-21T00:00:00+00:00', '--job-id', '209', '--raw', '--subdir', 'DAGS_FOLDER/get_data.py', '--cfg-path', '/tmp/tmprmn1hdqw', '--error-file', '/tmp/tmppuaskkms']
[2023-11-26 18:06:14,279] {standard_task_runner.py:80} INFO - Job 209: Subtask create_fact_province_daily
[2023-11-26 18:06:14,326] {task_command.py:369} INFO - Running <TaskInstance: data_covid_etl.create_fact_province_daily scheduled__2023-11-21T00:00:00+00:00 [running]> on host 79a606f4be36
[2023-11-26 18:06:14,399] {taskinstance.py:1571} INFO - Exporting the following env vars:
AIRFLOW_CTX_DAG_OWNER=oce
AIRFLOW_CTX_DAG_ID=data_covid_etl
AIRFLOW_CTX_TASK_ID=create_fact_province_daily
AIRFLOW_CTX_EXECUTION_DATE=2023-11-21T00:00:00+00:00
AIRFLOW_CTX_TRY_NUMBER=1
AIRFLOW_CTX_DAG_RUN_ID=scheduled__2023-11-21T00:00:00+00:00
[2023-11-26 18:06:14,400] {python.py:173} INFO - Done. Returned value was: None
[2023-11-26 18:06:14,412] {taskinstance.py:1400} INFO - Marking task as SUCCESS. dag_id=data_covid_etl, task_id=create_fact_province_daily, execution_date=20231121T000000, start_date=20231126T180614, end_date=20231126T180614
[2023-11-26 18:06:14,451] {local_task_job.py:156} INFO - Task exited with return code 0
[2023-11-26 18:06:14,493] {local_task_job.py:273} INFO - 0 downstream tasks scheduled from follow-on schedule check
[2023-11-26 18:13:55,432] {taskinstance.py:1159} INFO - Dependencies all met for <TaskInstance: data_covid_etl.create_fact_province_daily scheduled__2023-11-21T00:00:00+00:00 [queued]>
[2023-11-26 18:13:55,443] {taskinstance.py:1159} INFO - Dependencies all met for <TaskInstance: data_covid_etl.create_fact_province_daily scheduled__2023-11-21T00:00:00+00:00 [queued]>
[2023-11-26 18:13:55,443] {taskinstance.py:1356} INFO - 
--------------------------------------------------------------------------------
[2023-11-26 18:13:55,443] {taskinstance.py:1357} INFO - Starting attempt 1 of 3
[2023-11-26 18:13:55,443] {taskinstance.py:1358} INFO - 
--------------------------------------------------------------------------------
[2023-11-26 18:13:55,459] {taskinstance.py:1377} INFO - Executing <Task(PythonOperator): create_fact_province_daily> on 2023-11-21 00:00:00+00:00
[2023-11-26 18:13:55,464] {standard_task_runner.py:52} INFO - Started process 1547 to run task
[2023-11-26 18:13:55,468] {standard_task_runner.py:79} INFO - Running: ['***', 'tasks', 'run', 'data_covid_etl', 'create_fact_province_daily', 'scheduled__2023-11-21T00:00:00+00:00', '--job-id', '250', '--raw', '--subdir', 'DAGS_FOLDER/get_data.py', '--cfg-path', '/tmp/tmpu0z5meje', '--error-file', '/tmp/tmphpvaes1b']
[2023-11-26 18:13:55,469] {standard_task_runner.py:80} INFO - Job 250: Subtask create_fact_province_daily
[2023-11-26 18:13:55,529] {task_command.py:369} INFO - Running <TaskInstance: data_covid_etl.create_fact_province_daily scheduled__2023-11-21T00:00:00+00:00 [running]> on host 79a606f4be36
[2023-11-26 18:13:55,621] {taskinstance.py:1571} INFO - Exporting the following env vars:
AIRFLOW_CTX_DAG_OWNER=oce
AIRFLOW_CTX_DAG_ID=data_covid_etl
AIRFLOW_CTX_TASK_ID=create_fact_province_daily
AIRFLOW_CTX_EXECUTION_DATE=2023-11-21T00:00:00+00:00
AIRFLOW_CTX_TRY_NUMBER=1
AIRFLOW_CTX_DAG_RUN_ID=scheduled__2023-11-21T00:00:00+00:00
[2023-11-26 18:13:55,622] {python.py:173} INFO - Done. Returned value was: None
[2023-11-26 18:13:55,632] {taskinstance.py:1400} INFO - Marking task as SUCCESS. dag_id=data_covid_etl, task_id=create_fact_province_daily, execution_date=20231121T000000, start_date=20231126T181355, end_date=20231126T181355
[2023-11-26 18:13:55,682] {local_task_job.py:156} INFO - Task exited with return code 0
[2023-11-26 18:13:55,717] {local_task_job.py:273} INFO - 0 downstream tasks scheduled from follow-on schedule check
[2023-11-26 18:15:31,693] {taskinstance.py:1159} INFO - Dependencies all met for <TaskInstance: data_covid_etl.create_fact_province_daily scheduled__2023-11-21T00:00:00+00:00 [queued]>
[2023-11-26 18:15:31,704] {taskinstance.py:1159} INFO - Dependencies all met for <TaskInstance: data_covid_etl.create_fact_province_daily scheduled__2023-11-21T00:00:00+00:00 [queued]>
[2023-11-26 18:15:31,704] {taskinstance.py:1356} INFO - 
--------------------------------------------------------------------------------
[2023-11-26 18:15:31,704] {taskinstance.py:1357} INFO - Starting attempt 1 of 3
[2023-11-26 18:15:31,704] {taskinstance.py:1358} INFO - 
--------------------------------------------------------------------------------
[2023-11-26 18:15:31,719] {taskinstance.py:1377} INFO - Executing <Task(PythonOperator): create_fact_province_daily> on 2023-11-21 00:00:00+00:00
[2023-11-26 18:15:31,724] {standard_task_runner.py:52} INFO - Started process 1652 to run task
[2023-11-26 18:15:31,727] {standard_task_runner.py:79} INFO - Running: ['***', 'tasks', 'run', 'data_covid_etl', 'create_fact_province_daily', 'scheduled__2023-11-21T00:00:00+00:00', '--job-id', '271', '--raw', '--subdir', 'DAGS_FOLDER/get_data.py', '--cfg-path', '/tmp/tmp311jyr46', '--error-file', '/tmp/tmp1zk690ua']
[2023-11-26 18:15:31,728] {standard_task_runner.py:80} INFO - Job 271: Subtask create_fact_province_daily
[2023-11-26 18:15:31,779] {task_command.py:369} INFO - Running <TaskInstance: data_covid_etl.create_fact_province_daily scheduled__2023-11-21T00:00:00+00:00 [running]> on host 79a606f4be36
[2023-11-26 18:15:31,843] {taskinstance.py:1571} INFO - Exporting the following env vars:
AIRFLOW_CTX_DAG_OWNER=oce
AIRFLOW_CTX_DAG_ID=data_covid_etl
AIRFLOW_CTX_TASK_ID=create_fact_province_daily
AIRFLOW_CTX_EXECUTION_DATE=2023-11-21T00:00:00+00:00
AIRFLOW_CTX_TRY_NUMBER=1
AIRFLOW_CTX_DAG_RUN_ID=scheduled__2023-11-21T00:00:00+00:00
[2023-11-26 18:15:31,843] {python.py:173} INFO - Done. Returned value was: None
[2023-11-26 18:15:31,857] {taskinstance.py:1400} INFO - Marking task as SUCCESS. dag_id=data_covid_etl, task_id=create_fact_province_daily, execution_date=20231121T000000, start_date=20231126T181531, end_date=20231126T181531
[2023-11-26 18:15:31,898] {local_task_job.py:156} INFO - Task exited with return code 0
[2023-11-26 18:15:31,926] {local_task_job.py:273} INFO - 0 downstream tasks scheduled from follow-on schedule check
