[2023-11-26 17:53:36,290] {taskinstance.py:1159} INFO - Dependencies all met for <TaskInstance: data_covid_etl.create_dim_district manual__2023-11-26T17:53:35.308758+00:00 [queued]>
[2023-11-26 17:53:36,299] {taskinstance.py:1159} INFO - Dependencies all met for <TaskInstance: data_covid_etl.create_dim_district manual__2023-11-26T17:53:35.308758+00:00 [queued]>
[2023-11-26 17:53:36,299] {taskinstance.py:1356} INFO - 
--------------------------------------------------------------------------------
[2023-11-26 17:53:36,299] {taskinstance.py:1357} INFO - Starting attempt 1 of 6
[2023-11-26 17:53:36,299] {taskinstance.py:1358} INFO - 
--------------------------------------------------------------------------------
[2023-11-26 17:53:36,319] {taskinstance.py:1377} INFO - Executing <Task(PythonOperator): create_dim_district> on 2023-11-26 17:53:35.308758+00:00
[2023-11-26 17:53:36,324] {standard_task_runner.py:52} INFO - Started process 526 to run task
[2023-11-26 17:53:36,328] {standard_task_runner.py:79} INFO - Running: ['***', 'tasks', 'run', 'data_covid_etl', 'create_dim_district', 'manual__2023-11-26T17:53:35.308758+00:00', '--job-id', '85', '--raw', '--subdir', 'DAGS_FOLDER/get_data.py', '--cfg-path', '/tmp/tmp9y7h_1yu', '--error-file', '/tmp/tmpv_ur0zv6']
[2023-11-26 17:53:36,329] {standard_task_runner.py:80} INFO - Job 85: Subtask create_dim_district
[2023-11-26 17:53:36,410] {task_command.py:369} INFO - Running <TaskInstance: data_covid_etl.create_dim_district manual__2023-11-26T17:53:35.308758+00:00 [running]> on host 79a606f4be36
[2023-11-26 17:53:36,522] {taskinstance.py:1571} INFO - Exporting the following env vars:
AIRFLOW_CTX_DAG_OWNER=oce
AIRFLOW_CTX_DAG_ID=data_covid_etl
AIRFLOW_CTX_TASK_ID=create_dim_district
AIRFLOW_CTX_EXECUTION_DATE=2023-11-26T17:53:35.308758+00:00
AIRFLOW_CTX_TRY_NUMBER=1
AIRFLOW_CTX_DAG_RUN_ID=manual__2023-11-26T17:53:35.308758+00:00
[2023-11-26 17:53:36,523] {python.py:173} INFO - Done. Returned value was: None
[2023-11-26 17:53:36,535] {taskinstance.py:1400} INFO - Marking task as SUCCESS. dag_id=data_covid_etl, task_id=create_dim_district, execution_date=20231126T175335, start_date=20231126T175336, end_date=20231126T175336
[2023-11-26 17:53:36,580] {local_task_job.py:156} INFO - Task exited with return code 0
[2023-11-26 17:53:36,625] {local_task_job.py:273} INFO - 0 downstream tasks scheduled from follow-on schedule check
