[2023-11-26 18:26:39,905] {taskinstance.py:1159} INFO - Dependencies all met for <TaskInstance: final_project_data_covid_etl.create_fact_province_daily scheduled__2023-11-25T00:00:00+00:00 [queued]>
[2023-11-26 18:26:39,915] {taskinstance.py:1159} INFO - Dependencies all met for <TaskInstance: final_project_data_covid_etl.create_fact_province_daily scheduled__2023-11-25T00:00:00+00:00 [queued]>
[2023-11-26 18:26:39,915] {taskinstance.py:1356} INFO - 
--------------------------------------------------------------------------------
[2023-11-26 18:26:39,915] {taskinstance.py:1357} INFO - Starting attempt 1 of 3
[2023-11-26 18:26:39,915] {taskinstance.py:1358} INFO - 
--------------------------------------------------------------------------------
[2023-11-26 18:26:39,932] {taskinstance.py:1377} INFO - Executing <Task(PythonOperator): create_fact_province_daily> on 2023-11-25 00:00:00+00:00
[2023-11-26 18:26:39,936] {standard_task_runner.py:52} INFO - Started process 2077 to run task
[2023-11-26 18:26:39,939] {standard_task_runner.py:79} INFO - Running: ['***', 'tasks', 'run', 'final_project_data_covid_etl', 'create_fact_province_daily', 'scheduled__2023-11-25T00:00:00+00:00', '--job-id', '317', '--raw', '--subdir', 'DAGS_FOLDER/get_data.py', '--cfg-path', '/tmp/tmpodhb5nbi', '--error-file', '/tmp/tmpkst6vk_c']
[2023-11-26 18:26:39,939] {standard_task_runner.py:80} INFO - Job 317: Subtask create_fact_province_daily
[2023-11-26 18:26:39,985] {task_command.py:369} INFO - Running <TaskInstance: final_project_data_covid_etl.create_fact_province_daily scheduled__2023-11-25T00:00:00+00:00 [running]> on host 79a606f4be36
[2023-11-26 18:26:40,064] {taskinstance.py:1571} INFO - Exporting the following env vars:
AIRFLOW_CTX_DAG_OWNER=ricky
AIRFLOW_CTX_DAG_ID=final_project_data_covid_etl
AIRFLOW_CTX_TASK_ID=create_fact_province_daily
AIRFLOW_CTX_EXECUTION_DATE=2023-11-25T00:00:00+00:00
AIRFLOW_CTX_TRY_NUMBER=1
AIRFLOW_CTX_DAG_RUN_ID=scheduled__2023-11-25T00:00:00+00:00
[2023-11-26 18:26:40,065] {python.py:173} INFO - Done. Returned value was: None
[2023-11-26 18:26:40,079] {taskinstance.py:1400} INFO - Marking task as SUCCESS. dag_id=final_project_data_covid_etl, task_id=create_fact_province_daily, execution_date=20231125T000000, start_date=20231126T182639, end_date=20231126T182640
[2023-11-26 18:26:40,111] {local_task_job.py:156} INFO - Task exited with return code 0
[2023-11-26 18:26:40,163] {local_task_job.py:273} INFO - 0 downstream tasks scheduled from follow-on schedule check
[2023-11-27 07:13:26,091] {taskinstance.py:1159} INFO - Dependencies all met for <TaskInstance: final_project_data_covid_etl.create_fact_province_daily scheduled__2023-11-25T00:00:00+00:00 [queued]>
[2023-11-27 07:13:26,104] {taskinstance.py:1159} INFO - Dependencies all met for <TaskInstance: final_project_data_covid_etl.create_fact_province_daily scheduled__2023-11-25T00:00:00+00:00 [queued]>
[2023-11-27 07:13:26,104] {taskinstance.py:1356} INFO - 
--------------------------------------------------------------------------------
[2023-11-27 07:13:26,104] {taskinstance.py:1357} INFO - Starting attempt 1 of 3
[2023-11-27 07:13:26,105] {taskinstance.py:1358} INFO - 
--------------------------------------------------------------------------------
[2023-11-27 07:13:26,125] {taskinstance.py:1377} INFO - Executing <Task(PythonOperator): create_fact_province_daily> on 2023-11-25 00:00:00+00:00
[2023-11-27 07:13:26,129] {standard_task_runner.py:52} INFO - Started process 234 to run task
[2023-11-27 07:13:26,132] {standard_task_runner.py:79} INFO - Running: ['***', 'tasks', 'run', 'final_project_data_covid_etl', 'create_fact_province_daily', 'scheduled__2023-11-25T00:00:00+00:00', '--job-id', '340', '--raw', '--subdir', 'DAGS_FOLDER/get_data.py', '--cfg-path', '/tmp/tmprgiua1kd', '--error-file', '/tmp/tmpya0sg3xn']
[2023-11-27 07:13:26,132] {standard_task_runner.py:80} INFO - Job 340: Subtask create_fact_province_daily
[2023-11-27 07:13:26,181] {task_command.py:369} INFO - Running <TaskInstance: final_project_data_covid_etl.create_fact_province_daily scheduled__2023-11-25T00:00:00+00:00 [running]> on host 671693f20ed3
[2023-11-27 07:13:26,252] {taskinstance.py:1571} INFO - Exporting the following env vars:
AIRFLOW_CTX_DAG_OWNER=ricky
AIRFLOW_CTX_DAG_ID=final_project_data_covid_etl
AIRFLOW_CTX_TASK_ID=create_fact_province_daily
AIRFLOW_CTX_EXECUTION_DATE=2023-11-25T00:00:00+00:00
AIRFLOW_CTX_TRY_NUMBER=1
AIRFLOW_CTX_DAG_RUN_ID=scheduled__2023-11-25T00:00:00+00:00
[2023-11-27 07:13:26,253] {python.py:173} INFO - Done. Returned value was: None
[2023-11-27 07:13:26,265] {taskinstance.py:1400} INFO - Marking task as SUCCESS. dag_id=final_project_data_covid_etl, task_id=create_fact_province_daily, execution_date=20231125T000000, start_date=20231127T071326, end_date=20231127T071326
[2023-11-27 07:13:26,304] {local_task_job.py:156} INFO - Task exited with return code 0
[2023-11-27 07:13:26,335] {local_task_job.py:273} INFO - 0 downstream tasks scheduled from follow-on schedule check
