[2023-11-26 17:57:59,697] {taskinstance.py:1159} INFO - Dependencies all met for <TaskInstance: data_covid_etl.ingest_staging_db scheduled__2023-11-21T00:00:00+00:00 [queued]>
[2023-11-26 17:57:59,709] {taskinstance.py:1159} INFO - Dependencies all met for <TaskInstance: data_covid_etl.ingest_staging_db scheduled__2023-11-21T00:00:00+00:00 [queued]>
[2023-11-26 17:57:59,710] {taskinstance.py:1356} INFO - 
--------------------------------------------------------------------------------
[2023-11-26 17:57:59,710] {taskinstance.py:1357} INFO - Starting attempt 2 of 7
[2023-11-26 17:57:59,710] {taskinstance.py:1358} INFO - 
--------------------------------------------------------------------------------
[2023-11-26 17:57:59,727] {taskinstance.py:1377} INFO - Executing <Task(PythonOperator): ingest_staging_db> on 2023-11-21 00:00:00+00:00
[2023-11-26 17:57:59,732] {standard_task_runner.py:52} INFO - Started process 771 to run task
[2023-11-26 17:57:59,735] {standard_task_runner.py:79} INFO - Running: ['***', 'tasks', 'run', 'data_covid_etl', 'ingest_staging_db', 'scheduled__2023-11-21T00:00:00+00:00', '--job-id', '137', '--raw', '--subdir', 'DAGS_FOLDER/get_data.py', '--cfg-path', '/tmp/tmpdumseqhv', '--error-file', '/tmp/tmpy7u6tpbj']
[2023-11-26 17:57:59,736] {standard_task_runner.py:80} INFO - Job 137: Subtask ingest_staging_db
[2023-11-26 17:57:59,795] {task_command.py:369} INFO - Running <TaskInstance: data_covid_etl.ingest_staging_db scheduled__2023-11-21T00:00:00+00:00 [running]> on host 79a606f4be36
[2023-11-26 17:57:59,861] {taskinstance.py:1571} INFO - Exporting the following env vars:
AIRFLOW_CTX_DAG_OWNER=oce
AIRFLOW_CTX_DAG_ID=data_covid_etl
AIRFLOW_CTX_TASK_ID=ingest_staging_db
AIRFLOW_CTX_EXECUTION_DATE=2023-11-21T00:00:00+00:00
AIRFLOW_CTX_TRY_NUMBER=2
AIRFLOW_CTX_DAG_RUN_ID=scheduled__2023-11-21T00:00:00+00:00
[2023-11-26 17:58:00,342] {python.py:173} INFO - Done. Returned value was: None
[2023-11-26 17:58:00,353] {taskinstance.py:1400} INFO - Marking task as SUCCESS. dag_id=data_covid_etl, task_id=ingest_staging_db, execution_date=20231121T000000, start_date=20231126T175759, end_date=20231126T175800
[2023-11-26 17:58:00,389] {local_task_job.py:156} INFO - Task exited with return code 0
[2023-11-26 17:58:00,428] {local_task_job.py:273} INFO - 1 downstream tasks scheduled from follow-on schedule check
[2023-11-26 18:06:07,371] {taskinstance.py:1159} INFO - Dependencies all met for <TaskInstance: data_covid_etl.ingest_staging_db scheduled__2023-11-21T00:00:00+00:00 [queued]>
[2023-11-26 18:06:07,381] {taskinstance.py:1159} INFO - Dependencies all met for <TaskInstance: data_covid_etl.ingest_staging_db scheduled__2023-11-21T00:00:00+00:00 [queued]>
[2023-11-26 18:06:07,381] {taskinstance.py:1356} INFO - 
--------------------------------------------------------------------------------
[2023-11-26 18:06:07,381] {taskinstance.py:1357} INFO - Starting attempt 2 of 4
[2023-11-26 18:06:07,381] {taskinstance.py:1358} INFO - 
--------------------------------------------------------------------------------
[2023-11-26 18:06:07,397] {taskinstance.py:1377} INFO - Executing <Task(PythonOperator): ingest_staging_db> on 2023-11-21 00:00:00+00:00
[2023-11-26 18:06:07,402] {standard_task_runner.py:52} INFO - Started process 1197 to run task
[2023-11-26 18:06:07,405] {standard_task_runner.py:79} INFO - Running: ['***', 'tasks', 'run', 'data_covid_etl', 'ingest_staging_db', 'scheduled__2023-11-21T00:00:00+00:00', '--job-id', '204', '--raw', '--subdir', 'DAGS_FOLDER/get_data.py', '--cfg-path', '/tmp/tmpfkb365en', '--error-file', '/tmp/tmpld1kk9ss']
[2023-11-26 18:06:07,405] {standard_task_runner.py:80} INFO - Job 204: Subtask ingest_staging_db
[2023-11-26 18:06:07,452] {task_command.py:369} INFO - Running <TaskInstance: data_covid_etl.ingest_staging_db scheduled__2023-11-21T00:00:00+00:00 [running]> on host 79a606f4be36
[2023-11-26 18:06:07,520] {taskinstance.py:1571} INFO - Exporting the following env vars:
AIRFLOW_CTX_DAG_OWNER=oce
AIRFLOW_CTX_DAG_ID=data_covid_etl
AIRFLOW_CTX_TASK_ID=ingest_staging_db
AIRFLOW_CTX_EXECUTION_DATE=2023-11-21T00:00:00+00:00
AIRFLOW_CTX_TRY_NUMBER=2
AIRFLOW_CTX_DAG_RUN_ID=scheduled__2023-11-21T00:00:00+00:00
[2023-11-26 18:06:08,241] {python.py:173} INFO - Done. Returned value was: None
[2023-11-26 18:06:08,253] {taskinstance.py:1400} INFO - Marking task as SUCCESS. dag_id=data_covid_etl, task_id=ingest_staging_db, execution_date=20231121T000000, start_date=20231126T180607, end_date=20231126T180608
[2023-11-26 18:06:08,300] {local_task_job.py:156} INFO - Task exited with return code 0
[2023-11-26 18:06:08,339] {local_task_job.py:273} INFO - 1 downstream tasks scheduled from follow-on schedule check
