[2023-11-27 07:13:18,920] {taskinstance.py:1159} INFO - Dependencies all met for <TaskInstance: final_project_data_covid_etl.print_hello_world scheduled__2023-11-26T00:00:00+00:00 [queued]>
[2023-11-27 07:13:18,930] {taskinstance.py:1159} INFO - Dependencies all met for <TaskInstance: final_project_data_covid_etl.print_hello_world scheduled__2023-11-26T00:00:00+00:00 [queued]>
[2023-11-27 07:13:18,930] {taskinstance.py:1356} INFO - 
--------------------------------------------------------------------------------
[2023-11-27 07:13:18,930] {taskinstance.py:1357} INFO - Starting attempt 1 of 3
[2023-11-27 07:13:18,930] {taskinstance.py:1358} INFO - 
--------------------------------------------------------------------------------
[2023-11-27 07:13:18,948] {taskinstance.py:1377} INFO - Executing <Task(BashOperator): print_hello_world> on 2023-11-26 00:00:00+00:00
[2023-11-27 07:13:18,953] {standard_task_runner.py:52} INFO - Started process 200 to run task
[2023-11-27 07:13:18,958] {standard_task_runner.py:79} INFO - Running: ['***', 'tasks', 'run', 'final_project_data_covid_etl', 'print_hello_world', 'scheduled__2023-11-26T00:00:00+00:00', '--job-id', '328', '--raw', '--subdir', 'DAGS_FOLDER/get_data.py', '--cfg-path', '/tmp/tmpojaivut_', '--error-file', '/tmp/tmps2v_vcyw']
[2023-11-27 07:13:18,958] {standard_task_runner.py:80} INFO - Job 328: Subtask print_hello_world
[2023-11-27 07:13:19,030] {task_command.py:369} INFO - Running <TaskInstance: final_project_data_covid_etl.print_hello_world scheduled__2023-11-26T00:00:00+00:00 [running]> on host 671693f20ed3
[2023-11-27 07:13:19,116] {taskinstance.py:1571} INFO - Exporting the following env vars:
AIRFLOW_CTX_DAG_OWNER=ricky
AIRFLOW_CTX_DAG_ID=final_project_data_covid_etl
AIRFLOW_CTX_TASK_ID=print_hello_world
AIRFLOW_CTX_EXECUTION_DATE=2023-11-26T00:00:00+00:00
AIRFLOW_CTX_TRY_NUMBER=1
AIRFLOW_CTX_DAG_RUN_ID=scheduled__2023-11-26T00:00:00+00:00
[2023-11-27 07:13:19,117] {subprocess.py:62} INFO - Tmp dir root location: 
 /tmp
[2023-11-27 07:13:19,117] {subprocess.py:74} INFO - Running command: ['bash', '-c', 'echo "HelloWorld!"']
[2023-11-27 07:13:19,125] {subprocess.py:85} INFO - Output:
[2023-11-27 07:13:19,127] {subprocess.py:92} INFO - HelloWorld!
[2023-11-27 07:13:19,127] {subprocess.py:96} INFO - Command exited with return code 0
[2023-11-27 07:13:19,157] {taskinstance.py:1400} INFO - Marking task as SUCCESS. dag_id=final_project_data_covid_etl, task_id=print_hello_world, execution_date=20231126T000000, start_date=20231127T071318, end_date=20231127T071319
[2023-11-27 07:13:19,209] {local_task_job.py:156} INFO - Task exited with return code 0
[2023-11-27 07:13:19,273] {local_task_job.py:273} INFO - 1 downstream tasks scheduled from follow-on schedule check
[2023-11-27 07:14:52,681] {taskinstance.py:1159} INFO - Dependencies all met for <TaskInstance: final_project_data_covid_etl.print_hello_world scheduled__2023-11-26T00:00:00+00:00 [queued]>
[2023-11-27 07:14:52,689] {taskinstance.py:1159} INFO - Dependencies all met for <TaskInstance: final_project_data_covid_etl.print_hello_world scheduled__2023-11-26T00:00:00+00:00 [queued]>
[2023-11-27 07:14:52,689] {taskinstance.py:1356} INFO - 
--------------------------------------------------------------------------------
[2023-11-27 07:14:52,689] {taskinstance.py:1357} INFO - Starting attempt 1 of 3
[2023-11-27 07:14:52,689] {taskinstance.py:1358} INFO - 
--------------------------------------------------------------------------------
[2023-11-27 07:14:52,704] {taskinstance.py:1377} INFO - Executing <Task(BashOperator): print_hello_world> on 2023-11-26 00:00:00+00:00
[2023-11-27 07:14:52,708] {standard_task_runner.py:52} INFO - Started process 211 to run task
[2023-11-27 07:14:52,710] {standard_task_runner.py:79} INFO - Running: ['***', 'tasks', 'run', 'final_project_data_covid_etl', 'print_hello_world', 'scheduled__2023-11-26T00:00:00+00:00', '--job-id', '342', '--raw', '--subdir', 'DAGS_FOLDER/get_data.py', '--cfg-path', '/tmp/tmplyfcdol_', '--error-file', '/tmp/tmpgho1b9xn']
[2023-11-27 07:14:52,710] {standard_task_runner.py:80} INFO - Job 342: Subtask print_hello_world
[2023-11-27 07:14:52,757] {task_command.py:369} INFO - Running <TaskInstance: final_project_data_covid_etl.print_hello_world scheduled__2023-11-26T00:00:00+00:00 [running]> on host 671693f20ed3
[2023-11-27 07:14:52,832] {taskinstance.py:1571} INFO - Exporting the following env vars:
AIRFLOW_CTX_DAG_OWNER=ricky
AIRFLOW_CTX_DAG_ID=final_project_data_covid_etl
AIRFLOW_CTX_TASK_ID=print_hello_world
AIRFLOW_CTX_EXECUTION_DATE=2023-11-26T00:00:00+00:00
AIRFLOW_CTX_TRY_NUMBER=1
AIRFLOW_CTX_DAG_RUN_ID=scheduled__2023-11-26T00:00:00+00:00
[2023-11-27 07:14:52,832] {subprocess.py:62} INFO - Tmp dir root location: 
 /tmp
[2023-11-27 07:14:52,833] {subprocess.py:74} INFO - Running command: ['bash', '-c', 'echo "HelloWorld!"']
[2023-11-27 07:14:52,841] {subprocess.py:85} INFO - Output:
[2023-11-27 07:14:52,843] {subprocess.py:92} INFO - HelloWorld!
[2023-11-27 07:14:52,843] {subprocess.py:96} INFO - Command exited with return code 0
[2023-11-27 07:14:52,874] {taskinstance.py:1400} INFO - Marking task as SUCCESS. dag_id=final_project_data_covid_etl, task_id=print_hello_world, execution_date=20231126T000000, start_date=20231127T071452, end_date=20231127T071452
[2023-11-27 07:14:52,923] {local_task_job.py:156} INFO - Task exited with return code 0
[2023-11-27 07:14:52,981] {local_task_job.py:273} INFO - 1 downstream tasks scheduled from follow-on schedule check
[2023-11-27 09:13:50,078] {taskinstance.py:1159} INFO - Dependencies all met for <TaskInstance: final_project_data_covid_etl.print_hello_world scheduled__2023-11-26T00:00:00+00:00 [queued]>
[2023-11-27 09:13:50,088] {taskinstance.py:1159} INFO - Dependencies all met for <TaskInstance: final_project_data_covid_etl.print_hello_world scheduled__2023-11-26T00:00:00+00:00 [queued]>
[2023-11-27 09:13:50,088] {taskinstance.py:1356} INFO - 
--------------------------------------------------------------------------------
[2023-11-27 09:13:50,088] {taskinstance.py:1357} INFO - Starting attempt 1 of 3
[2023-11-27 09:13:50,088] {taskinstance.py:1358} INFO - 
--------------------------------------------------------------------------------
[2023-11-27 09:13:50,104] {taskinstance.py:1377} INFO - Executing <Task(BashOperator): print_hello_world> on 2023-11-26 00:00:00+00:00
[2023-11-27 09:13:50,108] {standard_task_runner.py:52} INFO - Started process 239 to run task
[2023-11-27 09:13:50,113] {standard_task_runner.py:79} INFO - Running: ['***', 'tasks', 'run', 'final_project_data_covid_etl', 'print_hello_world', 'scheduled__2023-11-26T00:00:00+00:00', '--job-id', '359', '--raw', '--subdir', 'DAGS_FOLDER/get_data.py', '--cfg-path', '/tmp/tmp1zt1l1hm', '--error-file', '/tmp/tmpo0i_eouz']
[2023-11-27 09:13:50,114] {standard_task_runner.py:80} INFO - Job 359: Subtask print_hello_world
[2023-11-27 09:13:50,161] {task_command.py:369} INFO - Running <TaskInstance: final_project_data_covid_etl.print_hello_world scheduled__2023-11-26T00:00:00+00:00 [running]> on host f38c0c12695c
[2023-11-27 09:13:50,232] {taskinstance.py:1571} INFO - Exporting the following env vars:
AIRFLOW_CTX_DAG_OWNER=ricky
AIRFLOW_CTX_DAG_ID=final_project_data_covid_etl
AIRFLOW_CTX_TASK_ID=print_hello_world
AIRFLOW_CTX_EXECUTION_DATE=2023-11-26T00:00:00+00:00
AIRFLOW_CTX_TRY_NUMBER=1
AIRFLOW_CTX_DAG_RUN_ID=scheduled__2023-11-26T00:00:00+00:00
[2023-11-27 09:13:50,232] {subprocess.py:62} INFO - Tmp dir root location: 
 /tmp
[2023-11-27 09:13:50,233] {subprocess.py:74} INFO - Running command: ['bash', '-c', 'echo "HelloWorld!"']
[2023-11-27 09:13:50,241] {subprocess.py:85} INFO - Output:
[2023-11-27 09:13:50,242] {subprocess.py:92} INFO - HelloWorld!
[2023-11-27 09:13:50,242] {subprocess.py:96} INFO - Command exited with return code 0
[2023-11-27 09:13:50,268] {taskinstance.py:1400} INFO - Marking task as SUCCESS. dag_id=final_project_data_covid_etl, task_id=print_hello_world, execution_date=20231126T000000, start_date=20231127T091350, end_date=20231127T091350
[2023-11-27 09:13:50,324] {local_task_job.py:156} INFO - Task exited with return code 0
[2023-11-27 09:13:50,381] {local_task_job.py:273} INFO - 1 downstream tasks scheduled from follow-on schedule check
[2023-11-27 09:22:19,822] {taskinstance.py:1159} INFO - Dependencies all met for <TaskInstance: final_project_data_covid_etl.print_hello_world scheduled__2023-11-26T00:00:00+00:00 [queued]>
[2023-11-27 09:22:19,832] {taskinstance.py:1159} INFO - Dependencies all met for <TaskInstance: final_project_data_covid_etl.print_hello_world scheduled__2023-11-26T00:00:00+00:00 [queued]>
[2023-11-27 09:22:19,832] {taskinstance.py:1356} INFO - 
--------------------------------------------------------------------------------
[2023-11-27 09:22:19,832] {taskinstance.py:1357} INFO - Starting attempt 1 of 3
[2023-11-27 09:22:19,832] {taskinstance.py:1358} INFO - 
--------------------------------------------------------------------------------
[2023-11-27 09:22:19,849] {taskinstance.py:1377} INFO - Executing <Task(BashOperator): print_hello_world> on 2023-11-26 00:00:00+00:00
[2023-11-27 09:22:19,855] {standard_task_runner.py:52} INFO - Started process 493 to run task
[2023-11-27 09:22:19,859] {standard_task_runner.py:79} INFO - Running: ['***', 'tasks', 'run', 'final_project_data_covid_etl', 'print_hello_world', 'scheduled__2023-11-26T00:00:00+00:00', '--job-id', '375', '--raw', '--subdir', 'DAGS_FOLDER/get_data.py', '--cfg-path', '/tmp/tmpy4hjtvvs', '--error-file', '/tmp/tmpa90b2usy']
[2023-11-27 09:22:19,860] {standard_task_runner.py:80} INFO - Job 375: Subtask print_hello_world
[2023-11-27 09:22:19,912] {task_command.py:369} INFO - Running <TaskInstance: final_project_data_covid_etl.print_hello_world scheduled__2023-11-26T00:00:00+00:00 [running]> on host f38c0c12695c
[2023-11-27 09:22:19,983] {taskinstance.py:1571} INFO - Exporting the following env vars:
AIRFLOW_CTX_DAG_OWNER=ricky
AIRFLOW_CTX_DAG_ID=final_project_data_covid_etl
AIRFLOW_CTX_TASK_ID=print_hello_world
AIRFLOW_CTX_EXECUTION_DATE=2023-11-26T00:00:00+00:00
AIRFLOW_CTX_TRY_NUMBER=1
AIRFLOW_CTX_DAG_RUN_ID=scheduled__2023-11-26T00:00:00+00:00
[2023-11-27 09:22:19,983] {subprocess.py:62} INFO - Tmp dir root location: 
 /tmp
[2023-11-27 09:22:19,984] {subprocess.py:74} INFO - Running command: ['bash', '-c', 'echo "HelloWorld!"']
[2023-11-27 09:22:19,994] {subprocess.py:85} INFO - Output:
[2023-11-27 09:22:19,995] {subprocess.py:92} INFO - HelloWorld!
[2023-11-27 09:22:19,996] {subprocess.py:96} INFO - Command exited with return code 0
[2023-11-27 09:22:20,025] {taskinstance.py:1400} INFO - Marking task as SUCCESS. dag_id=final_project_data_covid_etl, task_id=print_hello_world, execution_date=20231126T000000, start_date=20231127T092219, end_date=20231127T092220
[2023-11-27 09:22:20,072] {local_task_job.py:156} INFO - Task exited with return code 0
[2023-11-27 09:22:20,118] {local_task_job.py:273} INFO - 1 downstream tasks scheduled from follow-on schedule check
[2023-11-27 14:12:28,236] {taskinstance.py:1159} INFO - Dependencies all met for <TaskInstance: final_project_data_covid_etl.print_hello_world scheduled__2023-11-26T00:00:00+00:00 [queued]>
[2023-11-27 14:12:28,251] {taskinstance.py:1159} INFO - Dependencies all met for <TaskInstance: final_project_data_covid_etl.print_hello_world scheduled__2023-11-26T00:00:00+00:00 [queued]>
[2023-11-27 14:12:28,251] {taskinstance.py:1356} INFO - 
--------------------------------------------------------------------------------
[2023-11-27 14:12:28,251] {taskinstance.py:1357} INFO - Starting attempt 1 of 3
[2023-11-27 14:12:28,251] {taskinstance.py:1358} INFO - 
--------------------------------------------------------------------------------
[2023-11-27 14:12:28,265] {taskinstance.py:1377} INFO - Executing <Task(BashOperator): print_hello_world> on 2023-11-26 00:00:00+00:00
[2023-11-27 14:12:28,272] {standard_task_runner.py:52} INFO - Started process 527 to run task
[2023-11-27 14:12:28,277] {standard_task_runner.py:79} INFO - Running: ['***', 'tasks', 'run', 'final_project_data_covid_etl', 'print_hello_world', 'scheduled__2023-11-26T00:00:00+00:00', '--job-id', '434', '--raw', '--subdir', 'DAGS_FOLDER/get_data.py', '--cfg-path', '/tmp/tmpxtq8itfe', '--error-file', '/tmp/tmp1hm341e7']
[2023-11-27 14:12:28,278] {standard_task_runner.py:80} INFO - Job 434: Subtask print_hello_world
[2023-11-27 14:12:28,381] {task_command.py:369} INFO - Running <TaskInstance: final_project_data_covid_etl.print_hello_world scheduled__2023-11-26T00:00:00+00:00 [running]> on host 9bd194bc0dbc
[2023-11-27 14:12:28,466] {taskinstance.py:1571} INFO - Exporting the following env vars:
AIRFLOW_CTX_DAG_OWNER=ricky
AIRFLOW_CTX_DAG_ID=final_project_data_covid_etl
AIRFLOW_CTX_TASK_ID=print_hello_world
AIRFLOW_CTX_EXECUTION_DATE=2023-11-26T00:00:00+00:00
AIRFLOW_CTX_TRY_NUMBER=1
AIRFLOW_CTX_DAG_RUN_ID=scheduled__2023-11-26T00:00:00+00:00
[2023-11-27 14:12:28,467] {subprocess.py:62} INFO - Tmp dir root location: 
 /tmp
[2023-11-27 14:12:28,467] {subprocess.py:74} INFO - Running command: ['bash', '-c', 'echo "HelloWorld!"']
[2023-11-27 14:12:28,477] {subprocess.py:85} INFO - Output:
[2023-11-27 14:12:28,478] {subprocess.py:92} INFO - HelloWorld!
[2023-11-27 14:12:28,478] {subprocess.py:96} INFO - Command exited with return code 0
[2023-11-27 14:12:28,504] {taskinstance.py:1400} INFO - Marking task as SUCCESS. dag_id=final_project_data_covid_etl, task_id=print_hello_world, execution_date=20231126T000000, start_date=20231127T141228, end_date=20231127T141228
[2023-11-27 14:12:28,541] {local_task_job.py:156} INFO - Task exited with return code 0
[2023-11-27 14:12:28,583] {local_task_job.py:273} INFO - 1 downstream tasks scheduled from follow-on schedule check
[2023-11-27 14:23:21,826] {taskinstance.py:1159} INFO - Dependencies all met for <TaskInstance: final_project_data_covid_etl.print_hello_world scheduled__2023-11-26T00:00:00+00:00 [queued]>
[2023-11-27 14:23:21,836] {taskinstance.py:1159} INFO - Dependencies all met for <TaskInstance: final_project_data_covid_etl.print_hello_world scheduled__2023-11-26T00:00:00+00:00 [queued]>
[2023-11-27 14:23:21,836] {taskinstance.py:1356} INFO - 
--------------------------------------------------------------------------------
[2023-11-27 14:23:21,836] {taskinstance.py:1357} INFO - Starting attempt 1 of 3
[2023-11-27 14:23:21,836] {taskinstance.py:1358} INFO - 
--------------------------------------------------------------------------------
[2023-11-27 14:23:21,850] {taskinstance.py:1377} INFO - Executing <Task(BashOperator): print_hello_world> on 2023-11-26 00:00:00+00:00
[2023-11-27 14:23:21,854] {standard_task_runner.py:52} INFO - Started process 870 to run task
[2023-11-27 14:23:21,858] {standard_task_runner.py:79} INFO - Running: ['***', 'tasks', 'run', 'final_project_data_covid_etl', 'print_hello_world', 'scheduled__2023-11-26T00:00:00+00:00', '--job-id', '453', '--raw', '--subdir', 'DAGS_FOLDER/get_data.py', '--cfg-path', '/tmp/tmpr125qrk0', '--error-file', '/tmp/tmp5kayfc27']
[2023-11-27 14:23:21,859] {standard_task_runner.py:80} INFO - Job 453: Subtask print_hello_world
[2023-11-27 14:23:21,909] {task_command.py:369} INFO - Running <TaskInstance: final_project_data_covid_etl.print_hello_world scheduled__2023-11-26T00:00:00+00:00 [running]> on host 9bd194bc0dbc
[2023-11-27 14:23:21,976] {taskinstance.py:1571} INFO - Exporting the following env vars:
AIRFLOW_CTX_DAG_OWNER=ricky
AIRFLOW_CTX_DAG_ID=final_project_data_covid_etl
AIRFLOW_CTX_TASK_ID=print_hello_world
AIRFLOW_CTX_EXECUTION_DATE=2023-11-26T00:00:00+00:00
AIRFLOW_CTX_TRY_NUMBER=1
AIRFLOW_CTX_DAG_RUN_ID=scheduled__2023-11-26T00:00:00+00:00
[2023-11-27 14:23:21,977] {subprocess.py:62} INFO - Tmp dir root location: 
 /tmp
[2023-11-27 14:23:21,977] {subprocess.py:74} INFO - Running command: ['bash', '-c', 'echo "HelloWorld!"']
[2023-11-27 14:23:21,986] {subprocess.py:85} INFO - Output:
[2023-11-27 14:23:21,987] {subprocess.py:92} INFO - HelloWorld!
[2023-11-27 14:23:21,987] {subprocess.py:96} INFO - Command exited with return code 0
[2023-11-27 14:23:22,016] {taskinstance.py:1400} INFO - Marking task as SUCCESS. dag_id=final_project_data_covid_etl, task_id=print_hello_world, execution_date=20231126T000000, start_date=20231127T142321, end_date=20231127T142322
[2023-11-27 14:23:22,069] {local_task_job.py:156} INFO - Task exited with return code 0
[2023-11-27 14:23:22,108] {local_task_job.py:273} INFO - 1 downstream tasks scheduled from follow-on schedule check
