[2023-11-27 09:29:16,886] {taskinstance.py:1159} INFO - Dependencies all met for <TaskInstance: final_project_data_covid_etl.create_fact_province_daily manual__2023-11-27T09:22:18.570735+00:00 [queued]>
[2023-11-27 09:29:16,896] {taskinstance.py:1159} INFO - Dependencies all met for <TaskInstance: final_project_data_covid_etl.create_fact_province_daily manual__2023-11-27T09:22:18.570735+00:00 [queued]>
[2023-11-27 09:29:16,897] {taskinstance.py:1356} INFO - 
--------------------------------------------------------------------------------
[2023-11-27 09:29:16,897] {taskinstance.py:1357} INFO - Starting attempt 2 of 4
[2023-11-27 09:29:16,897] {taskinstance.py:1358} INFO - 
--------------------------------------------------------------------------------
[2023-11-27 09:29:16,911] {taskinstance.py:1377} INFO - Executing <Task(PythonOperator): create_fact_province_daily> on 2023-11-27 09:22:18.570735+00:00
[2023-11-27 09:29:16,917] {standard_task_runner.py:52} INFO - Started process 723 to run task
[2023-11-27 09:29:16,919] {standard_task_runner.py:79} INFO - Running: ['***', 'tasks', 'run', 'final_project_data_covid_etl', 'create_fact_province_daily', 'manual__2023-11-27T09:22:18.570735+00:00', '--job-id', '393', '--raw', '--subdir', 'DAGS_FOLDER/get_data.py', '--cfg-path', '/tmp/tmpavqww571', '--error-file', '/tmp/tmp5ab5sl8i']
[2023-11-27 09:29:16,919] {standard_task_runner.py:80} INFO - Job 393: Subtask create_fact_province_daily
[2023-11-27 09:29:16,981] {task_command.py:369} INFO - Running <TaskInstance: final_project_data_covid_etl.create_fact_province_daily manual__2023-11-27T09:22:18.570735+00:00 [running]> on host f38c0c12695c
[2023-11-27 09:29:17,062] {taskinstance.py:1571} INFO - Exporting the following env vars:
AIRFLOW_CTX_DAG_OWNER=ricky
AIRFLOW_CTX_DAG_ID=final_project_data_covid_etl
AIRFLOW_CTX_TASK_ID=create_fact_province_daily
AIRFLOW_CTX_EXECUTION_DATE=2023-11-27T09:22:18.570735+00:00
AIRFLOW_CTX_TRY_NUMBER=2
AIRFLOW_CTX_DAG_RUN_ID=manual__2023-11-27T09:22:18.570735+00:00
[2023-11-27 09:29:17,062] {python.py:173} INFO - Done. Returned value was: None
[2023-11-27 09:29:17,075] {taskinstance.py:1400} INFO - Marking task as SUCCESS. dag_id=final_project_data_covid_etl, task_id=create_fact_province_daily, execution_date=20231127T092218, start_date=20231127T092916, end_date=20231127T092917
[2023-11-27 09:29:17,091] {local_task_job.py:156} INFO - Task exited with return code 0
[2023-11-27 09:29:17,124] {local_task_job.py:273} INFO - 0 downstream tasks scheduled from follow-on schedule check
