[2023-11-27 14:03:42,884] {taskinstance.py:1159} INFO - Dependencies all met for <TaskInstance: final_project_data_covid_etl.create_fact_province_daily manual__2023-11-27T09:22:18.570735+00:00 [queued]>
[2023-11-27 14:03:42,892] {taskinstance.py:1159} INFO - Dependencies all met for <TaskInstance: final_project_data_covid_etl.create_fact_province_daily manual__2023-11-27T09:22:18.570735+00:00 [queued]>
[2023-11-27 14:03:42,893] {taskinstance.py:1356} INFO - 
--------------------------------------------------------------------------------
[2023-11-27 14:03:42,893] {taskinstance.py:1357} INFO - Starting attempt 13 of 15
[2023-11-27 14:03:42,893] {taskinstance.py:1358} INFO - 
--------------------------------------------------------------------------------
[2023-11-27 14:03:42,905] {taskinstance.py:1377} INFO - Executing <Task(PythonOperator): create_fact_province_daily> on 2023-11-27 09:22:18.570735+00:00
[2023-11-27 14:03:42,910] {standard_task_runner.py:52} INFO - Started process 311 to run task
[2023-11-27 14:03:42,912] {standard_task_runner.py:79} INFO - Running: ['***', 'tasks', 'run', 'final_project_data_covid_etl', 'create_fact_province_daily', 'manual__2023-11-27T09:22:18.570735+00:00', '--job-id', '432', '--raw', '--subdir', 'DAGS_FOLDER/get_data.py', '--cfg-path', '/tmp/tmpci2bzupu', '--error-file', '/tmp/tmpbaoj239a']
[2023-11-27 14:03:42,912] {standard_task_runner.py:80} INFO - Job 432: Subtask create_fact_province_daily
[2023-11-27 14:03:42,962] {task_command.py:369} INFO - Running <TaskInstance: final_project_data_covid_etl.create_fact_province_daily manual__2023-11-27T09:22:18.570735+00:00 [running]> on host 9bd194bc0dbc
[2023-11-27 14:03:43,048] {taskinstance.py:1571} INFO - Exporting the following env vars:
AIRFLOW_CTX_DAG_OWNER=ricky
AIRFLOW_CTX_DAG_ID=final_project_data_covid_etl
AIRFLOW_CTX_TASK_ID=create_fact_province_daily
AIRFLOW_CTX_EXECUTION_DATE=2023-11-27T09:22:18.570735+00:00
AIRFLOW_CTX_TRY_NUMBER=13
AIRFLOW_CTX_DAG_RUN_ID=manual__2023-11-27T09:22:18.570735+00:00
[2023-11-27 14:03:43,049] {python.py:173} INFO - Done. Returned value was: None
[2023-11-27 14:03:43,061] {taskinstance.py:1400} INFO - Marking task as SUCCESS. dag_id=final_project_data_covid_etl, task_id=create_fact_province_daily, execution_date=20231127T092218, start_date=20231127T140342, end_date=20231127T140343
[2023-11-27 14:03:43,085] {local_task_job.py:156} INFO - Task exited with return code 0
[2023-11-27 14:03:43,115] {local_task_job.py:273} INFO - 0 downstream tasks scheduled from follow-on schedule check
