[2023-11-26 14:26:15,622] {taskinstance.py:1159} INFO - Dependencies all met for <TaskInstance: data_covid_etl.print_hello_world scheduled__2023-11-22T00:00:00+00:00 [queued]>
[2023-11-26 14:26:15,643] {taskinstance.py:1159} INFO - Dependencies all met for <TaskInstance: data_covid_etl.print_hello_world scheduled__2023-11-22T00:00:00+00:00 [queued]>
[2023-11-26 14:26:15,644] {taskinstance.py:1356} INFO - 
--------------------------------------------------------------------------------
[2023-11-26 14:26:15,644] {taskinstance.py:1357} INFO - Starting attempt 1 of 6
[2023-11-26 14:26:15,644] {taskinstance.py:1358} INFO - 
--------------------------------------------------------------------------------
[2023-11-26 14:26:15,676] {taskinstance.py:1377} INFO - Executing <Task(BashOperator): print_hello_world> on 2023-11-22 00:00:00+00:00
[2023-11-26 14:26:15,688] {standard_task_runner.py:52} INFO - Started process 649 to run task
[2023-11-26 14:26:15,705] {standard_task_runner.py:79} INFO - Running: ['***', 'tasks', 'run', 'data_covid_etl', 'print_hello_world', 'scheduled__2023-11-22T00:00:00+00:00', '--job-id', '10', '--raw', '--subdir', 'DAGS_FOLDER/get_data.py', '--cfg-path', '/tmp/tmp9jne2dbg', '--error-file', '/tmp/tmpo9vhvyq6']
[2023-11-26 14:26:15,705] {standard_task_runner.py:80} INFO - Job 10: Subtask print_hello_world
[2023-11-26 14:26:15,793] {task_command.py:369} INFO - Running <TaskInstance: data_covid_etl.print_hello_world scheduled__2023-11-22T00:00:00+00:00 [running]> on host f384f2afcc4f
[2023-11-26 14:26:15,906] {taskinstance.py:1571} INFO - Exporting the following env vars:
AIRFLOW_CTX_DAG_OWNER=oce
AIRFLOW_CTX_DAG_ID=data_covid_etl
AIRFLOW_CTX_TASK_ID=print_hello_world
AIRFLOW_CTX_EXECUTION_DATE=2023-11-22T00:00:00+00:00
AIRFLOW_CTX_TRY_NUMBER=1
AIRFLOW_CTX_DAG_RUN_ID=scheduled__2023-11-22T00:00:00+00:00
[2023-11-26 14:26:15,909] {subprocess.py:62} INFO - Tmp dir root location: 
 /tmp
[2023-11-26 14:26:15,909] {subprocess.py:74} INFO - Running command: ['bash', '-c', 'echo "HelloWorld!"']
[2023-11-26 14:26:15,919] {subprocess.py:85} INFO - Output:
[2023-11-26 14:26:15,921] {subprocess.py:92} INFO - HelloWorld!
[2023-11-26 14:26:15,921] {subprocess.py:96} INFO - Command exited with return code 0
[2023-11-26 14:26:15,954] {taskinstance.py:1400} INFO - Marking task as SUCCESS. dag_id=data_covid_etl, task_id=print_hello_world, execution_date=20231122T000000, start_date=20231126T142615, end_date=20231126T142615
[2023-11-26 14:26:15,990] {local_task_job.py:156} INFO - Task exited with return code 0
[2023-11-26 14:26:16,030] {local_task_job.py:273} INFO - 1 downstream tasks scheduled from follow-on schedule check
[2023-11-26 15:39:36,265] {taskinstance.py:1159} INFO - Dependencies all met for <TaskInstance: data_covid_etl.print_hello_world scheduled__2023-11-22T00:00:00+00:00 [queued]>
[2023-11-26 15:39:36,313] {taskinstance.py:1159} INFO - Dependencies all met for <TaskInstance: data_covid_etl.print_hello_world scheduled__2023-11-22T00:00:00+00:00 [queued]>
[2023-11-26 15:39:36,313] {taskinstance.py:1356} INFO - 
--------------------------------------------------------------------------------
[2023-11-26 15:39:36,313] {taskinstance.py:1357} INFO - Starting attempt 1 of 6
[2023-11-26 15:39:36,313] {taskinstance.py:1358} INFO - 
--------------------------------------------------------------------------------
[2023-11-26 15:39:36,357] {taskinstance.py:1377} INFO - Executing <Task(BashOperator): print_hello_world> on 2023-11-22 00:00:00+00:00
[2023-11-26 15:39:36,375] {standard_task_runner.py:52} INFO - Started process 2527 to run task
[2023-11-26 15:39:36,403] {standard_task_runner.py:79} INFO - Running: ['***', 'tasks', 'run', 'data_covid_etl', 'print_hello_world', 'scheduled__2023-11-22T00:00:00+00:00', '--job-id', '42', '--raw', '--subdir', 'DAGS_FOLDER/get_data.py', '--cfg-path', '/tmp/tmpx7b2yu9k', '--error-file', '/tmp/tmptil2l8ke']
[2023-11-26 15:39:36,404] {standard_task_runner.py:80} INFO - Job 42: Subtask print_hello_world
[2023-11-26 15:39:36,690] {task_command.py:369} INFO - Running <TaskInstance: data_covid_etl.print_hello_world scheduled__2023-11-22T00:00:00+00:00 [running]> on host f384f2afcc4f
[2023-11-26 15:39:36,972] {taskinstance.py:1571} INFO - Exporting the following env vars:
AIRFLOW_CTX_DAG_OWNER=oce
AIRFLOW_CTX_DAG_ID=data_covid_etl
AIRFLOW_CTX_TASK_ID=print_hello_world
AIRFLOW_CTX_EXECUTION_DATE=2023-11-22T00:00:00+00:00
AIRFLOW_CTX_TRY_NUMBER=1
AIRFLOW_CTX_DAG_RUN_ID=scheduled__2023-11-22T00:00:00+00:00
[2023-11-26 15:39:36,973] {subprocess.py:62} INFO - Tmp dir root location: 
 /tmp
[2023-11-26 15:39:36,974] {subprocess.py:74} INFO - Running command: ['bash', '-c', 'echo "HelloWorld!"']
[2023-11-26 15:39:37,015] {subprocess.py:85} INFO - Output:
[2023-11-26 15:39:37,030] {subprocess.py:92} INFO - HelloWorld!
[2023-11-26 15:39:37,031] {subprocess.py:96} INFO - Command exited with return code 0
[2023-11-26 15:39:37,241] {taskinstance.py:1400} INFO - Marking task as SUCCESS. dag_id=data_covid_etl, task_id=print_hello_world, execution_date=20231122T000000, start_date=20231126T153936, end_date=20231126T153937
[2023-11-26 15:39:37,287] {local_task_job.py:156} INFO - Task exited with return code 0
[2023-11-26 15:39:37,379] {local_task_job.py:273} INFO - 1 downstream tasks scheduled from follow-on schedule check
[2023-11-26 17:57:09,433] {taskinstance.py:1159} INFO - Dependencies all met for <TaskInstance: data_covid_etl.print_hello_world scheduled__2023-11-22T00:00:00+00:00 [queued]>
[2023-11-26 17:57:09,461] {taskinstance.py:1159} INFO - Dependencies all met for <TaskInstance: data_covid_etl.print_hello_world scheduled__2023-11-22T00:00:00+00:00 [queued]>
[2023-11-26 17:57:09,461] {taskinstance.py:1356} INFO - 
--------------------------------------------------------------------------------
[2023-11-26 17:57:09,461] {taskinstance.py:1357} INFO - Starting attempt 1 of 6
[2023-11-26 17:57:09,461] {taskinstance.py:1358} INFO - 
--------------------------------------------------------------------------------
[2023-11-26 17:57:09,504] {taskinstance.py:1377} INFO - Executing <Task(BashOperator): print_hello_world> on 2023-11-22 00:00:00+00:00
[2023-11-26 17:57:09,508] {standard_task_runner.py:52} INFO - Started process 658 to run task
[2023-11-26 17:57:09,517] {standard_task_runner.py:79} INFO - Running: ['***', 'tasks', 'run', 'data_covid_etl', 'print_hello_world', 'scheduled__2023-11-22T00:00:00+00:00', '--job-id', '100', '--raw', '--subdir', 'DAGS_FOLDER/get_data.py', '--cfg-path', '/tmp/tmp1nvouvjs', '--error-file', '/tmp/tmpwq5j7ri7']
[2023-11-26 17:57:09,517] {standard_task_runner.py:80} INFO - Job 100: Subtask print_hello_world
[2023-11-26 17:57:09,566] {task_command.py:369} INFO - Running <TaskInstance: data_covid_etl.print_hello_world scheduled__2023-11-22T00:00:00+00:00 [running]> on host 79a606f4be36
[2023-11-26 17:57:09,635] {taskinstance.py:1571} INFO - Exporting the following env vars:
AIRFLOW_CTX_DAG_OWNER=oce
AIRFLOW_CTX_DAG_ID=data_covid_etl
AIRFLOW_CTX_TASK_ID=print_hello_world
AIRFLOW_CTX_EXECUTION_DATE=2023-11-22T00:00:00+00:00
AIRFLOW_CTX_TRY_NUMBER=1
AIRFLOW_CTX_DAG_RUN_ID=scheduled__2023-11-22T00:00:00+00:00
[2023-11-26 17:57:09,636] {subprocess.py:62} INFO - Tmp dir root location: 
 /tmp
[2023-11-26 17:57:09,636] {subprocess.py:74} INFO - Running command: ['bash', '-c', 'echo "HelloWorld!"']
[2023-11-26 17:57:09,646] {subprocess.py:85} INFO - Output:
[2023-11-26 17:57:09,648] {subprocess.py:92} INFO - HelloWorld!
[2023-11-26 17:57:09,649] {subprocess.py:96} INFO - Command exited with return code 0
[2023-11-26 17:57:09,693] {taskinstance.py:1400} INFO - Marking task as SUCCESS. dag_id=data_covid_etl, task_id=print_hello_world, execution_date=20231122T000000, start_date=20231126T175709, end_date=20231126T175709
[2023-11-26 17:57:09,731] {local_task_job.py:156} INFO - Task exited with return code 0
[2023-11-26 17:57:09,767] {local_task_job.py:273} INFO - 1 downstream tasks scheduled from follow-on schedule check
[2023-11-26 18:00:52,377] {taskinstance.py:1159} INFO - Dependencies all met for <TaskInstance: data_covid_etl.print_hello_world scheduled__2023-11-22T00:00:00+00:00 [queued]>
[2023-11-26 18:00:52,388] {taskinstance.py:1159} INFO - Dependencies all met for <TaskInstance: data_covid_etl.print_hello_world scheduled__2023-11-22T00:00:00+00:00 [queued]>
[2023-11-26 18:00:52,389] {taskinstance.py:1356} INFO - 
--------------------------------------------------------------------------------
[2023-11-26 18:00:52,389] {taskinstance.py:1357} INFO - Starting attempt 1 of 6
[2023-11-26 18:00:52,389] {taskinstance.py:1358} INFO - 
--------------------------------------------------------------------------------
[2023-11-26 18:00:52,410] {taskinstance.py:1377} INFO - Executing <Task(BashOperator): print_hello_world> on 2023-11-22 00:00:00+00:00
[2023-11-26 18:00:52,417] {standard_task_runner.py:52} INFO - Started process 889 to run task
[2023-11-26 18:00:52,427] {standard_task_runner.py:79} INFO - Running: ['***', 'tasks', 'run', 'data_covid_etl', 'print_hello_world', 'scheduled__2023-11-22T00:00:00+00:00', '--job-id', '148', '--raw', '--subdir', 'DAGS_FOLDER/get_data.py', '--cfg-path', '/tmp/tmpytm1a0e_', '--error-file', '/tmp/tmp35mj3giu']
[2023-11-26 18:00:52,431] {standard_task_runner.py:80} INFO - Job 148: Subtask print_hello_world
[2023-11-26 18:00:52,517] {task_command.py:369} INFO - Running <TaskInstance: data_covid_etl.print_hello_world scheduled__2023-11-22T00:00:00+00:00 [running]> on host 79a606f4be36
[2023-11-26 18:00:52,669] {taskinstance.py:1571} INFO - Exporting the following env vars:
AIRFLOW_CTX_DAG_OWNER=oce
AIRFLOW_CTX_DAG_ID=data_covid_etl
AIRFLOW_CTX_TASK_ID=print_hello_world
AIRFLOW_CTX_EXECUTION_DATE=2023-11-22T00:00:00+00:00
AIRFLOW_CTX_TRY_NUMBER=1
AIRFLOW_CTX_DAG_RUN_ID=scheduled__2023-11-22T00:00:00+00:00
[2023-11-26 18:00:52,670] {subprocess.py:62} INFO - Tmp dir root location: 
 /tmp
[2023-11-26 18:00:52,671] {subprocess.py:74} INFO - Running command: ['bash', '-c', 'echo "HelloWorld!"']
[2023-11-26 18:00:52,705] {subprocess.py:85} INFO - Output:
[2023-11-26 18:00:52,707] {subprocess.py:92} INFO - HelloWorld!
[2023-11-26 18:00:52,707] {subprocess.py:96} INFO - Command exited with return code 0
[2023-11-26 18:00:52,747] {taskinstance.py:1400} INFO - Marking task as SUCCESS. dag_id=data_covid_etl, task_id=print_hello_world, execution_date=20231122T000000, start_date=20231126T180052, end_date=20231126T180052
[2023-11-26 18:00:52,796] {local_task_job.py:156} INFO - Task exited with return code 0
[2023-11-26 18:00:52,890] {local_task_job.py:273} INFO - 1 downstream tasks scheduled from follow-on schedule check
[2023-11-26 18:02:39,828] {taskinstance.py:1159} INFO - Dependencies all met for <TaskInstance: data_covid_etl.print_hello_world scheduled__2023-11-22T00:00:00+00:00 [queued]>
[2023-11-26 18:02:39,849] {taskinstance.py:1159} INFO - Dependencies all met for <TaskInstance: data_covid_etl.print_hello_world scheduled__2023-11-22T00:00:00+00:00 [queued]>
[2023-11-26 18:02:39,849] {taskinstance.py:1356} INFO - 
--------------------------------------------------------------------------------
[2023-11-26 18:02:39,849] {taskinstance.py:1357} INFO - Starting attempt 1 of 4
[2023-11-26 18:02:39,849] {taskinstance.py:1358} INFO - 
--------------------------------------------------------------------------------
[2023-11-26 18:02:39,876] {taskinstance.py:1377} INFO - Executing <Task(BashOperator): print_hello_world> on 2023-11-22 00:00:00+00:00
[2023-11-26 18:02:39,885] {standard_task_runner.py:52} INFO - Started process 995 to run task
[2023-11-26 18:02:39,906] {standard_task_runner.py:79} INFO - Running: ['***', 'tasks', 'run', 'data_covid_etl', 'print_hello_world', 'scheduled__2023-11-22T00:00:00+00:00', '--job-id', '166', '--raw', '--subdir', 'DAGS_FOLDER/get_data.py', '--cfg-path', '/tmp/tmpty82mx4c', '--error-file', '/tmp/tmpsvctkc7w']
[2023-11-26 18:02:39,909] {standard_task_runner.py:80} INFO - Job 166: Subtask print_hello_world
[2023-11-26 18:02:40,007] {task_command.py:369} INFO - Running <TaskInstance: data_covid_etl.print_hello_world scheduled__2023-11-22T00:00:00+00:00 [running]> on host 79a606f4be36
[2023-11-26 18:02:40,137] {taskinstance.py:1571} INFO - Exporting the following env vars:
AIRFLOW_CTX_DAG_OWNER=oce
AIRFLOW_CTX_DAG_ID=data_covid_etl
AIRFLOW_CTX_TASK_ID=print_hello_world
AIRFLOW_CTX_EXECUTION_DATE=2023-11-22T00:00:00+00:00
AIRFLOW_CTX_TRY_NUMBER=1
AIRFLOW_CTX_DAG_RUN_ID=scheduled__2023-11-22T00:00:00+00:00
[2023-11-26 18:02:40,138] {subprocess.py:62} INFO - Tmp dir root location: 
 /tmp
[2023-11-26 18:02:40,138] {subprocess.py:74} INFO - Running command: ['bash', '-c', 'echo "HelloWorld!"']
[2023-11-26 18:02:40,171] {subprocess.py:85} INFO - Output:
[2023-11-26 18:02:40,172] {subprocess.py:92} INFO - HelloWorld!
[2023-11-26 18:02:40,173] {subprocess.py:96} INFO - Command exited with return code 0
[2023-11-26 18:02:40,283] {taskinstance.py:1400} INFO - Marking task as SUCCESS. dag_id=data_covid_etl, task_id=print_hello_world, execution_date=20231122T000000, start_date=20231126T180239, end_date=20231126T180240
[2023-11-26 18:02:40,323] {local_task_job.py:156} INFO - Task exited with return code 0
[2023-11-26 18:02:40,412] {local_task_job.py:273} INFO - 1 downstream tasks scheduled from follow-on schedule check
[2023-11-26 18:05:33,005] {taskinstance.py:1159} INFO - Dependencies all met for <TaskInstance: data_covid_etl.print_hello_world scheduled__2023-11-22T00:00:00+00:00 [queued]>
[2023-11-26 18:05:33,027] {taskinstance.py:1159} INFO - Dependencies all met for <TaskInstance: data_covid_etl.print_hello_world scheduled__2023-11-22T00:00:00+00:00 [queued]>
[2023-11-26 18:05:33,028] {taskinstance.py:1356} INFO - 
--------------------------------------------------------------------------------
[2023-11-26 18:05:33,028] {taskinstance.py:1357} INFO - Starting attempt 1 of 3
[2023-11-26 18:05:33,028] {taskinstance.py:1358} INFO - 
--------------------------------------------------------------------------------
[2023-11-26 18:05:33,046] {taskinstance.py:1377} INFO - Executing <Task(BashOperator): print_hello_world> on 2023-11-22 00:00:00+00:00
[2023-11-26 18:05:33,055] {standard_task_runner.py:52} INFO - Started process 1124 to run task
[2023-11-26 18:05:33,068] {standard_task_runner.py:79} INFO - Running: ['***', 'tasks', 'run', 'data_covid_etl', 'print_hello_world', 'scheduled__2023-11-22T00:00:00+00:00', '--job-id', '183', '--raw', '--subdir', 'DAGS_FOLDER/get_data.py', '--cfg-path', '/tmp/tmpvja6r7gt', '--error-file', '/tmp/tmpcujlxcrx']
[2023-11-26 18:05:33,070] {standard_task_runner.py:80} INFO - Job 183: Subtask print_hello_world
[2023-11-26 18:05:33,167] {task_command.py:369} INFO - Running <TaskInstance: data_covid_etl.print_hello_world scheduled__2023-11-22T00:00:00+00:00 [running]> on host 79a606f4be36
[2023-11-26 18:05:33,297] {taskinstance.py:1571} INFO - Exporting the following env vars:
AIRFLOW_CTX_DAG_OWNER=oce
AIRFLOW_CTX_DAG_ID=data_covid_etl
AIRFLOW_CTX_TASK_ID=print_hello_world
AIRFLOW_CTX_EXECUTION_DATE=2023-11-22T00:00:00+00:00
AIRFLOW_CTX_TRY_NUMBER=1
AIRFLOW_CTX_DAG_RUN_ID=scheduled__2023-11-22T00:00:00+00:00
[2023-11-26 18:05:33,298] {subprocess.py:62} INFO - Tmp dir root location: 
 /tmp
[2023-11-26 18:05:33,298] {subprocess.py:74} INFO - Running command: ['bash', '-c', 'echo "HelloWorld!"']
[2023-11-26 18:05:33,309] {subprocess.py:85} INFO - Output:
[2023-11-26 18:05:33,311] {subprocess.py:92} INFO - HelloWorld!
[2023-11-26 18:05:33,312] {subprocess.py:96} INFO - Command exited with return code 0
[2023-11-26 18:05:33,405] {taskinstance.py:1400} INFO - Marking task as SUCCESS. dag_id=data_covid_etl, task_id=print_hello_world, execution_date=20231122T000000, start_date=20231126T180533, end_date=20231126T180533
[2023-11-26 18:05:33,434] {local_task_job.py:156} INFO - Task exited with return code 0
[2023-11-26 18:05:33,511] {local_task_job.py:273} INFO - 1 downstream tasks scheduled from follow-on schedule check
[2023-11-26 18:08:45,100] {taskinstance.py:1159} INFO - Dependencies all met for <TaskInstance: data_covid_etl.print_hello_world scheduled__2023-11-22T00:00:00+00:00 [queued]>
[2023-11-26 18:08:45,116] {taskinstance.py:1159} INFO - Dependencies all met for <TaskInstance: data_covid_etl.print_hello_world scheduled__2023-11-22T00:00:00+00:00 [queued]>
[2023-11-26 18:08:45,116] {taskinstance.py:1356} INFO - 
--------------------------------------------------------------------------------
[2023-11-26 18:08:45,117] {taskinstance.py:1357} INFO - Starting attempt 1 of 3
[2023-11-26 18:08:45,117] {taskinstance.py:1358} INFO - 
--------------------------------------------------------------------------------
[2023-11-26 18:08:45,133] {taskinstance.py:1377} INFO - Executing <Task(BashOperator): print_hello_world> on 2023-11-22 00:00:00+00:00
[2023-11-26 18:08:45,138] {standard_task_runner.py:52} INFO - Started process 1299 to run task
[2023-11-26 18:08:45,151] {standard_task_runner.py:79} INFO - Running: ['***', 'tasks', 'run', 'data_covid_etl', 'print_hello_world', 'scheduled__2023-11-22T00:00:00+00:00', '--job-id', '213', '--raw', '--subdir', 'DAGS_FOLDER/get_data.py', '--cfg-path', '/tmp/tmp3sg0kmxo', '--error-file', '/tmp/tmp82iwf5vy']
[2023-11-26 18:08:45,151] {standard_task_runner.py:80} INFO - Job 213: Subtask print_hello_world
[2023-11-26 18:08:45,250] {task_command.py:369} INFO - Running <TaskInstance: data_covid_etl.print_hello_world scheduled__2023-11-22T00:00:00+00:00 [running]> on host 79a606f4be36
[2023-11-26 18:08:45,366] {taskinstance.py:1571} INFO - Exporting the following env vars:
AIRFLOW_CTX_DAG_OWNER=oce
AIRFLOW_CTX_DAG_ID=data_covid_etl
AIRFLOW_CTX_TASK_ID=print_hello_world
AIRFLOW_CTX_EXECUTION_DATE=2023-11-22T00:00:00+00:00
AIRFLOW_CTX_TRY_NUMBER=1
AIRFLOW_CTX_DAG_RUN_ID=scheduled__2023-11-22T00:00:00+00:00
[2023-11-26 18:08:45,367] {subprocess.py:62} INFO - Tmp dir root location: 
 /tmp
[2023-11-26 18:08:45,369] {subprocess.py:74} INFO - Running command: ['bash', '-c', 'echo "HelloWorld!"']
[2023-11-26 18:08:45,379] {subprocess.py:85} INFO - Output:
[2023-11-26 18:08:45,382] {subprocess.py:92} INFO - HelloWorld!
[2023-11-26 18:08:45,383] {subprocess.py:96} INFO - Command exited with return code 0
[2023-11-26 18:08:45,415] {taskinstance.py:1400} INFO - Marking task as SUCCESS. dag_id=data_covid_etl, task_id=print_hello_world, execution_date=20231122T000000, start_date=20231126T180845, end_date=20231126T180845
[2023-11-26 18:08:45,437] {local_task_job.py:156} INFO - Task exited with return code 0
[2023-11-26 18:08:45,479] {local_task_job.py:273} INFO - 1 downstream tasks scheduled from follow-on schedule check
[2023-11-26 18:15:22,753] {taskinstance.py:1159} INFO - Dependencies all met for <TaskInstance: data_covid_etl.print_hello_world scheduled__2023-11-22T00:00:00+00:00 [queued]>
[2023-11-26 18:15:22,772] {taskinstance.py:1159} INFO - Dependencies all met for <TaskInstance: data_covid_etl.print_hello_world scheduled__2023-11-22T00:00:00+00:00 [queued]>
[2023-11-26 18:15:22,772] {taskinstance.py:1356} INFO - 
--------------------------------------------------------------------------------
[2023-11-26 18:15:22,772] {taskinstance.py:1357} INFO - Starting attempt 1 of 3
[2023-11-26 18:15:22,772] {taskinstance.py:1358} INFO - 
--------------------------------------------------------------------------------
[2023-11-26 18:15:22,816] {taskinstance.py:1377} INFO - Executing <Task(BashOperator): print_hello_world> on 2023-11-22 00:00:00+00:00
[2023-11-26 18:15:22,821] {standard_task_runner.py:52} INFO - Started process 1602 to run task
[2023-11-26 18:15:22,850] {standard_task_runner.py:79} INFO - Running: ['***', 'tasks', 'run', 'data_covid_etl', 'print_hello_world', 'scheduled__2023-11-22T00:00:00+00:00', '--job-id', '255', '--raw', '--subdir', 'DAGS_FOLDER/get_data.py', '--cfg-path', '/tmp/tmp9ogrna2i', '--error-file', '/tmp/tmp6v11yvqt']
[2023-11-26 18:15:22,856] {standard_task_runner.py:80} INFO - Job 255: Subtask print_hello_world
[2023-11-26 18:15:22,967] {task_command.py:369} INFO - Running <TaskInstance: data_covid_etl.print_hello_world scheduled__2023-11-22T00:00:00+00:00 [running]> on host 79a606f4be36
[2023-11-26 18:15:23,111] {taskinstance.py:1571} INFO - Exporting the following env vars:
AIRFLOW_CTX_DAG_OWNER=oce
AIRFLOW_CTX_DAG_ID=data_covid_etl
AIRFLOW_CTX_TASK_ID=print_hello_world
AIRFLOW_CTX_EXECUTION_DATE=2023-11-22T00:00:00+00:00
AIRFLOW_CTX_TRY_NUMBER=1
AIRFLOW_CTX_DAG_RUN_ID=scheduled__2023-11-22T00:00:00+00:00
[2023-11-26 18:15:23,111] {subprocess.py:62} INFO - Tmp dir root location: 
 /tmp
[2023-11-26 18:15:23,112] {subprocess.py:74} INFO - Running command: ['bash', '-c', 'echo "HelloWorld!"']
[2023-11-26 18:15:23,125] {subprocess.py:85} INFO - Output:
[2023-11-26 18:15:23,129] {subprocess.py:92} INFO - HelloWorld!
[2023-11-26 18:15:23,129] {subprocess.py:96} INFO - Command exited with return code 0
[2023-11-26 18:15:23,170] {taskinstance.py:1400} INFO - Marking task as SUCCESS. dag_id=data_covid_etl, task_id=print_hello_world, execution_date=20231122T000000, start_date=20231126T181522, end_date=20231126T181523
[2023-11-26 18:15:23,219] {local_task_job.py:156} INFO - Task exited with return code 0
[2023-11-26 18:15:23,264] {local_task_job.py:273} INFO - 1 downstream tasks scheduled from follow-on schedule check
