[2023-11-27 09:46:22,967] {taskinstance.py:1159} INFO - Dependencies all met for <TaskInstance: final_project_data_covid_etl.create_fact_district_daily manual__2023-11-27T09:22:18.570735+00:00 [queued]>
[2023-11-27 09:46:22,976] {taskinstance.py:1159} INFO - Dependencies all met for <TaskInstance: final_project_data_covid_etl.create_fact_district_daily manual__2023-11-27T09:22:18.570735+00:00 [queued]>
[2023-11-27 09:46:22,976] {taskinstance.py:1356} INFO - 
--------------------------------------------------------------------------------
[2023-11-27 09:46:22,976] {taskinstance.py:1357} INFO - Starting attempt 7 of 9
[2023-11-27 09:46:22,976] {taskinstance.py:1358} INFO - 
--------------------------------------------------------------------------------
[2023-11-27 09:46:22,991] {taskinstance.py:1377} INFO - Executing <Task(PythonOperator): create_fact_district_daily> on 2023-11-27 09:22:18.570735+00:00
[2023-11-27 09:46:22,996] {standard_task_runner.py:52} INFO - Started process 1191 to run task
[2023-11-27 09:46:22,999] {standard_task_runner.py:79} INFO - Running: ['***', 'tasks', 'run', 'final_project_data_covid_etl', 'create_fact_district_daily', 'manual__2023-11-27T09:22:18.570735+00:00', '--job-id', '409', '--raw', '--subdir', 'DAGS_FOLDER/get_data.py', '--cfg-path', '/tmp/tmpjbmu0alr', '--error-file', '/tmp/tmpx454fxhk']
[2023-11-27 09:46:23,000] {standard_task_runner.py:80} INFO - Job 409: Subtask create_fact_district_daily
[2023-11-27 09:46:23,066] {task_command.py:369} INFO - Running <TaskInstance: final_project_data_covid_etl.create_fact_district_daily manual__2023-11-27T09:22:18.570735+00:00 [running]> on host f38c0c12695c
[2023-11-27 09:46:23,143] {taskinstance.py:1571} INFO - Exporting the following env vars:
AIRFLOW_CTX_DAG_OWNER=ricky
AIRFLOW_CTX_DAG_ID=final_project_data_covid_etl
AIRFLOW_CTX_TASK_ID=create_fact_district_daily
AIRFLOW_CTX_EXECUTION_DATE=2023-11-27T09:22:18.570735+00:00
AIRFLOW_CTX_TRY_NUMBER=7
AIRFLOW_CTX_DAG_RUN_ID=manual__2023-11-27T09:22:18.570735+00:00
[2023-11-27 09:46:23,144] {python.py:173} INFO - Done. Returned value was: None
[2023-11-27 09:46:23,155] {taskinstance.py:1400} INFO - Marking task as SUCCESS. dag_id=final_project_data_covid_etl, task_id=create_fact_district_daily, execution_date=20231127T092218, start_date=20231127T094622, end_date=20231127T094623
[2023-11-27 09:46:23,171] {local_task_job.py:156} INFO - Task exited with return code 0
[2023-11-27 09:46:23,207] {local_task_job.py:273} INFO - 1 downstream tasks scheduled from follow-on schedule check
