[2023-11-27 14:00:41,009] {taskinstance.py:1159} INFO - Dependencies all met for <TaskInstance: final_project_data_covid_etl.create_fact_district_daily manual__2023-11-27T09:22:18.570735+00:00 [queued]>
[2023-11-27 14:00:41,017] {taskinstance.py:1159} INFO - Dependencies all met for <TaskInstance: final_project_data_covid_etl.create_fact_district_daily manual__2023-11-27T09:22:18.570735+00:00 [queued]>
[2023-11-27 14:00:41,017] {taskinstance.py:1356} INFO - 
--------------------------------------------------------------------------------
[2023-11-27 14:00:41,018] {taskinstance.py:1357} INFO - Starting attempt 12 of 14
[2023-11-27 14:00:41,018] {taskinstance.py:1358} INFO - 
--------------------------------------------------------------------------------
[2023-11-27 14:00:41,031] {taskinstance.py:1377} INFO - Executing <Task(PythonOperator): create_fact_district_daily> on 2023-11-27 09:22:18.570735+00:00
[2023-11-27 14:00:41,035] {standard_task_runner.py:52} INFO - Started process 224 to run task
[2023-11-27 14:00:41,038] {standard_task_runner.py:79} INFO - Running: ['***', 'tasks', 'run', 'final_project_data_covid_etl', 'create_fact_district_daily', 'manual__2023-11-27T09:22:18.570735+00:00', '--job-id', '427', '--raw', '--subdir', 'DAGS_FOLDER/get_data.py', '--cfg-path', '/tmp/tmp_l5g8rjl', '--error-file', '/tmp/tmpfw5r_nso']
[2023-11-27 14:00:41,038] {standard_task_runner.py:80} INFO - Job 427: Subtask create_fact_district_daily
[2023-11-27 14:00:41,109] {task_command.py:369} INFO - Running <TaskInstance: final_project_data_covid_etl.create_fact_district_daily manual__2023-11-27T09:22:18.570735+00:00 [running]> on host 9bd194bc0dbc
[2023-11-27 14:00:41,179] {taskinstance.py:1571} INFO - Exporting the following env vars:
AIRFLOW_CTX_DAG_OWNER=ricky
AIRFLOW_CTX_DAG_ID=final_project_data_covid_etl
AIRFLOW_CTX_TASK_ID=create_fact_district_daily
AIRFLOW_CTX_EXECUTION_DATE=2023-11-27T09:22:18.570735+00:00
AIRFLOW_CTX_TRY_NUMBER=12
AIRFLOW_CTX_DAG_RUN_ID=manual__2023-11-27T09:22:18.570735+00:00
[2023-11-27 14:00:41,180] {python.py:173} INFO - Done. Returned value was: None
[2023-11-27 14:00:41,194] {taskinstance.py:1400} INFO - Marking task as SUCCESS. dag_id=final_project_data_covid_etl, task_id=create_fact_district_daily, execution_date=20231127T092218, start_date=20231127T140041, end_date=20231127T140041
[2023-11-27 14:00:41,209] {local_task_job.py:156} INFO - Task exited with return code 0
[2023-11-27 14:00:41,252] {local_task_job.py:273} INFO - 0 downstream tasks scheduled from follow-on schedule check
