[2023-11-27 14:33:31,776] {taskinstance.py:1159} INFO - Dependencies all met for <TaskInstance: final_project_data_covid_etl.create_fact_province_daily manual__2023-11-27T14:23:20.785587+00:00 [queued]>
[2023-11-27 14:33:31,785] {taskinstance.py:1159} INFO - Dependencies all met for <TaskInstance: final_project_data_covid_etl.create_fact_province_daily manual__2023-11-27T14:23:20.785587+00:00 [queued]>
[2023-11-27 14:33:31,785] {taskinstance.py:1356} INFO - 
--------------------------------------------------------------------------------
[2023-11-27 14:33:31,785] {taskinstance.py:1357} INFO - Starting attempt 1 of 3
[2023-11-27 14:33:31,785] {taskinstance.py:1358} INFO - 
--------------------------------------------------------------------------------
[2023-11-27 14:33:31,800] {taskinstance.py:1377} INFO - Executing <Task(PythonOperator): create_fact_province_daily> on 2023-11-27 14:23:20.785587+00:00
[2023-11-27 14:33:31,805] {standard_task_runner.py:52} INFO - Started process 1167 to run task
[2023-11-27 14:33:31,809] {standard_task_runner.py:79} INFO - Running: ['***', 'tasks', 'run', 'final_project_data_covid_etl', 'create_fact_province_daily', 'manual__2023-11-27T14:23:20.785587+00:00', '--job-id', '470', '--raw', '--subdir', 'DAGS_FOLDER/get_data.py', '--cfg-path', '/tmp/tmptlwx6421', '--error-file', '/tmp/tmp103k2z22']
[2023-11-27 14:33:31,810] {standard_task_runner.py:80} INFO - Job 470: Subtask create_fact_province_daily
[2023-11-27 14:33:31,866] {task_command.py:369} INFO - Running <TaskInstance: final_project_data_covid_etl.create_fact_province_daily manual__2023-11-27T14:23:20.785587+00:00 [running]> on host 9bd194bc0dbc
[2023-11-27 14:33:31,951] {taskinstance.py:1571} INFO - Exporting the following env vars:
AIRFLOW_CTX_DAG_OWNER=ricky
AIRFLOW_CTX_DAG_ID=final_project_data_covid_etl
AIRFLOW_CTX_TASK_ID=create_fact_province_daily
AIRFLOW_CTX_EXECUTION_DATE=2023-11-27T14:23:20.785587+00:00
AIRFLOW_CTX_TRY_NUMBER=1
AIRFLOW_CTX_DAG_RUN_ID=manual__2023-11-27T14:23:20.785587+00:00
[2023-11-27 14:33:31,952] {python.py:173} INFO - Done. Returned value was: None
[2023-11-27 14:33:31,974] {taskinstance.py:1400} INFO - Marking task as SUCCESS. dag_id=final_project_data_covid_etl, task_id=create_fact_province_daily, execution_date=20231127T142320, start_date=20231127T143331, end_date=20231127T143331
[2023-11-27 14:33:32,020] {local_task_job.py:156} INFO - Task exited with return code 0
[2023-11-27 14:33:32,050] {local_task_job.py:273} INFO - 0 downstream tasks scheduled from follow-on schedule check
