[2023-11-27 09:13:51,199] {taskinstance.py:1159} INFO - Dependencies all met for <TaskInstance: final_project_data_covid_etl.insert_data_staging manual__2023-11-27T09:13:48.667181+00:00 [queued]>
[2023-11-27 09:13:51,207] {taskinstance.py:1159} INFO - Dependencies all met for <TaskInstance: final_project_data_covid_etl.insert_data_staging manual__2023-11-27T09:13:48.667181+00:00 [queued]>
[2023-11-27 09:13:51,207] {taskinstance.py:1356} INFO - 
--------------------------------------------------------------------------------
[2023-11-27 09:13:51,207] {taskinstance.py:1357} INFO - Starting attempt 1 of 3
[2023-11-27 09:13:51,207] {taskinstance.py:1358} INFO - 
--------------------------------------------------------------------------------
[2023-11-27 09:13:51,221] {taskinstance.py:1377} INFO - Executing <Task(PythonOperator): insert_data_staging> on 2023-11-27 09:13:48.667181+00:00
[2023-11-27 09:13:51,226] {standard_task_runner.py:52} INFO - Started process 247 to run task
[2023-11-27 09:13:51,229] {standard_task_runner.py:79} INFO - Running: ['***', 'tasks', 'run', 'final_project_data_covid_etl', 'insert_data_staging', 'manual__2023-11-27T09:13:48.667181+00:00', '--job-id', '361', '--raw', '--subdir', 'DAGS_FOLDER/get_data.py', '--cfg-path', '/tmp/tmpqnd05s8_', '--error-file', '/tmp/tmp_5ol59sd']
[2023-11-27 09:13:51,229] {standard_task_runner.py:80} INFO - Job 361: Subtask insert_data_staging
[2023-11-27 09:13:51,278] {task_command.py:369} INFO - Running <TaskInstance: final_project_data_covid_etl.insert_data_staging manual__2023-11-27T09:13:48.667181+00:00 [running]> on host f38c0c12695c
[2023-11-27 09:13:51,345] {taskinstance.py:1571} INFO - Exporting the following env vars:
AIRFLOW_CTX_DAG_OWNER=ricky
AIRFLOW_CTX_DAG_ID=final_project_data_covid_etl
AIRFLOW_CTX_TASK_ID=insert_data_staging
AIRFLOW_CTX_EXECUTION_DATE=2023-11-27T09:13:48.667181+00:00
AIRFLOW_CTX_TRY_NUMBER=1
AIRFLOW_CTX_DAG_RUN_ID=manual__2023-11-27T09:13:48.667181+00:00
[2023-11-27 09:13:52,447] {python.py:173} INFO - Done. Returned value was: None
[2023-11-27 09:13:52,461] {taskinstance.py:1400} INFO - Marking task as SUCCESS. dag_id=final_project_data_covid_etl, task_id=insert_data_staging, execution_date=20231127T091348, start_date=20231127T091351, end_date=20231127T091352
[2023-11-27 09:13:52,489] {local_task_job.py:156} INFO - Task exited with return code 0
[2023-11-27 09:13:52,537] {local_task_job.py:273} INFO - 1 downstream tasks scheduled from follow-on schedule check
