[2023-11-26 18:25:23,876] {taskinstance.py:1159} INFO - Dependencies all met for <TaskInstance: final_project_data_covid_etl.create_fact_province_daily manual__2023-11-26T18:25:14.820180+00:00 [queued]>
[2023-11-26 18:25:23,886] {taskinstance.py:1159} INFO - Dependencies all met for <TaskInstance: final_project_data_covid_etl.create_fact_province_daily manual__2023-11-26T18:25:14.820180+00:00 [queued]>
[2023-11-26 18:25:23,886] {taskinstance.py:1356} INFO - 
--------------------------------------------------------------------------------
[2023-11-26 18:25:23,886] {taskinstance.py:1357} INFO - Starting attempt 1 of 3
[2023-11-26 18:25:23,886] {taskinstance.py:1358} INFO - 
--------------------------------------------------------------------------------
[2023-11-26 18:25:23,902] {taskinstance.py:1377} INFO - Executing <Task(PythonOperator): create_fact_province_daily> on 2023-11-26 18:25:14.820180+00:00
[2023-11-26 18:25:23,907] {standard_task_runner.py:52} INFO - Started process 1994 to run task
[2023-11-26 18:25:23,910] {standard_task_runner.py:79} INFO - Running: ['***', 'tasks', 'run', 'final_project_data_covid_etl', 'create_fact_province_daily', 'manual__2023-11-26T18:25:14.820180+00:00', '--job-id', '302', '--raw', '--subdir', 'DAGS_FOLDER/get_data.py', '--cfg-path', '/tmp/tmpjyq2mw4j', '--error-file', '/tmp/tmpch355yve']
[2023-11-26 18:25:23,911] {standard_task_runner.py:80} INFO - Job 302: Subtask create_fact_province_daily
[2023-11-26 18:25:23,986] {task_command.py:369} INFO - Running <TaskInstance: final_project_data_covid_etl.create_fact_province_daily manual__2023-11-26T18:25:14.820180+00:00 [running]> on host 79a606f4be36
[2023-11-26 18:25:24,059] {taskinstance.py:1571} INFO - Exporting the following env vars:
AIRFLOW_CTX_DAG_OWNER=oce
AIRFLOW_CTX_DAG_ID=final_project_data_covid_etl
AIRFLOW_CTX_TASK_ID=create_fact_province_daily
AIRFLOW_CTX_EXECUTION_DATE=2023-11-26T18:25:14.820180+00:00
AIRFLOW_CTX_TRY_NUMBER=1
AIRFLOW_CTX_DAG_RUN_ID=manual__2023-11-26T18:25:14.820180+00:00
[2023-11-26 18:25:24,060] {python.py:173} INFO - Done. Returned value was: None
[2023-11-26 18:25:24,072] {taskinstance.py:1400} INFO - Marking task as SUCCESS. dag_id=final_project_data_covid_etl, task_id=create_fact_province_daily, execution_date=20231126T182514, start_date=20231126T182523, end_date=20231126T182524
[2023-11-26 18:25:24,122] {local_task_job.py:156} INFO - Task exited with return code 0
[2023-11-26 18:25:24,171] {local_task_job.py:273} INFO - 0 downstream tasks scheduled from follow-on schedule check
