[2023-11-26 15:39:33,831] {taskinstance.py:1159} INFO - Dependencies all met for <TaskInstance: data_covid_etl.create_dim_district manual__2023-11-26T15:39:31.189138+00:00 [queued]>
[2023-11-26 15:39:33,925] {taskinstance.py:1159} INFO - Dependencies all met for <TaskInstance: data_covid_etl.create_dim_district manual__2023-11-26T15:39:31.189138+00:00 [queued]>
[2023-11-26 15:39:33,925] {taskinstance.py:1356} INFO - 
--------------------------------------------------------------------------------
[2023-11-26 15:39:33,925] {taskinstance.py:1357} INFO - Starting attempt 1 of 6
[2023-11-26 15:39:33,925] {taskinstance.py:1358} INFO - 
--------------------------------------------------------------------------------
[2023-11-26 15:39:34,002] {taskinstance.py:1377} INFO - Executing <Task(PythonOperator): create_dim_district> on 2023-11-26 15:39:31.189138+00:00
[2023-11-26 15:39:34,026] {standard_task_runner.py:52} INFO - Started process 2487 to run task
[2023-11-26 15:39:34,053] {standard_task_runner.py:79} INFO - Running: ['***', 'tasks', 'run', 'data_covid_etl', 'create_dim_district', 'manual__2023-11-26T15:39:31.189138+00:00', '--job-id', '34', '--raw', '--subdir', 'DAGS_FOLDER/get_data.py', '--cfg-path', '/tmp/tmpsizxz8sb', '--error-file', '/tmp/tmpkrj1zw_u']
[2023-11-26 15:39:34,053] {standard_task_runner.py:80} INFO - Job 34: Subtask create_dim_district
[2023-11-26 15:39:34,382] {task_command.py:369} INFO - Running <TaskInstance: data_covid_etl.create_dim_district manual__2023-11-26T15:39:31.189138+00:00 [running]> on host f384f2afcc4f
[2023-11-26 15:39:34,739] {taskinstance.py:1571} INFO - Exporting the following env vars:
AIRFLOW_CTX_DAG_OWNER=oce
AIRFLOW_CTX_DAG_ID=data_covid_etl
AIRFLOW_CTX_TASK_ID=create_dim_district
AIRFLOW_CTX_EXECUTION_DATE=2023-11-26T15:39:31.189138+00:00
AIRFLOW_CTX_TRY_NUMBER=1
AIRFLOW_CTX_DAG_RUN_ID=manual__2023-11-26T15:39:31.189138+00:00
[2023-11-26 15:39:34,740] {python.py:173} INFO - Done. Returned value was: None
[2023-11-26 15:39:34,785] {taskinstance.py:1400} INFO - Marking task as SUCCESS. dag_id=data_covid_etl, task_id=create_dim_district, execution_date=20231126T153931, start_date=20231126T153933, end_date=20231126T153934
[2023-11-26 15:39:34,842] {local_task_job.py:156} INFO - Task exited with return code 0
[2023-11-26 15:39:34,968] {local_task_job.py:273} INFO - 0 downstream tasks scheduled from follow-on schedule check
