[2023-11-27 14:23:22,969] {taskinstance.py:1159} INFO - Dependencies all met for <TaskInstance: final_project_data_covid_etl.insert_data_staging manual__2023-11-27T14:23:20.785587+00:00 [queued]>
[2023-11-27 14:23:22,979] {taskinstance.py:1159} INFO - Dependencies all met for <TaskInstance: final_project_data_covid_etl.insert_data_staging manual__2023-11-27T14:23:20.785587+00:00 [queued]>
[2023-11-27 14:23:22,979] {taskinstance.py:1356} INFO - 
--------------------------------------------------------------------------------
[2023-11-27 14:23:22,979] {taskinstance.py:1357} INFO - Starting attempt 1 of 3
[2023-11-27 14:23:22,979] {taskinstance.py:1358} INFO - 
--------------------------------------------------------------------------------
[2023-11-27 14:23:22,994] {taskinstance.py:1377} INFO - Executing <Task(PythonOperator): insert_data_staging> on 2023-11-27 14:23:20.785587+00:00
[2023-11-27 14:23:22,999] {standard_task_runner.py:52} INFO - Started process 879 to run task
[2023-11-27 14:23:23,003] {standard_task_runner.py:79} INFO - Running: ['***', 'tasks', 'run', 'final_project_data_covid_etl', 'insert_data_staging', 'manual__2023-11-27T14:23:20.785587+00:00', '--job-id', '456', '--raw', '--subdir', 'DAGS_FOLDER/get_data.py', '--cfg-path', '/tmp/tmpanlfim1f', '--error-file', '/tmp/tmpp8v96sjk']
[2023-11-27 14:23:23,004] {standard_task_runner.py:80} INFO - Job 456: Subtask insert_data_staging
[2023-11-27 14:23:23,056] {task_command.py:369} INFO - Running <TaskInstance: final_project_data_covid_etl.insert_data_staging manual__2023-11-27T14:23:20.785587+00:00 [running]> on host 9bd194bc0dbc
[2023-11-27 14:23:23,122] {taskinstance.py:1571} INFO - Exporting the following env vars:
AIRFLOW_CTX_DAG_OWNER=ricky
AIRFLOW_CTX_DAG_ID=final_project_data_covid_etl
AIRFLOW_CTX_TASK_ID=insert_data_staging
AIRFLOW_CTX_EXECUTION_DATE=2023-11-27T14:23:20.785587+00:00
AIRFLOW_CTX_TRY_NUMBER=1
AIRFLOW_CTX_DAG_RUN_ID=manual__2023-11-27T14:23:20.785587+00:00
[2023-11-27 14:23:24,011] {python.py:173} INFO - Done. Returned value was: None
[2023-11-27 14:23:24,023] {taskinstance.py:1400} INFO - Marking task as SUCCESS. dag_id=final_project_data_covid_etl, task_id=insert_data_staging, execution_date=20231127T142320, start_date=20231127T142322, end_date=20231127T142324
[2023-11-27 14:23:24,059] {local_task_job.py:156} INFO - Task exited with return code 0
[2023-11-27 14:23:24,104] {local_task_job.py:273} INFO - 1 downstream tasks scheduled from follow-on schedule check
