[2023-11-27 09:22:20,875] {taskinstance.py:1159} INFO - Dependencies all met for <TaskInstance: final_project_data_covid_etl.insert_data_staging manual__2023-11-27T09:22:18.570735+00:00 [queued]>
[2023-11-27 09:22:20,886] {taskinstance.py:1159} INFO - Dependencies all met for <TaskInstance: final_project_data_covid_etl.insert_data_staging manual__2023-11-27T09:22:18.570735+00:00 [queued]>
[2023-11-27 09:22:20,886] {taskinstance.py:1356} INFO - 
--------------------------------------------------------------------------------
[2023-11-27 09:22:20,886] {taskinstance.py:1357} INFO - Starting attempt 1 of 3
[2023-11-27 09:22:20,886] {taskinstance.py:1358} INFO - 
--------------------------------------------------------------------------------
[2023-11-27 09:22:20,906] {taskinstance.py:1377} INFO - Executing <Task(PythonOperator): insert_data_staging> on 2023-11-27 09:22:18.570735+00:00
[2023-11-27 09:22:20,911] {standard_task_runner.py:52} INFO - Started process 500 to run task
[2023-11-27 09:22:20,916] {standard_task_runner.py:79} INFO - Running: ['***', 'tasks', 'run', 'final_project_data_covid_etl', 'insert_data_staging', 'manual__2023-11-27T09:22:18.570735+00:00', '--job-id', '376', '--raw', '--subdir', 'DAGS_FOLDER/get_data.py', '--cfg-path', '/tmp/tmpkq5aa2yh', '--error-file', '/tmp/tmpx7rcbjo4']
[2023-11-27 09:22:20,917] {standard_task_runner.py:80} INFO - Job 376: Subtask insert_data_staging
[2023-11-27 09:22:20,976] {task_command.py:369} INFO - Running <TaskInstance: final_project_data_covid_etl.insert_data_staging manual__2023-11-27T09:22:18.570735+00:00 [running]> on host f38c0c12695c
[2023-11-27 09:22:21,061] {taskinstance.py:1571} INFO - Exporting the following env vars:
AIRFLOW_CTX_DAG_OWNER=ricky
AIRFLOW_CTX_DAG_ID=final_project_data_covid_etl
AIRFLOW_CTX_TASK_ID=insert_data_staging
AIRFLOW_CTX_EXECUTION_DATE=2023-11-27T09:22:18.570735+00:00
AIRFLOW_CTX_TRY_NUMBER=1
AIRFLOW_CTX_DAG_RUN_ID=manual__2023-11-27T09:22:18.570735+00:00
[2023-11-27 09:22:21,960] {python.py:173} INFO - Done. Returned value was: None
[2023-11-27 09:22:21,972] {taskinstance.py:1400} INFO - Marking task as SUCCESS. dag_id=final_project_data_covid_etl, task_id=insert_data_staging, execution_date=20231127T092218, start_date=20231127T092220, end_date=20231127T092221
[2023-11-27 09:22:22,013] {local_task_job.py:156} INFO - Task exited with return code 0
[2023-11-27 09:22:22,063] {local_task_job.py:273} INFO - 0 downstream tasks scheduled from follow-on schedule check
