[2023-11-26 15:39:33,500] {taskinstance.py:1159} INFO - Dependencies all met for <TaskInstance: data_covid_etl.create_dim_case manual__2023-11-26T15:39:31.189138+00:00 [queued]>
[2023-11-26 15:39:33,530] {taskinstance.py:1159} INFO - Dependencies all met for <TaskInstance: data_covid_etl.create_dim_case manual__2023-11-26T15:39:31.189138+00:00 [queued]>
[2023-11-26 15:39:33,530] {taskinstance.py:1356} INFO - 
--------------------------------------------------------------------------------
[2023-11-26 15:39:33,530] {taskinstance.py:1357} INFO - Starting attempt 1 of 6
[2023-11-26 15:39:33,530] {taskinstance.py:1358} INFO - 
--------------------------------------------------------------------------------
[2023-11-26 15:39:33,579] {taskinstance.py:1377} INFO - Executing <Task(PythonOperator): create_dim_case> on 2023-11-26 15:39:31.189138+00:00
[2023-11-26 15:39:33,598] {standard_task_runner.py:52} INFO - Started process 2478 to run task
[2023-11-26 15:39:33,618] {standard_task_runner.py:79} INFO - Running: ['***', 'tasks', 'run', 'data_covid_etl', 'create_dim_case', 'manual__2023-11-26T15:39:31.189138+00:00', '--job-id', '28', '--raw', '--subdir', 'DAGS_FOLDER/get_data.py', '--cfg-path', '/tmp/tmprhrsz6p1', '--error-file', '/tmp/tmpa47ziggr']
[2023-11-26 15:39:33,618] {standard_task_runner.py:80} INFO - Job 28: Subtask create_dim_case
[2023-11-26 15:39:33,777] {task_command.py:369} INFO - Running <TaskInstance: data_covid_etl.create_dim_case manual__2023-11-26T15:39:31.189138+00:00 [running]> on host f384f2afcc4f
[2023-11-26 15:39:34,057] {taskinstance.py:1571} INFO - Exporting the following env vars:
AIRFLOW_CTX_DAG_OWNER=oce
AIRFLOW_CTX_DAG_ID=data_covid_etl
AIRFLOW_CTX_TASK_ID=create_dim_case
AIRFLOW_CTX_EXECUTION_DATE=2023-11-26T15:39:31.189138+00:00
AIRFLOW_CTX_TRY_NUMBER=1
AIRFLOW_CTX_DAG_RUN_ID=manual__2023-11-26T15:39:31.189138+00:00
[2023-11-26 15:39:34,058] {python.py:173} INFO - Done. Returned value was: None
[2023-11-26 15:39:34,204] {taskinstance.py:1400} INFO - Marking task as SUCCESS. dag_id=data_covid_etl, task_id=create_dim_case, execution_date=20231126T153931, start_date=20231126T153933, end_date=20231126T153934
[2023-11-26 15:39:34,277] {local_task_job.py:156} INFO - Task exited with return code 0
[2023-11-26 15:39:34,404] {local_task_job.py:273} INFO - 0 downstream tasks scheduled from follow-on schedule check
