[2023-11-26 18:25:17,646] {taskinstance.py:1159} INFO - Dependencies all met for <TaskInstance: final_project_data_covid_etl.insert_data_staging manual__2023-11-26T18:25:14.820180+00:00 [queued]>
[2023-11-26 18:25:17,656] {taskinstance.py:1159} INFO - Dependencies all met for <TaskInstance: final_project_data_covid_etl.insert_data_staging manual__2023-11-26T18:25:14.820180+00:00 [queued]>
[2023-11-26 18:25:17,656] {taskinstance.py:1356} INFO - 
--------------------------------------------------------------------------------
[2023-11-26 18:25:17,657] {taskinstance.py:1357} INFO - Starting attempt 1 of 3
[2023-11-26 18:25:17,657] {taskinstance.py:1358} INFO - 
--------------------------------------------------------------------------------
[2023-11-26 18:25:17,673] {taskinstance.py:1377} INFO - Executing <Task(PythonOperator): insert_data_staging> on 2023-11-26 18:25:14.820180+00:00
[2023-11-26 18:25:17,679] {standard_task_runner.py:52} INFO - Started process 1979 to run task
[2023-11-26 18:25:17,683] {standard_task_runner.py:79} INFO - Running: ['***', 'tasks', 'run', 'final_project_data_covid_etl', 'insert_data_staging', 'manual__2023-11-26T18:25:14.820180+00:00', '--job-id', '296', '--raw', '--subdir', 'DAGS_FOLDER/get_data.py', '--cfg-path', '/tmp/tmpgs57d_5l', '--error-file', '/tmp/tmpun4_di33']
[2023-11-26 18:25:17,684] {standard_task_runner.py:80} INFO - Job 296: Subtask insert_data_staging
[2023-11-26 18:25:17,732] {task_command.py:369} INFO - Running <TaskInstance: final_project_data_covid_etl.insert_data_staging manual__2023-11-26T18:25:14.820180+00:00 [running]> on host 79a606f4be36
[2023-11-26 18:25:17,797] {taskinstance.py:1571} INFO - Exporting the following env vars:
AIRFLOW_CTX_DAG_OWNER=oce
AIRFLOW_CTX_DAG_ID=final_project_data_covid_etl
AIRFLOW_CTX_TASK_ID=insert_data_staging
AIRFLOW_CTX_EXECUTION_DATE=2023-11-26T18:25:14.820180+00:00
AIRFLOW_CTX_TRY_NUMBER=1
AIRFLOW_CTX_DAG_RUN_ID=manual__2023-11-26T18:25:14.820180+00:00
[2023-11-26 18:25:18,295] {python.py:173} INFO - Done. Returned value was: None
[2023-11-26 18:25:18,316] {taskinstance.py:1400} INFO - Marking task as SUCCESS. dag_id=final_project_data_covid_etl, task_id=insert_data_staging, execution_date=20231126T182514, start_date=20231126T182517, end_date=20231126T182518
[2023-11-26 18:25:18,378] {local_task_job.py:156} INFO - Task exited with return code 0
[2023-11-26 18:25:18,436] {local_task_job.py:273} INFO - 0 downstream tasks scheduled from follow-on schedule check
