[2023-11-26 15:39:37,606] {taskinstance.py:1159} INFO - Dependencies all met for <TaskInstance: data_covid_etl.create_dim_case scheduled__2023-11-23T00:00:00+00:00 [queued]>
[2023-11-26 15:39:37,635] {taskinstance.py:1159} INFO - Dependencies all met for <TaskInstance: data_covid_etl.create_dim_case scheduled__2023-11-23T00:00:00+00:00 [queued]>
[2023-11-26 15:39:37,635] {taskinstance.py:1356} INFO - 
--------------------------------------------------------------------------------
[2023-11-26 15:39:37,639] {taskinstance.py:1357} INFO - Starting attempt 1 of 6
[2023-11-26 15:39:37,639] {taskinstance.py:1358} INFO - 
--------------------------------------------------------------------------------
[2023-11-26 15:39:37,686] {taskinstance.py:1377} INFO - Executing <Task(PythonOperator): create_dim_case> on 2023-11-23 00:00:00+00:00
[2023-11-26 15:39:37,714] {standard_task_runner.py:52} INFO - Started process 2544 to run task
[2023-11-26 15:39:37,719] {standard_task_runner.py:79} INFO - Running: ['***', 'tasks', 'run', 'data_covid_etl', 'create_dim_case', 'scheduled__2023-11-23T00:00:00+00:00', '--job-id', '55', '--raw', '--subdir', 'DAGS_FOLDER/get_data.py', '--cfg-path', '/tmp/tmp05r7dzd0', '--error-file', '/tmp/tmp3mb3_wkv']
[2023-11-26 15:39:37,722] {standard_task_runner.py:80} INFO - Job 55: Subtask create_dim_case
[2023-11-26 15:39:37,854] {task_command.py:369} INFO - Running <TaskInstance: data_covid_etl.create_dim_case scheduled__2023-11-23T00:00:00+00:00 [running]> on host f384f2afcc4f
[2023-11-26 15:39:38,003] {taskinstance.py:1571} INFO - Exporting the following env vars:
AIRFLOW_CTX_DAG_OWNER=oce
AIRFLOW_CTX_DAG_ID=data_covid_etl
AIRFLOW_CTX_TASK_ID=create_dim_case
AIRFLOW_CTX_EXECUTION_DATE=2023-11-23T00:00:00+00:00
AIRFLOW_CTX_TRY_NUMBER=1
AIRFLOW_CTX_DAG_RUN_ID=scheduled__2023-11-23T00:00:00+00:00
[2023-11-26 15:39:38,003] {python.py:173} INFO - Done. Returned value was: None
[2023-11-26 15:39:38,026] {taskinstance.py:1400} INFO - Marking task as SUCCESS. dag_id=data_covid_etl, task_id=create_dim_case, execution_date=20231123T000000, start_date=20231126T153937, end_date=20231126T153938
[2023-11-26 15:39:38,059] {local_task_job.py:156} INFO - Task exited with return code 0
[2023-11-26 15:39:38,112] {local_task_job.py:273} INFO - 0 downstream tasks scheduled from follow-on schedule check
[2023-11-26 17:57:13,016] {taskinstance.py:1153} INFO - Dependencies not met for <TaskInstance: data_covid_etl.create_dim_case scheduled__2023-11-23T00:00:00+00:00 [queued]>, dependency 'Trigger Rule' FAILED: Task's trigger rule 'all_success' requires all upstream tasks to have succeeded, but found 1 non-success(es). upstream_tasks_state={'total': 1, 'successes': 0, 'skipped': 0, 'failed': 0, 'upstream_failed': 0, 'done': 0}, upstream_task_ids={'create_dim_district'}
[2023-11-26 17:57:13,023] {local_task_job.py:101} INFO - Task is not able to be run
[2023-11-26 18:13:53,007] {taskinstance.py:1159} INFO - Dependencies all met for <TaskInstance: data_covid_etl.create_dim_case scheduled__2023-11-23T00:00:00+00:00 [queued]>
[2023-11-26 18:13:53,020] {taskinstance.py:1159} INFO - Dependencies all met for <TaskInstance: data_covid_etl.create_dim_case scheduled__2023-11-23T00:00:00+00:00 [queued]>
[2023-11-26 18:13:53,020] {taskinstance.py:1356} INFO - 
--------------------------------------------------------------------------------
[2023-11-26 18:13:53,020] {taskinstance.py:1357} INFO - Starting attempt 1 of 3
[2023-11-26 18:13:53,020] {taskinstance.py:1358} INFO - 
--------------------------------------------------------------------------------
[2023-11-26 18:13:53,034] {taskinstance.py:1377} INFO - Executing <Task(PythonOperator): create_dim_case> on 2023-11-23 00:00:00+00:00
[2023-11-26 18:13:53,039] {standard_task_runner.py:52} INFO - Started process 1529 to run task
[2023-11-26 18:13:53,041] {standard_task_runner.py:79} INFO - Running: ['***', 'tasks', 'run', 'data_covid_etl', 'create_dim_case', 'scheduled__2023-11-23T00:00:00+00:00', '--job-id', '243', '--raw', '--subdir', 'DAGS_FOLDER/get_data.py', '--cfg-path', '/tmp/tmplmaipqqu', '--error-file', '/tmp/tmpkkag1dpx']
[2023-11-26 18:13:53,041] {standard_task_runner.py:80} INFO - Job 243: Subtask create_dim_case
[2023-11-26 18:13:53,090] {task_command.py:369} INFO - Running <TaskInstance: data_covid_etl.create_dim_case scheduled__2023-11-23T00:00:00+00:00 [running]> on host 79a606f4be36
[2023-11-26 18:13:53,167] {taskinstance.py:1571} INFO - Exporting the following env vars:
AIRFLOW_CTX_DAG_OWNER=oce
AIRFLOW_CTX_DAG_ID=data_covid_etl
AIRFLOW_CTX_TASK_ID=create_dim_case
AIRFLOW_CTX_EXECUTION_DATE=2023-11-23T00:00:00+00:00
AIRFLOW_CTX_TRY_NUMBER=1
AIRFLOW_CTX_DAG_RUN_ID=scheduled__2023-11-23T00:00:00+00:00
[2023-11-26 18:13:53,168] {python.py:173} INFO - Done. Returned value was: None
[2023-11-26 18:13:53,178] {taskinstance.py:1400} INFO - Marking task as SUCCESS. dag_id=data_covid_etl, task_id=create_dim_case, execution_date=20231123T000000, start_date=20231126T181353, end_date=20231126T181353
[2023-11-26 18:13:53,214] {local_task_job.py:156} INFO - Task exited with return code 0
[2023-11-26 18:13:53,262] {local_task_job.py:273} INFO - 1 downstream tasks scheduled from follow-on schedule check
[2023-11-26 18:20:30,660] {taskinstance.py:1159} INFO - Dependencies all met for <TaskInstance: data_covid_etl.create_dim_case scheduled__2023-11-23T00:00:00+00:00 [queued]>
[2023-11-26 18:20:30,672] {taskinstance.py:1159} INFO - Dependencies all met for <TaskInstance: data_covid_etl.create_dim_case scheduled__2023-11-23T00:00:00+00:00 [queued]>
[2023-11-26 18:20:30,672] {taskinstance.py:1356} INFO - 
--------------------------------------------------------------------------------
[2023-11-26 18:20:30,672] {taskinstance.py:1357} INFO - Starting attempt 1 of 3
[2023-11-26 18:20:30,672] {taskinstance.py:1358} INFO - 
--------------------------------------------------------------------------------
[2023-11-26 18:20:30,692] {taskinstance.py:1377} INFO - Executing <Task(PythonOperator): create_dim_case> on 2023-11-23 00:00:00+00:00
[2023-11-26 18:20:30,698] {standard_task_runner.py:52} INFO - Started process 1817 to run task
[2023-11-26 18:20:30,700] {standard_task_runner.py:79} INFO - Running: ['***', 'tasks', 'run', 'data_covid_etl', 'create_dim_case', 'scheduled__2023-11-23T00:00:00+00:00', '--job-id', '284', '--raw', '--subdir', 'DAGS_FOLDER/get_data.py', '--cfg-path', '/tmp/tmp6pz4ml4y', '--error-file', '/tmp/tmp3g1zamml']
[2023-11-26 18:20:30,701] {standard_task_runner.py:80} INFO - Job 284: Subtask create_dim_case
[2023-11-26 18:20:30,760] {task_command.py:369} INFO - Running <TaskInstance: data_covid_etl.create_dim_case scheduled__2023-11-23T00:00:00+00:00 [running]> on host 79a606f4be36
[2023-11-26 18:20:30,847] {taskinstance.py:1571} INFO - Exporting the following env vars:
AIRFLOW_CTX_DAG_OWNER=oce
AIRFLOW_CTX_DAG_ID=data_covid_etl
AIRFLOW_CTX_TASK_ID=create_dim_case
AIRFLOW_CTX_EXECUTION_DATE=2023-11-23T00:00:00+00:00
AIRFLOW_CTX_TRY_NUMBER=1
AIRFLOW_CTX_DAG_RUN_ID=scheduled__2023-11-23T00:00:00+00:00
[2023-11-26 18:20:30,847] {python.py:173} INFO - Done. Returned value was: None
[2023-11-26 18:20:30,860] {taskinstance.py:1400} INFO - Marking task as SUCCESS. dag_id=data_covid_etl, task_id=create_dim_case, execution_date=20231123T000000, start_date=20231126T182030, end_date=20231126T182030
[2023-11-26 18:20:30,914] {local_task_job.py:156} INFO - Task exited with return code 0
[2023-11-26 18:20:30,976] {local_task_job.py:273} INFO - 1 downstream tasks scheduled from follow-on schedule check
