[2023-11-26 14:29:26,242] {taskinstance.py:1159} INFO - Dependencies all met for <TaskInstance: data_covid_etl.ingest_staging_db manual__2023-11-26T14:26:13.801347+00:00 [queued]>
[2023-11-26 14:29:26,253] {taskinstance.py:1159} INFO - Dependencies all met for <TaskInstance: data_covid_etl.ingest_staging_db manual__2023-11-26T14:26:13.801347+00:00 [queued]>
[2023-11-26 14:29:26,253] {taskinstance.py:1356} INFO - 
--------------------------------------------------------------------------------
[2023-11-26 14:29:26,253] {taskinstance.py:1357} INFO - Starting attempt 2 of 7
[2023-11-26 14:29:26,253] {taskinstance.py:1358} INFO - 
--------------------------------------------------------------------------------
[2023-11-26 14:29:26,269] {taskinstance.py:1377} INFO - Executing <Task(PythonOperator): ingest_staging_db> on 2023-11-26 14:26:13.801347+00:00
[2023-11-26 14:29:26,274] {standard_task_runner.py:52} INFO - Started process 758 to run task
[2023-11-26 14:29:26,277] {standard_task_runner.py:79} INFO - Running: ['***', 'tasks', 'run', 'data_covid_etl', 'ingest_staging_db', 'manual__2023-11-26T14:26:13.801347+00:00', '--job-id', '21', '--raw', '--subdir', 'DAGS_FOLDER/get_data.py', '--cfg-path', '/tmp/tmpby64g_s3', '--error-file', '/tmp/tmpy7xpshmg']
[2023-11-26 14:29:26,278] {standard_task_runner.py:80} INFO - Job 21: Subtask ingest_staging_db
[2023-11-26 14:29:26,355] {task_command.py:369} INFO - Running <TaskInstance: data_covid_etl.ingest_staging_db manual__2023-11-26T14:26:13.801347+00:00 [running]> on host f384f2afcc4f
[2023-11-26 14:29:26,468] {taskinstance.py:1571} INFO - Exporting the following env vars:
AIRFLOW_CTX_DAG_OWNER=oce
AIRFLOW_CTX_DAG_ID=data_covid_etl
AIRFLOW_CTX_TASK_ID=ingest_staging_db
AIRFLOW_CTX_EXECUTION_DATE=2023-11-26T14:26:13.801347+00:00
AIRFLOW_CTX_TRY_NUMBER=2
AIRFLOW_CTX_DAG_RUN_ID=manual__2023-11-26T14:26:13.801347+00:00
[2023-11-26 14:29:27,028] {python.py:173} INFO - Done. Returned value was: None
[2023-11-26 14:29:27,045] {taskinstance.py:1400} INFO - Marking task as SUCCESS. dag_id=data_covid_etl, task_id=ingest_staging_db, execution_date=20231126T142613, start_date=20231126T142926, end_date=20231126T142927
[2023-11-26 14:29:27,092] {local_task_job.py:156} INFO - Task exited with return code 0
[2023-11-26 14:29:27,121] {local_task_job.py:273} INFO - 0 downstream tasks scheduled from follow-on schedule check
