[2023-11-26 18:02:58,772] {taskinstance.py:1159} INFO - Dependencies all met for <TaskInstance: data_covid_etl.create_dim_province scheduled__2023-11-20T00:00:00+00:00 [queued]>
[2023-11-26 18:02:58,781] {taskinstance.py:1159} INFO - Dependencies all met for <TaskInstance: data_covid_etl.create_dim_province scheduled__2023-11-20T00:00:00+00:00 [queued]>
[2023-11-26 18:02:58,781] {taskinstance.py:1356} INFO - 
--------------------------------------------------------------------------------
[2023-11-26 18:02:58,781] {taskinstance.py:1357} INFO - Starting attempt 2 of 5
[2023-11-26 18:02:58,781] {taskinstance.py:1358} INFO - 
--------------------------------------------------------------------------------
[2023-11-26 18:02:58,794] {taskinstance.py:1377} INFO - Executing <Task(PythonOperator): create_dim_province> on 2023-11-20 00:00:00+00:00
[2023-11-26 18:02:58,800] {standard_task_runner.py:52} INFO - Started process 1037 to run task
[2023-11-26 18:02:58,806] {standard_task_runner.py:79} INFO - Running: ['***', 'tasks', 'run', 'data_covid_etl', 'create_dim_province', 'scheduled__2023-11-20T00:00:00+00:00', '--job-id', '179', '--raw', '--subdir', 'DAGS_FOLDER/get_data.py', '--cfg-path', '/tmp/tmp0sg8wr1s', '--error-file', '/tmp/tmp3kmf_8eo']
[2023-11-26 18:02:58,807] {standard_task_runner.py:80} INFO - Job 179: Subtask create_dim_province
[2023-11-26 18:02:58,869] {task_command.py:369} INFO - Running <TaskInstance: data_covid_etl.create_dim_province scheduled__2023-11-20T00:00:00+00:00 [running]> on host 79a606f4be36
[2023-11-26 18:02:58,942] {taskinstance.py:1571} INFO - Exporting the following env vars:
AIRFLOW_CTX_DAG_OWNER=oce
AIRFLOW_CTX_DAG_ID=data_covid_etl
AIRFLOW_CTX_TASK_ID=create_dim_province
AIRFLOW_CTX_EXECUTION_DATE=2023-11-20T00:00:00+00:00
AIRFLOW_CTX_TRY_NUMBER=2
AIRFLOW_CTX_DAG_RUN_ID=scheduled__2023-11-20T00:00:00+00:00
[2023-11-26 18:02:58,962] {python.py:173} INFO - Done. Returned value was:     province_id province_name
0            32    Jawa Barat
1            32    Jawa Barat
2            32    Jawa Barat
3            32    Jawa Barat
4            32    Jawa Barat
..          ...           ...
140          32    Jawa Barat
141          32    Jawa Barat
142          32    Jawa Barat
143          32    Jawa Barat
144          32    Jawa Barat

[145 rows x 2 columns]
[2023-11-26 18:02:58,976] {xcom.py:585} ERROR - Could not serialize the XCom value into JSON. If you are using pickle instead of JSON for XCom, then you need to enable pickle support for XCom in your *** config.
[2023-11-26 18:02:58,977] {taskinstance.py:1889} ERROR - Task failed with exception
Traceback (most recent call last):
  File "/home/airflow/.local/lib/python3.7/site-packages/airflow/utils/session.py", line 68, in wrapper
    return func(*args, **kwargs)
  File "/home/airflow/.local/lib/python3.7/site-packages/airflow/models/taskinstance.py", line 2380, in xcom_push
    session=session,
  File "/home/airflow/.local/lib/python3.7/site-packages/airflow/utils/session.py", line 68, in wrapper
    return func(*args, **kwargs)
  File "/home/airflow/.local/lib/python3.7/site-packages/airflow/models/xcom.py", line 197, in set
    map_index=map_index,
  File "/home/airflow/.local/lib/python3.7/site-packages/airflow/models/xcom.py", line 582, in serialize_value
    return json.dumps(value).encode('UTF-8')
  File "/usr/local/lib/python3.7/json/__init__.py", line 231, in dumps
    return _default_encoder.encode(obj)
  File "/usr/local/lib/python3.7/json/encoder.py", line 199, in encode
    chunks = self.iterencode(o, _one_shot=True)
  File "/usr/local/lib/python3.7/json/encoder.py", line 257, in iterencode
    return _iterencode(o, 0)
  File "/usr/local/lib/python3.7/json/encoder.py", line 179, in default
    raise TypeError(f'Object of type {o.__class__.__name__} '
TypeError: Object of type DataFrame is not JSON serializable
[2023-11-26 18:02:58,988] {taskinstance.py:1400} INFO - Marking task as UP_FOR_RETRY. dag_id=data_covid_etl, task_id=create_dim_province, execution_date=20231120T000000, start_date=20231126T180258, end_date=20231126T180258
[2023-11-26 18:02:59,001] {standard_task_runner.py:97} ERROR - Failed to execute job 179 for task create_dim_province (Object of type DataFrame is not JSON serializable; 1037)
[2023-11-26 18:02:59,016] {local_task_job.py:156} INFO - Task exited with return code 1
[2023-11-26 18:02:59,072] {local_task_job.py:273} INFO - 0 downstream tasks scheduled from follow-on schedule check
