[2023-11-26 15:39:33,548] {taskinstance.py:1159} INFO - Dependencies all met for <TaskInstance: data_covid_etl.create_dim_province scheduled__2023-11-20T00:00:00+00:00 [queued]>
[2023-11-26 15:39:33,593] {taskinstance.py:1159} INFO - Dependencies all met for <TaskInstance: data_covid_etl.create_dim_province scheduled__2023-11-20T00:00:00+00:00 [queued]>
[2023-11-26 15:39:33,594] {taskinstance.py:1356} INFO - 
--------------------------------------------------------------------------------
[2023-11-26 15:39:33,594] {taskinstance.py:1357} INFO - Starting attempt 1 of 6
[2023-11-26 15:39:33,595] {taskinstance.py:1358} INFO - 
--------------------------------------------------------------------------------
[2023-11-26 15:39:33,641] {taskinstance.py:1377} INFO - Executing <Task(PythonOperator): create_dim_province> on 2023-11-20 00:00:00+00:00
[2023-11-26 15:39:33,648] {standard_task_runner.py:52} INFO - Started process 2479 to run task
[2023-11-26 15:39:33,663] {standard_task_runner.py:79} INFO - Running: ['***', 'tasks', 'run', 'data_covid_etl', 'create_dim_province', 'scheduled__2023-11-20T00:00:00+00:00', '--job-id', '31', '--raw', '--subdir', 'DAGS_FOLDER/get_data.py', '--cfg-path', '/tmp/tmpk6bju5v0', '--error-file', '/tmp/tmp12wxfu6h']
[2023-11-26 15:39:33,665] {standard_task_runner.py:80} INFO - Job 31: Subtask create_dim_province
[2023-11-26 15:39:33,876] {task_command.py:369} INFO - Running <TaskInstance: data_covid_etl.create_dim_province scheduled__2023-11-20T00:00:00+00:00 [running]> on host f384f2afcc4f
[2023-11-26 15:39:34,160] {taskinstance.py:1571} INFO - Exporting the following env vars:
AIRFLOW_CTX_DAG_OWNER=oce
AIRFLOW_CTX_DAG_ID=data_covid_etl
AIRFLOW_CTX_TASK_ID=create_dim_province
AIRFLOW_CTX_EXECUTION_DATE=2023-11-20T00:00:00+00:00
AIRFLOW_CTX_TRY_NUMBER=1
AIRFLOW_CTX_DAG_RUN_ID=scheduled__2023-11-20T00:00:00+00:00
[2023-11-26 15:39:34,160] {python.py:173} INFO - Done. Returned value was: None
[2023-11-26 15:39:34,228] {taskinstance.py:1400} INFO - Marking task as SUCCESS. dag_id=data_covid_etl, task_id=create_dim_province, execution_date=20231120T000000, start_date=20231126T153933, end_date=20231126T153934
[2023-11-26 15:39:34,315] {local_task_job.py:156} INFO - Task exited with return code 0
[2023-11-26 15:39:34,607] {local_task_job.py:273} INFO - 0 downstream tasks scheduled from follow-on schedule check
[2023-11-26 17:57:14,692] {taskinstance.py:1159} INFO - Dependencies all met for <TaskInstance: data_covid_etl.create_dim_province scheduled__2023-11-20T00:00:00+00:00 [queued]>
[2023-11-26 17:57:14,707] {taskinstance.py:1159} INFO - Dependencies all met for <TaskInstance: data_covid_etl.create_dim_province scheduled__2023-11-20T00:00:00+00:00 [queued]>
[2023-11-26 17:57:14,707] {taskinstance.py:1356} INFO - 
--------------------------------------------------------------------------------
[2023-11-26 17:57:14,707] {taskinstance.py:1357} INFO - Starting attempt 1 of 6
[2023-11-26 17:57:14,707] {taskinstance.py:1358} INFO - 
--------------------------------------------------------------------------------
[2023-11-26 17:57:14,723] {taskinstance.py:1377} INFO - Executing <Task(PythonOperator): create_dim_province> on 2023-11-20 00:00:00+00:00
[2023-11-26 17:57:14,727] {standard_task_runner.py:52} INFO - Started process 732 to run task
[2023-11-26 17:57:14,737] {standard_task_runner.py:79} INFO - Running: ['***', 'tasks', 'run', 'data_covid_etl', 'create_dim_province', 'scheduled__2023-11-20T00:00:00+00:00', '--job-id', '129', '--raw', '--subdir', 'DAGS_FOLDER/get_data.py', '--cfg-path', '/tmp/tmpnyt0l4_g', '--error-file', '/tmp/tmpdur9jfe0']
[2023-11-26 17:57:14,740] {standard_task_runner.py:80} INFO - Job 129: Subtask create_dim_province
[2023-11-26 17:57:14,799] {task_command.py:369} INFO - Running <TaskInstance: data_covid_etl.create_dim_province scheduled__2023-11-20T00:00:00+00:00 [running]> on host 79a606f4be36
[2023-11-26 17:57:14,891] {taskinstance.py:1571} INFO - Exporting the following env vars:
AIRFLOW_CTX_DAG_OWNER=oce
AIRFLOW_CTX_DAG_ID=data_covid_etl
AIRFLOW_CTX_TASK_ID=create_dim_province
AIRFLOW_CTX_EXECUTION_DATE=2023-11-20T00:00:00+00:00
AIRFLOW_CTX_TRY_NUMBER=1
AIRFLOW_CTX_DAG_RUN_ID=scheduled__2023-11-20T00:00:00+00:00
[2023-11-26 17:57:14,893] {taskinstance.py:1889} ERROR - Task failed with exception
Traceback (most recent call last):
  File "/home/airflow/.local/lib/python3.7/site-packages/airflow/operators/python.py", line 171, in execute
    return_value = self.execute_callable()
  File "/home/airflow/.local/lib/python3.7/site-packages/airflow/operators/python.py", line 189, in execute_callable
    return self.python_callable(*self.op_args, **self.op_kwargs)
  File "/opt/airflow/dags/get_data.py", line 38, in create_dim_province
    engine = create_engine(staging_db_constring)
NameError: name 'create_engine' is not defined
[2023-11-26 17:57:14,901] {taskinstance.py:1400} INFO - Marking task as UP_FOR_RETRY. dag_id=data_covid_etl, task_id=create_dim_province, execution_date=20231120T000000, start_date=20231126T175714, end_date=20231126T175714
[2023-11-26 17:57:14,916] {standard_task_runner.py:97} ERROR - Failed to execute job 129 for task create_dim_province (name 'create_engine' is not defined; 732)
[2023-11-26 17:57:14,945] {local_task_job.py:156} INFO - Task exited with return code 1
[2023-11-26 17:57:14,991] {local_task_job.py:273} INFO - 0 downstream tasks scheduled from follow-on schedule check
[2023-11-26 18:02:42,205] {taskinstance.py:1159} INFO - Dependencies all met for <TaskInstance: data_covid_etl.create_dim_province scheduled__2023-11-20T00:00:00+00:00 [queued]>
[2023-11-26 18:02:42,217] {taskinstance.py:1159} INFO - Dependencies all met for <TaskInstance: data_covid_etl.create_dim_province scheduled__2023-11-20T00:00:00+00:00 [queued]>
[2023-11-26 18:02:42,217] {taskinstance.py:1356} INFO - 
--------------------------------------------------------------------------------
[2023-11-26 18:02:42,217] {taskinstance.py:1357} INFO - Starting attempt 1 of 4
[2023-11-26 18:02:42,217] {taskinstance.py:1358} INFO - 
--------------------------------------------------------------------------------
[2023-11-26 18:02:42,234] {taskinstance.py:1377} INFO - Executing <Task(PythonOperator): create_dim_province> on 2023-11-20 00:00:00+00:00
[2023-11-26 18:02:42,239] {standard_task_runner.py:52} INFO - Started process 1031 to run task
[2023-11-26 18:02:42,241] {standard_task_runner.py:79} INFO - Running: ['***', 'tasks', 'run', 'data_covid_etl', 'create_dim_province', 'scheduled__2023-11-20T00:00:00+00:00', '--job-id', '177', '--raw', '--subdir', 'DAGS_FOLDER/get_data.py', '--cfg-path', '/tmp/tmpuon52mn4', '--error-file', '/tmp/tmp5inpu12_']
[2023-11-26 18:02:42,241] {standard_task_runner.py:80} INFO - Job 177: Subtask create_dim_province
[2023-11-26 18:02:42,289] {task_command.py:369} INFO - Running <TaskInstance: data_covid_etl.create_dim_province scheduled__2023-11-20T00:00:00+00:00 [running]> on host 79a606f4be36
[2023-11-26 18:02:42,360] {taskinstance.py:1571} INFO - Exporting the following env vars:
AIRFLOW_CTX_DAG_OWNER=oce
AIRFLOW_CTX_DAG_ID=data_covid_etl
AIRFLOW_CTX_TASK_ID=create_dim_province
AIRFLOW_CTX_EXECUTION_DATE=2023-11-20T00:00:00+00:00
AIRFLOW_CTX_TRY_NUMBER=1
AIRFLOW_CTX_DAG_RUN_ID=scheduled__2023-11-20T00:00:00+00:00
[2023-11-26 18:02:42,381] {python.py:173} INFO - Done. Returned value was:     province_id province_name
0            32    Jawa Barat
1            32    Jawa Barat
2            32    Jawa Barat
3            32    Jawa Barat
4            32    Jawa Barat
..          ...           ...
140          32    Jawa Barat
141          32    Jawa Barat
142          32    Jawa Barat
143          32    Jawa Barat
144          32    Jawa Barat

[145 rows x 2 columns]
[2023-11-26 18:02:42,396] {xcom.py:585} ERROR - Could not serialize the XCom value into JSON. If you are using pickle instead of JSON for XCom, then you need to enable pickle support for XCom in your *** config.
[2023-11-26 18:02:42,397] {taskinstance.py:1889} ERROR - Task failed with exception
Traceback (most recent call last):
  File "/home/airflow/.local/lib/python3.7/site-packages/airflow/utils/session.py", line 68, in wrapper
    return func(*args, **kwargs)
  File "/home/airflow/.local/lib/python3.7/site-packages/airflow/models/taskinstance.py", line 2380, in xcom_push
    session=session,
  File "/home/airflow/.local/lib/python3.7/site-packages/airflow/utils/session.py", line 68, in wrapper
    return func(*args, **kwargs)
  File "/home/airflow/.local/lib/python3.7/site-packages/airflow/models/xcom.py", line 197, in set
    map_index=map_index,
  File "/home/airflow/.local/lib/python3.7/site-packages/airflow/models/xcom.py", line 582, in serialize_value
    return json.dumps(value).encode('UTF-8')
  File "/usr/local/lib/python3.7/json/__init__.py", line 231, in dumps
    return _default_encoder.encode(obj)
  File "/usr/local/lib/python3.7/json/encoder.py", line 199, in encode
    chunks = self.iterencode(o, _one_shot=True)
  File "/usr/local/lib/python3.7/json/encoder.py", line 257, in iterencode
    return _iterencode(o, 0)
  File "/usr/local/lib/python3.7/json/encoder.py", line 179, in default
    raise TypeError(f'Object of type {o.__class__.__name__} '
TypeError: Object of type DataFrame is not JSON serializable
[2023-11-26 18:02:42,406] {taskinstance.py:1400} INFO - Marking task as UP_FOR_RETRY. dag_id=data_covid_etl, task_id=create_dim_province, execution_date=20231120T000000, start_date=20231126T180242, end_date=20231126T180242
[2023-11-26 18:02:42,420] {standard_task_runner.py:97} ERROR - Failed to execute job 177 for task create_dim_province (Object of type DataFrame is not JSON serializable; 1031)
[2023-11-26 18:02:42,453] {local_task_job.py:156} INFO - Task exited with return code 1
[2023-11-26 18:02:42,496] {local_task_job.py:273} INFO - 0 downstream tasks scheduled from follow-on schedule check
[2023-11-26 18:05:36,010] {taskinstance.py:1159} INFO - Dependencies all met for <TaskInstance: data_covid_etl.create_dim_province scheduled__2023-11-20T00:00:00+00:00 [queued]>
[2023-11-26 18:05:36,020] {taskinstance.py:1159} INFO - Dependencies all met for <TaskInstance: data_covid_etl.create_dim_province scheduled__2023-11-20T00:00:00+00:00 [queued]>
[2023-11-26 18:05:36,020] {taskinstance.py:1356} INFO - 
--------------------------------------------------------------------------------
[2023-11-26 18:05:36,020] {taskinstance.py:1357} INFO - Starting attempt 1 of 3
[2023-11-26 18:05:36,020] {taskinstance.py:1358} INFO - 
--------------------------------------------------------------------------------
[2023-11-26 18:05:36,034] {taskinstance.py:1377} INFO - Executing <Task(PythonOperator): create_dim_province> on 2023-11-20 00:00:00+00:00
[2023-11-26 18:05:36,039] {standard_task_runner.py:52} INFO - Started process 1155 to run task
[2023-11-26 18:05:36,043] {standard_task_runner.py:79} INFO - Running: ['***', 'tasks', 'run', 'data_covid_etl', 'create_dim_province', 'scheduled__2023-11-20T00:00:00+00:00', '--job-id', '194', '--raw', '--subdir', 'DAGS_FOLDER/get_data.py', '--cfg-path', '/tmp/tmpc70_ju09', '--error-file', '/tmp/tmp9e6ha2ko']
[2023-11-26 18:05:36,044] {standard_task_runner.py:80} INFO - Job 194: Subtask create_dim_province
[2023-11-26 18:05:36,118] {task_command.py:369} INFO - Running <TaskInstance: data_covid_etl.create_dim_province scheduled__2023-11-20T00:00:00+00:00 [running]> on host 79a606f4be36
[2023-11-26 18:05:36,195] {taskinstance.py:1571} INFO - Exporting the following env vars:
AIRFLOW_CTX_DAG_OWNER=oce
AIRFLOW_CTX_DAG_ID=data_covid_etl
AIRFLOW_CTX_TASK_ID=create_dim_province
AIRFLOW_CTX_EXECUTION_DATE=2023-11-20T00:00:00+00:00
AIRFLOW_CTX_TRY_NUMBER=1
AIRFLOW_CTX_DAG_RUN_ID=scheduled__2023-11-20T00:00:00+00:00
[2023-11-26 18:05:36,224] {logging_mixin.py:115} INFO - province_id province_name
         32    Jawa Barat
         32    Jawa Barat
         32    Jawa Barat
         32    Jawa Barat
         32    Jawa Barat
         32    Jawa Barat
         32    Jawa Barat
         32    Jawa Barat
         32    Jawa Barat
         32    Jawa Barat
         32    Jawa Barat
         32    Jawa Barat
         32    Jawa Barat
         32    Jawa Barat
         32    Jawa Barat
         32    Jawa Barat
         32    Jawa Barat
         32    Jawa Barat
         32    Jawa Barat
         32    Jawa Barat
         32    Jawa Barat
         32    Jawa Barat
         32    Jawa Barat
         32    Jawa Barat
         32    Jawa Barat
         32    Jawa Barat
         32    Jawa Barat
         32    Jawa Barat
         32    Jawa Barat
         32    Jawa Barat
         32    Jawa Barat
         32    Jawa Barat
         32    Jawa Barat
         32    Jawa Barat
         32    Jawa Barat
         32    Jawa Barat
         32    Jawa Barat
         32    Jawa Barat
         32    Jawa Barat
         32    Jawa Barat
         32    Jawa Barat
         32    Jawa Barat
         32    Jawa Barat
         32    Jawa Barat
         32    Jawa Barat
         32    Jawa Barat
         32    Jawa Barat
         32    Jawa Barat
         32    Jawa Barat
         32    Jawa Barat
         32    Jawa Barat
         32    Jawa Barat
         32    Jawa Barat
         32    Jawa Barat
         32    Jawa Barat
         32    Jawa Barat
         32    Jawa Barat
         32    Jawa Barat
         32    Jawa Barat
         32    Jawa Barat
         32    Jawa Barat
         32    Jawa Barat
         32    Jawa Barat
         32    Jawa Barat
         32    Jawa Barat
         32    Jawa Barat
         32    Jawa Barat
         32    Jawa Barat
         32    Jawa Barat
         32    Jawa Barat
         32    Jawa Barat
         32    Jawa Barat
         32    Jawa Barat
         32    Jawa Barat
         32    Jawa Barat
         32    Jawa Barat
         32    Jawa Barat
         32    Jawa Barat
         32    Jawa Barat
         32    Jawa Barat
         32    Jawa Barat
         32    Jawa Barat
         32    Jawa Barat
         32    Jawa Barat
         32    Jawa Barat
         32    Jawa Barat
         32    Jawa Barat
         32    Jawa Barat
         32    Jawa Barat
         32    Jawa Barat
         32    Jawa Barat
         32    Jawa Barat
         32    Jawa Barat
         32    Jawa Barat
         32    Jawa Barat
         32    Jawa Barat
         32    Jawa Barat
         32    Jawa Barat
         32    Jawa Barat
         32    Jawa Barat
         32    Jawa Barat
         32    Jawa Barat
         32    Jawa Barat
         32    Jawa Barat
         32    Jawa Barat
         32    Jawa Barat
         32    Jawa Barat
         32    Jawa Barat
         32    Jawa Barat
         32    Jawa Barat
         32    Jawa Barat
         32    Jawa Barat
         32    Jawa Barat
         32    Jawa Barat
         32    Jawa Barat
         32    Jawa Barat
         32    Jawa Barat
         32    Jawa Barat
         32    Jawa Barat
         32    Jawa Barat
         32    Jawa Barat
         32    Jawa Barat
         32    Jawa Barat
         32    Jawa Barat
         32    Jawa Barat
         32    Jawa Barat
         32    Jawa Barat
         32    Jawa Barat
         32    Jawa Barat
         32    Jawa Barat
         32    Jawa Barat
         32    Jawa Barat
         32    Jawa Barat
         32    Jawa Barat
         32    Jawa Barat
         32    Jawa Barat
         32    Jawa Barat
         32    Jawa Barat
         32    Jawa Barat
         32    Jawa Barat
         32    Jawa Barat
         32    Jawa Barat
         32    Jawa Barat
         32    Jawa Barat
         32    Jawa Barat
[2023-11-26 18:05:36,224] {python.py:173} INFO - Done. Returned value was: None
[2023-11-26 18:05:36,239] {taskinstance.py:1400} INFO - Marking task as SUCCESS. dag_id=data_covid_etl, task_id=create_dim_province, execution_date=20231120T000000, start_date=20231126T180536, end_date=20231126T180536
[2023-11-26 18:05:36,294] {local_task_job.py:156} INFO - Task exited with return code 0
[2023-11-26 18:05:36,357] {local_task_job.py:273} INFO - 1 downstream tasks scheduled from follow-on schedule check
[2023-11-26 18:13:50,163] {taskinstance.py:1159} INFO - Dependencies all met for <TaskInstance: data_covid_etl.create_dim_province scheduled__2023-11-20T00:00:00+00:00 [queued]>
[2023-11-26 18:13:50,174] {taskinstance.py:1159} INFO - Dependencies all met for <TaskInstance: data_covid_etl.create_dim_province scheduled__2023-11-20T00:00:00+00:00 [queued]>
[2023-11-26 18:13:50,174] {taskinstance.py:1356} INFO - 
--------------------------------------------------------------------------------
[2023-11-26 18:13:50,174] {taskinstance.py:1357} INFO - Starting attempt 1 of 3
[2023-11-26 18:13:50,174] {taskinstance.py:1358} INFO - 
--------------------------------------------------------------------------------
[2023-11-26 18:13:50,193] {taskinstance.py:1377} INFO - Executing <Task(PythonOperator): create_dim_province> on 2023-11-20 00:00:00+00:00
[2023-11-26 18:13:50,199] {standard_task_runner.py:52} INFO - Started process 1511 to run task
[2023-11-26 18:13:50,205] {standard_task_runner.py:79} INFO - Running: ['***', 'tasks', 'run', 'data_covid_etl', 'create_dim_province', 'scheduled__2023-11-20T00:00:00+00:00', '--job-id', '239', '--raw', '--subdir', 'DAGS_FOLDER/get_data.py', '--cfg-path', '/tmp/tmpul9x32du', '--error-file', '/tmp/tmp7u2t4rts']
[2023-11-26 18:13:50,205] {standard_task_runner.py:80} INFO - Job 239: Subtask create_dim_province
[2023-11-26 18:13:50,255] {task_command.py:369} INFO - Running <TaskInstance: data_covid_etl.create_dim_province scheduled__2023-11-20T00:00:00+00:00 [running]> on host 79a606f4be36
[2023-11-26 18:13:50,344] {taskinstance.py:1571} INFO - Exporting the following env vars:
AIRFLOW_CTX_DAG_OWNER=oce
AIRFLOW_CTX_DAG_ID=data_covid_etl
AIRFLOW_CTX_TASK_ID=create_dim_province
AIRFLOW_CTX_EXECUTION_DATE=2023-11-20T00:00:00+00:00
AIRFLOW_CTX_TRY_NUMBER=1
AIRFLOW_CTX_DAG_RUN_ID=scheduled__2023-11-20T00:00:00+00:00
[2023-11-26 18:13:50,370] {logging_mixin.py:115} INFO - province_id province_name
         32    Jawa Barat
         32    Jawa Barat
         32    Jawa Barat
         32    Jawa Barat
         32    Jawa Barat
         32    Jawa Barat
         32    Jawa Barat
         32    Jawa Barat
         32    Jawa Barat
         32    Jawa Barat
         32    Jawa Barat
         32    Jawa Barat
         32    Jawa Barat
         32    Jawa Barat
         32    Jawa Barat
         32    Jawa Barat
         32    Jawa Barat
         32    Jawa Barat
         32    Jawa Barat
         32    Jawa Barat
         32    Jawa Barat
         32    Jawa Barat
         32    Jawa Barat
         32    Jawa Barat
         32    Jawa Barat
         32    Jawa Barat
         32    Jawa Barat
         32    Jawa Barat
         32    Jawa Barat
         32    Jawa Barat
         32    Jawa Barat
         32    Jawa Barat
         32    Jawa Barat
         32    Jawa Barat
         32    Jawa Barat
         32    Jawa Barat
         32    Jawa Barat
         32    Jawa Barat
         32    Jawa Barat
         32    Jawa Barat
         32    Jawa Barat
         32    Jawa Barat
         32    Jawa Barat
         32    Jawa Barat
         32    Jawa Barat
         32    Jawa Barat
         32    Jawa Barat
         32    Jawa Barat
         32    Jawa Barat
         32    Jawa Barat
         32    Jawa Barat
         32    Jawa Barat
         32    Jawa Barat
         32    Jawa Barat
         32    Jawa Barat
         32    Jawa Barat
         32    Jawa Barat
         32    Jawa Barat
         32    Jawa Barat
         32    Jawa Barat
         32    Jawa Barat
         32    Jawa Barat
         32    Jawa Barat
         32    Jawa Barat
         32    Jawa Barat
         32    Jawa Barat
         32    Jawa Barat
         32    Jawa Barat
         32    Jawa Barat
         32    Jawa Barat
         32    Jawa Barat
         32    Jawa Barat
         32    Jawa Barat
         32    Jawa Barat
         32    Jawa Barat
         32    Jawa Barat
         32    Jawa Barat
         32    Jawa Barat
         32    Jawa Barat
         32    Jawa Barat
         32    Jawa Barat
         32    Jawa Barat
         32    Jawa Barat
         32    Jawa Barat
         32    Jawa Barat
         32    Jawa Barat
         32    Jawa Barat
         32    Jawa Barat
         32    Jawa Barat
         32    Jawa Barat
         32    Jawa Barat
         32    Jawa Barat
         32    Jawa Barat
         32    Jawa Barat
         32    Jawa Barat
         32    Jawa Barat
         32    Jawa Barat
         32    Jawa Barat
         32    Jawa Barat
         32    Jawa Barat
         32    Jawa Barat
         32    Jawa Barat
         32    Jawa Barat
         32    Jawa Barat
         32    Jawa Barat
         32    Jawa Barat
         32    Jawa Barat
         32    Jawa Barat
         32    Jawa Barat
         32    Jawa Barat
         32    Jawa Barat
         32    Jawa Barat
         32    Jawa Barat
         32    Jawa Barat
         32    Jawa Barat
         32    Jawa Barat
         32    Jawa Barat
         32    Jawa Barat
         32    Jawa Barat
         32    Jawa Barat
         32    Jawa Barat
         32    Jawa Barat
         32    Jawa Barat
         32    Jawa Barat
         32    Jawa Barat
         32    Jawa Barat
         32    Jawa Barat
         32    Jawa Barat
         32    Jawa Barat
         32    Jawa Barat
         32    Jawa Barat
         32    Jawa Barat
         32    Jawa Barat
         32    Jawa Barat
         32    Jawa Barat
         32    Jawa Barat
         32    Jawa Barat
         32    Jawa Barat
         32    Jawa Barat
         32    Jawa Barat
         32    Jawa Barat
         32    Jawa Barat
         32    Jawa Barat
         32    Jawa Barat
         32    Jawa Barat
[2023-11-26 18:13:50,421] {python.py:173} INFO - Done. Returned value was: None
[2023-11-26 18:13:50,435] {taskinstance.py:1400} INFO - Marking task as SUCCESS. dag_id=data_covid_etl, task_id=create_dim_province, execution_date=20231120T000000, start_date=20231126T181350, end_date=20231126T181350
[2023-11-26 18:13:50,455] {local_task_job.py:156} INFO - Task exited with return code 0
[2023-11-26 18:13:50,495] {local_task_job.py:273} INFO - 1 downstream tasks scheduled from follow-on schedule check
