[2023-11-26 18:28:00,994] {taskinstance.py:1159} INFO - Dependencies all met for <TaskInstance: final_project_data_covid_etl.print_hello_world manual__2023-11-26T18:27:59.631184+00:00 [queued]>
[2023-11-26 18:28:01,005] {taskinstance.py:1159} INFO - Dependencies all met for <TaskInstance: final_project_data_covid_etl.print_hello_world manual__2023-11-26T18:27:59.631184+00:00 [queued]>
[2023-11-26 18:28:01,005] {taskinstance.py:1356} INFO - 
--------------------------------------------------------------------------------
[2023-11-26 18:28:01,005] {taskinstance.py:1357} INFO - Starting attempt 1 of 3
[2023-11-26 18:28:01,005] {taskinstance.py:1358} INFO - 
--------------------------------------------------------------------------------
[2023-11-26 18:28:01,040] {taskinstance.py:1377} INFO - Executing <Task(BashOperator): print_hello_world> on 2023-11-26 18:27:59.631184+00:00
[2023-11-26 18:28:01,045] {standard_task_runner.py:52} INFO - Started process 2118 to run task
[2023-11-26 18:28:01,048] {standard_task_runner.py:79} INFO - Running: ['***', 'tasks', 'run', 'final_project_data_covid_etl', 'print_hello_world', 'manual__2023-11-26T18:27:59.631184+00:00', '--job-id', '318', '--raw', '--subdir', 'DAGS_FOLDER/get_data.py', '--cfg-path', '/tmp/tmpfnshzb2z', '--error-file', '/tmp/tmp1fzbj2vo']
[2023-11-26 18:28:01,048] {standard_task_runner.py:80} INFO - Job 318: Subtask print_hello_world
[2023-11-26 18:28:01,106] {task_command.py:369} INFO - Running <TaskInstance: final_project_data_covid_etl.print_hello_world manual__2023-11-26T18:27:59.631184+00:00 [running]> on host 79a606f4be36
[2023-11-26 18:28:01,180] {taskinstance.py:1571} INFO - Exporting the following env vars:
AIRFLOW_CTX_DAG_OWNER=ricky
AIRFLOW_CTX_DAG_ID=final_project_data_covid_etl
AIRFLOW_CTX_TASK_ID=print_hello_world
AIRFLOW_CTX_EXECUTION_DATE=2023-11-26T18:27:59.631184+00:00
AIRFLOW_CTX_TRY_NUMBER=1
AIRFLOW_CTX_DAG_RUN_ID=manual__2023-11-26T18:27:59.631184+00:00
[2023-11-26 18:28:01,181] {subprocess.py:62} INFO - Tmp dir root location: 
 /tmp
[2023-11-26 18:28:01,181] {subprocess.py:74} INFO - Running command: ['bash', '-c', 'echo "HelloWorld!"']
[2023-11-26 18:28:01,193] {subprocess.py:85} INFO - Output:
[2023-11-26 18:28:01,194] {subprocess.py:92} INFO - HelloWorld!
[2023-11-26 18:28:01,194] {subprocess.py:96} INFO - Command exited with return code 0
[2023-11-26 18:28:01,230] {taskinstance.py:1400} INFO - Marking task as SUCCESS. dag_id=final_project_data_covid_etl, task_id=print_hello_world, execution_date=20231126T182759, start_date=20231126T182800, end_date=20231126T182801
[2023-11-26 18:28:01,260] {local_task_job.py:156} INFO - Task exited with return code 0
[2023-11-26 18:28:01,327] {local_task_job.py:273} INFO - 1 downstream tasks scheduled from follow-on schedule check
