[2023-11-26 15:39:40,076] {taskinstance.py:1159} INFO - Dependencies all met for <TaskInstance: data_covid_etl.create_dim_district scheduled__2023-11-25T00:00:00+00:00 [queued]>
[2023-11-26 15:39:40,090] {taskinstance.py:1159} INFO - Dependencies all met for <TaskInstance: data_covid_etl.create_dim_district scheduled__2023-11-25T00:00:00+00:00 [queued]>
[2023-11-26 15:39:40,091] {taskinstance.py:1356} INFO - 
--------------------------------------------------------------------------------
[2023-11-26 15:39:40,091] {taskinstance.py:1357} INFO - Starting attempt 1 of 6
[2023-11-26 15:39:40,091] {taskinstance.py:1358} INFO - 
--------------------------------------------------------------------------------
[2023-11-26 15:39:40,129] {taskinstance.py:1377} INFO - Executing <Task(PythonOperator): create_dim_district> on 2023-11-25 00:00:00+00:00
[2023-11-26 15:39:40,133] {standard_task_runner.py:52} INFO - Started process 2576 to run task
[2023-11-26 15:39:40,143] {standard_task_runner.py:79} INFO - Running: ['***', 'tasks', 'run', 'data_covid_etl', 'create_dim_district', 'scheduled__2023-11-25T00:00:00+00:00', '--job-id', '63', '--raw', '--subdir', 'DAGS_FOLDER/get_data.py', '--cfg-path', '/tmp/tmp5edph323', '--error-file', '/tmp/tmp_ht8p0_n']
[2023-11-26 15:39:40,154] {standard_task_runner.py:80} INFO - Job 63: Subtask create_dim_district
[2023-11-26 15:39:40,274] {task_command.py:369} INFO - Running <TaskInstance: data_covid_etl.create_dim_district scheduled__2023-11-25T00:00:00+00:00 [running]> on host f384f2afcc4f
[2023-11-26 15:39:40,481] {taskinstance.py:1571} INFO - Exporting the following env vars:
AIRFLOW_CTX_DAG_OWNER=oce
AIRFLOW_CTX_DAG_ID=data_covid_etl
AIRFLOW_CTX_TASK_ID=create_dim_district
AIRFLOW_CTX_EXECUTION_DATE=2023-11-25T00:00:00+00:00
AIRFLOW_CTX_TRY_NUMBER=1
AIRFLOW_CTX_DAG_RUN_ID=scheduled__2023-11-25T00:00:00+00:00
[2023-11-26 15:39:40,482] {python.py:173} INFO - Done. Returned value was: None
[2023-11-26 15:39:40,514] {taskinstance.py:1400} INFO - Marking task as SUCCESS. dag_id=data_covid_etl, task_id=create_dim_district, execution_date=20231125T000000, start_date=20231126T153940, end_date=20231126T153940
[2023-11-26 15:39:40,600] {local_task_job.py:156} INFO - Task exited with return code 0
[2023-11-26 15:39:40,671] {local_task_job.py:273} INFO - 0 downstream tasks scheduled from follow-on schedule check
[2023-11-26 17:57:14,604] {taskinstance.py:1153} INFO - Dependencies not met for <TaskInstance: data_covid_etl.create_dim_district scheduled__2023-11-25T00:00:00+00:00 [queued]>, dependency 'Trigger Rule' FAILED: Task's trigger rule 'all_success' requires all upstream tasks to have succeeded, but found 1 non-success(es). upstream_tasks_state={'total': 1, 'successes': 0, 'skipped': 0, 'failed': 0, 'upstream_failed': 0, 'done': 0}, upstream_task_ids={'create_dim_province'}
[2023-11-26 17:57:14,614] {local_task_job.py:101} INFO - Task is not able to be run
