[2023-11-26 18:00:54,747] {taskinstance.py:1159} INFO - Dependencies all met for <TaskInstance: data_covid_etl.create_dim_province manual__2023-11-26T18:00:51.305814+00:00 [queued]>
[2023-11-26 18:00:54,760] {taskinstance.py:1159} INFO - Dependencies all met for <TaskInstance: data_covid_etl.create_dim_province manual__2023-11-26T18:00:51.305814+00:00 [queued]>
[2023-11-26 18:00:54,760] {taskinstance.py:1356} INFO - 
--------------------------------------------------------------------------------
[2023-11-26 18:00:54,760] {taskinstance.py:1357} INFO - Starting attempt 1 of 6
[2023-11-26 18:00:54,760] {taskinstance.py:1358} INFO - 
--------------------------------------------------------------------------------
[2023-11-26 18:00:54,779] {taskinstance.py:1377} INFO - Executing <Task(PythonOperator): create_dim_province> on 2023-11-26 18:00:51.305814+00:00
[2023-11-26 18:00:54,784] {standard_task_runner.py:52} INFO - Started process 922 to run task
[2023-11-26 18:00:54,787] {standard_task_runner.py:79} INFO - Running: ['***', 'tasks', 'run', 'data_covid_etl', 'create_dim_province', 'manual__2023-11-26T18:00:51.305814+00:00', '--job-id', '159', '--raw', '--subdir', 'DAGS_FOLDER/get_data.py', '--cfg-path', '/tmp/tmpmsk4x6up', '--error-file', '/tmp/tmp8pja_5nv']
[2023-11-26 18:00:54,788] {standard_task_runner.py:80} INFO - Job 159: Subtask create_dim_province
[2023-11-26 18:00:54,835] {task_command.py:369} INFO - Running <TaskInstance: data_covid_etl.create_dim_province manual__2023-11-26T18:00:51.305814+00:00 [running]> on host 79a606f4be36
[2023-11-26 18:00:54,901] {taskinstance.py:1571} INFO - Exporting the following env vars:
AIRFLOW_CTX_DAG_OWNER=oce
AIRFLOW_CTX_DAG_ID=data_covid_etl
AIRFLOW_CTX_TASK_ID=create_dim_province
AIRFLOW_CTX_EXECUTION_DATE=2023-11-26T18:00:51.305814+00:00
AIRFLOW_CTX_TRY_NUMBER=1
AIRFLOW_CTX_DAG_RUN_ID=manual__2023-11-26T18:00:51.305814+00:00
[2023-11-26 18:00:54,920] {python.py:173} INFO - Done. Returned value was:     province_id province_name
0            32    Jawa Barat
1            32    Jawa Barat
2            32    Jawa Barat
3            32    Jawa Barat
4            32    Jawa Barat
..          ...           ...
140          32    Jawa Barat
141          32    Jawa Barat
142          32    Jawa Barat
143          32    Jawa Barat
144          32    Jawa Barat

[145 rows x 2 columns]
[2023-11-26 18:00:54,933] {xcom.py:585} ERROR - Could not serialize the XCom value into JSON. If you are using pickle instead of JSON for XCom, then you need to enable pickle support for XCom in your *** config.
[2023-11-26 18:00:54,934] {taskinstance.py:1889} ERROR - Task failed with exception
Traceback (most recent call last):
  File "/home/airflow/.local/lib/python3.7/site-packages/airflow/utils/session.py", line 68, in wrapper
    return func(*args, **kwargs)
  File "/home/airflow/.local/lib/python3.7/site-packages/airflow/models/taskinstance.py", line 2380, in xcom_push
    session=session,
  File "/home/airflow/.local/lib/python3.7/site-packages/airflow/utils/session.py", line 68, in wrapper
    return func(*args, **kwargs)
  File "/home/airflow/.local/lib/python3.7/site-packages/airflow/models/xcom.py", line 197, in set
    map_index=map_index,
  File "/home/airflow/.local/lib/python3.7/site-packages/airflow/models/xcom.py", line 582, in serialize_value
    return json.dumps(value).encode('UTF-8')
  File "/usr/local/lib/python3.7/json/__init__.py", line 231, in dumps
    return _default_encoder.encode(obj)
  File "/usr/local/lib/python3.7/json/encoder.py", line 199, in encode
    chunks = self.iterencode(o, _one_shot=True)
  File "/usr/local/lib/python3.7/json/encoder.py", line 257, in iterencode
    return _iterencode(o, 0)
  File "/usr/local/lib/python3.7/json/encoder.py", line 179, in default
    raise TypeError(f'Object of type {o.__class__.__name__} '
TypeError: Object of type DataFrame is not JSON serializable
[2023-11-26 18:00:54,942] {taskinstance.py:1400} INFO - Marking task as UP_FOR_RETRY. dag_id=data_covid_etl, task_id=create_dim_province, execution_date=20231126T180051, start_date=20231126T180054, end_date=20231126T180054
[2023-11-26 18:00:54,954] {standard_task_runner.py:97} ERROR - Failed to execute job 159 for task create_dim_province (Object of type DataFrame is not JSON serializable; 922)
[2023-11-26 18:00:54,998] {local_task_job.py:156} INFO - Task exited with return code 1
[2023-11-26 18:00:55,041] {local_task_job.py:273} INFO - 0 downstream tasks scheduled from follow-on schedule check
