[2023-11-26 14:26:15,289] {taskinstance.py:1159} INFO - Dependencies all met for <TaskInstance: data_covid_etl.print_hello_world scheduled__2023-11-21T00:00:00+00:00 [queued]>
[2023-11-26 14:26:15,309] {taskinstance.py:1159} INFO - Dependencies all met for <TaskInstance: data_covid_etl.print_hello_world scheduled__2023-11-21T00:00:00+00:00 [queued]>
[2023-11-26 14:26:15,309] {taskinstance.py:1356} INFO - 
--------------------------------------------------------------------------------
[2023-11-26 14:26:15,310] {taskinstance.py:1357} INFO - Starting attempt 1 of 6
[2023-11-26 14:26:15,310] {taskinstance.py:1358} INFO - 
--------------------------------------------------------------------------------
[2023-11-26 14:26:15,348] {taskinstance.py:1377} INFO - Executing <Task(BashOperator): print_hello_world> on 2023-11-21 00:00:00+00:00
[2023-11-26 14:26:15,360] {standard_task_runner.py:52} INFO - Started process 642 to run task
[2023-11-26 14:26:15,377] {standard_task_runner.py:79} INFO - Running: ['***', 'tasks', 'run', 'data_covid_etl', 'print_hello_world', 'scheduled__2023-11-21T00:00:00+00:00', '--job-id', '9', '--raw', '--subdir', 'DAGS_FOLDER/get_data.py', '--cfg-path', '/tmp/tmpw5xgpfj9', '--error-file', '/tmp/tmpolc3qx4l']
[2023-11-26 14:26:15,378] {standard_task_runner.py:80} INFO - Job 9: Subtask print_hello_world
[2023-11-26 14:26:15,485] {task_command.py:369} INFO - Running <TaskInstance: data_covid_etl.print_hello_world scheduled__2023-11-21T00:00:00+00:00 [running]> on host f384f2afcc4f
[2023-11-26 14:26:15,604] {taskinstance.py:1571} INFO - Exporting the following env vars:
AIRFLOW_CTX_DAG_OWNER=oce
AIRFLOW_CTX_DAG_ID=data_covid_etl
AIRFLOW_CTX_TASK_ID=print_hello_world
AIRFLOW_CTX_EXECUTION_DATE=2023-11-21T00:00:00+00:00
AIRFLOW_CTX_TRY_NUMBER=1
AIRFLOW_CTX_DAG_RUN_ID=scheduled__2023-11-21T00:00:00+00:00
[2023-11-26 14:26:15,605] {subprocess.py:62} INFO - Tmp dir root location: 
 /tmp
[2023-11-26 14:26:15,605] {subprocess.py:74} INFO - Running command: ['bash', '-c', 'echo "HelloWorld!"']
[2023-11-26 14:26:15,629] {subprocess.py:85} INFO - Output:
[2023-11-26 14:26:15,631] {subprocess.py:92} INFO - HelloWorld!
[2023-11-26 14:26:15,632] {subprocess.py:96} INFO - Command exited with return code 0
[2023-11-26 14:26:15,672] {taskinstance.py:1400} INFO - Marking task as SUCCESS. dag_id=data_covid_etl, task_id=print_hello_world, execution_date=20231121T000000, start_date=20231126T142615, end_date=20231126T142615
[2023-11-26 14:26:15,709] {local_task_job.py:156} INFO - Task exited with return code 0
[2023-11-26 14:26:15,773] {local_task_job.py:273} INFO - 1 downstream tasks scheduled from follow-on schedule check
[2023-11-26 15:39:34,029] {taskinstance.py:1159} INFO - Dependencies all met for <TaskInstance: data_covid_etl.print_hello_world scheduled__2023-11-21T00:00:00+00:00 [queued]>
[2023-11-26 15:39:34,065] {taskinstance.py:1159} INFO - Dependencies all met for <TaskInstance: data_covid_etl.print_hello_world scheduled__2023-11-21T00:00:00+00:00 [queued]>
[2023-11-26 15:39:34,076] {taskinstance.py:1356} INFO - 
--------------------------------------------------------------------------------
[2023-11-26 15:39:34,079] {taskinstance.py:1357} INFO - Starting attempt 1 of 6
[2023-11-26 15:39:34,079] {taskinstance.py:1358} INFO - 
--------------------------------------------------------------------------------
[2023-11-26 15:39:34,164] {taskinstance.py:1377} INFO - Executing <Task(BashOperator): print_hello_world> on 2023-11-21 00:00:00+00:00
[2023-11-26 15:39:34,172] {standard_task_runner.py:52} INFO - Started process 2489 to run task
[2023-11-26 15:39:34,215] {standard_task_runner.py:79} INFO - Running: ['***', 'tasks', 'run', 'data_covid_etl', 'print_hello_world', 'scheduled__2023-11-21T00:00:00+00:00', '--job-id', '40', '--raw', '--subdir', 'DAGS_FOLDER/get_data.py', '--cfg-path', '/tmp/tmpfsu0i2ph', '--error-file', '/tmp/tmp78wj6wpc']
[2023-11-26 15:39:34,216] {standard_task_runner.py:80} INFO - Job 40: Subtask print_hello_world
[2023-11-26 15:39:34,478] {task_command.py:369} INFO - Running <TaskInstance: data_covid_etl.print_hello_world scheduled__2023-11-21T00:00:00+00:00 [running]> on host f384f2afcc4f
[2023-11-26 15:39:34,778] {taskinstance.py:1571} INFO - Exporting the following env vars:
AIRFLOW_CTX_DAG_OWNER=oce
AIRFLOW_CTX_DAG_ID=data_covid_etl
AIRFLOW_CTX_TASK_ID=print_hello_world
AIRFLOW_CTX_EXECUTION_DATE=2023-11-21T00:00:00+00:00
AIRFLOW_CTX_TRY_NUMBER=1
AIRFLOW_CTX_DAG_RUN_ID=scheduled__2023-11-21T00:00:00+00:00
[2023-11-26 15:39:34,779] {subprocess.py:62} INFO - Tmp dir root location: 
 /tmp
[2023-11-26 15:39:34,780] {subprocess.py:74} INFO - Running command: ['bash', '-c', 'echo "HelloWorld!"']
[2023-11-26 15:39:34,843] {subprocess.py:85} INFO - Output:
[2023-11-26 15:39:34,845] {subprocess.py:92} INFO - HelloWorld!
[2023-11-26 15:39:34,846] {subprocess.py:96} INFO - Command exited with return code 0
[2023-11-26 15:39:35,184] {taskinstance.py:1400} INFO - Marking task as SUCCESS. dag_id=data_covid_etl, task_id=print_hello_world, execution_date=20231121T000000, start_date=20231126T153934, end_date=20231126T153935
[2023-11-26 15:39:35,259] {local_task_job.py:156} INFO - Task exited with return code 0
[2023-11-26 15:39:35,410] {local_task_job.py:273} INFO - 1 downstream tasks scheduled from follow-on schedule check
[2023-11-26 17:57:09,501] {taskinstance.py:1159} INFO - Dependencies all met for <TaskInstance: data_covid_etl.print_hello_world scheduled__2023-11-21T00:00:00+00:00 [queued]>
[2023-11-26 17:57:09,514] {taskinstance.py:1159} INFO - Dependencies all met for <TaskInstance: data_covid_etl.print_hello_world scheduled__2023-11-21T00:00:00+00:00 [queued]>
[2023-11-26 17:57:09,514] {taskinstance.py:1356} INFO - 
--------------------------------------------------------------------------------
[2023-11-26 17:57:09,514] {taskinstance.py:1357} INFO - Starting attempt 1 of 6
[2023-11-26 17:57:09,514] {taskinstance.py:1358} INFO - 
--------------------------------------------------------------------------------
[2023-11-26 17:57:09,532] {taskinstance.py:1377} INFO - Executing <Task(BashOperator): print_hello_world> on 2023-11-21 00:00:00+00:00
[2023-11-26 17:57:09,537] {standard_task_runner.py:52} INFO - Started process 659 to run task
[2023-11-26 17:57:09,541] {standard_task_runner.py:79} INFO - Running: ['***', 'tasks', 'run', 'data_covid_etl', 'print_hello_world', 'scheduled__2023-11-21T00:00:00+00:00', '--job-id', '102', '--raw', '--subdir', 'DAGS_FOLDER/get_data.py', '--cfg-path', '/tmp/tmpo2l54jzc', '--error-file', '/tmp/tmp32_qrlme']
[2023-11-26 17:57:09,542] {standard_task_runner.py:80} INFO - Job 102: Subtask print_hello_world
[2023-11-26 17:57:09,592] {task_command.py:369} INFO - Running <TaskInstance: data_covid_etl.print_hello_world scheduled__2023-11-21T00:00:00+00:00 [running]> on host 79a606f4be36
[2023-11-26 17:57:09,659] {taskinstance.py:1571} INFO - Exporting the following env vars:
AIRFLOW_CTX_DAG_OWNER=oce
AIRFLOW_CTX_DAG_ID=data_covid_etl
AIRFLOW_CTX_TASK_ID=print_hello_world
AIRFLOW_CTX_EXECUTION_DATE=2023-11-21T00:00:00+00:00
AIRFLOW_CTX_TRY_NUMBER=1
AIRFLOW_CTX_DAG_RUN_ID=scheduled__2023-11-21T00:00:00+00:00
[2023-11-26 17:57:09,660] {subprocess.py:62} INFO - Tmp dir root location: 
 /tmp
[2023-11-26 17:57:09,661] {subprocess.py:74} INFO - Running command: ['bash', '-c', 'echo "HelloWorld!"']
[2023-11-26 17:57:09,669] {subprocess.py:85} INFO - Output:
[2023-11-26 17:57:09,670] {subprocess.py:92} INFO - HelloWorld!
[2023-11-26 17:57:09,671] {subprocess.py:96} INFO - Command exited with return code 0
[2023-11-26 17:57:09,698] {taskinstance.py:1400} INFO - Marking task as SUCCESS. dag_id=data_covid_etl, task_id=print_hello_world, execution_date=20231121T000000, start_date=20231126T175709, end_date=20231126T175709
[2023-11-26 17:57:09,717] {local_task_job.py:156} INFO - Task exited with return code 0
[2023-11-26 17:57:09,758] {local_task_job.py:273} INFO - 1 downstream tasks scheduled from follow-on schedule check
[2023-11-26 18:00:52,177] {taskinstance.py:1159} INFO - Dependencies all met for <TaskInstance: data_covid_etl.print_hello_world scheduled__2023-11-21T00:00:00+00:00 [queued]>
[2023-11-26 18:00:52,209] {taskinstance.py:1159} INFO - Dependencies all met for <TaskInstance: data_covid_etl.print_hello_world scheduled__2023-11-21T00:00:00+00:00 [queued]>
[2023-11-26 18:00:52,211] {taskinstance.py:1356} INFO - 
--------------------------------------------------------------------------------
[2023-11-26 18:00:52,211] {taskinstance.py:1357} INFO - Starting attempt 1 of 6
[2023-11-26 18:00:52,212] {taskinstance.py:1358} INFO - 
--------------------------------------------------------------------------------
[2023-11-26 18:00:52,259] {taskinstance.py:1377} INFO - Executing <Task(BashOperator): print_hello_world> on 2023-11-21 00:00:00+00:00
[2023-11-26 18:00:52,265] {standard_task_runner.py:52} INFO - Started process 886 to run task
[2023-11-26 18:00:52,285] {standard_task_runner.py:79} INFO - Running: ['***', 'tasks', 'run', 'data_covid_etl', 'print_hello_world', 'scheduled__2023-11-21T00:00:00+00:00', '--job-id', '147', '--raw', '--subdir', 'DAGS_FOLDER/get_data.py', '--cfg-path', '/tmp/tmpt2mftoby', '--error-file', '/tmp/tmpnqcizsll']
[2023-11-26 18:00:52,285] {standard_task_runner.py:80} INFO - Job 147: Subtask print_hello_world
[2023-11-26 18:00:52,373] {task_command.py:369} INFO - Running <TaskInstance: data_covid_etl.print_hello_world scheduled__2023-11-21T00:00:00+00:00 [running]> on host 79a606f4be36
[2023-11-26 18:00:52,566] {taskinstance.py:1571} INFO - Exporting the following env vars:
AIRFLOW_CTX_DAG_OWNER=oce
AIRFLOW_CTX_DAG_ID=data_covid_etl
AIRFLOW_CTX_TASK_ID=print_hello_world
AIRFLOW_CTX_EXECUTION_DATE=2023-11-21T00:00:00+00:00
AIRFLOW_CTX_TRY_NUMBER=1
AIRFLOW_CTX_DAG_RUN_ID=scheduled__2023-11-21T00:00:00+00:00
[2023-11-26 18:00:52,572] {subprocess.py:62} INFO - Tmp dir root location: 
 /tmp
[2023-11-26 18:00:52,574] {subprocess.py:74} INFO - Running command: ['bash', '-c', 'echo "HelloWorld!"']
[2023-11-26 18:00:52,601] {subprocess.py:85} INFO - Output:
[2023-11-26 18:00:52,604] {subprocess.py:92} INFO - HelloWorld!
[2023-11-26 18:00:52,604] {subprocess.py:96} INFO - Command exited with return code 0
[2023-11-26 18:00:52,745] {taskinstance.py:1400} INFO - Marking task as SUCCESS. dag_id=data_covid_etl, task_id=print_hello_world, execution_date=20231121T000000, start_date=20231126T180052, end_date=20231126T180052
[2023-11-26 18:00:52,812] {local_task_job.py:156} INFO - Task exited with return code 0
[2023-11-26 18:00:52,891] {local_task_job.py:273} INFO - 1 downstream tasks scheduled from follow-on schedule check
[2023-11-26 18:02:39,461] {taskinstance.py:1159} INFO - Dependencies all met for <TaskInstance: data_covid_etl.print_hello_world scheduled__2023-11-21T00:00:00+00:00 [queued]>
[2023-11-26 18:02:39,480] {taskinstance.py:1159} INFO - Dependencies all met for <TaskInstance: data_covid_etl.print_hello_world scheduled__2023-11-21T00:00:00+00:00 [queued]>
[2023-11-26 18:02:39,480] {taskinstance.py:1356} INFO - 
--------------------------------------------------------------------------------
[2023-11-26 18:02:39,481] {taskinstance.py:1357} INFO - Starting attempt 1 of 4
[2023-11-26 18:02:39,481] {taskinstance.py:1358} INFO - 
--------------------------------------------------------------------------------
[2023-11-26 18:02:39,510] {taskinstance.py:1377} INFO - Executing <Task(BashOperator): print_hello_world> on 2023-11-21 00:00:00+00:00
[2023-11-26 18:02:39,516] {standard_task_runner.py:52} INFO - Started process 987 to run task
[2023-11-26 18:02:39,534] {standard_task_runner.py:79} INFO - Running: ['***', 'tasks', 'run', 'data_covid_etl', 'print_hello_world', 'scheduled__2023-11-21T00:00:00+00:00', '--job-id', '165', '--raw', '--subdir', 'DAGS_FOLDER/get_data.py', '--cfg-path', '/tmp/tmpr9z08444', '--error-file', '/tmp/tmp5sc9h4m2']
[2023-11-26 18:02:39,534] {standard_task_runner.py:80} INFO - Job 165: Subtask print_hello_world
[2023-11-26 18:02:39,661] {task_command.py:369} INFO - Running <TaskInstance: data_covid_etl.print_hello_world scheduled__2023-11-21T00:00:00+00:00 [running]> on host 79a606f4be36
[2023-11-26 18:02:39,795] {taskinstance.py:1571} INFO - Exporting the following env vars:
AIRFLOW_CTX_DAG_OWNER=oce
AIRFLOW_CTX_DAG_ID=data_covid_etl
AIRFLOW_CTX_TASK_ID=print_hello_world
AIRFLOW_CTX_EXECUTION_DATE=2023-11-21T00:00:00+00:00
AIRFLOW_CTX_TRY_NUMBER=1
AIRFLOW_CTX_DAG_RUN_ID=scheduled__2023-11-21T00:00:00+00:00
[2023-11-26 18:02:39,796] {subprocess.py:62} INFO - Tmp dir root location: 
 /tmp
[2023-11-26 18:02:39,796] {subprocess.py:74} INFO - Running command: ['bash', '-c', 'echo "HelloWorld!"']
[2023-11-26 18:02:39,829] {subprocess.py:85} INFO - Output:
[2023-11-26 18:02:39,833] {subprocess.py:92} INFO - HelloWorld!
[2023-11-26 18:02:39,835] {subprocess.py:96} INFO - Command exited with return code 0
[2023-11-26 18:02:39,887] {taskinstance.py:1400} INFO - Marking task as SUCCESS. dag_id=data_covid_etl, task_id=print_hello_world, execution_date=20231121T000000, start_date=20231126T180239, end_date=20231126T180239
[2023-11-26 18:02:39,942] {local_task_job.py:156} INFO - Task exited with return code 0
[2023-11-26 18:02:40,046] {local_task_job.py:273} INFO - 0 downstream tasks scheduled from follow-on schedule check
[2023-11-26 18:05:32,845] {taskinstance.py:1159} INFO - Dependencies all met for <TaskInstance: data_covid_etl.print_hello_world scheduled__2023-11-21T00:00:00+00:00 [queued]>
[2023-11-26 18:05:32,880] {taskinstance.py:1159} INFO - Dependencies all met for <TaskInstance: data_covid_etl.print_hello_world scheduled__2023-11-21T00:00:00+00:00 [queued]>
[2023-11-26 18:05:32,885] {taskinstance.py:1356} INFO - 
--------------------------------------------------------------------------------
[2023-11-26 18:05:32,889] {taskinstance.py:1357} INFO - Starting attempt 1 of 3
[2023-11-26 18:05:32,889] {taskinstance.py:1358} INFO - 
--------------------------------------------------------------------------------
[2023-11-26 18:05:32,928] {taskinstance.py:1377} INFO - Executing <Task(BashOperator): print_hello_world> on 2023-11-21 00:00:00+00:00
[2023-11-26 18:05:32,934] {standard_task_runner.py:52} INFO - Started process 1121 to run task
[2023-11-26 18:05:32,938] {standard_task_runner.py:79} INFO - Running: ['***', 'tasks', 'run', 'data_covid_etl', 'print_hello_world', 'scheduled__2023-11-21T00:00:00+00:00', '--job-id', '182', '--raw', '--subdir', 'DAGS_FOLDER/get_data.py', '--cfg-path', '/tmp/tmpkqhux_rd', '--error-file', '/tmp/tmpfy5g2r3m']
[2023-11-26 18:05:32,939] {standard_task_runner.py:80} INFO - Job 182: Subtask print_hello_world
[2023-11-26 18:05:33,031] {task_command.py:369} INFO - Running <TaskInstance: data_covid_etl.print_hello_world scheduled__2023-11-21T00:00:00+00:00 [running]> on host 79a606f4be36
[2023-11-26 18:05:33,170] {taskinstance.py:1571} INFO - Exporting the following env vars:
AIRFLOW_CTX_DAG_OWNER=oce
AIRFLOW_CTX_DAG_ID=data_covid_etl
AIRFLOW_CTX_TASK_ID=print_hello_world
AIRFLOW_CTX_EXECUTION_DATE=2023-11-21T00:00:00+00:00
AIRFLOW_CTX_TRY_NUMBER=1
AIRFLOW_CTX_DAG_RUN_ID=scheduled__2023-11-21T00:00:00+00:00
[2023-11-26 18:05:33,170] {subprocess.py:62} INFO - Tmp dir root location: 
 /tmp
[2023-11-26 18:05:33,171] {subprocess.py:74} INFO - Running command: ['bash', '-c', 'echo "HelloWorld!"']
[2023-11-26 18:05:33,199] {subprocess.py:85} INFO - Output:
[2023-11-26 18:05:33,203] {subprocess.py:92} INFO - HelloWorld!
[2023-11-26 18:05:33,203] {subprocess.py:96} INFO - Command exited with return code 0
[2023-11-26 18:05:33,405] {taskinstance.py:1400} INFO - Marking task as SUCCESS. dag_id=data_covid_etl, task_id=print_hello_world, execution_date=20231121T000000, start_date=20231126T180532, end_date=20231126T180533
[2023-11-26 18:05:33,446] {local_task_job.py:156} INFO - Task exited with return code 0
[2023-11-26 18:05:33,547] {local_task_job.py:273} INFO - 1 downstream tasks scheduled from follow-on schedule check
[2023-11-26 18:08:44,799] {taskinstance.py:1159} INFO - Dependencies all met for <TaskInstance: data_covid_etl.print_hello_world scheduled__2023-11-21T00:00:00+00:00 [queued]>
[2023-11-26 18:08:44,841] {taskinstance.py:1159} INFO - Dependencies all met for <TaskInstance: data_covid_etl.print_hello_world scheduled__2023-11-21T00:00:00+00:00 [queued]>
[2023-11-26 18:08:44,847] {taskinstance.py:1356} INFO - 
--------------------------------------------------------------------------------
[2023-11-26 18:08:44,847] {taskinstance.py:1357} INFO - Starting attempt 1 of 3
[2023-11-26 18:08:44,848] {taskinstance.py:1358} INFO - 
--------------------------------------------------------------------------------
[2023-11-26 18:08:44,892] {taskinstance.py:1377} INFO - Executing <Task(BashOperator): print_hello_world> on 2023-11-21 00:00:00+00:00
[2023-11-26 18:08:44,897] {standard_task_runner.py:52} INFO - Started process 1293 to run task
[2023-11-26 18:08:44,913] {standard_task_runner.py:79} INFO - Running: ['***', 'tasks', 'run', 'data_covid_etl', 'print_hello_world', 'scheduled__2023-11-21T00:00:00+00:00', '--job-id', '212', '--raw', '--subdir', 'DAGS_FOLDER/get_data.py', '--cfg-path', '/tmp/tmpc1zefoxu', '--error-file', '/tmp/tmpi2oy73n7']
[2023-11-26 18:08:44,914] {standard_task_runner.py:80} INFO - Job 212: Subtask print_hello_world
[2023-11-26 18:08:45,024] {task_command.py:369} INFO - Running <TaskInstance: data_covid_etl.print_hello_world scheduled__2023-11-21T00:00:00+00:00 [running]> on host 79a606f4be36
[2023-11-26 18:08:45,110] {taskinstance.py:1571} INFO - Exporting the following env vars:
AIRFLOW_CTX_DAG_OWNER=oce
AIRFLOW_CTX_DAG_ID=data_covid_etl
AIRFLOW_CTX_TASK_ID=print_hello_world
AIRFLOW_CTX_EXECUTION_DATE=2023-11-21T00:00:00+00:00
AIRFLOW_CTX_TRY_NUMBER=1
AIRFLOW_CTX_DAG_RUN_ID=scheduled__2023-11-21T00:00:00+00:00
[2023-11-26 18:08:45,111] {subprocess.py:62} INFO - Tmp dir root location: 
 /tmp
[2023-11-26 18:08:45,111] {subprocess.py:74} INFO - Running command: ['bash', '-c', 'echo "HelloWorld!"']
[2023-11-26 18:08:45,144] {subprocess.py:85} INFO - Output:
[2023-11-26 18:08:45,146] {subprocess.py:92} INFO - HelloWorld!
[2023-11-26 18:08:45,146] {subprocess.py:96} INFO - Command exited with return code 0
[2023-11-26 18:08:45,194] {taskinstance.py:1400} INFO - Marking task as SUCCESS. dag_id=data_covid_etl, task_id=print_hello_world, execution_date=20231121T000000, start_date=20231126T180844, end_date=20231126T180845
[2023-11-26 18:08:45,247] {local_task_job.py:156} INFO - Task exited with return code 0
[2023-11-26 18:08:45,307] {local_task_job.py:273} INFO - 1 downstream tasks scheduled from follow-on schedule check
[2023-11-26 18:15:22,753] {taskinstance.py:1159} INFO - Dependencies all met for <TaskInstance: data_covid_etl.print_hello_world scheduled__2023-11-21T00:00:00+00:00 [queued]>
[2023-11-26 18:15:22,775] {taskinstance.py:1159} INFO - Dependencies all met for <TaskInstance: data_covid_etl.print_hello_world scheduled__2023-11-21T00:00:00+00:00 [queued]>
[2023-11-26 18:15:22,775] {taskinstance.py:1356} INFO - 
--------------------------------------------------------------------------------
[2023-11-26 18:15:22,775] {taskinstance.py:1357} INFO - Starting attempt 1 of 3
[2023-11-26 18:15:22,775] {taskinstance.py:1358} INFO - 
--------------------------------------------------------------------------------
[2023-11-26 18:15:22,801] {taskinstance.py:1377} INFO - Executing <Task(BashOperator): print_hello_world> on 2023-11-21 00:00:00+00:00
[2023-11-26 18:15:22,806] {standard_task_runner.py:52} INFO - Started process 1601 to run task
[2023-11-26 18:15:22,811] {standard_task_runner.py:79} INFO - Running: ['***', 'tasks', 'run', 'data_covid_etl', 'print_hello_world', 'scheduled__2023-11-21T00:00:00+00:00', '--job-id', '254', '--raw', '--subdir', 'DAGS_FOLDER/get_data.py', '--cfg-path', '/tmp/tmp_ibsiupv', '--error-file', '/tmp/tmpkohsuvz9']
[2023-11-26 18:15:22,813] {standard_task_runner.py:80} INFO - Job 254: Subtask print_hello_world
[2023-11-26 18:15:22,926] {task_command.py:369} INFO - Running <TaskInstance: data_covid_etl.print_hello_world scheduled__2023-11-21T00:00:00+00:00 [running]> on host 79a606f4be36
[2023-11-26 18:15:23,099] {taskinstance.py:1571} INFO - Exporting the following env vars:
AIRFLOW_CTX_DAG_OWNER=oce
AIRFLOW_CTX_DAG_ID=data_covid_etl
AIRFLOW_CTX_TASK_ID=print_hello_world
AIRFLOW_CTX_EXECUTION_DATE=2023-11-21T00:00:00+00:00
AIRFLOW_CTX_TRY_NUMBER=1
AIRFLOW_CTX_DAG_RUN_ID=scheduled__2023-11-21T00:00:00+00:00
[2023-11-26 18:15:23,100] {subprocess.py:62} INFO - Tmp dir root location: 
 /tmp
[2023-11-26 18:15:23,100] {subprocess.py:74} INFO - Running command: ['bash', '-c', 'echo "HelloWorld!"']
[2023-11-26 18:15:23,134] {subprocess.py:85} INFO - Output:
[2023-11-26 18:15:23,135] {subprocess.py:92} INFO - HelloWorld!
[2023-11-26 18:15:23,135] {subprocess.py:96} INFO - Command exited with return code 0
[2023-11-26 18:15:23,189] {taskinstance.py:1400} INFO - Marking task as SUCCESS. dag_id=data_covid_etl, task_id=print_hello_world, execution_date=20231121T000000, start_date=20231126T181522, end_date=20231126T181523
[2023-11-26 18:15:23,225] {local_task_job.py:156} INFO - Task exited with return code 0
[2023-11-26 18:15:23,280] {local_task_job.py:273} INFO - 1 downstream tasks scheduled from follow-on schedule check
