[2023-11-27 10:14:13,421] {taskinstance.py:1159} INFO - Dependencies all met for <TaskInstance: final_project_data_covid_etl.create_dim_case manual__2023-11-27T09:22:18.570735+00:00 [queued]>
[2023-11-27 10:14:13,430] {taskinstance.py:1159} INFO - Dependencies all met for <TaskInstance: final_project_data_covid_etl.create_dim_case manual__2023-11-27T09:22:18.570735+00:00 [queued]>
[2023-11-27 10:14:13,431] {taskinstance.py:1356} INFO - 
--------------------------------------------------------------------------------
[2023-11-27 10:14:13,431] {taskinstance.py:1357} INFO - Starting attempt 17 of 19
[2023-11-27 10:14:13,431] {taskinstance.py:1358} INFO - 
--------------------------------------------------------------------------------
[2023-11-27 10:14:13,445] {taskinstance.py:1377} INFO - Executing <Task(PythonOperator): create_dim_case> on 2023-11-27 09:22:18.570735+00:00
[2023-11-27 10:14:13,450] {standard_task_runner.py:52} INFO - Started process 1908 to run task
[2023-11-27 10:14:13,454] {standard_task_runner.py:79} INFO - Running: ['***', 'tasks', 'run', 'final_project_data_covid_etl', 'create_dim_case', 'manual__2023-11-27T09:22:18.570735+00:00', '--job-id', '422', '--raw', '--subdir', 'DAGS_FOLDER/get_data.py', '--cfg-path', '/tmp/tmpkto1wl1a', '--error-file', '/tmp/tmpafs0yjhu']
[2023-11-27 10:14:13,455] {standard_task_runner.py:80} INFO - Job 422: Subtask create_dim_case
[2023-11-27 10:14:13,510] {task_command.py:369} INFO - Running <TaskInstance: final_project_data_covid_etl.create_dim_case manual__2023-11-27T09:22:18.570735+00:00 [running]> on host f38c0c12695c
[2023-11-27 10:14:13,598] {taskinstance.py:1571} INFO - Exporting the following env vars:
AIRFLOW_CTX_DAG_OWNER=ricky
AIRFLOW_CTX_DAG_ID=final_project_data_covid_etl
AIRFLOW_CTX_TASK_ID=create_dim_case
AIRFLOW_CTX_EXECUTION_DATE=2023-11-27T09:22:18.570735+00:00
AIRFLOW_CTX_TRY_NUMBER=17
AIRFLOW_CTX_DAG_RUN_ID=manual__2023-11-27T09:22:18.570735+00:00
[2023-11-27 10:14:13,631] {logging_mixin.py:115} INFO -  closecontact_dikarantina  closecontact_discarded  closecontact_meninggal  confirmation_meninggal  confirmation_sembuh  probable_diisolasi  probable_discarded  probable_meninggal  suspect_diisolasi  suspect_discarded  suspect_meninggal
                        0                     274                       0                       0                    0                   0                   0                  26                 31               2179                  0
                       72                     462                       0                       0                    0                   0                   0                   7                  3                773                  0
                      135                    1992                       0                       0                    0                   1                   0                  32               4001               1535                  0
                        0                       0                       0                       0                    0                   0                   0                 163                  0                  0                  0
                        3                    1292                       0                       0                    0                   0                   3                   0               2075                  0                  0
                        0                       0                       0                       0                    0                   0                   0                   0                  0                  0                  0
                      187                     255                       0                       0                    0                   0                   0                   1                  5                295                  0
                      132                    2250                       0                       0                    0                   0                   0                   0               2644                244                  0
                       35                     200                       0                       0                    0                   0                   0                  73                347               1293                  0
                      118                    1319                       0                       0                    0                   0                   0                  57                 25               6075                  0
                        4                     467                       0                       0                    0                   0                   0                   1               1683                307                  0
                      260                     160                       0                       0                    0                   0                   0                   7                 11                660                  0
                        0                     537                       0                       0                    0                   0                   0                   0                  0                573                  0
                       39                     493                       0                       0                    0                   0                   0                   1                  5                686                  0
                       50                     405                       0                       0                    0                   0                   0                   0                  1               5787                  0
                        0                     332                       0                       0                    0                   0                   0                  25                  4               4714                  0
                        0                     125                       0                       0                    0                   0                   0                   4                991                 52                  0
                        0                       0                       0                       0                    0                   0                   0                   0                  0                  0                  0
                       16                    3537                       0                       0                    0                   0                   0                   0               6780                  0                  0
                        0                     187                       0                       0                    0                   0                   0                   0                475                111                  0
                        0                       0                       0                       0                    0                   0                   0                   0                  0                  0                  0
                       68                     824                       0                       0                    0                   0                   0                   1                 61               2231                  0
                      318                    3608                       0                       0                    0                   0                   0                   0                330                526                  0
                       10                     188                       0                       0                    0                   0                   0                   0                  4                367                  0
                      361                    2745                       0                       0                    0                   0                   0                   0                428               5652                  0
                        0                    1445                       0                       0                    0                   0                   0                   2                  2                329                  0
                        7                     685                       0                       0                    0                   0                  46                   5               1364                  0                  0
                        0                       0                       0                       6                  117                   0                   0                  26                  0                  7                117
                        0                       0                       0                       3                   76                   0                   0                   7                  0                  0                 52
                       12                      26                       0                      29                  230                   1                   0                  32                  0               3947                249
                        0                       0                       0                      10                  245                   0                   0                 163                  0                  0                486
                        0                       0                       0                       0                   13                   0                   3                   0                  0               2075                 20
                       79                      25                       0                       2                   22                   0                   0                   0                170               1020                 89
                        0                       0                       0                       3                   15                   0                   0                   1                  2                  2                 54
                        0                       0                       0                       3                   20                   0                   0                   0                  0               2626                  6
                        0                       0                       0                       4                   32                   0                   0                  73                 20                  0                 64
                        0                      13                       0                       1                   42                   0                   0                  57                  0                  6                 62
                       25                       0                       0                       2                   25                   0                   0                   1                  0               1656                 28
                        8                       0                       0                       1                    6                   0                   0                   7                  1                  0                 17
                        0                       0                       0                       0                   17                   0                   0                   0                  0                  0                 10
                        0                       0                       0                       1                   33                   0                   0                   1                  0                  0                 33
                        0                      31                       0                       2                   51                   0                  14                   0                  0                  0                 28
                        0                       0                       0                       0                   62                   0                   0                  25                  0                  3                 32
                        0                       0                       0                       0                   18                   0                   0                   4                  0               1041                 17
                        0                      49                       0                       1                    7                   0                   0                   0                  0               1563                  5
                        0                       0                       0                      44                  388                   0                   0                   0                  0               6669                154
                        0                       0                       0                       1                    9                   0                   0                   0                  0                472                 20
                       37                       0                       0                      33                  518                   9                   0                   7                  1               1600                198
                        0                       0                       0                      18                  198                   0                   0                   1                 20                  0                145
                        0                       0                       0                       2                  136                   0                   0                   0                  0                  0                 19
                        1                       0                       0                       2                   28                   0                   0                   0                  4                  0                  6
                       15                       0                       0                      41                  905                  25                   0                   7                  0                 30                118
                       20                       0                       0                       0                   46                   0                   0                   2                  0                  0                  2
                        0                       0                       0                       2                   22                   0                  46                   5                  0               1364                  8
                        0                       0                       0                       0                    0                   0                   0                  26                  0                 12                  0
                        0                       0                       0                       0                    0                   0                   0                   7                  0                  0                  0
                       10                       3                       0                       0                    0                   1                   0                  32                 11                  8                  3
                        0                       0                       0                       0                    0                   0                   0                 163                  0                  0                  0
                        0                       0                       0                       0                    0                   0                   3                   0                  0                  0                  0
                        0                       0                       0                       0                    0                   0                   0                   0                  0                  0                  0
                        8                       0                       0                       1                    0                   0                   0                   1                  0                  0                  1
                        0                       0                       0                       0                    0                   0                   0                   0                  0                  0                  0
                       10                       5                       0                       0                    0                   0                   0                  73                  0                  4                  0
                        1                       0                       0                       0                    0                   0                   0                  57                  2                  1                  0
                        0                       0                       0                       0                    0                   0                   0                   1                  1                  0                  0
                        8                       0                       0                       0                    0                   0                   0                   7                  0                  0                  0
                        0                       0                       0                       0                    0                   0                   0                   0                  1                  0                  0
                        0                       0                       0                       0                    0                   0                   0                   1                  6                  0                  0
                        0                       0                       0                       0                    0                   0                  14                   0                  0                  0                  0
                        0                       0                       0                       0                    0                   1                   0                  25                  0                  0                  0
                        0                       0                       0                       0                    0                   0                   0                   4                  0                  0                  0
                        0                       0                       0                       1                    0                   0                   0                   0                  0                  0                  0
                        0                       0                       0                       0                    0                   0                   0                   0                  0                  0                  0
                        0                       0                       0                       0                    0                   0                   0                   0                  0                  0                  0
                        0                       0                       0                       0                    0                   9                   0                   7                  0                  0                  0
                        0                       0                       0                       2                    0                   0                   0                   1                  0                  0                  0
                        0                       0                       0                       0                    0                   0                   0                   0                  0                  0                  0
                        0                       0                       0                       0                    0                   0                   0                   0                  0                  2                  0
                        0                       0                       0                       0                    0                  25                   0                   7                  0                  0                  0
                        0                       0                       0                       0                    0                   0                   0                   2                  0                  0                  0
                        0                       0                       0                       0                    0                   0                  46                   5                  0                  0                  0
                        0                       0                       0                       0                    0                   0                   0                  26                  0                  0                  0
                        0                       0                       0                       0                    0                   0                   0                   7                  0                  0                  0
                        0                      15                       0                       0                    0                   1                   0                  32                  0                 12                  1
                        0                       0                       0                       1                    0                   0                   0                 163                  0                  0                  0
                        0                       0                       0                       0                    0                   0                   3                   0                  0                  0                  0
                        0                       0                       0                       0                    0                   0                   0                   0                  0                  0                  0
                        3                       0                       0                       0                    0                   0                   0                   1                  1                  0                  0
                        2                       0                       0                       0                    0                   0                   0                   0                  3                  0                  0
                        4                       5                       0                       0                    0                   0                   0                  74                  0                  3                  0
                        0                       7                       0                       0                    0                   0                   0                  57                  0                  9                  0
                        0                       0                       0                       0                    0                   0                   0                   1                  1                  0                  0
                       69                       0                       0                       0                    0                   0                   0                   7                  1                  0                  0
                        0                       0                       0                       0                    0                   0                   0                   0                  0                  0                  0
                       27                       7                       0                       0                    0                   0                   0                   2                  0                  6                  0
                        0                       0                       0                       0                    0                   0                  14                   0                  1                  0                  0
                        0                       0                       0                       0                    0                   1                   0                  25                  0                  0                  0
                        0                       0                       0                       0                    0                   0                   0                   4                  0                  0                  0
                        0                       0                       0                       0                    0                   0                   0                   0                  0                  0                  0
                        0                      10                       0                       1                    0                   0                 150                  21                  0                 25                  0
                        0                       0                       0                       0                    0                   0                   0                   0                  0                  0                  0
                        0                       0                       0                       1                    0                   9                   0                   7                  0                 13                  3
                        0                       0                       0                       0                    0                   0                   0                   1                  0                  0                  0
                        0                       0                       0                       0                    0                   0                   0                   0                  0                  0                  0
                       24                       7                       0                       0                    0                   0                   0                   0                  0                  1                  0
                        0                       0                       0                       0                    0                  25                   0                   7                  0                  0                  0
                       95                      32                       0                       0                    0                   0                   0                   2                 53                  0                  0
                        0                       0                       0                       0                    0                   0                  46                   5                  0                  0                  0
                        0                       0                       0                       0                    0                   0                   0                  26                 14                  2                  0
                        0                       0                       0                       0                    0                   0                   0                   7                  0                  0                  0
                       78                       0                       0                       0                    0                   1                   1                  32                  0                 18                  0
                        0                       0                       0                       0                    0                   0                   0                 167                229               3790                  0
                        0                       0                       0                       0                    0                   0                   3                   0                  0                  0                  0
                        0                       0                       0                       0                    0                   0                   0                   0                  0                  0                  0
                        0                       0                       0                       0                    0                   0                   0                   1                  0                  3                  0
                        0                       0                       0                       0                    0                   0                   0                   0                  0                  0                  0
                        0                       0                       0                       0                    0                   0                   0                  74                  0                  0                  0
                        0                       5                       0                       0                    0                   0                   0                  57                  0                  0                  0
                        8                       0                       0                       0                    0                   0                   0                   1                  2                  0                  0
                        0                       0                       0                       0                    0                   0                   0                   7                  2                  0                  0
                        0                       0                       0                       0                    0                   0                   0                   0                  0                  0                  0
                        2                       0                       0                       0                    0                   0                   0                   2                  0                  1                  0
                        0                      10                       0                       0                    0                   0                  15                   0                  0                  0                  0
                        0                       0                       0                       1                    0                   1                   0                  25                  0                  0                  0
                        0                       0                       0                       0                    0                   0                   0                   4                  0                  0                  0
                        0                       0                       0                       0                    0                   0                   0                   0                  0                  0                  0
                        0                       0                       0                       0                    0                   0                 150                  21                  0                  0                  0
                        0                       0                       0                       0                    0                   0                   0                   0                  0                  0                  0
                        0                       0                       0                       1                    0                   9                   0                   7                  0                  0                  0
                       32                      21                       0                       1                    0                   1                   0                  46                  2                  0                  0
                        0                       0                       0                       0                    0                   0                   0                   0                  0                  0                  0
                        0                       0                       0                       0                    0                   0                   0                   0                  0                  1                  0
                        0                       0                       0                       1                    0                  25                   0                   7                  0                  0                  0
                        0                       0                       0                       0                    0                   0                   0                   2                  0                  0                  0
                        0                       0                       0                       0                    0                   0                  46                   5                  0                  0                  0
                       85                       0                       0                       0                    0                   0                   0                  26                  6                  0                  0
                        0                       0                       0                       0                    0                   0                   0                   7                  0                  0                  1
                        0                       6                       0                       0                    0                   1                   2                  32                  5                 12                  0
                        0                       0                       0                       0                    0                   0                   0                 167                  0                  0                  5
                        0                       0                       0                       0                    0                   0                   3                   0                  0                  0                  0
                       26                       6                       0                       0                    0                   0                   1                   0                  0                 35                  2
                        0                       0                       0                       0                    0                   0                   0                   1                  1                  0                  0
                        0                       0                       0                       0                    0                   0                   0                   0                  0                  7                  0
                        2                      10                       0                       0                    0                   0                   0                  74                  0                 15                  0
                        1                      27                       0                       0                    0                   0                   0                  57                  0                  7                  0
[2023-11-27 10:14:13,637] {logging_mixin.py:115} INFO -  closecontact_dikarantina  closecontact_discarded  closecontact_meninggal  confirmation_meninggal  confirmation_sembuh  probable_diisolasi  probable_discarded  probable_meninggal  suspect_diisolasi  suspect_discarded  suspect_meninggal  id
                        0                     274                       0                       0                    0                   0                   0                  26                 31               2179                  0   1
                       72                     462                       0                       0                    0                   0                   0                   7                  3                773                  0   2
                      135                    1992                       0                       0                    0                   1                   0                  32               4001               1535                  0   3
                        0                       0                       0                       0                    0                   0                   0                 163                  0                  0                  0   4
                        3                    1292                       0                       0                    0                   0                   3                   0               2075                  0                  0   5
                        0                       0                       0                       0                    0                   0                   0                   0                  0                  0                  0   6
                      187                     255                       0                       0                    0                   0                   0                   1                  5                295                  0   7
                      132                    2250                       0                       0                    0                   0                   0                   0               2644                244                  0   8
                       35                     200                       0                       0                    0                   0                   0                  73                347               1293                  0   9
                      118                    1319                       0                       0                    0                   0                   0                  57                 25               6075                  0  10
                        4                     467                       0                       0                    0                   0                   0                   1               1683                307                  0  11
                      260                     160                       0                       0                    0                   0                   0                   7                 11                660                  0  12
                        0                     537                       0                       0                    0                   0                   0                   0                  0                573                  0  13
                       39                     493                       0                       0                    0                   0                   0                   1                  5                686                  0  14
                       50                     405                       0                       0                    0                   0                   0                   0                  1               5787                  0  15
                        0                     332                       0                       0                    0                   0                   0                  25                  4               4714                  0  16
                        0                     125                       0                       0                    0                   0                   0                   4                991                 52                  0  17
                        0                       0                       0                       0                    0                   0                   0                   0                  0                  0                  0  18
                       16                    3537                       0                       0                    0                   0                   0                   0               6780                  0                  0  19
                        0                     187                       0                       0                    0                   0                   0                   0                475                111                  0  20
                        0                       0                       0                       0                    0                   0                   0                   0                  0                  0                  0  21
                       68                     824                       0                       0                    0                   0                   0                   1                 61               2231                  0  22
                      318                    3608                       0                       0                    0                   0                   0                   0                330                526                  0  23
                       10                     188                       0                       0                    0                   0                   0                   0                  4                367                  0  24
                      361                    2745                       0                       0                    0                   0                   0                   0                428               5652                  0  25
                        0                    1445                       0                       0                    0                   0                   0                   2                  2                329                  0  26
                        7                     685                       0                       0                    0                   0                  46                   5               1364                  0                  0  27
                        0                       0                       0                       6                  117                   0                   0                  26                  0                  7                117  28
                        0                       0                       0                       3                   76                   0                   0                   7                  0                  0                 52  29
                       12                      26                       0                      29                  230                   1                   0                  32                  0               3947                249  30
                        0                       0                       0                      10                  245                   0                   0                 163                  0                  0                486  31
                        0                       0                       0                       0                   13                   0                   3                   0                  0               2075                 20  32
                       79                      25                       0                       2                   22                   0                   0                   0                170               1020                 89  33
                        0                       0                       0                       3                   15                   0                   0                   1                  2                  2                 54  34
                        0                       0                       0                       3                   20                   0                   0                   0                  0               2626                  6  35
                        0                       0                       0                       4                   32                   0                   0                  73                 20                  0                 64  36
                        0                      13                       0                       1                   42                   0                   0                  57                  0                  6                 62  37
                       25                       0                       0                       2                   25                   0                   0                   1                  0               1656                 28  38
                        8                       0                       0                       1                    6                   0                   0                   7                  1                  0                 17  39
                        0                       0                       0                       0                   17                   0                   0                   0                  0                  0                 10  40
                        0                       0                       0                       1                   33                   0                   0                   1                  0                  0                 33  41
                        0                      31                       0                       2                   51                   0                  14                   0                  0                  0                 28  42
                        0                       0                       0                       0                   62                   0                   0                  25                  0                  3                 32  43
                        0                       0                       0                       0                   18                   0                   0                   4                  0               1041                 17  44
                        0                      49                       0                       1                    7                   0                   0                   0                  0               1563                  5  45
                        0                       0                       0                      44                  388                   0                   0                   0                  0               6669                154  46
                        0                       0                       0                       1                    9                   0                   0                   0                  0                472                 20  47
                       37                       0                       0                      33                  518                   9                   0                   7                  1               1600                198  48
                        0                       0                       0                      18                  198                   0                   0                   1                 20                  0                145  49
                        0                       0                       0                       2                  136                   0                   0                   0                  0                  0                 19  50
                        1                       0                       0                       2                   28                   0                   0                   0                  4                  0                  6  51
                       15                       0                       0                      41                  905                  25                   0                   7                  0                 30                118  52
                       20                       0                       0                       0                   46                   0                   0                   2                  0                  0                  2  53
                        0                       0                       0                       2                   22                   0                  46                   5                  0               1364                  8  54
                        0                       0                       0                       0                    0                   0                   0                  26                  0                 12                  0  55
                        0                       0                       0                       0                    0                   0                   0                   7                  0                  0                  0  56
                       10                       3                       0                       0                    0                   1                   0                  32                 11                  8                  3  57
                        0                       0                       0                       0                    0                   0                   0                 163                  0                  0                  0  58
                        0                       0                       0                       0                    0                   0                   3                   0                  0                  0                  0  59
                        0                       0                       0                       0                    0                   0                   0                   0                  0                  0                  0  60
                        8                       0                       0                       1                    0                   0                   0                   1                  0                  0                  1  61
                        0                       0                       0                       0                    0                   0                   0                   0                  0                  0                  0  62
                       10                       5                       0                       0                    0                   0                   0                  73                  0                  4                  0  63
                        1                       0                       0                       0                    0                   0                   0                  57                  2                  1                  0  64
                        0                       0                       0                       0                    0                   0                   0                   1                  1                  0                  0  65
                        8                       0                       0                       0                    0                   0                   0                   7                  0                  0                  0  66
                        0                       0                       0                       0                    0                   0                   0                   0                  1                  0                  0  67
                        0                       0                       0                       0                    0                   0                   0                   1                  6                  0                  0  68
                        0                       0                       0                       0                    0                   0                  14                   0                  0                  0                  0  69
                        0                       0                       0                       0                    0                   1                   0                  25                  0                  0                  0  70
                        0                       0                       0                       0                    0                   0                   0                   4                  0                  0                  0  71
                        0                       0                       0                       1                    0                   0                   0                   0                  0                  0                  0  72
                        0                       0                       0                       0                    0                   0                   0                   0                  0                  0                  0  73
                        0                       0                       0                       0                    0                   0                   0                   0                  0                  0                  0  74
                        0                       0                       0                       0                    0                   9                   0                   7                  0                  0                  0  75
                        0                       0                       0                       2                    0                   0                   0                   1                  0                  0                  0  76
                        0                       0                       0                       0                    0                   0                   0                   0                  0                  0                  0  77
                        0                       0                       0                       0                    0                   0                   0                   0                  0                  2                  0  78
                        0                       0                       0                       0                    0                  25                   0                   7                  0                  0                  0  79
                        0                       0                       0                       0                    0                   0                   0                   2                  0                  0                  0  80
                        0                       0                       0                       0                    0                   0                  46                   5                  0                  0                  0  81
                        0                       0                       0                       0                    0                   0                   0                  26                  0                  0                  0  82
                        0                       0                       0                       0                    0                   0                   0                   7                  0                  0                  0  83
                        0                      15                       0                       0                    0                   1                   0                  32                  0                 12                  1  84
                        0                       0                       0                       1                    0                   0                   0                 163                  0                  0                  0  85
                        0                       0                       0                       0                    0                   0                   3                   0                  0                  0                  0  86
                        0                       0                       0                       0                    0                   0                   0                   0                  0                  0                  0  87
                        3                       0                       0                       0                    0                   0                   0                   1                  1                  0                  0  88
                        2                       0                       0                       0                    0                   0                   0                   0                  3                  0                  0  89
                        4                       5                       0                       0                    0                   0                   0                  74                  0                  3                  0  90
                        0                       7                       0                       0                    0                   0                   0                  57                  0                  9                  0  91
                        0                       0                       0                       0                    0                   0                   0                   1                  1                  0                  0  92
                       69                       0                       0                       0                    0                   0                   0                   7                  1                  0                  0  93
                        0                       0                       0                       0                    0                   0                   0                   0                  0                  0                  0  94
                       27                       7                       0                       0                    0                   0                   0                   2                  0                  6                  0  95
                        0                       0                       0                       0                    0                   0                  14                   0                  1                  0                  0  96
                        0                       0                       0                       0                    0                   1                   0                  25                  0                  0                  0  97
                        0                       0                       0                       0                    0                   0                   0                   4                  0                  0                  0  98
                        0                       0                       0                       0                    0                   0                   0                   0                  0                  0                  0  99
                        0                      10                       0                       1                    0                   0                 150                  21                  0                 25                  0 100
                        0                       0                       0                       0                    0                   0                   0                   0                  0                  0                  0 101
                        0                       0                       0                       1                    0                   9                   0                   7                  0                 13                  3 102
                        0                       0                       0                       0                    0                   0                   0                   1                  0                  0                  0 103
                        0                       0                       0                       0                    0                   0                   0                   0                  0                  0                  0 104
                       24                       7                       0                       0                    0                   0                   0                   0                  0                  1                  0 105
                        0                       0                       0                       0                    0                  25                   0                   7                  0                  0                  0 106
                       95                      32                       0                       0                    0                   0                   0                   2                 53                  0                  0 107
                        0                       0                       0                       0                    0                   0                  46                   5                  0                  0                  0 108
                        0                       0                       0                       0                    0                   0                   0                  26                 14                  2                  0 109
                        0                       0                       0                       0                    0                   0                   0                   7                  0                  0                  0 110
                       78                       0                       0                       0                    0                   1                   1                  32                  0                 18                  0 111
                        0                       0                       0                       0                    0                   0                   0                 167                229               3790                  0 112
                        0                       0                       0                       0                    0                   0                   3                   0                  0                  0                  0 113
                        0                       0                       0                       0                    0                   0                   0                   0                  0                  0                  0 114
                        0                       0                       0                       0                    0                   0                   0                   1                  0                  3                  0 115
                        0                       0                       0                       0                    0                   0                   0                   0                  0                  0                  0 116
                        0                       0                       0                       0                    0                   0                   0                  74                  0                  0                  0 117
                        0                       5                       0                       0                    0                   0                   0                  57                  0                  0                  0 118
                        8                       0                       0                       0                    0                   0                   0                   1                  2                  0                  0 119
                        0                       0                       0                       0                    0                   0                   0                   7                  2                  0                  0 120
                        0                       0                       0                       0                    0                   0                   0                   0                  0                  0                  0 121
                        2                       0                       0                       0                    0                   0                   0                   2                  0                  1                  0 122
                        0                      10                       0                       0                    0                   0                  15                   0                  0                  0                  0 123
                        0                       0                       0                       1                    0                   1                   0                  25                  0                  0                  0 124
                        0                       0                       0                       0                    0                   0                   0                   4                  0                  0                  0 125
                        0                       0                       0                       0                    0                   0                   0                   0                  0                  0                  0 126
                        0                       0                       0                       0                    0                   0                 150                  21                  0                  0                  0 127
                        0                       0                       0                       0                    0                   0                   0                   0                  0                  0                  0 128
                        0                       0                       0                       1                    0                   9                   0                   7                  0                  0                  0 129
                       32                      21                       0                       1                    0                   1                   0                  46                  2                  0                  0 130
                        0                       0                       0                       0                    0                   0                   0                   0                  0                  0                  0 131
                        0                       0                       0                       0                    0                   0                   0                   0                  0                  1                  0 132
                        0                       0                       0                       1                    0                  25                   0                   7                  0                  0                  0 133
                        0                       0                       0                       0                    0                   0                   0                   2                  0                  0                  0 134
                        0                       0                       0                       0                    0                   0                  46                   5                  0                  0                  0 135
                       85                       0                       0                       0                    0                   0                   0                  26                  6                  0                  0 136
                        0                       0                       0                       0                    0                   0                   0                   7                  0                  0                  1 137
                        0                       6                       0                       0                    0                   1                   2                  32                  5                 12                  0 138
                        0                       0                       0                       0                    0                   0                   0                 167                  0                  0                  5 139
                        0                       0                       0                       0                    0                   0                   3                   0                  0                  0                  0 140
                       26                       6                       0                       0                    0                   0                   1                   0                  0                 35                  2 141
                        0                       0                       0                       0                    0                   0                   0                   1                  1                  0                  0 142
                        0                       0                       0                       0                    0                   0                   0                   0                  0                  7                  0 143
                        2                      10                       0                       0                    0                   0                   0                  74                  0                 15                  0 144
                        1                      27                       0                       0                    0                   0                   0                  57                  0                  7                  0 145
[2023-11-27 10:14:13,864] {logging_mixin.py:115} INFO -        id   status_name status_detail                    status
0       1  closecontact   dikarantina  closecontact_dikarantina
1       2  closecontact   dikarantina  closecontact_dikarantina
2       3  closecontact   dikarantina  closecontact_dikarantina
3       4  closecontact   dikarantina  closecontact_dikarantina
4       5  closecontact   dikarantina  closecontact_dikarantina
...   ...           ...           ...                       ...
1590  141       suspect     meninggal         suspect_meninggal
1591  142       suspect     meninggal         suspect_meninggal
1592  143       suspect     meninggal         suspect_meninggal
1593  144       suspect     meninggal         suspect_meninggal
1594  145       suspect     meninggal         suspect_meninggal

[1595 rows x 4 columns]
[2023-11-27 10:14:13,972] {python.py:173} INFO - Done. Returned value was: None
[2023-11-27 10:14:14,005] {taskinstance.py:1400} INFO - Marking task as SUCCESS. dag_id=final_project_data_covid_etl, task_id=create_dim_case, execution_date=20231127T092218, start_date=20231127T101413, end_date=20231127T101414
[2023-11-27 10:14:14,027] {local_task_job.py:156} INFO - Task exited with return code 0
[2023-11-27 10:14:14,072] {local_task_job.py:273} INFO - 1 downstream tasks scheduled from follow-on schedule check
