[2023-11-27 09:14:42,296] {taskinstance.py:1159} INFO - Dependencies all met for <TaskInstance: final_project_data_covid_etl.create_fact_district_daily manual__2023-11-27T09:13:48.667181+00:00 [queued]>
[2023-11-27 09:14:42,308] {taskinstance.py:1159} INFO - Dependencies all met for <TaskInstance: final_project_data_covid_etl.create_fact_district_daily manual__2023-11-27T09:13:48.667181+00:00 [queued]>
[2023-11-27 09:14:42,309] {taskinstance.py:1356} INFO - 
--------------------------------------------------------------------------------
[2023-11-27 09:14:42,309] {taskinstance.py:1357} INFO - Starting attempt 1 of 3
[2023-11-27 09:14:42,309] {taskinstance.py:1358} INFO - 
--------------------------------------------------------------------------------
[2023-11-27 09:14:42,344] {taskinstance.py:1377} INFO - Executing <Task(PythonOperator): create_fact_district_daily> on 2023-11-27 09:13:48.667181+00:00
[2023-11-27 09:14:42,351] {standard_task_runner.py:52} INFO - Started process 286 to run task
[2023-11-27 09:14:42,355] {standard_task_runner.py:79} INFO - Running: ['***', 'tasks', 'run', 'final_project_data_covid_etl', 'create_fact_district_daily', 'manual__2023-11-27T09:13:48.667181+00:00', '--job-id', '366', '--raw', '--subdir', 'DAGS_FOLDER/get_data.py', '--cfg-path', '/tmp/tmp8z40ca6n', '--error-file', '/tmp/tmp6ghvxdeb']
[2023-11-27 09:14:42,356] {standard_task_runner.py:80} INFO - Job 366: Subtask create_fact_district_daily
[2023-11-27 09:14:42,437] {task_command.py:369} INFO - Running <TaskInstance: final_project_data_covid_etl.create_fact_district_daily manual__2023-11-27T09:13:48.667181+00:00 [running]> on host f38c0c12695c
[2023-11-27 09:14:42,540] {taskinstance.py:1571} INFO - Exporting the following env vars:
AIRFLOW_CTX_DAG_OWNER=ricky
AIRFLOW_CTX_DAG_ID=final_project_data_covid_etl
AIRFLOW_CTX_TASK_ID=create_fact_district_daily
AIRFLOW_CTX_EXECUTION_DATE=2023-11-27T09:13:48.667181+00:00
AIRFLOW_CTX_TRY_NUMBER=1
AIRFLOW_CTX_DAG_RUN_ID=manual__2023-11-27T09:13:48.667181+00:00
[2023-11-27 09:14:42,541] {python.py:173} INFO - Done. Returned value was: None
[2023-11-27 09:14:42,555] {taskinstance.py:1400} INFO - Marking task as SUCCESS. dag_id=final_project_data_covid_etl, task_id=create_fact_district_daily, execution_date=20231127T091348, start_date=20231127T091442, end_date=20231127T091442
[2023-11-27 09:14:42,607] {local_task_job.py:156} INFO - Task exited with return code 0
[2023-11-27 09:14:42,661] {local_task_job.py:273} INFO - 1 downstream tasks scheduled from follow-on schedule check
