[2023-11-26 18:25:10,744] {taskinstance.py:1159} INFO - Dependencies all met for <TaskInstance: final_project_data_covid_etl.insert_data_staging manual__2023-11-26T18:25:08.445000+00:00 [queued]>
[2023-11-26 18:25:10,755] {taskinstance.py:1159} INFO - Dependencies all met for <TaskInstance: final_project_data_covid_etl.insert_data_staging manual__2023-11-26T18:25:08.445000+00:00 [queued]>
[2023-11-26 18:25:10,755] {taskinstance.py:1356} INFO - 
--------------------------------------------------------------------------------
[2023-11-26 18:25:10,755] {taskinstance.py:1357} INFO - Starting attempt 1 of 3
[2023-11-26 18:25:10,755] {taskinstance.py:1358} INFO - 
--------------------------------------------------------------------------------
[2023-11-26 18:25:10,771] {taskinstance.py:1377} INFO - Executing <Task(PythonOperator): insert_data_staging> on 2023-11-26 18:25:08.445000+00:00
[2023-11-26 18:25:10,777] {standard_task_runner.py:52} INFO - Started process 1956 to run task
[2023-11-26 18:25:10,778] {standard_task_runner.py:79} INFO - Running: ['***', 'tasks', 'run', 'final_project_data_covid_etl', 'insert_data_staging', 'manual__2023-11-26T18:25:08.445000+00:00', '--job-id', '290', '--raw', '--subdir', 'DAGS_FOLDER/get_data.py', '--cfg-path', '/tmp/tmprmlrqjn0', '--error-file', '/tmp/tmp5p772owa']
[2023-11-26 18:25:10,779] {standard_task_runner.py:80} INFO - Job 290: Subtask insert_data_staging
[2023-11-26 18:25:10,833] {task_command.py:369} INFO - Running <TaskInstance: final_project_data_covid_etl.insert_data_staging manual__2023-11-26T18:25:08.445000+00:00 [running]> on host 79a606f4be36
[2023-11-26 18:25:10,904] {taskinstance.py:1571} INFO - Exporting the following env vars:
AIRFLOW_CTX_DAG_OWNER=oce
AIRFLOW_CTX_DAG_ID=final_project_data_covid_etl
AIRFLOW_CTX_TASK_ID=insert_data_staging
AIRFLOW_CTX_EXECUTION_DATE=2023-11-26T18:25:08.445000+00:00
AIRFLOW_CTX_TRY_NUMBER=1
AIRFLOW_CTX_DAG_RUN_ID=manual__2023-11-26T18:25:08.445000+00:00
[2023-11-26 18:25:11,410] {python.py:173} INFO - Done. Returned value was: None
[2023-11-26 18:25:11,423] {taskinstance.py:1400} INFO - Marking task as SUCCESS. dag_id=final_project_data_covid_etl, task_id=insert_data_staging, execution_date=20231126T182508, start_date=20231126T182510, end_date=20231126T182511
[2023-11-26 18:25:11,474] {local_task_job.py:156} INFO - Task exited with return code 0
[2023-11-26 18:25:11,514] {local_task_job.py:273} INFO - 1 downstream tasks scheduled from follow-on schedule check
