[2023-11-26 15:50:07,130] {taskinstance.py:1159} INFO - Dependencies all met for <TaskInstance: data_covid_etl.ingest_staging_db scheduled__2023-11-20T00:00:00+00:00 [queued]>
[2023-11-26 15:50:07,142] {taskinstance.py:1159} INFO - Dependencies all met for <TaskInstance: data_covid_etl.ingest_staging_db scheduled__2023-11-20T00:00:00+00:00 [queued]>
[2023-11-26 15:50:07,142] {taskinstance.py:1356} INFO - 
--------------------------------------------------------------------------------
[2023-11-26 15:50:07,142] {taskinstance.py:1357} INFO - Starting attempt 3 of 6
[2023-11-26 15:50:07,143] {taskinstance.py:1358} INFO - 
--------------------------------------------------------------------------------
[2023-11-26 15:50:07,176] {taskinstance.py:1377} INFO - Executing <Task(PythonOperator): ingest_staging_db> on 2023-11-20 00:00:00+00:00
[2023-11-26 15:50:07,182] {standard_task_runner.py:52} INFO - Started process 2859 to run task
[2023-11-26 15:50:07,187] {standard_task_runner.py:79} INFO - Running: ['***', 'tasks', 'run', 'data_covid_etl', 'ingest_staging_db', 'scheduled__2023-11-20T00:00:00+00:00', '--job-id', '77', '--raw', '--subdir', 'DAGS_FOLDER/get_data.py', '--cfg-path', '/tmp/tmpz26jgvll', '--error-file', '/tmp/tmp4fts0ql1']
[2023-11-26 15:50:07,188] {standard_task_runner.py:80} INFO - Job 77: Subtask ingest_staging_db
[2023-11-26 15:50:07,272] {task_command.py:369} INFO - Running <TaskInstance: data_covid_etl.ingest_staging_db scheduled__2023-11-20T00:00:00+00:00 [running]> on host f384f2afcc4f
[2023-11-26 15:50:07,379] {taskinstance.py:1571} INFO - Exporting the following env vars:
AIRFLOW_CTX_DAG_OWNER=oce
AIRFLOW_CTX_DAG_ID=data_covid_etl
AIRFLOW_CTX_TASK_ID=ingest_staging_db
AIRFLOW_CTX_EXECUTION_DATE=2023-11-20T00:00:00+00:00
AIRFLOW_CTX_TRY_NUMBER=3
AIRFLOW_CTX_DAG_RUN_ID=scheduled__2023-11-20T00:00:00+00:00
[2023-11-26 15:50:09,235] {python.py:173} INFO - Done. Returned value was: None
[2023-11-26 15:50:09,258] {taskinstance.py:1400} INFO - Marking task as SUCCESS. dag_id=data_covid_etl, task_id=ingest_staging_db, execution_date=20231120T000000, start_date=20231126T155007, end_date=20231126T155009
[2023-11-26 15:50:09,288] {local_task_job.py:156} INFO - Task exited with return code 0
[2023-11-26 15:50:09,339] {local_task_job.py:273} INFO - 0 downstream tasks scheduled from follow-on schedule check
