[2023-11-26 15:39:34,018] {taskinstance.py:1159} INFO - Dependencies all met for <TaskInstance: data_covid_etl.create_dim_province manual__2023-11-26T15:39:31.189138+00:00 [queued]>
[2023-11-26 15:39:34,084] {taskinstance.py:1159} INFO - Dependencies all met for <TaskInstance: data_covid_etl.create_dim_province manual__2023-11-26T15:39:31.189138+00:00 [queued]>
[2023-11-26 15:39:34,084] {taskinstance.py:1356} INFO - 
--------------------------------------------------------------------------------
[2023-11-26 15:39:34,084] {taskinstance.py:1357} INFO - Starting attempt 1 of 6
[2023-11-26 15:39:34,084] {taskinstance.py:1358} INFO - 
--------------------------------------------------------------------------------
[2023-11-26 15:39:34,203] {taskinstance.py:1377} INFO - Executing <Task(PythonOperator): create_dim_province> on 2023-11-26 15:39:31.189138+00:00
[2023-11-26 15:39:34,247] {standard_task_runner.py:52} INFO - Started process 2492 to run task
[2023-11-26 15:39:34,263] {standard_task_runner.py:79} INFO - Running: ['***', 'tasks', 'run', 'data_covid_etl', 'create_dim_province', 'manual__2023-11-26T15:39:31.189138+00:00', '--job-id', '38', '--raw', '--subdir', 'DAGS_FOLDER/get_data.py', '--cfg-path', '/tmp/tmp9sto0p3h', '--error-file', '/tmp/tmp7tkk48cf']
[2023-11-26 15:39:34,270] {standard_task_runner.py:80} INFO - Job 38: Subtask create_dim_province
[2023-11-26 15:39:34,524] {task_command.py:369} INFO - Running <TaskInstance: data_covid_etl.create_dim_province manual__2023-11-26T15:39:31.189138+00:00 [running]> on host f384f2afcc4f
[2023-11-26 15:39:34,873] {taskinstance.py:1571} INFO - Exporting the following env vars:
AIRFLOW_CTX_DAG_OWNER=oce
AIRFLOW_CTX_DAG_ID=data_covid_etl
AIRFLOW_CTX_TASK_ID=create_dim_province
AIRFLOW_CTX_EXECUTION_DATE=2023-11-26T15:39:31.189138+00:00
AIRFLOW_CTX_TRY_NUMBER=1
AIRFLOW_CTX_DAG_RUN_ID=manual__2023-11-26T15:39:31.189138+00:00
[2023-11-26 15:39:34,875] {python.py:173} INFO - Done. Returned value was: None
[2023-11-26 15:39:34,903] {taskinstance.py:1400} INFO - Marking task as SUCCESS. dag_id=data_covid_etl, task_id=create_dim_province, execution_date=20231126T153931, start_date=20231126T153934, end_date=20231126T153934
[2023-11-26 15:39:34,978] {local_task_job.py:156} INFO - Task exited with return code 0
[2023-11-26 15:39:35,038] {local_task_job.py:273} INFO - 0 downstream tasks scheduled from follow-on schedule check
