[2023-11-26 18:28:06,269] {taskinstance.py:1159} INFO - Dependencies all met for <TaskInstance: final_project_data_covid_etl.create_fact_district_daily manual__2023-11-26T18:27:59.631184+00:00 [queued]>
[2023-11-26 18:28:06,279] {taskinstance.py:1159} INFO - Dependencies all met for <TaskInstance: final_project_data_covid_etl.create_fact_district_daily manual__2023-11-26T18:27:59.631184+00:00 [queued]>
[2023-11-26 18:28:06,279] {taskinstance.py:1356} INFO - 
--------------------------------------------------------------------------------
[2023-11-26 18:28:06,279] {taskinstance.py:1357} INFO - Starting attempt 1 of 3
[2023-11-26 18:28:06,279] {taskinstance.py:1358} INFO - 
--------------------------------------------------------------------------------
[2023-11-26 18:28:06,307] {taskinstance.py:1377} INFO - Executing <Task(PythonOperator): create_fact_district_daily> on 2023-11-26 18:27:59.631184+00:00
[2023-11-26 18:28:06,312] {standard_task_runner.py:52} INFO - Started process 2145 to run task
[2023-11-26 18:28:06,316] {standard_task_runner.py:79} INFO - Running: ['***', 'tasks', 'run', 'final_project_data_covid_etl', 'create_fact_district_daily', 'manual__2023-11-26T18:27:59.631184+00:00', '--job-id', '325', '--raw', '--subdir', 'DAGS_FOLDER/get_data.py', '--cfg-path', '/tmp/tmp3j_2yp6c', '--error-file', '/tmp/tmp0uotorbr']
[2023-11-26 18:28:06,317] {standard_task_runner.py:80} INFO - Job 325: Subtask create_fact_district_daily
[2023-11-26 18:28:06,384] {task_command.py:369} INFO - Running <TaskInstance: final_project_data_covid_etl.create_fact_district_daily manual__2023-11-26T18:27:59.631184+00:00 [running]> on host 79a606f4be36
[2023-11-26 18:28:06,461] {taskinstance.py:1571} INFO - Exporting the following env vars:
AIRFLOW_CTX_DAG_OWNER=ricky
AIRFLOW_CTX_DAG_ID=final_project_data_covid_etl
AIRFLOW_CTX_TASK_ID=create_fact_district_daily
AIRFLOW_CTX_EXECUTION_DATE=2023-11-26T18:27:59.631184+00:00
AIRFLOW_CTX_TRY_NUMBER=1
AIRFLOW_CTX_DAG_RUN_ID=manual__2023-11-26T18:27:59.631184+00:00
[2023-11-26 18:28:06,462] {python.py:173} INFO - Done. Returned value was: None
[2023-11-26 18:28:06,477] {taskinstance.py:1400} INFO - Marking task as SUCCESS. dag_id=final_project_data_covid_etl, task_id=create_fact_district_daily, execution_date=20231126T182759, start_date=20231126T182806, end_date=20231126T182806
[2023-11-26 18:28:06,527] {local_task_job.py:156} INFO - Task exited with return code 0
[2023-11-26 18:28:06,603] {local_task_job.py:273} INFO - 1 downstream tasks scheduled from follow-on schedule check
