[2023-11-26 18:25:09,561] {taskinstance.py:1159} INFO - Dependencies all met for <TaskInstance: final_project_data_covid_etl.print_hello_world manual__2023-11-26T18:25:08.445000+00:00 [queued]>
[2023-11-26 18:25:09,571] {taskinstance.py:1159} INFO - Dependencies all met for <TaskInstance: final_project_data_covid_etl.print_hello_world manual__2023-11-26T18:25:08.445000+00:00 [queued]>
[2023-11-26 18:25:09,572] {taskinstance.py:1356} INFO - 
--------------------------------------------------------------------------------
[2023-11-26 18:25:09,572] {taskinstance.py:1357} INFO - Starting attempt 1 of 3
[2023-11-26 18:25:09,572] {taskinstance.py:1358} INFO - 
--------------------------------------------------------------------------------
[2023-11-26 18:25:09,586] {taskinstance.py:1377} INFO - Executing <Task(BashOperator): print_hello_world> on 2023-11-26 18:25:08.445000+00:00
[2023-11-26 18:25:09,591] {standard_task_runner.py:52} INFO - Started process 1948 to run task
[2023-11-26 18:25:09,594] {standard_task_runner.py:79} INFO - Running: ['***', 'tasks', 'run', 'final_project_data_covid_etl', 'print_hello_world', 'manual__2023-11-26T18:25:08.445000+00:00', '--job-id', '287', '--raw', '--subdir', 'DAGS_FOLDER/get_data.py', '--cfg-path', '/tmp/tmpugn0qf2g', '--error-file', '/tmp/tmpoa5yl7tt']
[2023-11-26 18:25:09,595] {standard_task_runner.py:80} INFO - Job 287: Subtask print_hello_world
[2023-11-26 18:25:09,644] {task_command.py:369} INFO - Running <TaskInstance: final_project_data_covid_etl.print_hello_world manual__2023-11-26T18:25:08.445000+00:00 [running]> on host 79a606f4be36
[2023-11-26 18:25:09,713] {taskinstance.py:1571} INFO - Exporting the following env vars:
AIRFLOW_CTX_DAG_OWNER=oce
AIRFLOW_CTX_DAG_ID=final_project_data_covid_etl
AIRFLOW_CTX_TASK_ID=print_hello_world
AIRFLOW_CTX_EXECUTION_DATE=2023-11-26T18:25:08.445000+00:00
AIRFLOW_CTX_TRY_NUMBER=1
AIRFLOW_CTX_DAG_RUN_ID=manual__2023-11-26T18:25:08.445000+00:00
[2023-11-26 18:25:09,714] {subprocess.py:62} INFO - Tmp dir root location: 
 /tmp
[2023-11-26 18:25:09,714] {subprocess.py:74} INFO - Running command: ['bash', '-c', 'echo "HelloWorld!"']
[2023-11-26 18:25:09,724] {subprocess.py:85} INFO - Output:
[2023-11-26 18:25:09,725] {subprocess.py:92} INFO - HelloWorld!
[2023-11-26 18:25:09,726] {subprocess.py:96} INFO - Command exited with return code 0
[2023-11-26 18:25:09,753] {taskinstance.py:1400} INFO - Marking task as SUCCESS. dag_id=final_project_data_covid_etl, task_id=print_hello_world, execution_date=20231126T182508, start_date=20231126T182509, end_date=20231126T182509
[2023-11-26 18:25:09,806] {local_task_job.py:156} INFO - Task exited with return code 0
[2023-11-26 18:25:09,851] {local_task_job.py:273} INFO - 1 downstream tasks scheduled from follow-on schedule check
