[2023-11-26 18:26:33,808] {taskinstance.py:1159} INFO - Dependencies all met for <TaskInstance: final_project_data_covid_etl.insert_data_staging scheduled__2023-11-25T00:00:00+00:00 [queued]>
[2023-11-26 18:26:33,818] {taskinstance.py:1159} INFO - Dependencies all met for <TaskInstance: final_project_data_covid_etl.insert_data_staging scheduled__2023-11-25T00:00:00+00:00 [queued]>
[2023-11-26 18:26:33,819] {taskinstance.py:1356} INFO - 
--------------------------------------------------------------------------------
[2023-11-26 18:26:33,819] {taskinstance.py:1357} INFO - Starting attempt 2 of 4
[2023-11-26 18:26:33,819] {taskinstance.py:1358} INFO - 
--------------------------------------------------------------------------------
[2023-11-26 18:26:33,833] {taskinstance.py:1377} INFO - Executing <Task(PythonOperator): insert_data_staging> on 2023-11-25 00:00:00+00:00
[2023-11-26 18:26:33,839] {standard_task_runner.py:52} INFO - Started process 2062 to run task
[2023-11-26 18:26:33,841] {standard_task_runner.py:79} INFO - Running: ['***', 'tasks', 'run', 'final_project_data_covid_etl', 'insert_data_staging', 'scheduled__2023-11-25T00:00:00+00:00', '--job-id', '312', '--raw', '--subdir', 'DAGS_FOLDER/get_data.py', '--cfg-path', '/tmp/tmph68egos6', '--error-file', '/tmp/tmp4tiiup9r']
[2023-11-26 18:26:33,842] {standard_task_runner.py:80} INFO - Job 312: Subtask insert_data_staging
[2023-11-26 18:26:33,890] {task_command.py:369} INFO - Running <TaskInstance: final_project_data_covid_etl.insert_data_staging scheduled__2023-11-25T00:00:00+00:00 [running]> on host 79a606f4be36
[2023-11-26 18:26:33,960] {taskinstance.py:1571} INFO - Exporting the following env vars:
AIRFLOW_CTX_DAG_OWNER=ricky
AIRFLOW_CTX_DAG_ID=final_project_data_covid_etl
AIRFLOW_CTX_TASK_ID=insert_data_staging
AIRFLOW_CTX_EXECUTION_DATE=2023-11-25T00:00:00+00:00
AIRFLOW_CTX_TRY_NUMBER=2
AIRFLOW_CTX_DAG_RUN_ID=scheduled__2023-11-25T00:00:00+00:00
[2023-11-26 18:26:34,490] {python.py:173} INFO - Done. Returned value was: None
[2023-11-26 18:26:34,508] {taskinstance.py:1400} INFO - Marking task as SUCCESS. dag_id=final_project_data_covid_etl, task_id=insert_data_staging, execution_date=20231125T000000, start_date=20231126T182633, end_date=20231126T182634
[2023-11-26 18:26:34,536] {local_task_job.py:156} INFO - Task exited with return code 0
[2023-11-26 18:26:34,592] {local_task_job.py:273} INFO - 0 downstream tasks scheduled from follow-on schedule check
[2023-11-27 07:13:18,915] {taskinstance.py:1159} INFO - Dependencies all met for <TaskInstance: final_project_data_covid_etl.insert_data_staging scheduled__2023-11-25T00:00:00+00:00 [queued]>
[2023-11-27 07:13:18,925] {taskinstance.py:1159} INFO - Dependencies all met for <TaskInstance: final_project_data_covid_etl.insert_data_staging scheduled__2023-11-25T00:00:00+00:00 [queued]>
[2023-11-27 07:13:18,925] {taskinstance.py:1356} INFO - 
--------------------------------------------------------------------------------
[2023-11-27 07:13:18,926] {taskinstance.py:1357} INFO - Starting attempt 2 of 3
[2023-11-27 07:13:18,926] {taskinstance.py:1358} INFO - 
--------------------------------------------------------------------------------
[2023-11-27 07:13:18,943] {taskinstance.py:1377} INFO - Executing <Task(PythonOperator): insert_data_staging> on 2023-11-25 00:00:00+00:00
[2023-11-27 07:13:18,948] {standard_task_runner.py:52} INFO - Started process 199 to run task
[2023-11-27 07:13:18,949] {standard_task_runner.py:79} INFO - Running: ['***', 'tasks', 'run', 'final_project_data_covid_etl', 'insert_data_staging', 'scheduled__2023-11-25T00:00:00+00:00', '--job-id', '329', '--raw', '--subdir', 'DAGS_FOLDER/get_data.py', '--cfg-path', '/tmp/tmp_pycfitz', '--error-file', '/tmp/tmpks_wbdp5']
[2023-11-27 07:13:18,950] {standard_task_runner.py:80} INFO - Job 329: Subtask insert_data_staging
[2023-11-27 07:13:19,034] {task_command.py:369} INFO - Running <TaskInstance: final_project_data_covid_etl.insert_data_staging scheduled__2023-11-25T00:00:00+00:00 [running]> on host 671693f20ed3
[2023-11-27 07:13:19,111] {taskinstance.py:1571} INFO - Exporting the following env vars:
AIRFLOW_CTX_DAG_OWNER=ricky
AIRFLOW_CTX_DAG_ID=final_project_data_covid_etl
AIRFLOW_CTX_TASK_ID=insert_data_staging
AIRFLOW_CTX_EXECUTION_DATE=2023-11-25T00:00:00+00:00
AIRFLOW_CTX_TRY_NUMBER=2
AIRFLOW_CTX_DAG_RUN_ID=scheduled__2023-11-25T00:00:00+00:00
[2023-11-27 07:13:19,634] {python.py:173} INFO - Done. Returned value was: None
[2023-11-27 07:13:19,653] {taskinstance.py:1400} INFO - Marking task as SUCCESS. dag_id=final_project_data_covid_etl, task_id=insert_data_staging, execution_date=20231125T000000, start_date=20231127T071318, end_date=20231127T071319
[2023-11-27 07:13:19,692] {local_task_job.py:156} INFO - Task exited with return code 0
[2023-11-27 07:13:19,759] {local_task_job.py:273} INFO - 1 downstream tasks scheduled from follow-on schedule check
