[2023-11-27 09:14:40,426] {taskinstance.py:1159} INFO - Dependencies all met for <TaskInstance: final_project_data_covid_etl.create_dim_case manual__2023-11-27T09:13:48.667181+00:00 [queued]>
[2023-11-27 09:14:40,438] {taskinstance.py:1159} INFO - Dependencies all met for <TaskInstance: final_project_data_covid_etl.create_dim_case manual__2023-11-27T09:13:48.667181+00:00 [queued]>
[2023-11-27 09:14:40,438] {taskinstance.py:1356} INFO - 
--------------------------------------------------------------------------------
[2023-11-27 09:14:40,438] {taskinstance.py:1357} INFO - Starting attempt 2 of 4
[2023-11-27 09:14:40,438] {taskinstance.py:1358} INFO - 
--------------------------------------------------------------------------------
[2023-11-27 09:14:40,476] {taskinstance.py:1377} INFO - Executing <Task(PythonOperator): create_dim_case> on 2023-11-27 09:13:48.667181+00:00
[2023-11-27 09:14:40,485] {standard_task_runner.py:52} INFO - Started process 283 to run task
[2023-11-27 09:14:40,487] {standard_task_runner.py:79} INFO - Running: ['***', 'tasks', 'run', 'final_project_data_covid_etl', 'create_dim_case', 'manual__2023-11-27T09:13:48.667181+00:00', '--job-id', '365', '--raw', '--subdir', 'DAGS_FOLDER/get_data.py', '--cfg-path', '/tmp/tmp_apne1q1', '--error-file', '/tmp/tmp0ztvhgp6']
[2023-11-27 09:14:40,488] {standard_task_runner.py:80} INFO - Job 365: Subtask create_dim_case
[2023-11-27 09:14:40,545] {task_command.py:369} INFO - Running <TaskInstance: final_project_data_covid_etl.create_dim_case manual__2023-11-27T09:13:48.667181+00:00 [running]> on host f38c0c12695c
[2023-11-27 09:14:40,620] {taskinstance.py:1571} INFO - Exporting the following env vars:
AIRFLOW_CTX_DAG_OWNER=ricky
AIRFLOW_CTX_DAG_ID=final_project_data_covid_etl
AIRFLOW_CTX_TASK_ID=create_dim_case
AIRFLOW_CTX_EXECUTION_DATE=2023-11-27T09:13:48.667181+00:00
AIRFLOW_CTX_TRY_NUMBER=2
AIRFLOW_CTX_DAG_RUN_ID=manual__2023-11-27T09:13:48.667181+00:00
[2023-11-27 09:14:40,648] {logging_mixin.py:115} INFO -  closecontact_dikarantina  closecontact_discarded  closecontact_meninggal  confirmation_meninggal  confirmation_sembuh  probable_diisolasi  probable_discarded  probable_meninggal  suspect_diisolasi  suspect_discarded  suspect_meninggal
                        0                     274                       0                       0                    0                   0                   0                  26                 31               2179                  0
                       72                     462                       0                       0                    0                   0                   0                   7                  3                773                  0
                      135                    1992                       0                       0                    0                   1                   0                  32               4001               1535                  0
                        0                       0                       0                       0                    0                   0                   0                 163                  0                  0                  0
                        3                    1292                       0                       0                    0                   0                   3                   0               2075                  0                  0
                        0                       0                       0                       0                    0                   0                   0                   0                  0                  0                  0
                      187                     255                       0                       0                    0                   0                   0                   1                  5                295                  0
                      132                    2250                       0                       0                    0                   0                   0                   0               2644                244                  0
                       35                     200                       0                       0                    0                   0                   0                  73                347               1293                  0
                      118                    1319                       0                       0                    0                   0                   0                  57                 25               6075                  0
                        4                     467                       0                       0                    0                   0                   0                   1               1683                307                  0
                      260                     160                       0                       0                    0                   0                   0                   7                 11                660                  0
                        0                     537                       0                       0                    0                   0                   0                   0                  0                573                  0
                       39                     493                       0                       0                    0                   0                   0                   1                  5                686                  0
                       50                     405                       0                       0                    0                   0                   0                   0                  1               5787                  0
                        0                     332                       0                       0                    0                   0                   0                  25                  4               4714                  0
                        0                     125                       0                       0                    0                   0                   0                   4                991                 52                  0
                        0                       0                       0                       0                    0                   0                   0                   0                  0                  0                  0
                       16                    3537                       0                       0                    0                   0                   0                   0               6780                  0                  0
                        0                     187                       0                       0                    0                   0                   0                   0                475                111                  0
                        0                       0                       0                       0                    0                   0                   0                   0                  0                  0                  0
                       68                     824                       0                       0                    0                   0                   0                   1                 61               2231                  0
                      318                    3608                       0                       0                    0                   0                   0                   0                330                526                  0
                       10                     188                       0                       0                    0                   0                   0                   0                  4                367                  0
                      361                    2745                       0                       0                    0                   0                   0                   0                428               5652                  0
                        0                    1445                       0                       0                    0                   0                   0                   2                  2                329                  0
                        7                     685                       0                       0                    0                   0                  46                   5               1364                  0                  0
                        0                       0                       0                       6                  117                   0                   0                  26                  0                  7                117
                        0                       0                       0                       3                   76                   0                   0                   7                  0                  0                 52
                       12                      26                       0                      29                  230                   1                   0                  32                  0               3947                249
                        0                       0                       0                      10                  245                   0                   0                 163                  0                  0                486
                        0                       0                       0                       0                   13                   0                   3                   0                  0               2075                 20
                       79                      25                       0                       2                   22                   0                   0                   0                170               1020                 89
                        0                       0                       0                       3                   15                   0                   0                   1                  2                  2                 54
                        0                       0                       0                       3                   20                   0                   0                   0                  0               2626                  6
                        0                       0                       0                       4                   32                   0                   0                  73                 20                  0                 64
                        0                      13                       0                       1                   42                   0                   0                  57                  0                  6                 62
                       25                       0                       0                       2                   25                   0                   0                   1                  0               1656                 28
                        8                       0                       0                       1                    6                   0                   0                   7                  1                  0                 17
                        0                       0                       0                       0                   17                   0                   0                   0                  0                  0                 10
                        0                       0                       0                       1                   33                   0                   0                   1                  0                  0                 33
                        0                      31                       0                       2                   51                   0                  14                   0                  0                  0                 28
                        0                       0                       0                       0                   62                   0                   0                  25                  0                  3                 32
                        0                       0                       0                       0                   18                   0                   0                   4                  0               1041                 17
                        0                      49                       0                       1                    7                   0                   0                   0                  0               1563                  5
                        0                       0                       0                      44                  388                   0                   0                   0                  0               6669                154
                        0                       0                       0                       1                    9                   0                   0                   0                  0                472                 20
                       37                       0                       0                      33                  518                   9                   0                   7                  1               1600                198
                        0                       0                       0                      18                  198                   0                   0                   1                 20                  0                145
                        0                       0                       0                       2                  136                   0                   0                   0                  0                  0                 19
                        1                       0                       0                       2                   28                   0                   0                   0                  4                  0                  6
                       15                       0                       0                      41                  905                  25                   0                   7                  0                 30                118
                       20                       0                       0                       0                   46                   0                   0                   2                  0                  0                  2
                        0                       0                       0                       2                   22                   0                  46                   5                  0               1364                  8
                        0                       0                       0                       0                    0                   0                   0                  26                  0                 12                  0
                        0                       0                       0                       0                    0                   0                   0                   7                  0                  0                  0
                       10                       3                       0                       0                    0                   1                   0                  32                 11                  8                  3
                        0                       0                       0                       0                    0                   0                   0                 163                  0                  0                  0
                        0                       0                       0                       0                    0                   0                   3                   0                  0                  0                  0
                        0                       0                       0                       0                    0                   0                   0                   0                  0                  0                  0
                        8                       0                       0                       1                    0                   0                   0                   1                  0                  0                  1
                        0                       0                       0                       0                    0                   0                   0                   0                  0                  0                  0
                       10                       5                       0                       0                    0                   0                   0                  73                  0                  4                  0
                        1                       0                       0                       0                    0                   0                   0                  57                  2                  1                  0
                        0                       0                       0                       0                    0                   0                   0                   1                  1                  0                  0
                        8                       0                       0                       0                    0                   0                   0                   7                  0                  0                  0
                        0                       0                       0                       0                    0                   0                   0                   0                  1                  0                  0
                        0                       0                       0                       0                    0                   0                   0                   1                  6                  0                  0
                        0                       0                       0                       0                    0                   0                  14                   0                  0                  0                  0
                        0                       0                       0                       0                    0                   1                   0                  25                  0                  0                  0
                        0                       0                       0                       0                    0                   0                   0                   4                  0                  0                  0
                        0                       0                       0                       1                    0                   0                   0                   0                  0                  0                  0
                        0                       0                       0                       0                    0                   0                   0                   0                  0                  0                  0
                        0                       0                       0                       0                    0                   0                   0                   0                  0                  0                  0
                        0                       0                       0                       0                    0                   9                   0                   7                  0                  0                  0
                        0                       0                       0                       2                    0                   0                   0                   1                  0                  0                  0
                        0                       0                       0                       0                    0                   0                   0                   0                  0                  0                  0
                        0                       0                       0                       0                    0                   0                   0                   0                  0                  2                  0
                        0                       0                       0                       0                    0                  25                   0                   7                  0                  0                  0
                        0                       0                       0                       0                    0                   0                   0                   2                  0                  0                  0
                        0                       0                       0                       0                    0                   0                  46                   5                  0                  0                  0
                        0                       0                       0                       0                    0                   0                   0                  26                  0                  0                  0
                        0                       0                       0                       0                    0                   0                   0                   7                  0                  0                  0
                        0                      15                       0                       0                    0                   1                   0                  32                  0                 12                  1
                        0                       0                       0                       1                    0                   0                   0                 163                  0                  0                  0
                        0                       0                       0                       0                    0                   0                   3                   0                  0                  0                  0
                        0                       0                       0                       0                    0                   0                   0                   0                  0                  0                  0
                        3                       0                       0                       0                    0                   0                   0                   1                  1                  0                  0
                        2                       0                       0                       0                    0                   0                   0                   0                  3                  0                  0
                        4                       5                       0                       0                    0                   0                   0                  74                  0                  3                  0
                        0                       7                       0                       0                    0                   0                   0                  57                  0                  9                  0
                        0                       0                       0                       0                    0                   0                   0                   1                  1                  0                  0
                       69                       0                       0                       0                    0                   0                   0                   7                  1                  0                  0
                        0                       0                       0                       0                    0                   0                   0                   0                  0                  0                  0
                       27                       7                       0                       0                    0                   0                   0                   2                  0                  6                  0
                        0                       0                       0                       0                    0                   0                  14                   0                  1                  0                  0
                        0                       0                       0                       0                    0                   1                   0                  25                  0                  0                  0
                        0                       0                       0                       0                    0                   0                   0                   4                  0                  0                  0
                        0                       0                       0                       0                    0                   0                   0                   0                  0                  0                  0
                        0                      10                       0                       1                    0                   0                 150                  21                  0                 25                  0
                        0                       0                       0                       0                    0                   0                   0                   0                  0                  0                  0
                        0                       0                       0                       1                    0                   9                   0                   7                  0                 13                  3
                        0                       0                       0                       0                    0                   0                   0                   1                  0                  0                  0
                        0                       0                       0                       0                    0                   0                   0                   0                  0                  0                  0
                       24                       7                       0                       0                    0                   0                   0                   0                  0                  1                  0
                        0                       0                       0                       0                    0                  25                   0                   7                  0                  0                  0
                       95                      32                       0                       0                    0                   0                   0                   2                 53                  0                  0
                        0                       0                       0                       0                    0                   0                  46                   5                  0                  0                  0
                        0                       0                       0                       0                    0                   0                   0                  26                 14                  2                  0
                        0                       0                       0                       0                    0                   0                   0                   7                  0                  0                  0
                       78                       0                       0                       0                    0                   1                   1                  32                  0                 18                  0
                        0                       0                       0                       0                    0                   0                   0                 167                229               3790                  0
                        0                       0                       0                       0                    0                   0                   3                   0                  0                  0                  0
                        0                       0                       0                       0                    0                   0                   0                   0                  0                  0                  0
                        0                       0                       0                       0                    0                   0                   0                   1                  0                  3                  0
                        0                       0                       0                       0                    0                   0                   0                   0                  0                  0                  0
                        0                       0                       0                       0                    0                   0                   0                  74                  0                  0                  0
                        0                       5                       0                       0                    0                   0                   0                  57                  0                  0                  0
                        8                       0                       0                       0                    0                   0                   0                   1                  2                  0                  0
                        0                       0                       0                       0                    0                   0                   0                   7                  2                  0                  0
                        0                       0                       0                       0                    0                   0                   0                   0                  0                  0                  0
                        2                       0                       0                       0                    0                   0                   0                   2                  0                  1                  0
                        0                      10                       0                       0                    0                   0                  15                   0                  0                  0                  0
                        0                       0                       0                       1                    0                   1                   0                  25                  0                  0                  0
                        0                       0                       0                       0                    0                   0                   0                   4                  0                  0                  0
                        0                       0                       0                       0                    0                   0                   0                   0                  0                  0                  0
                        0                       0                       0                       0                    0                   0                 150                  21                  0                  0                  0
                        0                       0                       0                       0                    0                   0                   0                   0                  0                  0                  0
                        0                       0                       0                       1                    0                   9                   0                   7                  0                  0                  0
                       32                      21                       0                       1                    0                   1                   0                  46                  2                  0                  0
                        0                       0                       0                       0                    0                   0                   0                   0                  0                  0                  0
                        0                       0                       0                       0                    0                   0                   0                   0                  0                  1                  0
                        0                       0                       0                       1                    0                  25                   0                   7                  0                  0                  0
                        0                       0                       0                       0                    0                   0                   0                   2                  0                  0                  0
                        0                       0                       0                       0                    0                   0                  46                   5                  0                  0                  0
                       85                       0                       0                       0                    0                   0                   0                  26                  6                  0                  0
                        0                       0                       0                       0                    0                   0                   0                   7                  0                  0                  1
                        0                       6                       0                       0                    0                   1                   2                  32                  5                 12                  0
                        0                       0                       0                       0                    0                   0                   0                 167                  0                  0                  5
                        0                       0                       0                       0                    0                   0                   3                   0                  0                  0                  0
                       26                       6                       0                       0                    0                   0                   1                   0                  0                 35                  2
                        0                       0                       0                       0                    0                   0                   0                   1                  1                  0                  0
                        0                       0                       0                       0                    0                   0                   0                   0                  0                  7                  0
                        2                      10                       0                       0                    0                   0                   0                  74                  0                 15                  0
                        1                      27                       0                       0                    0                   0                   0                  57                  0                  7                  0
[2023-11-27 09:14:40,648] {python.py:173} INFO - Done. Returned value was: None
[2023-11-27 09:14:40,660] {taskinstance.py:1400} INFO - Marking task as SUCCESS. dag_id=final_project_data_covid_etl, task_id=create_dim_case, execution_date=20231127T091348, start_date=20231127T091440, end_date=20231127T091440
[2023-11-27 09:14:40,700] {local_task_job.py:156} INFO - Task exited with return code 0
[2023-11-27 09:14:40,740] {local_task_job.py:273} INFO - 1 downstream tasks scheduled from follow-on schedule check
