[2023-11-27 14:12:28,235] {taskinstance.py:1159} INFO - Dependencies all met for <TaskInstance: final_project_data_covid_etl.print_hello_world manual__2023-11-27T14:12:26.943848+00:00 [queued]>
[2023-11-27 14:12:28,247] {taskinstance.py:1159} INFO - Dependencies all met for <TaskInstance: final_project_data_covid_etl.print_hello_world manual__2023-11-27T14:12:26.943848+00:00 [queued]>
[2023-11-27 14:12:28,248] {taskinstance.py:1356} INFO - 
--------------------------------------------------------------------------------
[2023-11-27 14:12:28,248] {taskinstance.py:1357} INFO - Starting attempt 1 of 3
[2023-11-27 14:12:28,248] {taskinstance.py:1358} INFO - 
--------------------------------------------------------------------------------
[2023-11-27 14:12:28,261] {taskinstance.py:1377} INFO - Executing <Task(BashOperator): print_hello_world> on 2023-11-27 14:12:26.943848+00:00
[2023-11-27 14:12:28,265] {standard_task_runner.py:52} INFO - Started process 526 to run task
[2023-11-27 14:12:28,268] {standard_task_runner.py:79} INFO - Running: ['***', 'tasks', 'run', 'final_project_data_covid_etl', 'print_hello_world', 'manual__2023-11-27T14:12:26.943848+00:00', '--job-id', '433', '--raw', '--subdir', 'DAGS_FOLDER/get_data.py', '--cfg-path', '/tmp/tmp_rrs8h1z', '--error-file', '/tmp/tmp7toc_3_c']
[2023-11-27 14:12:28,268] {standard_task_runner.py:80} INFO - Job 433: Subtask print_hello_world
[2023-11-27 14:12:28,354] {task_command.py:369} INFO - Running <TaskInstance: final_project_data_covid_etl.print_hello_world manual__2023-11-27T14:12:26.943848+00:00 [running]> on host 9bd194bc0dbc
[2023-11-27 14:12:28,456] {taskinstance.py:1571} INFO - Exporting the following env vars:
AIRFLOW_CTX_DAG_OWNER=ricky
AIRFLOW_CTX_DAG_ID=final_project_data_covid_etl
AIRFLOW_CTX_TASK_ID=print_hello_world
AIRFLOW_CTX_EXECUTION_DATE=2023-11-27T14:12:26.943848+00:00
AIRFLOW_CTX_TRY_NUMBER=1
AIRFLOW_CTX_DAG_RUN_ID=manual__2023-11-27T14:12:26.943848+00:00
[2023-11-27 14:12:28,457] {subprocess.py:62} INFO - Tmp dir root location: 
 /tmp
[2023-11-27 14:12:28,457] {subprocess.py:74} INFO - Running command: ['bash', '-c', 'echo "HelloWorld!"']
[2023-11-27 14:12:28,466] {subprocess.py:85} INFO - Output:
[2023-11-27 14:12:28,467] {subprocess.py:92} INFO - HelloWorld!
[2023-11-27 14:12:28,467] {subprocess.py:96} INFO - Command exited with return code 0
[2023-11-27 14:12:28,497] {taskinstance.py:1400} INFO - Marking task as SUCCESS. dag_id=final_project_data_covid_etl, task_id=print_hello_world, execution_date=20231127T141226, start_date=20231127T141228, end_date=20231127T141228
[2023-11-27 14:12:28,523] {local_task_job.py:156} INFO - Task exited with return code 0
[2023-11-27 14:12:28,565] {local_task_job.py:273} INFO - 1 downstream tasks scheduled from follow-on schedule check
