[2023-11-26 15:39:33,442] {taskinstance.py:1159} INFO - Dependencies all met for <TaskInstance: data_covid_etl.create_dim_district scheduled__2023-11-20T00:00:00+00:00 [queued]>
[2023-11-26 15:39:33,481] {taskinstance.py:1159} INFO - Dependencies all met for <TaskInstance: data_covid_etl.create_dim_district scheduled__2023-11-20T00:00:00+00:00 [queued]>
[2023-11-26 15:39:33,485] {taskinstance.py:1356} INFO - 
--------------------------------------------------------------------------------
[2023-11-26 15:39:33,486] {taskinstance.py:1357} INFO - Starting attempt 1 of 6
[2023-11-26 15:39:33,486] {taskinstance.py:1358} INFO - 
--------------------------------------------------------------------------------
[2023-11-26 15:39:33,544] {taskinstance.py:1377} INFO - Executing <Task(PythonOperator): create_dim_district> on 2023-11-20 00:00:00+00:00
[2023-11-26 15:39:33,564] {standard_task_runner.py:52} INFO - Started process 2477 to run task
[2023-11-26 15:39:33,590] {standard_task_runner.py:79} INFO - Running: ['***', 'tasks', 'run', 'data_covid_etl', 'create_dim_district', 'scheduled__2023-11-20T00:00:00+00:00', '--job-id', '29', '--raw', '--subdir', 'DAGS_FOLDER/get_data.py', '--cfg-path', '/tmp/tmpywm8yd6y', '--error-file', '/tmp/tmprtr9rwai']
[2023-11-26 15:39:33,596] {standard_task_runner.py:80} INFO - Job 29: Subtask create_dim_district
[2023-11-26 15:39:33,792] {task_command.py:369} INFO - Running <TaskInstance: data_covid_etl.create_dim_district scheduled__2023-11-20T00:00:00+00:00 [running]> on host f384f2afcc4f
[2023-11-26 15:39:34,172] {taskinstance.py:1571} INFO - Exporting the following env vars:
AIRFLOW_CTX_DAG_OWNER=oce
AIRFLOW_CTX_DAG_ID=data_covid_etl
AIRFLOW_CTX_TASK_ID=create_dim_district
AIRFLOW_CTX_EXECUTION_DATE=2023-11-20T00:00:00+00:00
AIRFLOW_CTX_TRY_NUMBER=1
AIRFLOW_CTX_DAG_RUN_ID=scheduled__2023-11-20T00:00:00+00:00
[2023-11-26 15:39:34,199] {python.py:173} INFO - Done. Returned value was: None
[2023-11-26 15:39:34,285] {taskinstance.py:1400} INFO - Marking task as SUCCESS. dag_id=data_covid_etl, task_id=create_dim_district, execution_date=20231120T000000, start_date=20231126T153933, end_date=20231126T153934
[2023-11-26 15:39:34,385] {local_task_job.py:156} INFO - Task exited with return code 0
[2023-11-26 15:39:34,652] {local_task_job.py:273} INFO - 0 downstream tasks scheduled from follow-on schedule check
[2023-11-26 17:57:09,100] {taskinstance.py:1153} INFO - Dependencies not met for <TaskInstance: data_covid_etl.create_dim_district scheduled__2023-11-20T00:00:00+00:00 [queued]>, dependency 'Trigger Rule' FAILED: Task's trigger rule 'all_success' requires all upstream tasks to have succeeded, but found 1 non-success(es). upstream_tasks_state={'total': 1, 'successes': 0, 'skipped': 0, 'failed': 0, 'upstream_failed': 0, 'done': 0}, upstream_task_ids={'create_dim_province'}
[2023-11-26 17:57:09,105] {local_task_job.py:101} INFO - Task is not able to be run
[2023-11-26 18:05:37,269] {taskinstance.py:1159} INFO - Dependencies all met for <TaskInstance: data_covid_etl.create_dim_district scheduled__2023-11-20T00:00:00+00:00 [queued]>
[2023-11-26 18:05:37,280] {taskinstance.py:1159} INFO - Dependencies all met for <TaskInstance: data_covid_etl.create_dim_district scheduled__2023-11-20T00:00:00+00:00 [queued]>
[2023-11-26 18:05:37,280] {taskinstance.py:1356} INFO - 
--------------------------------------------------------------------------------
[2023-11-26 18:05:37,280] {taskinstance.py:1357} INFO - Starting attempt 1 of 3
[2023-11-26 18:05:37,280] {taskinstance.py:1358} INFO - 
--------------------------------------------------------------------------------
[2023-11-26 18:05:37,294] {taskinstance.py:1377} INFO - Executing <Task(PythonOperator): create_dim_district> on 2023-11-20 00:00:00+00:00
[2023-11-26 18:05:37,299] {standard_task_runner.py:52} INFO - Started process 1160 to run task
[2023-11-26 18:05:37,301] {standard_task_runner.py:79} INFO - Running: ['***', 'tasks', 'run', 'data_covid_etl', 'create_dim_district', 'scheduled__2023-11-20T00:00:00+00:00', '--job-id', '195', '--raw', '--subdir', 'DAGS_FOLDER/get_data.py', '--cfg-path', '/tmp/tmpb1l25dw8', '--error-file', '/tmp/tmpgdkmjo7m']
[2023-11-26 18:05:37,302] {standard_task_runner.py:80} INFO - Job 195: Subtask create_dim_district
[2023-11-26 18:05:37,353] {task_command.py:369} INFO - Running <TaskInstance: data_covid_etl.create_dim_district scheduled__2023-11-20T00:00:00+00:00 [running]> on host 79a606f4be36
[2023-11-26 18:05:37,420] {taskinstance.py:1571} INFO - Exporting the following env vars:
AIRFLOW_CTX_DAG_OWNER=oce
AIRFLOW_CTX_DAG_ID=data_covid_etl
AIRFLOW_CTX_TASK_ID=create_dim_district
AIRFLOW_CTX_EXECUTION_DATE=2023-11-20T00:00:00+00:00
AIRFLOW_CTX_TRY_NUMBER=1
AIRFLOW_CTX_DAG_RUN_ID=scheduled__2023-11-20T00:00:00+00:00
[2023-11-26 18:05:37,421] {python.py:173} INFO - Done. Returned value was: None
[2023-11-26 18:05:37,432] {taskinstance.py:1400} INFO - Marking task as SUCCESS. dag_id=data_covid_etl, task_id=create_dim_district, execution_date=20231120T000000, start_date=20231126T180537, end_date=20231126T180537
[2023-11-26 18:05:37,473] {local_task_job.py:156} INFO - Task exited with return code 0
[2023-11-26 18:05:37,513] {local_task_job.py:273} INFO - 1 downstream tasks scheduled from follow-on schedule check
[2023-11-26 18:13:51,489] {taskinstance.py:1159} INFO - Dependencies all met for <TaskInstance: data_covid_etl.create_dim_district scheduled__2023-11-20T00:00:00+00:00 [queued]>
[2023-11-26 18:13:51,501] {taskinstance.py:1159} INFO - Dependencies all met for <TaskInstance: data_covid_etl.create_dim_district scheduled__2023-11-20T00:00:00+00:00 [queued]>
[2023-11-26 18:13:51,501] {taskinstance.py:1356} INFO - 
--------------------------------------------------------------------------------
[2023-11-26 18:13:51,501] {taskinstance.py:1357} INFO - Starting attempt 1 of 3
[2023-11-26 18:13:51,502] {taskinstance.py:1358} INFO - 
--------------------------------------------------------------------------------
[2023-11-26 18:13:51,516] {taskinstance.py:1377} INFO - Executing <Task(PythonOperator): create_dim_district> on 2023-11-20 00:00:00+00:00
[2023-11-26 18:13:51,521] {standard_task_runner.py:52} INFO - Started process 1521 to run task
[2023-11-26 18:13:51,525] {standard_task_runner.py:79} INFO - Running: ['***', 'tasks', 'run', 'data_covid_etl', 'create_dim_district', 'scheduled__2023-11-20T00:00:00+00:00', '--job-id', '241', '--raw', '--subdir', 'DAGS_FOLDER/get_data.py', '--cfg-path', '/tmp/tmphpdnu7uz', '--error-file', '/tmp/tmp958p0_10']
[2023-11-26 18:13:51,526] {standard_task_runner.py:80} INFO - Job 241: Subtask create_dim_district
[2023-11-26 18:13:51,575] {task_command.py:369} INFO - Running <TaskInstance: data_covid_etl.create_dim_district scheduled__2023-11-20T00:00:00+00:00 [running]> on host 79a606f4be36
[2023-11-26 18:13:51,645] {taskinstance.py:1571} INFO - Exporting the following env vars:
AIRFLOW_CTX_DAG_OWNER=oce
AIRFLOW_CTX_DAG_ID=data_covid_etl
AIRFLOW_CTX_TASK_ID=create_dim_district
AIRFLOW_CTX_EXECUTION_DATE=2023-11-20T00:00:00+00:00
AIRFLOW_CTX_TRY_NUMBER=1
AIRFLOW_CTX_DAG_RUN_ID=scheduled__2023-11-20T00:00:00+00:00
[2023-11-26 18:13:51,645] {python.py:173} INFO - Done. Returned value was: None
[2023-11-26 18:13:51,655] {taskinstance.py:1400} INFO - Marking task as SUCCESS. dag_id=data_covid_etl, task_id=create_dim_district, execution_date=20231120T000000, start_date=20231126T181351, end_date=20231126T181351
[2023-11-26 18:13:51,697] {local_task_job.py:156} INFO - Task exited with return code 0
[2023-11-26 18:13:51,745] {local_task_job.py:273} INFO - 1 downstream tasks scheduled from follow-on schedule check
