[2023-11-27 07:19:55,497] {taskinstance.py:1159} INFO - Dependencies all met for <TaskInstance: final_project_data_covid_etl.insert_data_staging scheduled__2023-11-26T00:00:00+00:00 [queued]>
[2023-11-27 07:19:55,506] {taskinstance.py:1159} INFO - Dependencies all met for <TaskInstance: final_project_data_covid_etl.insert_data_staging scheduled__2023-11-26T00:00:00+00:00 [queued]>
[2023-11-27 07:19:55,507] {taskinstance.py:1356} INFO - 
--------------------------------------------------------------------------------
[2023-11-27 07:19:55,507] {taskinstance.py:1357} INFO - Starting attempt 2 of 3
[2023-11-27 07:19:55,507] {taskinstance.py:1358} INFO - 
--------------------------------------------------------------------------------
[2023-11-27 07:19:55,522] {taskinstance.py:1377} INFO - Executing <Task(PythonOperator): insert_data_staging> on 2023-11-26 00:00:00+00:00
[2023-11-27 07:19:55,527] {standard_task_runner.py:52} INFO - Started process 364 to run task
[2023-11-27 07:19:55,529] {standard_task_runner.py:79} INFO - Running: ['***', 'tasks', 'run', 'final_project_data_covid_etl', 'insert_data_staging', 'scheduled__2023-11-26T00:00:00+00:00', '--job-id', '351', '--raw', '--subdir', 'DAGS_FOLDER/get_data.py', '--cfg-path', '/tmp/tmpqqjgruud', '--error-file', '/tmp/tmpbb_sxw03']
[2023-11-27 07:19:55,530] {standard_task_runner.py:80} INFO - Job 351: Subtask insert_data_staging
[2023-11-27 07:19:55,582] {task_command.py:369} INFO - Running <TaskInstance: final_project_data_covid_etl.insert_data_staging scheduled__2023-11-26T00:00:00+00:00 [running]> on host 671693f20ed3
[2023-11-27 07:19:55,653] {taskinstance.py:1571} INFO - Exporting the following env vars:
AIRFLOW_CTX_DAG_OWNER=ricky
AIRFLOW_CTX_DAG_ID=final_project_data_covid_etl
AIRFLOW_CTX_TASK_ID=insert_data_staging
AIRFLOW_CTX_EXECUTION_DATE=2023-11-26T00:00:00+00:00
AIRFLOW_CTX_TRY_NUMBER=2
AIRFLOW_CTX_DAG_RUN_ID=scheduled__2023-11-26T00:00:00+00:00
[2023-11-27 07:19:56,137] {python.py:173} INFO - Done. Returned value was: None
[2023-11-27 07:19:56,150] {taskinstance.py:1400} INFO - Marking task as SUCCESS. dag_id=final_project_data_covid_etl, task_id=insert_data_staging, execution_date=20231126T000000, start_date=20231127T071955, end_date=20231127T071956
[2023-11-27 07:19:56,184] {local_task_job.py:156} INFO - Task exited with return code 0
[2023-11-27 07:19:56,231] {local_task_job.py:273} INFO - 1 downstream tasks scheduled from follow-on schedule check
[2023-11-27 09:18:52,966] {taskinstance.py:1159} INFO - Dependencies all met for <TaskInstance: final_project_data_covid_etl.insert_data_staging scheduled__2023-11-26T00:00:00+00:00 [queued]>
[2023-11-27 09:18:52,990] {taskinstance.py:1159} INFO - Dependencies all met for <TaskInstance: final_project_data_covid_etl.insert_data_staging scheduled__2023-11-26T00:00:00+00:00 [queued]>
[2023-11-27 09:18:52,991] {taskinstance.py:1356} INFO - 
--------------------------------------------------------------------------------
[2023-11-27 09:18:52,991] {taskinstance.py:1357} INFO - Starting attempt 2 of 3
[2023-11-27 09:18:52,991] {taskinstance.py:1358} INFO - 
--------------------------------------------------------------------------------
[2023-11-27 09:18:53,020] {taskinstance.py:1377} INFO - Executing <Task(PythonOperator): insert_data_staging> on 2023-11-26 00:00:00+00:00
[2023-11-27 09:18:53,027] {standard_task_runner.py:52} INFO - Started process 388 to run task
[2023-11-27 09:18:53,031] {standard_task_runner.py:79} INFO - Running: ['***', 'tasks', 'run', 'final_project_data_covid_etl', 'insert_data_staging', 'scheduled__2023-11-26T00:00:00+00:00', '--job-id', '368', '--raw', '--subdir', 'DAGS_FOLDER/get_data.py', '--cfg-path', '/tmp/tmpjrb8ylzc', '--error-file', '/tmp/tmpj62mupg_']
[2023-11-27 09:18:53,032] {standard_task_runner.py:80} INFO - Job 368: Subtask insert_data_staging
[2023-11-27 09:18:53,096] {task_command.py:369} INFO - Running <TaskInstance: final_project_data_covid_etl.insert_data_staging scheduled__2023-11-26T00:00:00+00:00 [running]> on host f38c0c12695c
[2023-11-27 09:18:53,176] {taskinstance.py:1571} INFO - Exporting the following env vars:
AIRFLOW_CTX_DAG_OWNER=ricky
AIRFLOW_CTX_DAG_ID=final_project_data_covid_etl
AIRFLOW_CTX_TASK_ID=insert_data_staging
AIRFLOW_CTX_EXECUTION_DATE=2023-11-26T00:00:00+00:00
AIRFLOW_CTX_TRY_NUMBER=2
AIRFLOW_CTX_DAG_RUN_ID=scheduled__2023-11-26T00:00:00+00:00
[2023-11-27 09:18:54,141] {python.py:173} INFO - Done. Returned value was: None
[2023-11-27 09:18:54,163] {taskinstance.py:1400} INFO - Marking task as SUCCESS. dag_id=final_project_data_covid_etl, task_id=insert_data_staging, execution_date=20231126T000000, start_date=20231127T091852, end_date=20231127T091854
[2023-11-27 09:18:54,210] {local_task_job.py:156} INFO - Task exited with return code 0
[2023-11-27 09:18:54,299] {local_task_job.py:273} INFO - 1 downstream tasks scheduled from follow-on schedule check
[2023-11-27 09:27:23,025] {taskinstance.py:1159} INFO - Dependencies all met for <TaskInstance: final_project_data_covid_etl.insert_data_staging scheduled__2023-11-26T00:00:00+00:00 [queued]>
[2023-11-27 09:27:23,035] {taskinstance.py:1159} INFO - Dependencies all met for <TaskInstance: final_project_data_covid_etl.insert_data_staging scheduled__2023-11-26T00:00:00+00:00 [queued]>
[2023-11-27 09:27:23,035] {taskinstance.py:1356} INFO - 
--------------------------------------------------------------------------------
[2023-11-27 09:27:23,035] {taskinstance.py:1357} INFO - Starting attempt 2 of 3
[2023-11-27 09:27:23,035] {taskinstance.py:1358} INFO - 
--------------------------------------------------------------------------------
[2023-11-27 09:27:23,050] {taskinstance.py:1377} INFO - Executing <Task(PythonOperator): insert_data_staging> on 2023-11-26 00:00:00+00:00
[2023-11-27 09:27:23,055] {standard_task_runner.py:52} INFO - Started process 651 to run task
[2023-11-27 09:27:23,059] {standard_task_runner.py:79} INFO - Running: ['***', 'tasks', 'run', 'final_project_data_covid_etl', 'insert_data_staging', 'scheduled__2023-11-26T00:00:00+00:00', '--job-id', '385', '--raw', '--subdir', 'DAGS_FOLDER/get_data.py', '--cfg-path', '/tmp/tmpsd14pzds', '--error-file', '/tmp/tmpw5lnwv17']
[2023-11-27 09:27:23,060] {standard_task_runner.py:80} INFO - Job 385: Subtask insert_data_staging
[2023-11-27 09:27:23,128] {task_command.py:369} INFO - Running <TaskInstance: final_project_data_covid_etl.insert_data_staging scheduled__2023-11-26T00:00:00+00:00 [running]> on host f38c0c12695c
[2023-11-27 09:27:23,206] {taskinstance.py:1571} INFO - Exporting the following env vars:
AIRFLOW_CTX_DAG_OWNER=ricky
AIRFLOW_CTX_DAG_ID=final_project_data_covid_etl
AIRFLOW_CTX_TASK_ID=insert_data_staging
AIRFLOW_CTX_EXECUTION_DATE=2023-11-26T00:00:00+00:00
AIRFLOW_CTX_TRY_NUMBER=2
AIRFLOW_CTX_DAG_RUN_ID=scheduled__2023-11-26T00:00:00+00:00
[2023-11-27 09:27:23,932] {python.py:173} INFO - Done. Returned value was: None
[2023-11-27 09:27:23,947] {taskinstance.py:1400} INFO - Marking task as SUCCESS. dag_id=final_project_data_covid_etl, task_id=insert_data_staging, execution_date=20231126T000000, start_date=20231127T092723, end_date=20231127T092723
[2023-11-27 09:27:23,995] {local_task_job.py:156} INFO - Task exited with return code 0
[2023-11-27 09:27:24,056] {local_task_job.py:273} INFO - 1 downstream tasks scheduled from follow-on schedule check
