[2023-11-26 14:26:15,104] {taskinstance.py:1159} INFO - Dependencies all met for <TaskInstance: data_covid_etl.print_hello_world manual__2023-11-26T14:26:13.801347+00:00 [queued]>
[2023-11-26 14:26:15,121] {taskinstance.py:1159} INFO - Dependencies all met for <TaskInstance: data_covid_etl.print_hello_world manual__2023-11-26T14:26:13.801347+00:00 [queued]>
[2023-11-26 14:26:15,122] {taskinstance.py:1356} INFO - 
--------------------------------------------------------------------------------
[2023-11-26 14:26:15,122] {taskinstance.py:1357} INFO - Starting attempt 1 of 6
[2023-11-26 14:26:15,122] {taskinstance.py:1358} INFO - 
--------------------------------------------------------------------------------
[2023-11-26 14:26:15,142] {taskinstance.py:1377} INFO - Executing <Task(BashOperator): print_hello_world> on 2023-11-26 14:26:13.801347+00:00
[2023-11-26 14:26:15,150] {standard_task_runner.py:52} INFO - Started process 638 to run task
[2023-11-26 14:26:15,158] {standard_task_runner.py:79} INFO - Running: ['***', 'tasks', 'run', 'data_covid_etl', 'print_hello_world', 'manual__2023-11-26T14:26:13.801347+00:00', '--job-id', '7', '--raw', '--subdir', 'DAGS_FOLDER/get_data.py', '--cfg-path', '/tmp/tmpcbx94ljy', '--error-file', '/tmp/tmp3kgiyq8h']
[2023-11-26 14:26:15,158] {standard_task_runner.py:80} INFO - Job 7: Subtask print_hello_world
[2023-11-26 14:26:15,262] {task_command.py:369} INFO - Running <TaskInstance: data_covid_etl.print_hello_world manual__2023-11-26T14:26:13.801347+00:00 [running]> on host f384f2afcc4f
[2023-11-26 14:26:15,500] {taskinstance.py:1571} INFO - Exporting the following env vars:
AIRFLOW_CTX_DAG_OWNER=oce
AIRFLOW_CTX_DAG_ID=data_covid_etl
AIRFLOW_CTX_TASK_ID=print_hello_world
AIRFLOW_CTX_EXECUTION_DATE=2023-11-26T14:26:13.801347+00:00
AIRFLOW_CTX_TRY_NUMBER=1
AIRFLOW_CTX_DAG_RUN_ID=manual__2023-11-26T14:26:13.801347+00:00
[2023-11-26 14:26:15,501] {subprocess.py:62} INFO - Tmp dir root location: 
 /tmp
[2023-11-26 14:26:15,501] {subprocess.py:74} INFO - Running command: ['bash', '-c', 'echo "HelloWorld!"']
[2023-11-26 14:26:15,525] {subprocess.py:85} INFO - Output:
[2023-11-26 14:26:15,526] {subprocess.py:92} INFO - HelloWorld!
[2023-11-26 14:26:15,527] {subprocess.py:96} INFO - Command exited with return code 0
[2023-11-26 14:26:15,575] {taskinstance.py:1400} INFO - Marking task as SUCCESS. dag_id=data_covid_etl, task_id=print_hello_world, execution_date=20231126T142613, start_date=20231126T142615, end_date=20231126T142615
[2023-11-26 14:26:15,613] {local_task_job.py:156} INFO - Task exited with return code 0
[2023-11-26 14:26:15,681] {local_task_job.py:273} INFO - 1 downstream tasks scheduled from follow-on schedule check
