[2023-11-26 15:39:40,459] {taskinstance.py:1159} INFO - Dependencies all met for <TaskInstance: data_covid_etl.create_dim_case scheduled__2023-11-24T00:00:00+00:00 [queued]>
[2023-11-26 15:39:40,490] {taskinstance.py:1159} INFO - Dependencies all met for <TaskInstance: data_covid_etl.create_dim_case scheduled__2023-11-24T00:00:00+00:00 [queued]>
[2023-11-26 15:39:40,490] {taskinstance.py:1356} INFO - 
--------------------------------------------------------------------------------
[2023-11-26 15:39:40,490] {taskinstance.py:1357} INFO - Starting attempt 1 of 6
[2023-11-26 15:39:40,490] {taskinstance.py:1358} INFO - 
--------------------------------------------------------------------------------
[2023-11-26 15:39:40,515] {taskinstance.py:1377} INFO - Executing <Task(PythonOperator): create_dim_case> on 2023-11-24 00:00:00+00:00
[2023-11-26 15:39:40,519] {standard_task_runner.py:52} INFO - Started process 2585 to run task
[2023-11-26 15:39:40,534] {standard_task_runner.py:79} INFO - Running: ['***', 'tasks', 'run', 'data_covid_etl', 'create_dim_case', 'scheduled__2023-11-24T00:00:00+00:00', '--job-id', '69', '--raw', '--subdir', 'DAGS_FOLDER/get_data.py', '--cfg-path', '/tmp/tmp3305t4w6', '--error-file', '/tmp/tmpl9to702i']
[2023-11-26 15:39:40,535] {standard_task_runner.py:80} INFO - Job 69: Subtask create_dim_case
[2023-11-26 15:39:40,679] {task_command.py:369} INFO - Running <TaskInstance: data_covid_etl.create_dim_case scheduled__2023-11-24T00:00:00+00:00 [running]> on host f384f2afcc4f
[2023-11-26 15:39:40,879] {taskinstance.py:1571} INFO - Exporting the following env vars:
AIRFLOW_CTX_DAG_OWNER=oce
AIRFLOW_CTX_DAG_ID=data_covid_etl
AIRFLOW_CTX_TASK_ID=create_dim_case
AIRFLOW_CTX_EXECUTION_DATE=2023-11-24T00:00:00+00:00
AIRFLOW_CTX_TRY_NUMBER=1
AIRFLOW_CTX_DAG_RUN_ID=scheduled__2023-11-24T00:00:00+00:00
[2023-11-26 15:39:40,880] {python.py:173} INFO - Done. Returned value was: None
[2023-11-26 15:39:40,900] {taskinstance.py:1400} INFO - Marking task as SUCCESS. dag_id=data_covid_etl, task_id=create_dim_case, execution_date=20231124T000000, start_date=20231126T153940, end_date=20231126T153940
[2023-11-26 15:39:40,921] {local_task_job.py:156} INFO - Task exited with return code 0
[2023-11-26 15:39:40,967] {local_task_job.py:273} INFO - 0 downstream tasks scheduled from follow-on schedule check
[2023-11-26 17:57:14,632] {taskinstance.py:1153} INFO - Dependencies not met for <TaskInstance: data_covid_etl.create_dim_case scheduled__2023-11-24T00:00:00+00:00 [queued]>, dependency 'Trigger Rule' FAILED: Task's trigger rule 'all_success' requires all upstream tasks to have succeeded, but found 1 non-success(es). upstream_tasks_state={'total': 1, 'successes': 0, 'skipped': 0, 'failed': 0, 'upstream_failed': 0, 'done': 0}, upstream_task_ids={'create_dim_district'}
[2023-11-26 17:57:14,638] {local_task_job.py:101} INFO - Task is not able to be run
[2023-11-26 18:05:39,665] {taskinstance.py:1159} INFO - Dependencies all met for <TaskInstance: data_covid_etl.create_dim_case scheduled__2023-11-24T00:00:00+00:00 [queued]>
[2023-11-26 18:05:39,675] {taskinstance.py:1159} INFO - Dependencies all met for <TaskInstance: data_covid_etl.create_dim_case scheduled__2023-11-24T00:00:00+00:00 [queued]>
[2023-11-26 18:05:39,675] {taskinstance.py:1356} INFO - 
--------------------------------------------------------------------------------
[2023-11-26 18:05:39,675] {taskinstance.py:1357} INFO - Starting attempt 1 of 3
[2023-11-26 18:05:39,675] {taskinstance.py:1358} INFO - 
--------------------------------------------------------------------------------
[2023-11-26 18:05:39,689] {taskinstance.py:1377} INFO - Executing <Task(PythonOperator): create_dim_case> on 2023-11-24 00:00:00+00:00
[2023-11-26 18:05:39,694] {standard_task_runner.py:52} INFO - Started process 1173 to run task
[2023-11-26 18:05:39,697] {standard_task_runner.py:79} INFO - Running: ['***', 'tasks', 'run', 'data_covid_etl', 'create_dim_case', 'scheduled__2023-11-24T00:00:00+00:00', '--job-id', '200', '--raw', '--subdir', 'DAGS_FOLDER/get_data.py', '--cfg-path', '/tmp/tmp3_151lrg', '--error-file', '/tmp/tmp1sy0cu3y']
[2023-11-26 18:05:39,697] {standard_task_runner.py:80} INFO - Job 200: Subtask create_dim_case
[2023-11-26 18:05:39,744] {task_command.py:369} INFO - Running <TaskInstance: data_covid_etl.create_dim_case scheduled__2023-11-24T00:00:00+00:00 [running]> on host 79a606f4be36
[2023-11-26 18:05:39,811] {taskinstance.py:1571} INFO - Exporting the following env vars:
AIRFLOW_CTX_DAG_OWNER=oce
AIRFLOW_CTX_DAG_ID=data_covid_etl
AIRFLOW_CTX_TASK_ID=create_dim_case
AIRFLOW_CTX_EXECUTION_DATE=2023-11-24T00:00:00+00:00
AIRFLOW_CTX_TRY_NUMBER=1
AIRFLOW_CTX_DAG_RUN_ID=scheduled__2023-11-24T00:00:00+00:00
[2023-11-26 18:05:39,812] {python.py:173} INFO - Done. Returned value was: None
[2023-11-26 18:05:39,823] {taskinstance.py:1400} INFO - Marking task as SUCCESS. dag_id=data_covid_etl, task_id=create_dim_case, execution_date=20231124T000000, start_date=20231126T180539, end_date=20231126T180539
[2023-11-26 18:05:39,869] {local_task_job.py:156} INFO - Task exited with return code 0
[2023-11-26 18:05:39,907] {local_task_job.py:273} INFO - 1 downstream tasks scheduled from follow-on schedule check
[2023-11-26 18:10:55,320] {taskinstance.py:1159} INFO - Dependencies all met for <TaskInstance: data_covid_etl.create_dim_case scheduled__2023-11-24T00:00:00+00:00 [queued]>
[2023-11-26 18:10:55,330] {taskinstance.py:1159} INFO - Dependencies all met for <TaskInstance: data_covid_etl.create_dim_case scheduled__2023-11-24T00:00:00+00:00 [queued]>
[2023-11-26 18:10:55,330] {taskinstance.py:1356} INFO - 
--------------------------------------------------------------------------------
[2023-11-26 18:10:55,330] {taskinstance.py:1357} INFO - Starting attempt 1 of 3
[2023-11-26 18:10:55,330] {taskinstance.py:1358} INFO - 
--------------------------------------------------------------------------------
[2023-11-26 18:10:55,346] {taskinstance.py:1377} INFO - Executing <Task(PythonOperator): create_dim_case> on 2023-11-24 00:00:00+00:00
[2023-11-26 18:10:55,351] {standard_task_runner.py:52} INFO - Started process 1414 to run task
[2023-11-26 18:10:55,353] {standard_task_runner.py:79} INFO - Running: ['***', 'tasks', 'run', 'data_covid_etl', 'create_dim_case', 'scheduled__2023-11-24T00:00:00+00:00', '--job-id', '230', '--raw', '--subdir', 'DAGS_FOLDER/get_data.py', '--cfg-path', '/tmp/tmpmc4w0g_g', '--error-file', '/tmp/tmpv_2v22r6']
[2023-11-26 18:10:55,354] {standard_task_runner.py:80} INFO - Job 230: Subtask create_dim_case
[2023-11-26 18:10:55,403] {task_command.py:369} INFO - Running <TaskInstance: data_covid_etl.create_dim_case scheduled__2023-11-24T00:00:00+00:00 [running]> on host 79a606f4be36
[2023-11-26 18:10:55,473] {taskinstance.py:1571} INFO - Exporting the following env vars:
AIRFLOW_CTX_DAG_OWNER=oce
AIRFLOW_CTX_DAG_ID=data_covid_etl
AIRFLOW_CTX_TASK_ID=create_dim_case
AIRFLOW_CTX_EXECUTION_DATE=2023-11-24T00:00:00+00:00
AIRFLOW_CTX_TRY_NUMBER=1
AIRFLOW_CTX_DAG_RUN_ID=scheduled__2023-11-24T00:00:00+00:00
[2023-11-26 18:10:55,474] {python.py:173} INFO - Done. Returned value was: None
[2023-11-26 18:10:55,484] {taskinstance.py:1400} INFO - Marking task as SUCCESS. dag_id=data_covid_etl, task_id=create_dim_case, execution_date=20231124T000000, start_date=20231126T181055, end_date=20231126T181055
[2023-11-26 18:10:55,526] {local_task_job.py:156} INFO - Task exited with return code 0
[2023-11-26 18:10:55,580] {local_task_job.py:273} INFO - 1 downstream tasks scheduled from follow-on schedule check
