[2023-11-26 14:26:15,731] {taskinstance.py:1159} INFO - Dependencies all met for <TaskInstance: data_covid_etl.print_hello_world scheduled__2023-11-23T00:00:00+00:00 [queued]>
[2023-11-26 14:26:15,753] {taskinstance.py:1159} INFO - Dependencies all met for <TaskInstance: data_covid_etl.print_hello_world scheduled__2023-11-23T00:00:00+00:00 [queued]>
[2023-11-26 14:26:15,753] {taskinstance.py:1356} INFO - 
--------------------------------------------------------------------------------
[2023-11-26 14:26:15,753] {taskinstance.py:1357} INFO - Starting attempt 1 of 6
[2023-11-26 14:26:15,753] {taskinstance.py:1358} INFO - 
--------------------------------------------------------------------------------
[2023-11-26 14:26:15,790] {taskinstance.py:1377} INFO - Executing <Task(BashOperator): print_hello_world> on 2023-11-23 00:00:00+00:00
[2023-11-26 14:26:15,799] {standard_task_runner.py:52} INFO - Started process 650 to run task
[2023-11-26 14:26:15,803] {standard_task_runner.py:79} INFO - Running: ['***', 'tasks', 'run', 'data_covid_etl', 'print_hello_world', 'scheduled__2023-11-23T00:00:00+00:00', '--job-id', '11', '--raw', '--subdir', 'DAGS_FOLDER/get_data.py', '--cfg-path', '/tmp/tmp6iu1lyw2', '--error-file', '/tmp/tmpxz73bfdg']
[2023-11-26 14:26:15,804] {standard_task_runner.py:80} INFO - Job 11: Subtask print_hello_world
[2023-11-26 14:26:15,864] {task_command.py:369} INFO - Running <TaskInstance: data_covid_etl.print_hello_world scheduled__2023-11-23T00:00:00+00:00 [running]> on host f384f2afcc4f
[2023-11-26 14:26:15,951] {taskinstance.py:1571} INFO - Exporting the following env vars:
AIRFLOW_CTX_DAG_OWNER=oce
AIRFLOW_CTX_DAG_ID=data_covid_etl
AIRFLOW_CTX_TASK_ID=print_hello_world
AIRFLOW_CTX_EXECUTION_DATE=2023-11-23T00:00:00+00:00
AIRFLOW_CTX_TRY_NUMBER=1
AIRFLOW_CTX_DAG_RUN_ID=scheduled__2023-11-23T00:00:00+00:00
[2023-11-26 14:26:15,952] {subprocess.py:62} INFO - Tmp dir root location: 
 /tmp
[2023-11-26 14:26:15,953] {subprocess.py:74} INFO - Running command: ['bash', '-c', 'echo "HelloWorld!"']
[2023-11-26 14:26:15,964] {subprocess.py:85} INFO - Output:
[2023-11-26 14:26:15,965] {subprocess.py:92} INFO - HelloWorld!
[2023-11-26 14:26:15,966] {subprocess.py:96} INFO - Command exited with return code 0
[2023-11-26 14:26:15,997] {taskinstance.py:1400} INFO - Marking task as SUCCESS. dag_id=data_covid_etl, task_id=print_hello_world, execution_date=20231123T000000, start_date=20231126T142615, end_date=20231126T142615
[2023-11-26 14:26:16,019] {local_task_job.py:156} INFO - Task exited with return code 0
[2023-11-26 14:26:16,065] {local_task_job.py:273} INFO - 1 downstream tasks scheduled from follow-on schedule check
[2023-11-26 15:39:35,619] {taskinstance.py:1159} INFO - Dependencies all met for <TaskInstance: data_covid_etl.print_hello_world scheduled__2023-11-23T00:00:00+00:00 [queued]>
[2023-11-26 15:39:35,682] {taskinstance.py:1159} INFO - Dependencies all met for <TaskInstance: data_covid_etl.print_hello_world scheduled__2023-11-23T00:00:00+00:00 [queued]>
[2023-11-26 15:39:35,682] {taskinstance.py:1356} INFO - 
--------------------------------------------------------------------------------
[2023-11-26 15:39:35,682] {taskinstance.py:1357} INFO - Starting attempt 1 of 6
[2023-11-26 15:39:35,682] {taskinstance.py:1358} INFO - 
--------------------------------------------------------------------------------
[2023-11-26 15:39:35,785] {taskinstance.py:1377} INFO - Executing <Task(BashOperator): print_hello_world> on 2023-11-23 00:00:00+00:00
[2023-11-26 15:39:35,804] {standard_task_runner.py:52} INFO - Started process 2524 to run task
[2023-11-26 15:39:35,834] {standard_task_runner.py:79} INFO - Running: ['***', 'tasks', 'run', 'data_covid_etl', 'print_hello_world', 'scheduled__2023-11-23T00:00:00+00:00', '--job-id', '41', '--raw', '--subdir', 'DAGS_FOLDER/get_data.py', '--cfg-path', '/tmp/tmp4yweu0f0', '--error-file', '/tmp/tmp3z4va4u7']
[2023-11-26 15:39:35,835] {standard_task_runner.py:80} INFO - Job 41: Subtask print_hello_world
[2023-11-26 15:39:35,946] {task_command.py:369} INFO - Running <TaskInstance: data_covid_etl.print_hello_world scheduled__2023-11-23T00:00:00+00:00 [running]> on host f384f2afcc4f
[2023-11-26 15:39:36,157] {taskinstance.py:1571} INFO - Exporting the following env vars:
AIRFLOW_CTX_DAG_OWNER=oce
AIRFLOW_CTX_DAG_ID=data_covid_etl
AIRFLOW_CTX_TASK_ID=print_hello_world
AIRFLOW_CTX_EXECUTION_DATE=2023-11-23T00:00:00+00:00
AIRFLOW_CTX_TRY_NUMBER=1
AIRFLOW_CTX_DAG_RUN_ID=scheduled__2023-11-23T00:00:00+00:00
[2023-11-26 15:39:36,158] {subprocess.py:62} INFO - Tmp dir root location: 
 /tmp
[2023-11-26 15:39:36,159] {subprocess.py:74} INFO - Running command: ['bash', '-c', 'echo "HelloWorld!"']
[2023-11-26 15:39:36,217] {subprocess.py:85} INFO - Output:
[2023-11-26 15:39:36,226] {subprocess.py:92} INFO - HelloWorld!
[2023-11-26 15:39:36,227] {subprocess.py:96} INFO - Command exited with return code 0
[2023-11-26 15:39:36,281] {taskinstance.py:1400} INFO - Marking task as SUCCESS. dag_id=data_covid_etl, task_id=print_hello_world, execution_date=20231123T000000, start_date=20231126T153935, end_date=20231126T153936
[2023-11-26 15:39:36,320] {local_task_job.py:156} INFO - Task exited with return code 0
[2023-11-26 15:39:36,431] {local_task_job.py:273} INFO - 1 downstream tasks scheduled from follow-on schedule check
[2023-11-26 17:57:11,985] {taskinstance.py:1159} INFO - Dependencies all met for <TaskInstance: data_covid_etl.print_hello_world scheduled__2023-11-23T00:00:00+00:00 [queued]>
[2023-11-26 17:57:12,043] {taskinstance.py:1159} INFO - Dependencies all met for <TaskInstance: data_covid_etl.print_hello_world scheduled__2023-11-23T00:00:00+00:00 [queued]>
[2023-11-26 17:57:12,044] {taskinstance.py:1356} INFO - 
--------------------------------------------------------------------------------
[2023-11-26 17:57:12,044] {taskinstance.py:1357} INFO - Starting attempt 1 of 6
[2023-11-26 17:57:12,044] {taskinstance.py:1358} INFO - 
--------------------------------------------------------------------------------
[2023-11-26 17:57:12,111] {taskinstance.py:1377} INFO - Executing <Task(BashOperator): print_hello_world> on 2023-11-23 00:00:00+00:00
[2023-11-26 17:57:12,143] {standard_task_runner.py:52} INFO - Started process 699 to run task
[2023-11-26 17:57:12,163] {standard_task_runner.py:79} INFO - Running: ['***', 'tasks', 'run', 'data_covid_etl', 'print_hello_world', 'scheduled__2023-11-23T00:00:00+00:00', '--job-id', '106', '--raw', '--subdir', 'DAGS_FOLDER/get_data.py', '--cfg-path', '/tmp/tmp_mf_t8pm', '--error-file', '/tmp/tmpfiv71sk0']
[2023-11-26 17:57:12,175] {standard_task_runner.py:80} INFO - Job 106: Subtask print_hello_world
[2023-11-26 17:57:12,325] {task_command.py:369} INFO - Running <TaskInstance: data_covid_etl.print_hello_world scheduled__2023-11-23T00:00:00+00:00 [running]> on host 79a606f4be36
[2023-11-26 17:57:12,516] {taskinstance.py:1571} INFO - Exporting the following env vars:
AIRFLOW_CTX_DAG_OWNER=oce
AIRFLOW_CTX_DAG_ID=data_covid_etl
AIRFLOW_CTX_TASK_ID=print_hello_world
AIRFLOW_CTX_EXECUTION_DATE=2023-11-23T00:00:00+00:00
AIRFLOW_CTX_TRY_NUMBER=1
AIRFLOW_CTX_DAG_RUN_ID=scheduled__2023-11-23T00:00:00+00:00
[2023-11-26 17:57:12,517] {subprocess.py:62} INFO - Tmp dir root location: 
 /tmp
[2023-11-26 17:57:12,517] {subprocess.py:74} INFO - Running command: ['bash', '-c', 'echo "HelloWorld!"']
[2023-11-26 17:57:12,560] {subprocess.py:85} INFO - Output:
[2023-11-26 17:57:12,568] {subprocess.py:92} INFO - HelloWorld!
[2023-11-26 17:57:12,573] {subprocess.py:96} INFO - Command exited with return code 0
[2023-11-26 17:57:12,638] {taskinstance.py:1400} INFO - Marking task as SUCCESS. dag_id=data_covid_etl, task_id=print_hello_world, execution_date=20231123T000000, start_date=20231126T175711, end_date=20231126T175712
[2023-11-26 17:57:12,695] {local_task_job.py:156} INFO - Task exited with return code 0
[2023-11-26 17:57:12,796] {local_task_job.py:273} INFO - 1 downstream tasks scheduled from follow-on schedule check
[2023-11-26 18:00:52,563] {taskinstance.py:1159} INFO - Dependencies all met for <TaskInstance: data_covid_etl.print_hello_world scheduled__2023-11-23T00:00:00+00:00 [queued]>
[2023-11-26 18:00:52,605] {taskinstance.py:1159} INFO - Dependencies all met for <TaskInstance: data_covid_etl.print_hello_world scheduled__2023-11-23T00:00:00+00:00 [queued]>
[2023-11-26 18:00:52,605] {taskinstance.py:1356} INFO - 
--------------------------------------------------------------------------------
[2023-11-26 18:00:52,606] {taskinstance.py:1357} INFO - Starting attempt 1 of 6
[2023-11-26 18:00:52,606] {taskinstance.py:1358} INFO - 
--------------------------------------------------------------------------------
[2023-11-26 18:00:52,656] {taskinstance.py:1377} INFO - Executing <Task(BashOperator): print_hello_world> on 2023-11-23 00:00:00+00:00
[2023-11-26 18:00:52,661] {standard_task_runner.py:52} INFO - Started process 894 to run task
[2023-11-26 18:00:52,669] {standard_task_runner.py:79} INFO - Running: ['***', 'tasks', 'run', 'data_covid_etl', 'print_hello_world', 'scheduled__2023-11-23T00:00:00+00:00', '--job-id', '149', '--raw', '--subdir', 'DAGS_FOLDER/get_data.py', '--cfg-path', '/tmp/tmpzt2lz6hk', '--error-file', '/tmp/tmpvcmck7sg']
[2023-11-26 18:00:52,674] {standard_task_runner.py:80} INFO - Job 149: Subtask print_hello_world
[2023-11-26 18:00:52,737] {task_command.py:369} INFO - Running <TaskInstance: data_covid_etl.print_hello_world scheduled__2023-11-23T00:00:00+00:00 [running]> on host 79a606f4be36
[2023-11-26 18:00:52,838] {taskinstance.py:1571} INFO - Exporting the following env vars:
AIRFLOW_CTX_DAG_OWNER=oce
AIRFLOW_CTX_DAG_ID=data_covid_etl
AIRFLOW_CTX_TASK_ID=print_hello_world
AIRFLOW_CTX_EXECUTION_DATE=2023-11-23T00:00:00+00:00
AIRFLOW_CTX_TRY_NUMBER=1
AIRFLOW_CTX_DAG_RUN_ID=scheduled__2023-11-23T00:00:00+00:00
[2023-11-26 18:00:52,839] {subprocess.py:62} INFO - Tmp dir root location: 
 /tmp
[2023-11-26 18:00:52,840] {subprocess.py:74} INFO - Running command: ['bash', '-c', 'echo "HelloWorld!"']
[2023-11-26 18:00:52,849] {subprocess.py:85} INFO - Output:
[2023-11-26 18:00:52,850] {subprocess.py:92} INFO - HelloWorld!
[2023-11-26 18:00:52,851] {subprocess.py:96} INFO - Command exited with return code 0
[2023-11-26 18:00:52,886] {taskinstance.py:1400} INFO - Marking task as SUCCESS. dag_id=data_covid_etl, task_id=print_hello_world, execution_date=20231123T000000, start_date=20231126T180052, end_date=20231126T180052
[2023-11-26 18:00:52,931] {local_task_job.py:156} INFO - Task exited with return code 0
[2023-11-26 18:00:52,997] {local_task_job.py:273} INFO - 1 downstream tasks scheduled from follow-on schedule check
[2023-11-26 18:02:39,920] {taskinstance.py:1159} INFO - Dependencies all met for <TaskInstance: data_covid_etl.print_hello_world scheduled__2023-11-23T00:00:00+00:00 [queued]>
[2023-11-26 18:02:39,930] {taskinstance.py:1159} INFO - Dependencies all met for <TaskInstance: data_covid_etl.print_hello_world scheduled__2023-11-23T00:00:00+00:00 [queued]>
[2023-11-26 18:02:39,930] {taskinstance.py:1356} INFO - 
--------------------------------------------------------------------------------
[2023-11-26 18:02:39,930] {taskinstance.py:1357} INFO - Starting attempt 1 of 4
[2023-11-26 18:02:39,931] {taskinstance.py:1358} INFO - 
--------------------------------------------------------------------------------
[2023-11-26 18:02:39,948] {taskinstance.py:1377} INFO - Executing <Task(BashOperator): print_hello_world> on 2023-11-23 00:00:00+00:00
[2023-11-26 18:02:39,954] {standard_task_runner.py:52} INFO - Started process 996 to run task
[2023-11-26 18:02:39,969] {standard_task_runner.py:79} INFO - Running: ['***', 'tasks', 'run', 'data_covid_etl', 'print_hello_world', 'scheduled__2023-11-23T00:00:00+00:00', '--job-id', '167', '--raw', '--subdir', 'DAGS_FOLDER/get_data.py', '--cfg-path', '/tmp/tmpbbaw_qxk', '--error-file', '/tmp/tmpk02gs2yp']
[2023-11-26 18:02:39,970] {standard_task_runner.py:80} INFO - Job 167: Subtask print_hello_world
[2023-11-26 18:02:40,065] {task_command.py:369} INFO - Running <TaskInstance: data_covid_etl.print_hello_world scheduled__2023-11-23T00:00:00+00:00 [running]> on host 79a606f4be36
[2023-11-26 18:02:40,266] {taskinstance.py:1571} INFO - Exporting the following env vars:
AIRFLOW_CTX_DAG_OWNER=oce
AIRFLOW_CTX_DAG_ID=data_covid_etl
AIRFLOW_CTX_TASK_ID=print_hello_world
AIRFLOW_CTX_EXECUTION_DATE=2023-11-23T00:00:00+00:00
AIRFLOW_CTX_TRY_NUMBER=1
AIRFLOW_CTX_DAG_RUN_ID=scheduled__2023-11-23T00:00:00+00:00
[2023-11-26 18:02:40,267] {subprocess.py:62} INFO - Tmp dir root location: 
 /tmp
[2023-11-26 18:02:40,267] {subprocess.py:74} INFO - Running command: ['bash', '-c', 'echo "HelloWorld!"']
[2023-11-26 18:02:40,293] {subprocess.py:85} INFO - Output:
[2023-11-26 18:02:40,301] {subprocess.py:92} INFO - HelloWorld!
[2023-11-26 18:02:40,309] {subprocess.py:96} INFO - Command exited with return code 0
[2023-11-26 18:02:40,375] {taskinstance.py:1400} INFO - Marking task as SUCCESS. dag_id=data_covid_etl, task_id=print_hello_world, execution_date=20231123T000000, start_date=20231126T180239, end_date=20231126T180240
[2023-11-26 18:02:40,409] {local_task_job.py:156} INFO - Task exited with return code 0
[2023-11-26 18:02:40,481] {local_task_job.py:273} INFO - 1 downstream tasks scheduled from follow-on schedule check
[2023-11-26 18:05:33,036] {taskinstance.py:1159} INFO - Dependencies all met for <TaskInstance: data_covid_etl.print_hello_world scheduled__2023-11-23T00:00:00+00:00 [queued]>
[2023-11-26 18:05:33,078] {taskinstance.py:1159} INFO - Dependencies all met for <TaskInstance: data_covid_etl.print_hello_world scheduled__2023-11-23T00:00:00+00:00 [queued]>
[2023-11-26 18:05:33,078] {taskinstance.py:1356} INFO - 
--------------------------------------------------------------------------------
[2023-11-26 18:05:33,078] {taskinstance.py:1357} INFO - Starting attempt 1 of 3
[2023-11-26 18:05:33,078] {taskinstance.py:1358} INFO - 
--------------------------------------------------------------------------------
[2023-11-26 18:05:33,118] {taskinstance.py:1377} INFO - Executing <Task(BashOperator): print_hello_world> on 2023-11-23 00:00:00+00:00
[2023-11-26 18:05:33,122] {standard_task_runner.py:52} INFO - Started process 1125 to run task
[2023-11-26 18:05:33,141] {standard_task_runner.py:79} INFO - Running: ['***', 'tasks', 'run', 'data_covid_etl', 'print_hello_world', 'scheduled__2023-11-23T00:00:00+00:00', '--job-id', '184', '--raw', '--subdir', 'DAGS_FOLDER/get_data.py', '--cfg-path', '/tmp/tmppoh10kgv', '--error-file', '/tmp/tmphdrx705m']
[2023-11-26 18:05:33,142] {standard_task_runner.py:80} INFO - Job 184: Subtask print_hello_world
[2023-11-26 18:05:33,274] {task_command.py:369} INFO - Running <TaskInstance: data_covid_etl.print_hello_world scheduled__2023-11-23T00:00:00+00:00 [running]> on host 79a606f4be36
[2023-11-26 18:05:33,429] {taskinstance.py:1571} INFO - Exporting the following env vars:
AIRFLOW_CTX_DAG_OWNER=oce
AIRFLOW_CTX_DAG_ID=data_covid_etl
AIRFLOW_CTX_TASK_ID=print_hello_world
AIRFLOW_CTX_EXECUTION_DATE=2023-11-23T00:00:00+00:00
AIRFLOW_CTX_TRY_NUMBER=1
AIRFLOW_CTX_DAG_RUN_ID=scheduled__2023-11-23T00:00:00+00:00
[2023-11-26 18:05:33,431] {subprocess.py:62} INFO - Tmp dir root location: 
 /tmp
[2023-11-26 18:05:33,432] {subprocess.py:74} INFO - Running command: ['bash', '-c', 'echo "HelloWorld!"']
[2023-11-26 18:05:33,469] {subprocess.py:85} INFO - Output:
[2023-11-26 18:05:33,470] {subprocess.py:92} INFO - HelloWorld!
[2023-11-26 18:05:33,470] {subprocess.py:96} INFO - Command exited with return code 0
[2023-11-26 18:05:33,525] {taskinstance.py:1400} INFO - Marking task as SUCCESS. dag_id=data_covid_etl, task_id=print_hello_world, execution_date=20231123T000000, start_date=20231126T180533, end_date=20231126T180533
[2023-11-26 18:05:33,582] {local_task_job.py:156} INFO - Task exited with return code 0
[2023-11-26 18:05:33,646] {local_task_job.py:273} INFO - 1 downstream tasks scheduled from follow-on schedule check
[2023-11-26 18:08:45,233] {taskinstance.py:1159} INFO - Dependencies all met for <TaskInstance: data_covid_etl.print_hello_world scheduled__2023-11-23T00:00:00+00:00 [queued]>
[2023-11-26 18:08:45,255] {taskinstance.py:1159} INFO - Dependencies all met for <TaskInstance: data_covid_etl.print_hello_world scheduled__2023-11-23T00:00:00+00:00 [queued]>
[2023-11-26 18:08:45,255] {taskinstance.py:1356} INFO - 
--------------------------------------------------------------------------------
[2023-11-26 18:08:45,256] {taskinstance.py:1357} INFO - Starting attempt 1 of 3
[2023-11-26 18:08:45,256] {taskinstance.py:1358} INFO - 
--------------------------------------------------------------------------------
[2023-11-26 18:08:45,283] {taskinstance.py:1377} INFO - Executing <Task(BashOperator): print_hello_world> on 2023-11-23 00:00:00+00:00
[2023-11-26 18:08:45,288] {standard_task_runner.py:52} INFO - Started process 1300 to run task
[2023-11-26 18:08:45,292] {standard_task_runner.py:79} INFO - Running: ['***', 'tasks', 'run', 'data_covid_etl', 'print_hello_world', 'scheduled__2023-11-23T00:00:00+00:00', '--job-id', '214', '--raw', '--subdir', 'DAGS_FOLDER/get_data.py', '--cfg-path', '/tmp/tmplcr4sd4c', '--error-file', '/tmp/tmpl405eg9d']
[2023-11-26 18:08:45,293] {standard_task_runner.py:80} INFO - Job 214: Subtask print_hello_world
[2023-11-26 18:08:45,359] {task_command.py:369} INFO - Running <TaskInstance: data_covid_etl.print_hello_world scheduled__2023-11-23T00:00:00+00:00 [running]> on host 79a606f4be36
[2023-11-26 18:08:45,428] {taskinstance.py:1571} INFO - Exporting the following env vars:
AIRFLOW_CTX_DAG_OWNER=oce
AIRFLOW_CTX_DAG_ID=data_covid_etl
AIRFLOW_CTX_TASK_ID=print_hello_world
AIRFLOW_CTX_EXECUTION_DATE=2023-11-23T00:00:00+00:00
AIRFLOW_CTX_TRY_NUMBER=1
AIRFLOW_CTX_DAG_RUN_ID=scheduled__2023-11-23T00:00:00+00:00
[2023-11-26 18:08:45,431] {subprocess.py:62} INFO - Tmp dir root location: 
 /tmp
[2023-11-26 18:08:45,431] {subprocess.py:74} INFO - Running command: ['bash', '-c', 'echo "HelloWorld!"']
[2023-11-26 18:08:45,445] {subprocess.py:85} INFO - Output:
[2023-11-26 18:08:45,446] {subprocess.py:92} INFO - HelloWorld!
[2023-11-26 18:08:45,446] {subprocess.py:96} INFO - Command exited with return code 0
[2023-11-26 18:08:45,478] {taskinstance.py:1400} INFO - Marking task as SUCCESS. dag_id=data_covid_etl, task_id=print_hello_world, execution_date=20231123T000000, start_date=20231126T180845, end_date=20231126T180845
[2023-11-26 18:08:45,504] {local_task_job.py:156} INFO - Task exited with return code 0
[2023-11-26 18:08:45,550] {local_task_job.py:273} INFO - 1 downstream tasks scheduled from follow-on schedule check
[2023-11-26 18:15:23,059] {taskinstance.py:1159} INFO - Dependencies all met for <TaskInstance: data_covid_etl.print_hello_world scheduled__2023-11-23T00:00:00+00:00 [queued]>
[2023-11-26 18:15:23,076] {taskinstance.py:1159} INFO - Dependencies all met for <TaskInstance: data_covid_etl.print_hello_world scheduled__2023-11-23T00:00:00+00:00 [queued]>
[2023-11-26 18:15:23,077] {taskinstance.py:1356} INFO - 
--------------------------------------------------------------------------------
[2023-11-26 18:15:23,077] {taskinstance.py:1357} INFO - Starting attempt 1 of 3
[2023-11-26 18:15:23,077] {taskinstance.py:1358} INFO - 
--------------------------------------------------------------------------------
[2023-11-26 18:15:23,103] {taskinstance.py:1377} INFO - Executing <Task(BashOperator): print_hello_world> on 2023-11-23 00:00:00+00:00
[2023-11-26 18:15:23,110] {standard_task_runner.py:79} INFO - Running: ['***', 'tasks', 'run', 'data_covid_etl', 'print_hello_world', 'scheduled__2023-11-23T00:00:00+00:00', '--job-id', '256', '--raw', '--subdir', 'DAGS_FOLDER/get_data.py', '--cfg-path', '/tmp/tmphtdtdusa', '--error-file', '/tmp/tmpmtf_2ydk']
[2023-11-26 18:15:23,111] {standard_task_runner.py:80} INFO - Job 256: Subtask print_hello_world
[2023-11-26 18:15:23,118] {standard_task_runner.py:52} INFO - Started process 1606 to run task
[2023-11-26 18:15:23,199] {task_command.py:369} INFO - Running <TaskInstance: data_covid_etl.print_hello_world scheduled__2023-11-23T00:00:00+00:00 [running]> on host 79a606f4be36
[2023-11-26 18:15:23,298] {taskinstance.py:1571} INFO - Exporting the following env vars:
AIRFLOW_CTX_DAG_OWNER=oce
AIRFLOW_CTX_DAG_ID=data_covid_etl
AIRFLOW_CTX_TASK_ID=print_hello_world
AIRFLOW_CTX_EXECUTION_DATE=2023-11-23T00:00:00+00:00
AIRFLOW_CTX_TRY_NUMBER=1
AIRFLOW_CTX_DAG_RUN_ID=scheduled__2023-11-23T00:00:00+00:00
[2023-11-26 18:15:23,299] {subprocess.py:62} INFO - Tmp dir root location: 
 /tmp
[2023-11-26 18:15:23,299] {subprocess.py:74} INFO - Running command: ['bash', '-c', 'echo "HelloWorld!"']
[2023-11-26 18:15:23,316] {subprocess.py:85} INFO - Output:
[2023-11-26 18:15:23,318] {subprocess.py:92} INFO - HelloWorld!
[2023-11-26 18:15:23,318] {subprocess.py:96} INFO - Command exited with return code 0
[2023-11-26 18:15:23,346] {taskinstance.py:1400} INFO - Marking task as SUCCESS. dag_id=data_covid_etl, task_id=print_hello_world, execution_date=20231123T000000, start_date=20231126T181523, end_date=20231126T181523
[2023-11-26 18:15:23,383] {local_task_job.py:156} INFO - Task exited with return code 0
[2023-11-26 18:15:23,420] {local_task_job.py:273} INFO - 1 downstream tasks scheduled from follow-on schedule check
