[2023-11-26 14:26:15,161] {taskinstance.py:1159} INFO - Dependencies all met for <TaskInstance: data_covid_etl.print_hello_world scheduled__2023-11-20T00:00:00+00:00 [queued]>
[2023-11-26 14:26:15,192] {taskinstance.py:1159} INFO - Dependencies all met for <TaskInstance: data_covid_etl.print_hello_world scheduled__2023-11-20T00:00:00+00:00 [queued]>
[2023-11-26 14:26:15,192] {taskinstance.py:1356} INFO - 
--------------------------------------------------------------------------------
[2023-11-26 14:26:15,192] {taskinstance.py:1357} INFO - Starting attempt 1 of 6
[2023-11-26 14:26:15,192] {taskinstance.py:1358} INFO - 
--------------------------------------------------------------------------------
[2023-11-26 14:26:15,228] {taskinstance.py:1377} INFO - Executing <Task(BashOperator): print_hello_world> on 2023-11-20 00:00:00+00:00
[2023-11-26 14:26:15,233] {standard_task_runner.py:52} INFO - Started process 639 to run task
[2023-11-26 14:26:15,245] {standard_task_runner.py:79} INFO - Running: ['***', 'tasks', 'run', 'data_covid_etl', 'print_hello_world', 'scheduled__2023-11-20T00:00:00+00:00', '--job-id', '8', '--raw', '--subdir', 'DAGS_FOLDER/get_data.py', '--cfg-path', '/tmp/tmpki7afwbs', '--error-file', '/tmp/tmpkhn8rgoh']
[2023-11-26 14:26:15,246] {standard_task_runner.py:80} INFO - Job 8: Subtask print_hello_world
[2023-11-26 14:26:15,380] {task_command.py:369} INFO - Running <TaskInstance: data_covid_etl.print_hello_world scheduled__2023-11-20T00:00:00+00:00 [running]> on host f384f2afcc4f
[2023-11-26 14:26:15,593] {taskinstance.py:1571} INFO - Exporting the following env vars:
AIRFLOW_CTX_DAG_OWNER=oce
AIRFLOW_CTX_DAG_ID=data_covid_etl
AIRFLOW_CTX_TASK_ID=print_hello_world
AIRFLOW_CTX_EXECUTION_DATE=2023-11-20T00:00:00+00:00
AIRFLOW_CTX_TRY_NUMBER=1
AIRFLOW_CTX_DAG_RUN_ID=scheduled__2023-11-20T00:00:00+00:00
[2023-11-26 14:26:15,594] {subprocess.py:62} INFO - Tmp dir root location: 
 /tmp
[2023-11-26 14:26:15,594] {subprocess.py:74} INFO - Running command: ['bash', '-c', 'echo "HelloWorld!"']
[2023-11-26 14:26:15,623] {subprocess.py:85} INFO - Output:
[2023-11-26 14:26:15,624] {subprocess.py:92} INFO - HelloWorld!
[2023-11-26 14:26:15,624] {subprocess.py:96} INFO - Command exited with return code 0
[2023-11-26 14:26:15,663] {taskinstance.py:1400} INFO - Marking task as SUCCESS. dag_id=data_covid_etl, task_id=print_hello_world, execution_date=20231120T000000, start_date=20231126T142615, end_date=20231126T142615
[2023-11-26 14:26:15,702] {local_task_job.py:156} INFO - Task exited with return code 0
[2023-11-26 14:26:15,758] {local_task_job.py:273} INFO - 1 downstream tasks scheduled from follow-on schedule check
[2023-11-26 15:39:33,751] {taskinstance.py:1159} INFO - Dependencies all met for <TaskInstance: data_covid_etl.print_hello_world scheduled__2023-11-20T00:00:00+00:00 [queued]>
[2023-11-26 15:39:33,791] {taskinstance.py:1159} INFO - Dependencies all met for <TaskInstance: data_covid_etl.print_hello_world scheduled__2023-11-20T00:00:00+00:00 [queued]>
[2023-11-26 15:39:33,791] {taskinstance.py:1356} INFO - 
--------------------------------------------------------------------------------
[2023-11-26 15:39:33,791] {taskinstance.py:1357} INFO - Starting attempt 1 of 6
[2023-11-26 15:39:33,791] {taskinstance.py:1358} INFO - 
--------------------------------------------------------------------------------
[2023-11-26 15:39:33,917] {taskinstance.py:1377} INFO - Executing <Task(BashOperator): print_hello_world> on 2023-11-20 00:00:00+00:00
[2023-11-26 15:39:33,957] {standard_task_runner.py:52} INFO - Started process 2485 to run task
[2023-11-26 15:39:33,982] {standard_task_runner.py:79} INFO - Running: ['***', 'tasks', 'run', 'data_covid_etl', 'print_hello_world', 'scheduled__2023-11-20T00:00:00+00:00', '--job-id', '35', '--raw', '--subdir', 'DAGS_FOLDER/get_data.py', '--cfg-path', '/tmp/tmpubcwo6n4', '--error-file', '/tmp/tmpz6i1yboo']
[2023-11-26 15:39:33,984] {standard_task_runner.py:80} INFO - Job 35: Subtask print_hello_world
[2023-11-26 15:39:34,282] {task_command.py:369} INFO - Running <TaskInstance: data_covid_etl.print_hello_world scheduled__2023-11-20T00:00:00+00:00 [running]> on host f384f2afcc4f
[2023-11-26 15:39:34,584] {taskinstance.py:1571} INFO - Exporting the following env vars:
AIRFLOW_CTX_DAG_OWNER=oce
AIRFLOW_CTX_DAG_ID=data_covid_etl
AIRFLOW_CTX_TASK_ID=print_hello_world
AIRFLOW_CTX_EXECUTION_DATE=2023-11-20T00:00:00+00:00
AIRFLOW_CTX_TRY_NUMBER=1
AIRFLOW_CTX_DAG_RUN_ID=scheduled__2023-11-20T00:00:00+00:00
[2023-11-26 15:39:34,594] {subprocess.py:62} INFO - Tmp dir root location: 
 /tmp
[2023-11-26 15:39:34,595] {subprocess.py:74} INFO - Running command: ['bash', '-c', 'echo "HelloWorld!"']
[2023-11-26 15:39:34,664] {subprocess.py:85} INFO - Output:
[2023-11-26 15:39:34,672] {subprocess.py:92} INFO - HelloWorld!
[2023-11-26 15:39:34,673] {subprocess.py:96} INFO - Command exited with return code 0
[2023-11-26 15:39:34,820] {taskinstance.py:1400} INFO - Marking task as SUCCESS. dag_id=data_covid_etl, task_id=print_hello_world, execution_date=20231120T000000, start_date=20231126T153933, end_date=20231126T153934
[2023-11-26 15:39:34,879] {local_task_job.py:156} INFO - Task exited with return code 0
[2023-11-26 15:39:35,181] {local_task_job.py:273} INFO - 0 downstream tasks scheduled from follow-on schedule check
[2023-11-26 17:57:08,968] {taskinstance.py:1159} INFO - Dependencies all met for <TaskInstance: data_covid_etl.print_hello_world scheduled__2023-11-20T00:00:00+00:00 [queued]>
[2023-11-26 17:57:08,993] {taskinstance.py:1159} INFO - Dependencies all met for <TaskInstance: data_covid_etl.print_hello_world scheduled__2023-11-20T00:00:00+00:00 [queued]>
[2023-11-26 17:57:09,003] {taskinstance.py:1356} INFO - 
--------------------------------------------------------------------------------
[2023-11-26 17:57:09,018] {taskinstance.py:1357} INFO - Starting attempt 1 of 6
[2023-11-26 17:57:09,021] {taskinstance.py:1358} INFO - 
--------------------------------------------------------------------------------
[2023-11-26 17:57:09,090] {taskinstance.py:1377} INFO - Executing <Task(BashOperator): print_hello_world> on 2023-11-20 00:00:00+00:00
[2023-11-26 17:57:09,106] {standard_task_runner.py:52} INFO - Started process 654 to run task
[2023-11-26 17:57:09,136] {standard_task_runner.py:79} INFO - Running: ['***', 'tasks', 'run', 'data_covid_etl', 'print_hello_world', 'scheduled__2023-11-20T00:00:00+00:00', '--job-id', '87', '--raw', '--subdir', 'DAGS_FOLDER/get_data.py', '--cfg-path', '/tmp/tmpc6en8qkx', '--error-file', '/tmp/tmpn6lyk3z0']
[2023-11-26 17:57:09,143] {standard_task_runner.py:80} INFO - Job 87: Subtask print_hello_world
[2023-11-26 17:57:09,288] {task_command.py:369} INFO - Running <TaskInstance: data_covid_etl.print_hello_world scheduled__2023-11-20T00:00:00+00:00 [running]> on host 79a606f4be36
[2023-11-26 17:57:09,483] {taskinstance.py:1571} INFO - Exporting the following env vars:
AIRFLOW_CTX_DAG_OWNER=oce
AIRFLOW_CTX_DAG_ID=data_covid_etl
AIRFLOW_CTX_TASK_ID=print_hello_world
AIRFLOW_CTX_EXECUTION_DATE=2023-11-20T00:00:00+00:00
AIRFLOW_CTX_TRY_NUMBER=1
AIRFLOW_CTX_DAG_RUN_ID=scheduled__2023-11-20T00:00:00+00:00
[2023-11-26 17:57:09,486] {subprocess.py:62} INFO - Tmp dir root location: 
 /tmp
[2023-11-26 17:57:09,487] {subprocess.py:74} INFO - Running command: ['bash', '-c', 'echo "HelloWorld!"']
[2023-11-26 17:57:09,498] {subprocess.py:85} INFO - Output:
[2023-11-26 17:57:09,500] {subprocess.py:92} INFO - HelloWorld!
[2023-11-26 17:57:09,500] {subprocess.py:96} INFO - Command exited with return code 0
[2023-11-26 17:57:09,531] {taskinstance.py:1400} INFO - Marking task as SUCCESS. dag_id=data_covid_etl, task_id=print_hello_world, execution_date=20231120T000000, start_date=20231126T175708, end_date=20231126T175709
[2023-11-26 17:57:09,588] {local_task_job.py:156} INFO - Task exited with return code 0
[2023-11-26 17:57:09,632] {local_task_job.py:273} INFO - 1 downstream tasks scheduled from follow-on schedule check
[2023-11-26 18:00:51,958] {taskinstance.py:1159} INFO - Dependencies all met for <TaskInstance: data_covid_etl.print_hello_world scheduled__2023-11-20T00:00:00+00:00 [queued]>
[2023-11-26 18:00:51,970] {taskinstance.py:1159} INFO - Dependencies all met for <TaskInstance: data_covid_etl.print_hello_world scheduled__2023-11-20T00:00:00+00:00 [queued]>
[2023-11-26 18:00:51,973] {taskinstance.py:1356} INFO - 
--------------------------------------------------------------------------------
[2023-11-26 18:00:51,973] {taskinstance.py:1357} INFO - Starting attempt 1 of 6
[2023-11-26 18:00:51,975] {taskinstance.py:1358} INFO - 
--------------------------------------------------------------------------------
[2023-11-26 18:00:51,998] {taskinstance.py:1377} INFO - Executing <Task(BashOperator): print_hello_world> on 2023-11-20 00:00:00+00:00
[2023-11-26 18:00:52,014] {standard_task_runner.py:52} INFO - Started process 881 to run task
[2023-11-26 18:00:52,024] {standard_task_runner.py:79} INFO - Running: ['***', 'tasks', 'run', 'data_covid_etl', 'print_hello_world', 'scheduled__2023-11-20T00:00:00+00:00', '--job-id', '146', '--raw', '--subdir', 'DAGS_FOLDER/get_data.py', '--cfg-path', '/tmp/tmpv478mhq0', '--error-file', '/tmp/tmphg9q0je4']
[2023-11-26 18:00:52,031] {standard_task_runner.py:80} INFO - Job 146: Subtask print_hello_world
[2023-11-26 18:00:52,126] {task_command.py:369} INFO - Running <TaskInstance: data_covid_etl.print_hello_world scheduled__2023-11-20T00:00:00+00:00 [running]> on host 79a606f4be36
[2023-11-26 18:00:52,226] {taskinstance.py:1571} INFO - Exporting the following env vars:
AIRFLOW_CTX_DAG_OWNER=oce
AIRFLOW_CTX_DAG_ID=data_covid_etl
AIRFLOW_CTX_TASK_ID=print_hello_world
AIRFLOW_CTX_EXECUTION_DATE=2023-11-20T00:00:00+00:00
AIRFLOW_CTX_TRY_NUMBER=1
AIRFLOW_CTX_DAG_RUN_ID=scheduled__2023-11-20T00:00:00+00:00
[2023-11-26 18:00:52,227] {subprocess.py:62} INFO - Tmp dir root location: 
 /tmp
[2023-11-26 18:00:52,228] {subprocess.py:74} INFO - Running command: ['bash', '-c', 'echo "HelloWorld!"']
[2023-11-26 18:00:52,268] {subprocess.py:85} INFO - Output:
[2023-11-26 18:00:52,270] {subprocess.py:92} INFO - HelloWorld!
[2023-11-26 18:00:52,270] {subprocess.py:96} INFO - Command exited with return code 0
[2023-11-26 18:00:52,325] {taskinstance.py:1400} INFO - Marking task as SUCCESS. dag_id=data_covid_etl, task_id=print_hello_world, execution_date=20231120T000000, start_date=20231126T180051, end_date=20231126T180052
[2023-11-26 18:00:52,391] {local_task_job.py:156} INFO - Task exited with return code 0
[2023-11-26 18:00:52,541] {local_task_job.py:273} INFO - 0 downstream tasks scheduled from follow-on schedule check
[2023-11-26 18:02:39,324] {taskinstance.py:1159} INFO - Dependencies all met for <TaskInstance: data_covid_etl.print_hello_world scheduled__2023-11-20T00:00:00+00:00 [queued]>
[2023-11-26 18:02:39,348] {taskinstance.py:1159} INFO - Dependencies all met for <TaskInstance: data_covid_etl.print_hello_world scheduled__2023-11-20T00:00:00+00:00 [queued]>
[2023-11-26 18:02:39,348] {taskinstance.py:1356} INFO - 
--------------------------------------------------------------------------------
[2023-11-26 18:02:39,348] {taskinstance.py:1357} INFO - Starting attempt 1 of 4
[2023-11-26 18:02:39,348] {taskinstance.py:1358} INFO - 
--------------------------------------------------------------------------------
[2023-11-26 18:02:39,367] {taskinstance.py:1377} INFO - Executing <Task(BashOperator): print_hello_world> on 2023-11-20 00:00:00+00:00
[2023-11-26 18:02:39,379] {standard_task_runner.py:52} INFO - Started process 983 to run task
[2023-11-26 18:02:39,383] {standard_task_runner.py:79} INFO - Running: ['***', 'tasks', 'run', 'data_covid_etl', 'print_hello_world', 'scheduled__2023-11-20T00:00:00+00:00', '--job-id', '163', '--raw', '--subdir', 'DAGS_FOLDER/get_data.py', '--cfg-path', '/tmp/tmpnmnf1isq', '--error-file', '/tmp/tmpb74_tc22']
[2023-11-26 18:02:39,383] {standard_task_runner.py:80} INFO - Job 163: Subtask print_hello_world
[2023-11-26 18:02:39,465] {task_command.py:369} INFO - Running <TaskInstance: data_covid_etl.print_hello_world scheduled__2023-11-20T00:00:00+00:00 [running]> on host 79a606f4be36
[2023-11-26 18:02:39,600] {taskinstance.py:1571} INFO - Exporting the following env vars:
AIRFLOW_CTX_DAG_OWNER=oce
AIRFLOW_CTX_DAG_ID=data_covid_etl
AIRFLOW_CTX_TASK_ID=print_hello_world
AIRFLOW_CTX_EXECUTION_DATE=2023-11-20T00:00:00+00:00
AIRFLOW_CTX_TRY_NUMBER=1
AIRFLOW_CTX_DAG_RUN_ID=scheduled__2023-11-20T00:00:00+00:00
[2023-11-26 18:02:39,600] {subprocess.py:62} INFO - Tmp dir root location: 
 /tmp
[2023-11-26 18:02:39,601] {subprocess.py:74} INFO - Running command: ['bash', '-c', 'echo "HelloWorld!"']
[2023-11-26 18:02:39,616] {subprocess.py:85} INFO - Output:
[2023-11-26 18:02:39,616] {subprocess.py:92} INFO - HelloWorld!
[2023-11-26 18:02:39,617] {subprocess.py:96} INFO - Command exited with return code 0
[2023-11-26 18:02:39,663] {taskinstance.py:1400} INFO - Marking task as SUCCESS. dag_id=data_covid_etl, task_id=print_hello_world, execution_date=20231120T000000, start_date=20231126T180239, end_date=20231126T180239
[2023-11-26 18:02:39,725] {local_task_job.py:156} INFO - Task exited with return code 0
[2023-11-26 18:02:39,849] {local_task_job.py:273} INFO - 0 downstream tasks scheduled from follow-on schedule check
[2023-11-26 18:05:32,515] {taskinstance.py:1159} INFO - Dependencies all met for <TaskInstance: data_covid_etl.print_hello_world scheduled__2023-11-20T00:00:00+00:00 [queued]>
[2023-11-26 18:05:32,546] {taskinstance.py:1159} INFO - Dependencies all met for <TaskInstance: data_covid_etl.print_hello_world scheduled__2023-11-20T00:00:00+00:00 [queued]>
[2023-11-26 18:05:32,546] {taskinstance.py:1356} INFO - 
--------------------------------------------------------------------------------
[2023-11-26 18:05:32,546] {taskinstance.py:1357} INFO - Starting attempt 1 of 3
[2023-11-26 18:05:32,546] {taskinstance.py:1358} INFO - 
--------------------------------------------------------------------------------
[2023-11-26 18:05:32,574] {taskinstance.py:1377} INFO - Executing <Task(BashOperator): print_hello_world> on 2023-11-20 00:00:00+00:00
[2023-11-26 18:05:32,583] {standard_task_runner.py:52} INFO - Started process 1113 to run task
[2023-11-26 18:05:32,590] {standard_task_runner.py:79} INFO - Running: ['***', 'tasks', 'run', 'data_covid_etl', 'print_hello_world', 'scheduled__2023-11-20T00:00:00+00:00', '--job-id', '180', '--raw', '--subdir', 'DAGS_FOLDER/get_data.py', '--cfg-path', '/tmp/tmpxgnxv70a', '--error-file', '/tmp/tmp42psgykg']
[2023-11-26 18:05:32,593] {standard_task_runner.py:80} INFO - Job 180: Subtask print_hello_world
[2023-11-26 18:05:32,705] {task_command.py:369} INFO - Running <TaskInstance: data_covid_etl.print_hello_world scheduled__2023-11-20T00:00:00+00:00 [running]> on host 79a606f4be36
[2023-11-26 18:05:32,859] {taskinstance.py:1571} INFO - Exporting the following env vars:
AIRFLOW_CTX_DAG_OWNER=oce
AIRFLOW_CTX_DAG_ID=data_covid_etl
AIRFLOW_CTX_TASK_ID=print_hello_world
AIRFLOW_CTX_EXECUTION_DATE=2023-11-20T00:00:00+00:00
AIRFLOW_CTX_TRY_NUMBER=1
AIRFLOW_CTX_DAG_RUN_ID=scheduled__2023-11-20T00:00:00+00:00
[2023-11-26 18:05:32,860] {subprocess.py:62} INFO - Tmp dir root location: 
 /tmp
[2023-11-26 18:05:32,860] {subprocess.py:74} INFO - Running command: ['bash', '-c', 'echo "HelloWorld!"']
[2023-11-26 18:05:32,870] {subprocess.py:85} INFO - Output:
[2023-11-26 18:05:32,872] {subprocess.py:92} INFO - HelloWorld!
[2023-11-26 18:05:32,872] {subprocess.py:96} INFO - Command exited with return code 0
[2023-11-26 18:05:32,911] {taskinstance.py:1400} INFO - Marking task as SUCCESS. dag_id=data_covid_etl, task_id=print_hello_world, execution_date=20231120T000000, start_date=20231126T180532, end_date=20231126T180532
[2023-11-26 18:05:32,961] {local_task_job.py:156} INFO - Task exited with return code 0
[2023-11-26 18:05:33,068] {local_task_job.py:273} INFO - 1 downstream tasks scheduled from follow-on schedule check
[2023-11-26 18:08:44,659] {taskinstance.py:1159} INFO - Dependencies all met for <TaskInstance: data_covid_etl.print_hello_world scheduled__2023-11-20T00:00:00+00:00 [queued]>
[2023-11-26 18:08:44,669] {taskinstance.py:1159} INFO - Dependencies all met for <TaskInstance: data_covid_etl.print_hello_world scheduled__2023-11-20T00:00:00+00:00 [queued]>
[2023-11-26 18:08:44,670] {taskinstance.py:1356} INFO - 
--------------------------------------------------------------------------------
[2023-11-26 18:08:44,670] {taskinstance.py:1357} INFO - Starting attempt 1 of 3
[2023-11-26 18:08:44,670] {taskinstance.py:1358} INFO - 
--------------------------------------------------------------------------------
[2023-11-26 18:08:44,686] {taskinstance.py:1377} INFO - Executing <Task(BashOperator): print_hello_world> on 2023-11-20 00:00:00+00:00
[2023-11-26 18:08:44,699] {standard_task_runner.py:52} INFO - Started process 1288 to run task
[2023-11-26 18:08:44,702] {standard_task_runner.py:79} INFO - Running: ['***', 'tasks', 'run', 'data_covid_etl', 'print_hello_world', 'scheduled__2023-11-20T00:00:00+00:00', '--job-id', '210', '--raw', '--subdir', 'DAGS_FOLDER/get_data.py', '--cfg-path', '/tmp/tmpwn142f1m', '--error-file', '/tmp/tmp_9qehmap']
[2023-11-26 18:08:44,705] {standard_task_runner.py:80} INFO - Job 210: Subtask print_hello_world
[2023-11-26 18:08:44,778] {task_command.py:369} INFO - Running <TaskInstance: data_covid_etl.print_hello_world scheduled__2023-11-20T00:00:00+00:00 [running]> on host 79a606f4be36
[2023-11-26 18:08:44,933] {taskinstance.py:1571} INFO - Exporting the following env vars:
AIRFLOW_CTX_DAG_OWNER=oce
AIRFLOW_CTX_DAG_ID=data_covid_etl
AIRFLOW_CTX_TASK_ID=print_hello_world
AIRFLOW_CTX_EXECUTION_DATE=2023-11-20T00:00:00+00:00
AIRFLOW_CTX_TRY_NUMBER=1
AIRFLOW_CTX_DAG_RUN_ID=scheduled__2023-11-20T00:00:00+00:00
[2023-11-26 18:08:44,935] {subprocess.py:62} INFO - Tmp dir root location: 
 /tmp
[2023-11-26 18:08:44,937] {subprocess.py:74} INFO - Running command: ['bash', '-c', 'echo "HelloWorld!"']
[2023-11-26 18:08:44,967] {subprocess.py:85} INFO - Output:
[2023-11-26 18:08:44,969] {subprocess.py:92} INFO - HelloWorld!
[2023-11-26 18:08:44,970] {subprocess.py:96} INFO - Command exited with return code 0
[2023-11-26 18:08:45,096] {taskinstance.py:1400} INFO - Marking task as SUCCESS. dag_id=data_covid_etl, task_id=print_hello_world, execution_date=20231120T000000, start_date=20231126T180844, end_date=20231126T180845
[2023-11-26 18:08:45,155] {local_task_job.py:156} INFO - Task exited with return code 0
[2023-11-26 18:08:45,242] {local_task_job.py:273} INFO - 1 downstream tasks scheduled from follow-on schedule check
[2023-11-26 18:15:22,564] {taskinstance.py:1159} INFO - Dependencies all met for <TaskInstance: data_covid_etl.print_hello_world scheduled__2023-11-20T00:00:00+00:00 [queued]>
[2023-11-26 18:15:22,584] {taskinstance.py:1159} INFO - Dependencies all met for <TaskInstance: data_covid_etl.print_hello_world scheduled__2023-11-20T00:00:00+00:00 [queued]>
[2023-11-26 18:15:22,584] {taskinstance.py:1356} INFO - 
--------------------------------------------------------------------------------
[2023-11-26 18:15:22,584] {taskinstance.py:1357} INFO - Starting attempt 1 of 3
[2023-11-26 18:15:22,584] {taskinstance.py:1358} INFO - 
--------------------------------------------------------------------------------
[2023-11-26 18:15:22,608] {taskinstance.py:1377} INFO - Executing <Task(BashOperator): print_hello_world> on 2023-11-20 00:00:00+00:00
[2023-11-26 18:15:22,615] {standard_task_runner.py:52} INFO - Started process 1597 to run task
[2023-11-26 18:15:22,629] {standard_task_runner.py:79} INFO - Running: ['***', 'tasks', 'run', 'data_covid_etl', 'print_hello_world', 'scheduled__2023-11-20T00:00:00+00:00', '--job-id', '252', '--raw', '--subdir', 'DAGS_FOLDER/get_data.py', '--cfg-path', '/tmp/tmps7e81zvv', '--error-file', '/tmp/tmphd18leh_']
[2023-11-26 18:15:22,639] {standard_task_runner.py:80} INFO - Job 252: Subtask print_hello_world
[2023-11-26 18:15:22,725] {task_command.py:369} INFO - Running <TaskInstance: data_covid_etl.print_hello_world scheduled__2023-11-20T00:00:00+00:00 [running]> on host 79a606f4be36
[2023-11-26 18:15:22,835] {taskinstance.py:1571} INFO - Exporting the following env vars:
AIRFLOW_CTX_DAG_OWNER=oce
AIRFLOW_CTX_DAG_ID=data_covid_etl
AIRFLOW_CTX_TASK_ID=print_hello_world
AIRFLOW_CTX_EXECUTION_DATE=2023-11-20T00:00:00+00:00
AIRFLOW_CTX_TRY_NUMBER=1
AIRFLOW_CTX_DAG_RUN_ID=scheduled__2023-11-20T00:00:00+00:00
[2023-11-26 18:15:22,836] {subprocess.py:62} INFO - Tmp dir root location: 
 /tmp
[2023-11-26 18:15:22,836] {subprocess.py:74} INFO - Running command: ['bash', '-c', 'echo "HelloWorld!"']
[2023-11-26 18:15:22,860] {subprocess.py:85} INFO - Output:
[2023-11-26 18:15:22,862] {subprocess.py:92} INFO - HelloWorld!
[2023-11-26 18:15:22,864] {subprocess.py:96} INFO - Command exited with return code 0
[2023-11-26 18:15:22,941] {taskinstance.py:1400} INFO - Marking task as SUCCESS. dag_id=data_covid_etl, task_id=print_hello_world, execution_date=20231120T000000, start_date=20231126T181522, end_date=20231126T181522
[2023-11-26 18:15:22,999] {local_task_job.py:156} INFO - Task exited with return code 0
[2023-11-26 18:15:23,105] {local_task_job.py:273} INFO - 1 downstream tasks scheduled from follow-on schedule check
