[2023-11-26 18:28:07,430] {taskinstance.py:1159} INFO - Dependencies all met for <TaskInstance: final_project_data_covid_etl.create_fact_province_daily manual__2023-11-26T18:27:59.631184+00:00 [queued]>
[2023-11-26 18:28:07,440] {taskinstance.py:1159} INFO - Dependencies all met for <TaskInstance: final_project_data_covid_etl.create_fact_province_daily manual__2023-11-26T18:27:59.631184+00:00 [queued]>
[2023-11-26 18:28:07,440] {taskinstance.py:1356} INFO - 
--------------------------------------------------------------------------------
[2023-11-26 18:28:07,440] {taskinstance.py:1357} INFO - Starting attempt 1 of 3
[2023-11-26 18:28:07,440] {taskinstance.py:1358} INFO - 
--------------------------------------------------------------------------------
[2023-11-26 18:28:07,454] {taskinstance.py:1377} INFO - Executing <Task(PythonOperator): create_fact_province_daily> on 2023-11-26 18:27:59.631184+00:00
[2023-11-26 18:28:07,459] {standard_task_runner.py:52} INFO - Started process 2148 to run task
[2023-11-26 18:28:07,463] {standard_task_runner.py:79} INFO - Running: ['***', 'tasks', 'run', 'final_project_data_covid_etl', 'create_fact_province_daily', 'manual__2023-11-26T18:27:59.631184+00:00', '--job-id', '326', '--raw', '--subdir', 'DAGS_FOLDER/get_data.py', '--cfg-path', '/tmp/tmpg1d21otd', '--error-file', '/tmp/tmp60eo80v6']
[2023-11-26 18:28:07,464] {standard_task_runner.py:80} INFO - Job 326: Subtask create_fact_province_daily
[2023-11-26 18:28:07,537] {task_command.py:369} INFO - Running <TaskInstance: final_project_data_covid_etl.create_fact_province_daily manual__2023-11-26T18:27:59.631184+00:00 [running]> on host 79a606f4be36
[2023-11-26 18:28:07,628] {taskinstance.py:1571} INFO - Exporting the following env vars:
AIRFLOW_CTX_DAG_OWNER=ricky
AIRFLOW_CTX_DAG_ID=final_project_data_covid_etl
AIRFLOW_CTX_TASK_ID=create_fact_province_daily
AIRFLOW_CTX_EXECUTION_DATE=2023-11-26T18:27:59.631184+00:00
AIRFLOW_CTX_TRY_NUMBER=1
AIRFLOW_CTX_DAG_RUN_ID=manual__2023-11-26T18:27:59.631184+00:00
[2023-11-26 18:28:07,629] {python.py:173} INFO - Done. Returned value was: None
[2023-11-26 18:28:07,643] {taskinstance.py:1400} INFO - Marking task as SUCCESS. dag_id=final_project_data_covid_etl, task_id=create_fact_province_daily, execution_date=20231126T182759, start_date=20231126T182807, end_date=20231126T182807
[2023-11-26 18:28:07,674] {local_task_job.py:156} INFO - Task exited with return code 0
[2023-11-26 18:28:07,745] {local_task_job.py:273} INFO - 0 downstream tasks scheduled from follow-on schedule check
