[2023-11-26 18:00:53,137] {taskinstance.py:1159} INFO - Dependencies all met for <TaskInstance: data_covid_etl.ingest_staging_db manual__2023-11-26T18:00:51.305814+00:00 [queued]>
[2023-11-26 18:00:53,147] {taskinstance.py:1159} INFO - Dependencies all met for <TaskInstance: data_covid_etl.ingest_staging_db manual__2023-11-26T18:00:51.305814+00:00 [queued]>
[2023-11-26 18:00:53,147] {taskinstance.py:1356} INFO - 
--------------------------------------------------------------------------------
[2023-11-26 18:00:53,148] {taskinstance.py:1357} INFO - Starting attempt 1 of 6
[2023-11-26 18:00:53,148] {taskinstance.py:1358} INFO - 
--------------------------------------------------------------------------------
[2023-11-26 18:00:53,165] {taskinstance.py:1377} INFO - Executing <Task(PythonOperator): ingest_staging_db> on 2023-11-26 18:00:51.305814+00:00
[2023-11-26 18:00:53,172] {standard_task_runner.py:52} INFO - Started process 903 to run task
[2023-11-26 18:00:53,179] {standard_task_runner.py:79} INFO - Running: ['***', 'tasks', 'run', 'data_covid_etl', 'ingest_staging_db', 'manual__2023-11-26T18:00:51.305814+00:00', '--job-id', '153', '--raw', '--subdir', 'DAGS_FOLDER/get_data.py', '--cfg-path', '/tmp/tmpr1m8f_3o', '--error-file', '/tmp/tmpufk1fqr3']
[2023-11-26 18:00:53,181] {standard_task_runner.py:80} INFO - Job 153: Subtask ingest_staging_db
[2023-11-26 18:00:53,241] {task_command.py:369} INFO - Running <TaskInstance: data_covid_etl.ingest_staging_db manual__2023-11-26T18:00:51.305814+00:00 [running]> on host 79a606f4be36
[2023-11-26 18:00:53,313] {taskinstance.py:1571} INFO - Exporting the following env vars:
AIRFLOW_CTX_DAG_OWNER=oce
AIRFLOW_CTX_DAG_ID=data_covid_etl
AIRFLOW_CTX_TASK_ID=ingest_staging_db
AIRFLOW_CTX_EXECUTION_DATE=2023-11-26T18:00:51.305814+00:00
AIRFLOW_CTX_TRY_NUMBER=1
AIRFLOW_CTX_DAG_RUN_ID=manual__2023-11-26T18:00:51.305814+00:00
[2023-11-26 18:00:53,803] {python.py:173} INFO - Done. Returned value was: None
[2023-11-26 18:00:53,885] {taskinstance.py:1400} INFO - Marking task as SUCCESS. dag_id=data_covid_etl, task_id=ingest_staging_db, execution_date=20231126T180051, start_date=20231126T180053, end_date=20231126T180053
[2023-11-26 18:00:53,953] {local_task_job.py:156} INFO - Task exited with return code 0
[2023-11-26 18:00:54,116] {local_task_job.py:273} INFO - 0 downstream tasks scheduled from follow-on schedule check
